index.html:314 The specified value "age here" cannot be parsed, or is out of range.
index.html:238 
puck.js:371 <BLE> ERROR: NotFoundError: User cancelled the requestDevice() chooser.
index.html:243 Error!
puck.js:371 <BLE> ERROR: NotFoundError: User cancelled the requestDevice() chooser.
index.html:238 
puck.js:371 <BLE> Device Name:       MDBT42Q 8c7b
puck.js:371 <BLE> Device ID:         3+iq99bX4CdnlYjxKiqTjA==
puck.js:371 <BLE> Connected
puck.js:371 <BLE> ERROR: NotFoundError: User cancelled the requestDevice() chooser.
index.html:217 Received JSON:  {t: "33.56", p: "995.85"}
index.html:217 Received JSON:  {t: "33.56", p: "994.68"}
index.html:217 Received JSON:  {t: "33.57", p: "994.69"}
index.html:217 Received JSON:  {t: "33.57", p: "995.28"}
index.html:217 Received JSON:  {t: "33.58", p: "994.41"}
index.html:217 Received JSON:  {t: "33.57", p: "994.99"}
index.html:217 Received JSON:  {t: "33.58", p: "994.71"}
index.html:217 Received JSON:  {t: "33.58", p: "993.54"}
index.html:217 Received JSON:  {t: "33.64", p: "11952.02"}
index.html:217 Received JSON:  {t: "-531.03", p: "16398.90"}
index.html:217 Received JSON:  {t: "33.62", p: "11952.05"}
index.html:217 Received JSON:  {t: "-531.03", p: "16398.90"}
index.html:217 Received JSON:  {t: "-531.03", p: "16398.90"}
index.html:217 Received JSON:  {t: "-531.03", p: "16398.90"}
index.html:217 Received JSON:  {t: "-531.03", p: "-20033.84"}
index.html:217 Received JSON:  {t: "-531.03", p: "16398.90"}
index.html:217 Received JSON:  {t: "-531.03", p: "16398.90"}
index.html:217 Received JSON:  {t: "-531.03", p: "16398.90"}
index.html:217 Received JSON:  {t: "-531.03", p: "16398.90"}
index.html:217 Received JSON:  {t: "-531.03", p: "-20038.03"}
index.html:217 Received JSON:  {t: "-531.03", p: "16398.90"}
index.html:217 Received JSON:  {t: "-531.03", p: "16398.90"}
index.html:217 Received JSON:  {t: "-531.03", p: "16398.90"}
index.html:217 Received JSON:  {t: "-531.03", p: "16398.90"}
index.html:217 Received JSON:  {t: "-531.03", p: "16398.90"}
index.html:217 Received JSON:  {t: "-531.03", p: "16398.90"}
index.html:174 MAX:
index.html:175 10221.362666331075
index.html:217 Received JSON:  {t: "-531.03", p: "16398.90"}
index.html:217 Received JSON:  {t: "-531.03", p: "16398.90"}
index.html:217 Received JSON:  {t: "-531.03", p: "16398.90"}
index.html:217 Received JSON:  {t: "-531.03", p: "16398.90"}
index.html:217 Received JSON:  {t: "-531.03", p: "-350.09"}
index.html:217 Received JSON:  {t: "-531.03", p: "16398.90"}
index.html:217 Received JSON:  {t: "-531.03", p: "16398.90"}
index.html:217 Received JSON:  {t: "-531.03", p: "16398.90"}
index.html:217 Received JSON:  {t: "-531.03", p: "16398.90"}
index.html:217 Received JSON:  {t: "-531.03", p: "16398.90"}
index.html:217 Received JSON:  {t: "-531.03", p: "16398.90"}
index.html:217 Received JSON:  {t: "-531.03", p: "16398.90"}
index.html:217 Received JSON:  {t: "-531.03", p: "16398.90"}
index.html:217 Received JSON:  {t: "-531.03", p: "16398.90"}
index.html:191 MAX:
index.html:192 14879.167572001172
index.html:217 Received JSON:  {t: "-531.03", p: "16398.90"}
index.html:217 Received JSON:  {t: "-531.03", p: "16398.90"}
index.html:217 Received JSON:  {t: "-531.03", p: "16398.90"}
index.html:217 Received JSON:  {t: "-531.03", p: "16398.90"}
index.html:217 Received JSON:  {t: "-531.03", p: "16398.90"}
index.html:217 Received JSON:  {t: "-531.03", p: "16398.90"}
index.html:217 Received JSON:  {t: "34.29", p: "992.89"}
index.html:217 Received JSON:  {t: "34.29", p: "993.47"}
index.html:217 Received JSON:  {t: "34.29", p: "993.19"}
index.html:217 Received JSON:  {t: "34.30", p: "993.20"}
index.html:217 Received JSON:  {t: "34.31", p: "992.91"}
index.html:191 MAX:
index.html:192 16208.082638275062
index.html:217 Received JSON:  {t: "34.31", p: "992.92"}
index.html:217 Received JSON:  {t: "34.31", p: "992.92"}
index.html:217 Received JSON:  {t: "34.31", p: "992.92"}
index.html:217 Received JSON:  {t: "34.32", p: "12015.03"}
index.html:217 Received JSON:  {t: "-531.03", p: "16399.90"}
index.html:217 Received JSON:  {t: "-531.03", p: "-348.04"}
index.html:217 Received JSON:  {t: "34.32", p: "-8346.87"}
index.html:217 Received JSON:  {t: "-531.03", p: "-20114.08"}
index.html:217 Received JSON:  {t: "-531.03", p: "-20114.60"}
index.html:217 Received JSON:  {t: "-531.03", p: "-20114.08"}
index.html:217 Received JSON:  {t: "-531.03", p: "16399.90"}
index.html:217 Received JSON:  {t: "-531.03", p: "-20115.65"}
index.html:217 Received JSON:  {t: "-531.03", p: "-20117.75"}
index.html:217 Received JSON:  {t: "-531.03", p: "16399.90"}
index.html:217 Received JSON:  {t: "-531.03", p: "-20118.27"}
index.html:217 Received JSON:  {t: "-531.03", p: "16399.90"}
index.html:217 Received JSON:  {t: "-531.03", p: "16399.90"}
index.html:217 Received JSON:  {t: "-531.03", p: "-20119.85"}
index.html:217 Received JSON:  {t: "-531.03", p: "16399.90"}
index.html:217 Received JSON:  {t: "-531.03", p: "16399.90"}
index.html:217 Received JSON:  {t: "-531.03", p: "16399.90"}
index.html:217 Received JSON:  {t: "-531.03", p: "16399.90"}
index.html:217 Received JSON:  {t: "-531.03", p: "16399.90"}
index.html:217 Received JSON:  {t: "-531.03", p: "-20121.42"}
index.html:217 Received JSON:  {t: "-531.03", p: "16399.90"}
index.html:217 Received JSON:  {t: "-531.03", p: "-20122.99"}
index.html:217 Received JSON:  {t: "-531.03", p: "-20123.51"}
index.html:217 Received JSON:  {t: "-531.03", p: "16399.90"}
index.html:217 Received JSON:  {t: "-531.03", p: "16399.90"}
index.html:217 Received JSON:  {t: "-531.03", p: "-20123.51"}
index.html:217 Received JSON:  {t: "-531.03", p: "16399.90"}
index.html:217 Received JSON:  {t: "-531.03", p: "16399.90"}
index.html:217 Received JSON:  {t: "-531.03", p: "16399.90"}
index.html:191 MAX:
index.html:192 6863.034036893466
index.html:217 Received JSON:  {t: "-531.03", p: "16399.90"}
index.html:217 Received JSON:  {t: "-531.03", p: "16399.90"}
index.html:217 Received JSON:  {t: "-531.03", p: "16399.90"}
index.html:217 Received JSON:  {t: "-531.03", p: "-20124.56"}
index.html:217 Received JSON:  {t: "-531.03", p: "16399.90"}
index.html:217 Received JSON:  {t: "-531.03", p: "16399.90"}
index.html:217 Received JSON:  {t: "-531.03", p: "16399.90"}
index.html:217 Received JSON:  {t: "-531.03", p: "-20127.18"}
index.html:217 Received JSON:  {t: "34.44", p: "-8348.96"}
index.html:217 Received JSON:  {t: "-531.03", p: "16399.90"}
index.html:217 Received JSON:  {t: "-531.03", p: "-20127.71"}
index.html:217 Received JSON:  {t: "-531.03", p: "16399.90"}
index.html:217 Received JSON:  {t: "-531.03", p: "-345.42"}
index.html:217 Received JSON:  {t: "-531.03", p: "16399.90"}
index.html:191 MAX:
index.html:192 9822.525694306913
index.html:217 Received JSON:  {t: "-531.03", p: "16399.90"}
index.html:217 Received JSON:  {t: "-531.03", p: "16399.90"}
index.html:217 Received JSON:  {t: "-531.03", p: "16399.90"}
index.html:217 Received JSON:  {t: "-531.03", p: "16399.90"}
index.html:217 Received JSON:  {t: "-531.03", p: "16399.90"}
index.html:217 Received JSON:  {t: "-531.03", p: "-20127.71"}
index.html:217 Received JSON:  {t: "-531.03", p: "16399.90"}
index.html:217 Received JSON:  {t: "-531.03", p: "16399.90"}
index.html:217 Received JSON:  {t: "-531.03", p: "16399.90"}
index.html:217 Received JSON:  {t: "34.46", p: "12027.98"}
index.html:217 Received JSON:  {t: "-531.03", p: "-345.95"}
index.html:217 Received JSON:  {t: "-531.03", p: "16399.90"}
index.html:217 Received JSON:  {t: "-531.03", p: "16399.90"}
index.html:217 Received JSON:  {t: "-531.03", p: "16399.90"}
index.html:217 Received JSON:  {t: "-531.03", p: "16399.90"}
index.html:217 Received JSON:  {t: "-531.03", p: "16399.90"}
index.html:191 MAX:
index.html:192 11193.296920165834
index.html:217 Received JSON:  {t: "-531.03", p: "16399.90"}
index.html:217 Received JSON:  {t: "-531.03", p: "-20129.80"}
index.html:217 Received JSON:  {t: "-531.03", p: "-20130.33"}
index.html:217 Received JSON:  {t: "-531.03", p: "-20131.38"}
index.html:217 Received JSON:  {t: "-531.03", p: "16399.90"}
index.html:217 Received JSON:  {t: "-531.03", p: "-352.76"}
index.html:217 Received JSON:  {t: "34.48", p: "996.07"}
index.html:217 Received JSON:  {t: "34.48", p: "994.91"}
index.html:191 MAX:
index.html:192 11694.092693585615
index.html:217 Received JSON:  {t: "34.48", p: "996.66"}
index.html:217 Received JSON:  {t: "34.48", p: "995.78"}
index.html:217 Received JSON:  {t: "34.48", p: "995.19"}
index.html:217 Received JSON:  {t: "34.48", p: "995.49"}
index.html:217 Received JSON:  {t: "34.48", p: "994.91"}
index.html:217 Received JSON:  {t: "34.48", p: "994.33"}
index.html:217 Received JSON:  {t: "34.49", p: "994.63"}
index.html:217 Received JSON:  {t: "34.49", p: "994.33"}
index.html:217 Received JSON:  {t: "34.49", p: "994.05"}
index.html:217 Received JSON:  {t: "34.49", p: "993.46"}
index.html:217 Received JSON:  {t: "34.49", p: "993.47"}
index.html:217 Received JSON:  {t: "34.50", p: "993.18"}
index.html:217 Received JSON:  {t: "34.51", p: "992.89"}
index.html:217 Received JSON:  {t: "34.51", p: "992.31"}
index.html:217 Received JSON:  {t: "34.51", p: "991.44"}
index.html:217 Received JSON:  {t: "34.51", p: "991.14"}
index.html:217 Received JSON:  {t: "34.52", p: "991.15"}
index.html:191 MAX:
index.html:192 1026.1637683678925
index.html:217 Received JSON:  {t: "34.52", p: "991.45"}
index.html:217 Received JSON:  {t: "34.52", p: "991.45"}
index.html:217 Received JSON:  {t: "34.52", p: "990.58"}
index.html:217 Received JSON:  {t: "34.52", p: "991.75"}
index.html:191 MAX:
index.html:192 994.4582397984868
index.html:217 Received JSON:  {t: "34.52", p: "991.46"}
index.html:217 Received JSON:  {t: "34.52", p: "991.75"}
index.html:217 Received JSON:  {t: "34.53", p: "991.17"}
index.html:217 Received JSON:  {t: "34.53", p: "990.88"}
index.html:217 Received JSON:  {t: "34.53", p: "992.06"}
index.html:217 Received JSON:  {t: "34.53", p: "992.06"}
index.html:217 Received JSON:  {t: "34.53", p: "991.76"}
index.html:217 Received JSON:  {t: "34.54", p: "992.35"}
index.html:217 Received JSON:  {t: "34.54", p: "992.65"}
index.html:217 Received JSON:  {t: "34.54", p: "991.48"}
index.html:217 Received JSON:  {t: "34.55", p: "991.78"}
index.html:217 Received JSON:  {t: "34.55", p: "992.66"}
index.html:217 Received JSON:  {t: "34.55", p: "992.95"}
index.html:217 Received JSON:  {t: "34.55", p: "993.54"}
index.html:217 Received JSON:  {t: "34.55", p: "993.54"}
index.html:217 Received JSON:  {t: "34.56", p: "994.13"}
index.html:217 Received JSON:  {t: "34.56", p: "994.43"}
index.html:217 Received JSON:  {t: "34.56", p: "995.89"}
index.html:217 Received JSON:  {t: "34.56", p: "995.61"}
index.html:217 Received JSON:  {t: "34.57", p: "995.33"}
index.html:217 Received JSON:  {t: "34.56", p: "995.61"}
index.html:217 Received JSON:  {t: "34.57", p: "995.61"}
index.html:217 Received JSON:  {t: "34.57", p: "995.91"}
index.html:217 Received JSON:  {t: "34.57", p: "995.62"}
index.html:217 Received JSON:  {t: "34.57", p: "994.15"}
index.html:217 Received JSON:  {t: "34.58", p: "994.76"}
index.html:217 Received JSON:  {t: "34.58", p: "993.59"}
index.html:217 Received JSON:  {t: "34.59", p: "994.18"}
index.html:217 Received JSON:  {t: "34.59", p: "994.18"}
index.html:217 Received JSON:  {t: "34.59", p: "993.89"}
index.html:217 Received JSON:  {t: "34.59", p: "993.59"}
index.html:217 Received JSON:  {t: "34.59", p: "993.01"}
index.html:217 Received JSON:  {t: "34.59", p: "993.31"}
index.html:217 Received JSON:  {t: "34.59", p: "993.02"}
index.html:191 MAX:
index.html:192 995.6302447626133
index.html:217 Received JSON:  {t: "34.60", p: "993.32"}
index.html:217 Received JSON:  {t: "34.60", p: "993.03"}
index.html:217 Received JSON:  {t: "34.60", p: "993.62"}
index.html:217 Received JSON:  {t: "34.60", p: "993.62"}
index.html:217 Received JSON:  {t: "34.60", p: "993.61"}
index.html:217 Received JSON:  {t: "34.61", p: "992.46"}
index.html:217 Received JSON:  {t: "34.61", p: "992.46"}
index.html:217 Received JSON:  {t: "34.61", p: "992.75"}
index.html:217 Received JSON:  {t: "34.61", p: "992.46"}
index.html:217 Received JSON:  {t: "34.62", p: "992.46"}
index.html:217 Received JSON:  {t: "34.62", p: "992.47"}
index.html:217 Received JSON:  {t: "34.63", p: "992.48"}
index.html:217 Received JSON:  {t: "34.63", p: "992.78"}
index.html:217 Received JSON:  {t: "34.62", p: "992.76"}
index.html:217 Received JSON:  {t: "34.63", p: "992.48"}
index.html:217 Received JSON:  {t: "34.63", p: "992.78"}
index.html:217 Received JSON:  {t: "34.64", p: "993.07"}
index.html:217 Received JSON:  {t: "34.64", p: "993.37"}
index.html:217 Received JSON:  {t: "34.64", p: "993.07"}
index.html:217 Received JSON:  {t: "34.64", p: "993.38"}
index.html:217 Received JSON:  {t: "34.64", p: "994.26"}
index.html:217 Received JSON:  {t: "34.65", p: "993.97"}
index.html:217 Received JSON:  {t: "34.65", p: "994.26"}
index.html:217 Received JSON:  {t: "34.65", p: "994.26"}
index.html:217 Received JSON:  {t: "34.65", p: "994.56"}
index.html:217 Received JSON:  {t: "34.65", p: "995.15"}
index.html:217 Received JSON:  {t: "34.66", p: "994.27"}
index.html:217 Received JSON:  {t: "34.66", p: "994.27"}
index.html:217 Received JSON:  {t: "34.66", p: "993.99"}
index.html:217 Received JSON:  {t: "34.66", p: "994.28"}
index.html:217 Received JSON:  {t: "34.66", p: "993.69"}
index.html:217 Received JSON:  {t: "34.67", p: "993.41"}
index.html:217 Received JSON:  {t: "34.67", p: "993.42"}
index.html:217 Received JSON:  {t: "34.67", p: "993.41"}
index.html:217 Received JSON:  {t: "34.67", p: "993.42"}
index.html:217 Received JSON:  {t: "34.68", p: "993.72"}
index.html:217 Received JSON:  {t: "34.68", p: "993.14"}
index.html:217 Received JSON:  {t: "34.68", p: "993.43"}
index.html:191 MAX:
index.html:192 994.6851265842761
index.html:217 Received JSON:  {t: "34.68", p: "993.14"}
index.html:217 Received JSON:  {t: "34.69", p: "992.85"}
index.html:217 Received JSON:  {t: "34.69", p: "993.44"}
index.html:217 Received JSON:  {t: "34.69", p: "993.74"}
index.html:217 Received JSON:  {t: "34.69", p: "993.73"}
index.html:217 Received JSON:  {t: "34.69", p: "993.45"}
index.html:217 Received JSON:  {t: "34.69", p: "992.57"}
index.html:217 Received JSON:  {t: "34.69", p: "992.87"}
index.html:217 Received JSON:  {t: "34.69", p: "993.16"}
index.html:217 Received JSON:  {t: "34.70", p: "993.17"}
index.html:217 Received JSON:  {t: "34.70", p: "993.17"}
index.html:217 Received JSON:  {t: "34.71", p: "992.88"}
index.html:217 Received JSON:  {t: "34.71", p: "993.17"}
index.html:217 Received JSON:  {t: "34.71", p: "993.47"}
index.html:217 Received JSON:  {t: "34.71", p: "993.48"}
index.html:217 Received JSON:  {t: "34.72", p: "993.48"}
index.html:217 Received JSON:  {t: "34.72", p: "993.19"}
index.html:217 Received JSON:  {t: "34.72", p: "994.37"}
index.html:217 Received JSON:  {t: "34.72", p: "994.36"}
index.html:217 Received JSON:  {t: "34.72", p: "994.95"}
index.html:217 Received JSON:  {t: "34.73", p: "994.37"}
index.html:217 Received JSON:  {t: "34.72", p: "994.37"}
index.html:217 Received JSON:  {t: "34.73", p: "993.79"}
index.html:217 Received JSON:  {t: "34.73", p: "994.08"}
index.html:217 Received JSON:  {t: "34.73", p: "993.79"}
index.html:217 Received JSON:  {t: "34.73", p: "993.50"}
index.html:217 Received JSON:  {t: "34.74", p: "993.51"}
index.html:217 Received JSON:  {t: "34.74", p: "993.51"}
index.html:217 Received JSON:  {t: "34.74", p: "993.22"}
index.html:217 Received JSON:  {t: "34.74", p: "993.51"}
index.html:217 Received JSON:  {t: "34.75", p: "992.94"}
index.html:217 Received JSON:  {t: "34.75", p: "993.81"}
index.html:217 Received JSON:  {t: "34.75", p: "992.94"}
index.html:191 MAX:
index.html:192 994.5172643671925
index.html:217 Received JSON:  {t: "34.75", p: "992.65"}
index.html:217 Received JSON:  {t: "34.75", p: "993.24"}
index.html:217 Received JSON:  {t: "34.76", p: "994.42"}
index.html:217 Received JSON:  {t: "34.76", p: "992.95"}
index.html:217 Received JSON:  {t: "34.76", p: "992.96"}
index.html:217 Received JSON:  {t: "34.77", p: "992.67"}
index.html:217 Received JSON:  {t: "34.76", p: "992.96"}
index.html:217 Received JSON:  {t: "34.77", p: "992.38"}
index.html:217 Received JSON:  {t: "34.76", p: "993.25"}
index.html:217 Received JSON:  {t: "34.77", p: "993.26"}
index.html:217 Received JSON:  {t: "34.77", p: "993.26"}
index.html:217 Received JSON:  {t: "34.78", p: "992.68"}
index.html:217 Received JSON:  {t: "34.77", p: "992.39"}
index.html:217 Received JSON:  {t: "34.78", p: "993.57"}
index.html:217 Received JSON:  {t: "34.78", p: "993.28"}
index.html:217 Received JSON:  {t: "34.78", p: "992.98"}
index.html:217 Received JSON:  {t: "34.79", p: "994.16"}
index.html:217 Received JSON:  {t: "34.79", p: "993.58"}
index.html:217 Received JSON:  {t: "34.79", p: "993.87"}
index.html:217 Received JSON:  {t: "34.79", p: "994.17"}
index.html:217 Received JSON:  {t: "34.80", p: "995.06"}
index.html:217 Received JSON:  {t: "34.79", p: "994.17"}
index.html:217 Received JSON:  {t: "34.80", p: "994.48"}
index.html:217 Received JSON:  {t: "34.80", p: "995.06"}
index.html:217 Received JSON:  {t: "34.81", p: "994.19"}
index.html:217 Received JSON:  {t: "34.80", p: "994.47"}
index.html:217 Received JSON:  {t: "34.80", p: "994.77"}
index.html:217 Received JSON:  {t: "34.81", p: "994.19"}
index.html:217 Received JSON:  {t: "34.81", p: "994.49"}
index.html:217 Received JSON:  {t: "34.82", p: "994.21"}
index.html:217 Received JSON:  {t: "34.81", p: "993.61"}
index.html:217 Received JSON:  {t: "34.82", p: "993.32"}
index.html:217 Received JSON:  {t: "34.81", p: "993.61"}
index.html:217 Received JSON:  {t: "34.82", p: "993.04"}
index.html:217 Received JSON:  {t: "34.82", p: "993.33"}
index.html:217 Received JSON:  {t: "34.82", p: "993.62"}
index.html:217 Received JSON:  {t: "34.83", p: "993.92"}
index.html:191 MAX:
index.html:192 994.867358272117
index.html:217 Received JSON:  {t: "34.82", p: "992.75"}
index.html:217 Received JSON:  {t: "34.83", p: "992.75"}
index.html:217 Received JSON:  {t: "34.83", p: "992.76"}
index.html:217 Received JSON:  {t: "34.83", p: "992.75"}
index.html:217 Received JSON:  {t: "34.84", p: "992.19"}
index.html:217 Received JSON:  {t: "34.83", p: "991.89"}
index.html:217 Received JSON:  {t: "34.84", p: "992.19"}
index.html:217 Received JSON:  {t: "34.84", p: "991.89"}
index.html:217 Received JSON:  {t: "34.85", p: "992.19"}
index.html:217 Received JSON:  {t: "34.85", p: "992.19"}
index.html:217 Received JSON:  {t: "34.85", p: "993.08"}
index.html:217 Received JSON:  {t: "34.85", p: "992.49"}
index.html:217 Received JSON:  {t: "34.85", p: "993.08"}
index.html:217 Received JSON:  {t: "34.85", p: "993.08"}
index.html:217 Received JSON:  {t: "34.85", p: "993.08"}
index.html:217 Received JSON:  {t: "34.86", p: "993.97"}
index.html:217 Received JSON:  {t: "34.86", p: "993.97"}
index.html:217 Received JSON:  {t: "34.86", p: "995.43"}
index.html:217 Received JSON:  {t: "34.87", p: "995.73"}
index.html:217 Received JSON:  {t: "34.87", p: "994.86"}
index.html:217 Received JSON:  {t: "34.87", p: "994.86"}
index.html:217 Received JSON:  {t: "34.87", p: "994.28"}
index.html:217 Received JSON:  {t: "34.87", p: "994.27"}
index.html:217 Received JSON:  {t: "34.88", p: "993.99"}
index.html:217 Received JSON:  {t: "34.88", p: "993.99"}
index.html:217 Received JSON:  {t: "34.87", p: "993.98"}
index.html:217 Received JSON:  {t: "34.87", p: "993.40"}
index.html:217 Received JSON:  {t: "34.88", p: "993.71"}
index.html:217 Received JSON:  {t: "34.88", p: "993.42"}
index.html:217 Received JSON:  {t: "34.88", p: "993.41"}
index.html:217 Received JSON:  {t: "34.89", p: "993.13"}
index.html:217 Received JSON:  {t: "34.89", p: "993.72"}
index.html:217 Received JSON:  {t: "34.89", p: "993.43"}
index.html:191 MAX:
index.html:192 994.9184373815749
index.html:217 Received JSON:  {t: "34.89", p: "993.43"}
index.html:217 Received JSON:  {t: "34.89", p: "993.44"}
index.html:217 Received JSON:  {t: "34.89", p: "992.56"}
index.html:217 Received JSON:  {t: "34.89", p: "992.85"}
index.html:217 Received JSON:  {t: "34.90", p: "992.86"}
index.html:217 Received JSON:  {t: "34.90", p: "992.56"}
index.html:217 Received JSON:  {t: "34.91", p: "992.28"}
index.html:217 Received JSON:  {t: "34.91", p: "992.57"}
index.html:217 Received JSON:  {t: "34.91", p: "992.28"}
index.html:217 Received JSON:  {t: "34.91", p: "991.99"}
index.html:217 Received JSON:  {t: "34.91", p: "991.69"}
index.html:217 Received JSON:  {t: "34.91", p: "991.99"}
index.html:217 Received JSON:  {t: "34.91", p: "991.99"}
index.html:217 Received JSON:  {t: "34.92", p: "992.88"}
index.html:217 Received JSON:  {t: "34.92", p: "992.59"}
index.html:217 Received JSON:  {t: "34.92", p: "992.89"}
index.html:217 Received JSON:  {t: "34.92", p: "992.59"}
index.html:217 Received JSON:  {t: "34.92", p: "994.06"}
index.html:217 Received JSON:  {t: "34.93", p: "993.19"}
index.html:217 Received JSON:  {t: "34.93", p: "994.07"}
index.html:217 Received JSON:  {t: "34.93", p: "995.24"}
index.html:217 Received JSON:  {t: "34.93", p: "995.83"}
index.html:217 Received JSON:  {t: "34.93", p: "996.12"}
index.html:217 Received JSON:  {t: "34.94", p: "996.12"}
index.html:217 Received JSON:  {t: "34.94", p: "995.84"}
index.html:217 Received JSON:  {t: "34.94", p: "994.95"}
index.html:217 Received JSON:  {t: "34.94", p: "994.96"}
index.html:217 Received JSON:  {t: "34.94", p: "994.96"}
index.html:217 Received JSON:  {t: "34.95", p: "994.97"}
index.html:217 Received JSON:  {t: "34.95", p: "994.97"}
index.html:217 Received JSON:  {t: "34.95", p: "994.39"}
index.html:217 Received JSON:  {t: "-531.03", p: "-20187.98"}
index.html:217 Received JSON:  {t: "-531.03", p: "-348.04"}
index.html:217 Received JSON:  {t: "-531.03", p: "16399.90"}
index.html:191 MAX:
index.html:192 1004.5154476955397
index.html:217 Received JSON:  {t: "-531.03", p: "16399.90"}
index.html:217 Received JSON:  {t: "-531.03", p: "16399.90"}
index.html:217 Received JSON:  {t: "34.96", p: "-8358.85"}
index.html:217 Received JSON:  {t: "34.96", p: "12074.45"}
index.html:217 Received JSON:  {t: "-531.03", p: "16399.90"}
index.html:217 Received JSON:  {t: "-531.03", p: "-345.95"}
index.html:217 Received JSON:  {t: "-531.03", p: "16399.90"}
index.html:217 Received JSON:  {t: "34.97", p: "993.24"}
index.html:217 Received JSON:  {t: "34.97", p: "992.37"}
index.html:217 Received JSON:  {t: "34.97", p: "991.78"}
index.html:217 Received JSON:  {t: "34.98", p: "992.09"}
index.html:217 Received JSON:  {t: "34.98", p: "992.67"}
index.html:217 Received JSON:  {t: "34.98", p: "992.38"}
index.html:217 Received JSON:  {t: "34.98", p: "992.37"}
index.html:217 Received JSON:  {t: "34.98", p: "992.67"}
index.html:217 Received JSON:  {t: "34.98", p: "992.97"}
index.html:191 MAX:
index.html:192 7191.585752127106
index.html:217 Received JSON:  {t: "34.99", p: "993.26"}
index.html:217 Received JSON:  {t: "34.99", p: "992.39"}
index.html:217 Received JSON:  {t: "34.99", p: "993.27"}
index.html:217 Received JSON:  {t: "34.99", p: "993.26"}
index.html:217 Received JSON:  {t: "34.99", p: "993.56"}
index.html:217 Received JSON:  {t: "34.99", p: "993.87"}
index.html:217 Received JSON:  {t: "34.99", p: "993.57"}
index.html:217 Received JSON:  {t: "34.99", p: "993.86"}
index.html:217 Received JSON:  {t: "34.99", p: "994.16"}
index.html:217 Received JSON:  {t: "35.00", p: "994.46"}
index.html:217 Received JSON:  {t: "35.00", p: "995.05"}
index.html:217 Received JSON:  {t: "35.01", p: "994.77"}
index.html:217 Received JSON:  {t: "35.01", p: "995.05"}
index.html:217 Received JSON:  {t: "35.00", p: "994.46"}
index.html:217 Received JSON:  {t: "35.01", p: "994.47"}
index.html:217 Received JSON:  {t: "35.01", p: "994.18"}
index.html:217 Received JSON:  {t: "35.01", p: "993.89"}
index.html:217 Received JSON:  {t: "35.02", p: "994.19"}
index.html:217 Received JSON:  {t: "35.01", p: "993.89"}
index.html:217 Received JSON:  {t: "35.02", p: "993.60"}
index.html:217 Received JSON:  {t: "35.02", p: "994.19"}
index.html:217 Received JSON:  {t: "35.02", p: "994.48"}
index.html:217 Received JSON:  {t: "35.03", p: "993.61"}
index.html:217 Received JSON:  {t: "35.02", p: "993.31"}
index.html:217 Received JSON:  {t: "35.03", p: "993.32"}
index.html:191 MAX:
index.html:192 994.8790396033667
index.html:217 Received JSON:  {t: "35.02", p: "993.31"}
index.html:217 Received JSON:  {t: "35.03", p: "993.61"}
index.html:217 Received JSON:  {t: "35.03", p: "993.33"}
index.html:217 Received JSON:  {t: "35.03", p: "993.03"}
index.html:217 Received JSON:  {t: "35.04", p: "993.05"}
index.html:217 Received JSON:  {t: "35.03", p: "992.45"}
index.html:217 Received JSON:  {t: "35.04", p: "992.47"}
index.html:217 Received JSON:  {t: "35.04", p: "992.76"}
index.html:217 Received JSON:  {t: "35.04", p: "992.76"}
index.html:217 Received JSON:  {t: "35.04", p: "992.17"}
index.html:217 Received JSON:  {t: "35.05", p: "992.77"}
index.html:217 Received JSON:  {t: "35.04", p: "992.17"}
index.html:217 Received JSON:  {t: "35.05", p: "992.47"}
index.html:217 Received JSON:  {t: "35.05", p: "993.06"}
index.html:217 Received JSON:  {t: "35.05", p: "992.48"}
index.html:217 Received JSON:  {t: "35.06", p: "993.07"}
index.html:217 Received JSON:  {t: "35.05", p: "992.77"}
index.html:217 Received JSON:  {t: "35.06", p: "992.48"}
index.html:217 Received JSON:  {t: "35.05", p: "992.77"}
index.html:217 Received JSON:  {t: "35.06", p: "993.37"}
index.html:217 Received JSON:  {t: "35.06", p: "993.66"}
index.html:217 Received JSON:  {t: "35.07", p: "993.08"}
index.html:217 Received JSON:  {t: "35.06", p: "993.95"}
index.html:217 Received JSON:  {t: "35.07", p: "993.09"}
index.html:217 Received JSON:  {t: "35.07", p: "993.39"}
index.html:217 Received JSON:  {t: "35.07", p: "994.56"}
index.html:217 Received JSON:  {t: "35.07", p: "994.85"}
index.html:217 Received JSON:  {t: "35.07", p: "994.85"}
index.html:217 Received JSON:  {t: "35.07", p: "995.14"}
index.html:217 Received JSON:  {t: "35.08", p: "995.15"}
index.html:217 Received JSON:  {t: "35.08", p: "994.56"}
index.html:217 Received JSON:  {t: "35.08", p: "994.56"}
index.html:217 Received JSON:  {t: "35.08", p: "994.56"}
index.html:217 Received JSON:  {t: "35.09", p: "994.58"}
index.html:217 Received JSON:  {t: "35.08", p: "994.27"}
index.html:217 Received JSON:  {t: "35.09", p: "994.28"}
index.html:217 Received JSON:  {t: "35.09", p: "993.69"}
index.html:217 Received JSON:  {t: "35.09", p: "994.58"}
index.html:217 Received JSON:  {t: "35.09", p: "993.70"}
index.html:217 Received JSON:  {t: "35.09", p: "993.69"}
index.html:217 Received JSON:  {t: "35.09", p: "993.13"}
index.html:217 Received JSON:  {t: "35.09", p: "993.13"}
index.html:217 Received JSON:  {t: "35.10", p: "993.13"}
index.html:191 MAX:
index.html:192 995.0534715771894
index.html:217 Received JSON:  {t: "35.10", p: "993.13"}
index.html:217 Received JSON:  {t: "35.09", p: "993.42"}
index.html:217 Received JSON:  {t: "35.09", p: "992.54"}
index.html:217 Received JSON:  {t: "35.11", p: "991.67"}
index.html:217 Received JSON:  {t: "35.11", p: "991.97"}
index.html:217 Received JSON:  {t: "35.11", p: "992.55"}
index.html:217 Received JSON:  {t: "35.11", p: "991.97"}
index.html:217 Received JSON:  {t: "35.11", p: "991.09"}
index.html:217 Received JSON:  {t: "35.11", p: "991.68"}
index.html:217 Received JSON:  {t: "35.11", p: "991.10"}
index.html:217 Received JSON:  {t: "35.11", p: "991.68"}
index.html:217 Received JSON:  {t: "35.11", p: "992.27"}
index.html:217 Received JSON:  {t: "35.12", p: "992.28"}
index.html:217 Received JSON:  {t: "35.12", p: "992.28"}
index.html:217 Received JSON:  {t: "35.12", p: "992.28"}
index.html:217 Received JSON:  {t: "35.13", p: "993.17"}
index.html:217 Received JSON:  {t: "35.12", p: "993.45"}
index.html:217 Received JSON:  {t: "35.13", p: "993.75"}
index.html:217 Received JSON:  {t: "35.13", p: "993.17"}
index.html:217 Received JSON:  {t: "35.13", p: "994.05"}
index.html:217 Received JSON:  {t: "35.13", p: "994.34"}
index.html:217 Received JSON:  {t: "35.14", p: "994.64"}
index.html:217 Received JSON:  {t: "35.13", p: "994.92"}
index.html:217 Received JSON:  {t: "35.13", p: "996.10"}
index.html:217 Received JSON:  {t: "35.13", p: "996.39"}
index.html:217 Received JSON:  {t: "35.14", p: "996.11"}
index.html:217 Received JSON:  {t: "35.14", p: "995.82"}
index.html:217 Received JSON:  {t: "35.14", p: "995.24"}
index.html:217 Received JSON:  {t: "35.14", p: "995.54"}
index.html:217 Received JSON:  {t: "35.15", p: "994.96"}
index.html:217 Received JSON:  {t: "35.14", p: "994.94"}
index.html:217 Received JSON:  {t: "35.14", p: "994.66"}
index.html:217 Received JSON:  {t: "35.15", p: "994.66"}
index.html:217 Received JSON:  {t: "35.15", p: "994.08"}
index.html:217 Received JSON:  {t: "35.15", p: "994.37"}
index.html:217 Received JSON:  {t: "35.15", p: "993.79"}
index.html:217 Received JSON:  {t: "35.15", p: "994.08"}
index.html:217 Received JSON:  {t: "35.16", p: "994.09"}
index.html:217 Received JSON:  {t: "35.16", p: "993.79"}
index.html:191 MAX:
index.html:192 995.8603248089224
index.html:217 Received JSON:  {t: "35.16", p: "993.21"}
index.html:217 Received JSON:  {t: "35.16", p: "993.21"}
index.html:217 Received JSON:  {t: "35.16", p: "993.22"}
index.html:217 Received JSON:  {t: "35.17", p: "992.93"}
index.html:217 Received JSON:  {t: "35.17", p: "992.93"}
index.html:217 Received JSON:  {t: "35.17", p: "992.64"}
index.html:217 Received JSON:  {t: "35.17", p: "992.34"}
index.html:217 Received JSON:  {t: "35.18", p: "992.65"}
index.html:217 Received JSON:  {t: "35.17", p: "992.64"}
index.html:217 Received JSON:  {t: "35.17", p: "992.64"}
index.html:217 Received JSON:  {t: "35.17", p: "991.77"}
index.html:217 Received JSON:  {t: "35.18", p: "992.65"}
index.html:217 Received JSON:  {t: "35.18", p: "992.94"}
index.html:217 Received JSON:  {t: "35.18", p: "992.66"}
index.html:217 Received JSON:  {t: "35.18", p: "992.36"}
index.html:217 Received JSON:  {t: "35.18", p: "993.25"}
index.html:217 Received JSON:  {t: "35.18", p: "992.66"}
index.html:217 Received JSON:  {t: "35.19", p: "993.25"}
index.html:217 Received JSON:  {t: "35.18", p: "993.25"}
index.html:217 Received JSON:  {t: "35.19", p: "993.84"}
index.html:217 Received JSON:  {t: "35.18", p: "994.42"}
index.html:217 Received JSON:  {t: "35.18", p: "995.29"}
index.html:217 Received JSON:  {t: "35.19", p: "995.59"}
index.html:217 Received JSON:  {t: "35.19", p: "995.32"}
index.html:217 Received JSON:  {t: "35.19", p: "994.72"}
index.html:217 Received JSON:  {t: "35.19", p: "995.32"}
index.html:217 Received JSON:  {t: "35.19", p: "994.73"}
index.html:217 Received JSON:  {t: "35.19", p: "994.14"}
index.html:217 Received JSON:  {t: "35.20", p: "994.15"}
index.html:217 Received JSON:  {t: "35.20", p: "994.15"}
index.html:217 Received JSON:  {t: "35.19", p: "994.14"}
index.html:217 Received JSON:  {t: "35.21", p: "993.57"}
index.html:217 Received JSON:  {t: "35.21", p: "993.86"}
index.html:217 Received JSON:  {t: "35.21", p: "993.28"}
index.html:217 Received JSON:  {t: "35.21", p: "992.99"}
index.html:217 Received JSON:  {t: "35.22", p: "992.99"}
index.html:217 Received JSON:  {t: "35.21", p: "993.87"}
index.html:191 MAX:
index.html:192 995.1514440919175
index.html:217 Received JSON:  {t: "35.21", p: "992.99"}
index.html:217 Received JSON:  {t: "35.22", p: "992.99"}
index.html:217 Received JSON:  {t: "35.22", p: "992.71"}
index.html:217 Received JSON:  {t: "35.22", p: "992.99"}
index.html:217 Received JSON:  {t: "35.22", p: "992.42"}
index.html:217 Received JSON:  {t: "35.22", p: "992.42"}
index.html:217 Received JSON:  {t: "35.22", p: "992.42"}
index.html:217 Received JSON:  {t: "35.22", p: "992.72"}
index.html:217 Received JSON:  {t: "35.22", p: "993.30"}
index.html:217 Received JSON:  {t: "35.22", p: "992.42"}
index.html:217 Received JSON:  {t: "35.23", p: "993.02"}
index.html:217 Received JSON:  {t: "35.23", p: "992.43"}
index.html:217 Received JSON:  {t: "35.23", p: "993.60"}
index.html:217 Received JSON:  {t: "35.23", p: "992.73"}
index.html:217 Received JSON:  {t: "35.23", p: "993.60"}
index.html:217 Received JSON:  {t: "35.24", p: "993.61"}
index.html:217 Received JSON:  {t: "35.24", p: "993.61"}
index.html:217 Received JSON:  {t: "35.24", p: "995.08"}
index.html:217 Received JSON:  {t: "35.24", p: "993.91"}
index.html:217 Received JSON:  {t: "35.25", p: "995.68"}
index.html:217 Received JSON:  {t: "35.24", p: "994.79"}
index.html:217 Received JSON:  {t: "35.25", p: "994.79"}
index.html:217 Received JSON:  {t: "35.25", p: "994.50"}
index.html:217 Received JSON:  {t: "35.25", p: "994.21"}
index.html:217 Received JSON:  {t: "35.25", p: "994.22"}
index.html:217 Received JSON:  {t: "35.25", p: "994.22"}
index.html:217 Received JSON:  {t: "35.25", p: "993.92"}
index.html:217 Received JSON:  {t: "35.26", p: "993.93"}
index.html:217 Received JSON:  {t: "35.26", p: "993.64"}
index.html:217 Received JSON:  {t: "35.26", p: "994.23"}
index.html:217 Received JSON:  {t: "35.26", p: "993.06"}
index.html:217 Received JSON:  {t: "35.26", p: "993.35"}
index.html:217 Received JSON:  {t: "35.26", p: "993.94"}
index.html:217 Received JSON:  {t: "35.26", p: "993.94"}
index.html:191 MAX:
index.html:192 994.9031885952203
index.html:217 Received JSON:  {t: "35.26", p: "992.77"}
index.html:217 Received JSON:  {t: "35.26", p: "991.89"}
index.html:217 Received JSON:  {t: "35.26", p: "992.19"}
index.html:217 Received JSON:  {t: "35.28", p: "992.49"}
index.html:217 Received JSON:  {t: "35.27", p: "992.78"}
index.html:217 Received JSON:  {t: "35.27", p: "992.49"}
index.html:217 Received JSON:  {t: "35.27", p: "993.08"}
index.html:217 Received JSON:  {t: "35.27", p: "993.37"}
index.html:217 Received JSON:  {t: "35.28", p: "993.08"}
index.html:217 Received JSON:  {t: "35.28", p: "992.79"}
index.html:217 Received JSON:  {t: "35.28", p: "993.09"}
index.html:217 Received JSON:  {t: "35.28", p: "993.38"}
index.html:217 Received JSON:  {t: "35.28", p: "993.38"}
index.html:217 Received JSON:  {t: "35.29", p: "993.68"}
index.html:217 Received JSON:  {t: "35.28", p: "993.68"}
index.html:217 Received JSON:  {t: "35.29", p: "993.68"}
index.html:217 Received JSON:  {t: "35.29", p: "994.27"}
index.html:217 Received JSON:  {t: "35.29", p: "993.98"}
index.html:217 Received JSON:  {t: "35.29", p: "993.69"}
index.html:217 Received JSON:  {t: "35.29", p: "994.57"}
index.html:217 Received JSON:  {t: "35.29", p: "993.98"}
index.html:217 Received JSON:  {t: "35.29", p: "993.69"}
index.html:217 Received JSON:  {t: "35.30", p: "994.58"}
index.html:217 Received JSON:  {t: "35.29", p: "993.99"}
index.html:217 Received JSON:  {t: "35.30", p: "994.88"}
index.html:217 Received JSON:  {t: "35.30", p: "994.58"}
index.html:217 Received JSON:  {t: "35.30", p: "993.71"}
index.html:217 Received JSON:  {t: "35.31", p: "993.71"}
index.html:217 Received JSON:  {t: "35.30", p: "993.41"}
index.html:217 Received JSON:  {t: "35.30", p: "993.71"}
index.html:217 Received JSON:  {t: "35.31", p: "993.13"}
index.html:217 Received JSON:  {t: "35.31", p: "994.00"}
index.html:217 Received JSON:  {t: "35.31", p: "993.42"}
index.html:217 Received JSON:  {t: "35.31", p: "993.43"}
index.html:217 Received JSON:  {t: "35.32", p: "993.43"}
index.html:191 MAX:
index.html:192 994.5720247777667
index.html:198 Respiratory rate:
index.html:199 22
index.html:217 Received JSON:  {t: "35.31", p: "994.01"}
index.html:217 Received JSON:  {t: "35.32", p: "993.14"}
index.html:217 Received JSON:  {t: "35.32", p: "993.72"}
index.html:217 Received JSON:  {t: "35.32", p: "993.14"}
index.html:217 Received JSON:  {t: "35.32", p: "992.85"}
index.html:217 Received JSON:  {t: "35.33", p: "992.86"}
index.html:217 Received JSON:  {t: "35.32", p: "992.85"}
index.html:217 Received JSON:  {t: "35.33", p: "992.27"}
index.html:217 Received JSON:  {t: "35.32", p: "992.56"}
index.html:217 Received JSON:  {t: "35.32", p: "992.27"}
index.html:217 Received JSON:  {t: "35.34", p: "993.16"}
index.html:217 Received JSON:  {t: "35.33", p: "992.86"}
index.html:217 Received JSON:  {t: "35.33", p: "992.57"}
index.html:217 Received JSON:  {t: "35.33", p: "992.86"}
index.html:217 Received JSON:  {t: "35.33", p: "993.16"}
index.html:217 Received JSON:  {t: "35.34", p: "993.16"}
index.html:217 Received JSON:  {t: "35.34", p: "993.16"}
index.html:217 Received JSON:  {t: "35.34", p: "993.46"}
index.html:217 Received JSON:  {t: "35.34", p: "993.46"}
index.html:217 Received JSON:  {t: "35.34", p: "994.34"}
index.html:217 Received JSON:  {t: "35.34", p: "994.34"}
index.html:217 Received JSON:  {t: "35.34", p: "994.64"}
index.html:217 Received JSON:  {t: "35.35", p: "994.65"}
index.html:217 Received JSON:  {t: "35.35", p: "994.65"}
index.html:217 Received JSON:  {t: "35.34", p: "995.23"}
index.html:217 Received JSON:  {t: "35.35", p: "994.65"}
index.html:217 Received JSON:  {t: "35.35", p: "994.65"}
index.html:217 Received JSON:  {t: "35.36", p: "994.07"}
index.html:217 Received JSON:  {t: "35.36", p: "993.78"}
index.html:217 Received JSON:  {t: "35.35", p: "993.48"}
index.html:217 Received JSON:  {t: "35.35", p: "993.77"}
index.html:217 Received JSON:  {t: "35.36", p: "993.78"}
index.html:217 Received JSON:  {t: "35.36", p: "993.79"}
index.html:217 Received JSON:  {t: "35.36", p: "994.07"}
index.html:217 Received JSON:  {t: "35.36", p: "993.78"}
index.html:217 Received JSON:  {t: "35.37", p: "993.50"}
index.html:217 Received JSON:  {t: "35.36", p: "993.20"}
index.html:174 MAX:
index.html:175 994.8794647707341
index.html:217 Received JSON:  {t: "35.36", p: "993.49"}
index.html:217 Received JSON:  {t: "35.37", p: "993.21"}
index.html:217 Received JSON:  {t: "35.37", p: "993.21"}
index.html:217 Received JSON:  {t: "35.37", p: "992.91"}
index.html:217 Received JSON:  {t: "35.37", p: "992.63"}
index.html:217 Received JSON:  {t: "35.38", p: "992.63"}
index.html:217 Received JSON:  {t: "35.37", p: "992.33"}
index.html:217 Received JSON:  {t: "35.38", p: "992.35"}
index.html:217 Received JSON:  {t: "35.38", p: "992.64"}
index.html:217 Received JSON:  {t: "35.38", p: "992.35"}
index.html:217 Received JSON:  {t: "35.38", p: "992.64"}
index.html:217 Received JSON:  {t: "35.38", p: "992.93"}
index.html:217 Received JSON:  {t: "35.38", p: "992.94"}
index.html:217 Received JSON:  {t: "35.38", p: "993.23"}
index.html:217 Received JSON:  {t: "35.39", p: "993.24"}
index.html:217 Received JSON:  {t: "35.39", p: "993.53"}
index.html:217 Received JSON:  {t: "35.38", p: "993.82"}
index.html:217 Received JSON:  {t: "35.39", p: "993.82"}
index.html:217 Received JSON:  {t: "35.39", p: "993.54"}
index.html:217 Received JSON:  {t: "35.39", p: "993.83"}
index.html:217 Received JSON:  {t: "35.39", p: "994.12"}
index.html:217 Received JSON:  {t: "35.39", p: "994.41"}
index.html:217 Received JSON:  {t: "35.39", p: "994.71"}
index.html:217 Received JSON:  {t: "35.39", p: "994.71"}
index.html:217 Received JSON:  {t: "35.40", p: "995.01"}
index.html:217 Received JSON:  {t: "35.39", p: "994.71"}
index.html:217 Received JSON:  {t: "35.40", p: "994.72"}
index.html:217 Received JSON:  {t: "35.41", p: "994.73"}
index.html:217 Received JSON:  {t: "35.41", p: "994.73"}
index.html:217 Received JSON:  {t: "35.40", p: "993.84"}
index.html:217 Received JSON:  {t: "35.41", p: "994.14"}
index.html:217 Received JSON:  {t: "35.41", p: "993.85"}
index.html:217 Received JSON:  {t: "35.41", p: "993.85"}
index.html:217 Received JSON:  {t: "35.41", p: "994.15"}
index.html:217 Received JSON:  {t: "35.41", p: "993.27"}
index.html:217 Received JSON:  {t: "35.42", p: "994.45"}
index.html:217 Received JSON:  {t: "35.42", p: "993.86"}
index.html:217 Received JSON:  {t: "35.42", p: "993.28"}
index.html:191 MAX:
index.html:192 994.9794034123513
index.html:217 Received JSON:  {t: "35.42", p: "993.87"}
index.html:217 Received JSON:  {t: "35.42", p: "993.57"}
index.html:217 Received JSON:  {t: "35.42", p: "993.57"}
index.html:217 Received JSON:  {t: "35.43", p: "993.58"}
index.html:217 Received JSON:  {t: "35.42", p: "992.99"}
index.html:217 Received JSON:  {t: "35.42", p: "993.58"}
index.html:217 Received JSON:  {t: "35.42", p: "993.28"}
index.html:217 Received JSON:  {t: "35.43", p: "993.58"}
index.html:217 Received JSON:  {t: "35.42", p: "993.58"}
index.html:217 Received JSON:  {t: "35.43", p: "993.88"}
index.html:217 Received JSON:  {t: "35.43", p: "993.58"}
index.html:217 Received JSON:  {t: "35.43", p: "993.88"}
index.html:217 Received JSON:  {t: "35.44", p: "994.18"}
index.html:217 Received JSON:  {t: "35.43", p: "993.00"}
index.html:217 Received JSON:  {t: "35.44", p: "994.18"}
index.html:217 Received JSON:  {t: "35.44", p: "12117.57"}
index.html:217 Received JSON:  {t: "-531.03", p: "-345.42"}
index.html:217 Received JSON:  {t: "-531.03", p: "16399.90"}
index.html:217 Received JSON:  {t: "-531.03", p: "16399.90"}
index.html:217 Received JSON:  {t: "-531.03", p: "16399.90"}
index.html:217 Received JSON:  {t: "35.44", p: "992.72"}
index.html:217 Received JSON:  {t: "35.45", p: "993.61"}
index.html:217 Received JSON:  {t: "35.45", p: "992.73"}
index.html:217 Received JSON:  {t: "35.45", p: "993.02"}
index.html:217 Received JSON:  {t: "35.45", p: "992.44"}
index.html:217 Received JSON:  {t: "35.45", p: "992.74"}
index.html:217 Received JSON:  {t: "35.46", p: "992.45"}
index.html:217 Received JSON:  {t: "35.46", p: "992.45"}
index.html:217 Received JSON:  {t: "35.46", p: "993.04"}
index.html:217 Received JSON:  {t: "35.46", p: "993.04"}
index.html:217 Received JSON:  {t: "35.46", p: "993.04"}
index.html:191 MAX:
index.html:192 7028.974993541194
index.html:217 Received JSON:  {t: "35.46", p: "993.92"}
index.html:217 Received JSON:  {t: "35.46", p: "993.63"}
index.html:217 Received JSON:  {t: "35.46", p: "993.92"}
index.html:217 Received JSON:  {t: "35.46", p: "993.63"}
index.html:217 Received JSON:  {t: "35.46", p: "993.34"}
index.html:217 Received JSON:  {t: "35.47", p: "994.23"}
index.html:217 Received JSON:  {t: "35.46", p: "994.22"}
index.html:217 Received JSON:  {t: "35.47", p: "993.65"}
index.html:217 Received JSON:  {t: "35.47", p: "994.23"}
index.html:217 Received JSON:  {t: "35.47", p: "994.23"}
index.html:217 Received JSON:  {t: "35.47", p: "993.94"}
index.html:217 Received JSON:  {t: "35.48", p: "993.94"}
index.html:217 Received JSON:  {t: "35.47", p: "993.35"}
index.html:217 Received JSON:  {t: "35.48", p: "993.94"}
index.html:217 Received JSON:  {t: "35.48", p: "993.95"}
index.html:217 Received JSON:  {t: "35.48", p: "994.53"}
index.html:217 Received JSON:  {t: "35.48", p: "993.36"}
index.html:217 Received JSON:  {t: "35.49", p: "993.37"}
index.html:217 Received JSON:  {t: "35.48", p: "993.66"}
index.html:217 Received JSON:  {t: "35.49", p: "993.66"}
index.html:217 Received JSON:  {t: "35.49", p: "993.96"}
index.html:217 Received JSON:  {t: "35.49", p: "993.37"}
index.html:191 MAX:
index.html:192 994.3743675927996
index.html:217 Received JSON:  {t: "35.49", p: "993.66"}
index.html:217 Received JSON:  {t: "35.49", p: "993.67"}
index.html:217 Received JSON:  {t: "35.49", p: "993.66"}
index.html:217 Received JSON:  {t: "35.49", p: "993.67"}
index.html:217 Received JSON:  {t: "35.49", p: "993.38"}
index.html:217 Received JSON:  {t: "35.49", p: "993.38"}
index.html:217 Received JSON:  {t: "35.49", p: "993.38"}
index.html:217 Received JSON:  {t: "35.50", p: "994.56"}
​ Received JSON:  {t: "35.50", p: "993.98"}
​ Received JSON:  {t: "35.50", p: "993.39"}
​ Received JSON:  {t: "35.49", p: "993.09"}
​ Received JSON:  {t: "35.50", p: "992.81"}
​ Received JSON:  {t: "35.50", p: "993.68"}
​ Received JSON:  {t: "35.51", p: "993.99"}
​ Received JSON:  {t: "35.51", p: "993.69"}
​ Received JSON:  {t: "35.51", p: "993.11"}
​ Received JSON:  {t: "35.51", p: "993.40"}
​ MAX:
​ 994.0586049237793
​ Received JSON:  {t: "35.51", p: "993.99"}
​ Received JSON:  {t: "35.51", p: "993.11"}
​ Received JSON:  {t: "35.51", p: "992.82"}
​ Received JSON:  {t: "35.51", p: "992.53"}
​ Received JSON:  {t: "35.51", p: "991.94"}
​ Received JSON:  {t: "35.52", p: "992.83"}
​ Received JSON:  {t: "35.53", p: "991.96"}
​ Received JSON:  {t: "35.52", p: "992.25"}
​ Received JSON:  {t: "35.52", p: "992.25"}
​ Received JSON:  {t: "35.52", p: "992.25"}
​ Received JSON:  {t: "35.52", p: "992.25"}
​ Received JSON:  {t: "35.53", p: "991.97"}
​ Received JSON:  {t: "35.53", p: "992.25"}
​ Received JSON:  {t: "35.53", p: "992.26"}
​ Received JSON:  {t: "35.53", p: "991.97"}
​ Received JSON:  {t: "35.53", p: "991.67"}
​ Received JSON:  {t: "35.54", p: "991.97"}
​ Received JSON:  {t: "35.54", p: "991.97"}
​ Received JSON:  {t: "35.54", p: "993.15"}
​ Received JSON:  {t: "35.54", p: "993.73"}
​ Received JSON:  {t: "35.54", p: "994.02"}
​ Received JSON:  {t: "35.54", p: "994.32"}
​ Received JSON:  {t: "35.54", p: "994.92"}
​ Received JSON:  {t: "35.54", p: "995.49"}
​ Received JSON:  {t: "35.54", p: "995.49"}
​ Received JSON:  {t: "35.54", p: "995.50"}
​ Received JSON:  {t: "35.54", p: "994.62"}
​ Received JSON:  {t: "35.54", p: "995.21"}
​ Received JSON:  {t: "35.55", p: "994.92"}
​ Received JSON:  {t: "35.55", p: "995.80"}
​ Received JSON:  {t: "35.55", p: "995.51"}
​ Received JSON:  {t: "35.56", p: "995.23"}
​ Received JSON:  {t: "35.55", p: "994.64"}
​ Received JSON:  {t: "35.55", p: "994.93"}
​ Received JSON:  {t: "35.55", p: "994.64"}
​ Received JSON:  {t: "35.56", p: "994.35"}
​ Received JSON:  {t: "35.56", p: "994.64"}
​ Received JSON:  {t: "35.56", p: "994.35"}
​ Received JSON:  {t: "35.56", p: "993.76"}
​ Received JSON:  {t: "35.56", p: "994.06"}
​ Received JSON:  {t: "35.56", p: "994.06"}
​ MAX:
​ 995.6013729892263
​ Received JSON:  {t: "35.57", p: "993.48"}
​ Received JSON:  {t: "35.57", p: "993.77"}
​ Received JSON:  {t: "35.56", p: "994.35"}
​ Received JSON:  {t: "35.57", p: "994.07"}
​ Received JSON:  {t: "35.57", p: "993.78"}
​ Received JSON:  {t: "35.57", p: "993.19"}
​ Received JSON:  {t: "35.57", p: "992.32"}
​ Received JSON:  {t: "35.57", p: "993.49"}
​ Received JSON:  {t: "35.57", p: "994.08"}
​ Received JSON:  {t: "35.57", p: "993.78"}
​ Received JSON:  {t: "35.57", p: "994.37"}
​ Received JSON:  {t: "35.57", p: "996.72"}
​ Received JSON:  {t: "35.57", p: "1001.11"}
​ Received JSON:  {t: "35.58", p: "996.44"}
​ Received JSON:  {t: "35.59", p: "990.29"}
​ Received JSON:  {t: "35.58", p: "991.15"}
​ Received JSON:  {t: "35.58", p: "990.87"}
​ Received JSON:  {t: "35.59", p: "989.41"}
​ Received JSON:  {t: "35.58", p: "990.57"}
​ Received JSON:  {t: "35.59", p: "990.58"}
​ Received JSON:  {t: "35.59", p: "993.81"}
​ Received JSON:  {t: "35.59", p: "994.09"}
​ Received JSON:  {t: "35.59", p: "994.09"}
​ MAX:
​ 994.9618098598147
​ Received JSON:  {t: "35.59", p: "994.11"}
​ Received JSON:  {t: "35.59", p: "993.23"}
​ Received JSON:  {t: "35.59", p: "993.52"}
​ Received JSON:  {t: "35.60", p: "993.53"}
​ Received JSON:  {t: "35.61", p: "993.24"}
​ Received JSON:  {t: "35.59", p: "993.52"}
​ Received JSON:  {t: "35.61", p: "993.54"}
​ Received JSON:  {t: "35.60", p: "992.94"}
​ Received JSON:  {t: "35.61", p: "992.95"}
​ Received JSON:  {t: "35.61", p: "993.24"}
​ Received JSON:  {t: "35.61", p: "992.36"}
​ Received JSON:  {t: "35.61", p: "993.24"}
​ Received JSON:  {t: "35.61", p: "992.36"}
​ Received JSON:  {t: "35.61", p: "992.96"}
​ Received JSON:  {t: "35.61", p: "992.96"}
​ Received JSON:  {t: "35.62", p: "992.38"}
​ MAX:
​ 993.8701688841738
​ Received JSON:  {t: "35.61", p: "992.96"}
​ Received JSON:  {t: "35.61", p: "993.26"}
​ Received JSON:  {t: "35.61", p: "992.96"}
​ Received JSON:  {t: "35.62", p: "993.55"}
​ Received JSON:  {t: "35.62", p: "993.56"}
​ Received JSON:  {t: "35.62", p: "993.56"}
​ Received JSON:  {t: "35.62", p: "993.85"}
​ Received JSON:  {t: "35.62", p: "993.85"}
​ Received JSON:  {t: "35.63", p: "994.16"}
​ Received JSON:  {t: "35.62", p: "994.73"}
​ Received JSON:  {t: "35.63", p: "995.62"}
​ Received JSON:  {t: "35.63", p: "994.75"}
​ Received JSON:  {t: "35.64", p: "994.75"}
​ Received JSON:  {t: "35.63", p: "994.75"}
​ Received JSON:  {t: "35.64", p: "995.34"}
​ Received JSON:  {t: "35.63", p: "994.75"}
​ Received JSON:  {t: "35.64", p: "995.34"}
​ Received JSON:  {t: "35.64", p: "994.17"}
​ Received JSON:  {t: "35.64", p: "994.46"}
​ Received JSON:  {t: "35.64", p: "993.88"}
​ Received JSON:  {t: "35.64", p: "994.46"}
​ Received JSON:  {t: "35.65", p: "994.47"}
​ Received JSON:  {t: "35.65", p: "994.18"}
​ Received JSON:  {t: "35.65", p: "994.18"}
​ Received JSON:  {t: "35.65", p: "994.18"}
​ Received JSON:  {t: "35.65", p: "993.29"}
​ Received JSON:  {t: "35.65", p: "993.89"}
​ MAX:
​ 995.2243380091335
​ Received JSON:  {t: "35.65", p: "993.31"}
​ Received JSON:  {t: "35.65", p: "993.88"}
​ Received JSON:  {t: "35.65", p: "993.60"}
​ Received JSON:  {t: "35.65", p: "993.60"}
​ Received JSON:  {t: "35.66", p: "993.02"}
​ Received JSON:  {t: "35.65", p: "992.43"}
​ Received JSON:  {t: "35.66", p: "993.91"}
​ Received JSON:  {t: "35.66", p: "993.02"}
​ Received JSON:  {t: "35.66", p: "992.73"}
​ Received JSON:  {t: "35.66", p: "992.14"}
​ Received JSON:  {t: "35.66", p: "992.44"}
​ Received JSON:  {t: "35.67", p: "993.04"}
​ Received JSON:  {t: "35.67", p: "993.62"}
​ Received JSON:  {t: "35.67", p: "993.92"}
​ Received JSON:  {t: "35.67", p: "993.62"}
​ Received JSON:  {t: "35.68", p: "994.22"}
​ Received JSON:  {t: "35.67", p: "994.51"}
​ Received JSON:  {t: "35.67", p: "995.09"}
​ Received JSON:  {t: "35.67", p: "995.09"}
​ Received JSON:  {t: "35.67", p: "995.68"}
​ Received JSON:  {t: "35.68", p: "995.10"}
​ Received JSON:  {t: "35.68", p: "995.11"}
​ Received JSON:  {t: "35.68", p: "995.40"}
​ Received JSON:  {t: "35.68", p: "994.81"}
​ Received JSON:  {t: "35.69", p: "994.53"}
​ Received JSON:  {t: "35.69", p: "994.24"}
​ Received JSON:  {t: "35.69", p: "994.23"}
​ Received JSON:  {t: "35.69", p: "993.94"}
​ Received JSON:  {t: "35.69", p: "994.53"}
​ Received JSON:  {t: "35.69", p: "994.82"}
​ Received JSON:  {t: "35.69", p: "994.82"}
​ Received JSON:  {t: "35.69", p: "994.83"}
​ Received JSON:  {t: "35.69", p: "993.95"}
​ Received JSON:  {t: "35.69", p: "993.95"}
​ MAX:
​ 995.3562454263565
​ Received JSON:  {t: "35.70", p: "992.79"}
​ Received JSON:  {t: "35.69", p: "992.48"}
​ Received JSON:  {t: "35.70", p: "992.49"}
​ Received JSON:  {t: "35.69", p: "991.61"}
​ Received JSON:  {t: "35.69", p: "991.03"}
​ Received JSON:  {t: "35.69", p: "992.49"}
​ Received JSON:  {t: "35.70", p: "991.03"}
​ Received JSON:  {t: "35.70", p: "991.91"}
​ Received JSON:  {t: "35.70", p: "991.62"}
​ Received JSON:  {t: "35.70", p: "991.91"}
​ Received JSON:  {t: "35.70", p: "992.49"}
​ Received JSON:  {t: "35.71", p: "991.33"}
​ Received JSON:  {t: "35.71", p: "991.92"}
​ Received JSON:  {t: "35.71", p: "992.51"}
index.html:217 Received JSON:  {t: "35.72", p: "992.81"}
index.html:217 Received JSON:  {t: "35.71", p: "993.09"}
index.html:217 Received JSON:  {t: "35.71", p: "993.98"}
index.html:217 Received JSON:  {t: "35.72", p: "995.16"}
index.html:217 Received JSON:  {t: "35.71", p: "995.44"}
index.html:217 Received JSON:  {t: "35.72", p: "996.04"}
index.html:217 Received JSON:  {t: "35.72", p: "995.45"}
index.html:217 Received JSON:  {t: "35.72", p: "995.16"}
index.html:217 Received JSON:  {t: "35.72", p: "994.87"}
index.html:217 Received JSON:  {t: "35.72", p: "995.45"}
index.html:217 Received JSON:  {t: "35.72", p: "994.57"}
index.html:217 Received JSON:  {t: "35.72", p: "995.16"}
index.html:217 Received JSON:  {t: "35.73", p: "994.29"}
index.html:217 Received JSON:  {t: "35.73", p: "993.99"}
index.html:217 Received JSON:  {t: "35.73", p: "994.00"}
index.html:217 Received JSON:  {t: "35.73", p: "994.00"}
index.html:217 Received JSON:  {t: "35.72", p: "993.99"}
index.html:217 Received JSON:  {t: "35.73", p: "994.29"}
index.html:217 Received JSON:  {t: "35.73", p: "994.29"}
index.html:217 Received JSON:  {t: "35.73", p: "993.71"}
index.html:217 Received JSON:  {t: "35.73", p: "994.30"}
index.html:191 MAX:
index.html:192 995.4421239090871
index.html:217 Received JSON:  {t: "35.73", p: "993.42"}
index.html:217 Received JSON:  {t: "35.73", p: "993.71"}
index.html:217 Received JSON:  {t: "35.73", p: "993.42"}
index.html:217 Received JSON:  {t: "35.74", p: "993.72"}
index.html:217 Received JSON:  {t: "35.73", p: "992.83"}
index.html:217 Received JSON:  {t: "35.74", p: "991.97"}
index.html:217 Received JSON:  {t: "35.73", p: "992.25"}
index.html:217 Received JSON:  {t: "35.74", p: "992.26"}
index.html:217 Received JSON:  {t: "35.74", p: "992.85"}
index.html:217 Received JSON:  {t: "35.74", p: "992.55"}
index.html:217 Received JSON:  {t: "35.74", p: "992.55"}
index.html:217 Received JSON:  {t: "35.75", p: "992.56"}
index.html:217 Received JSON:  {t: "35.75", p: "992.27"}
index.html:217 Received JSON:  {t: "35.75", p: "992.86"}
index.html:217 Received JSON:  {t: "35.75", p: "992.56"}
index.html:217 Received JSON:  {t: "35.75", p: "992.86"}
index.html:217 Received JSON:  {t: "35.76", p: "992.57"}
index.html:217 Received JSON:  {t: "35.75", p: "993.15"}
index.html:217 Received JSON:  {t: "35.76", p: "994.04"}
index.html:217 Received JSON:  {t: "35.75", p: "994.03"}
index.html:217 Received JSON:  {t: "35.75", p: "994.33"}
index.html:217 Received JSON:  {t: "35.76", p: "994.62"}
index.html:217 Received JSON:  {t: "35.76", p: "994.92"}
index.html:217 Received JSON:  {t: "35.76", p: "995.22"}
index.html:217 Received JSON:  {t: "35.76", p: "994.92"}
index.html:217 Received JSON:  {t: "35.76", p: "995.80"}
index.html:217 Received JSON:  {t: "35.76", p: "995.80"}
index.html:217 Received JSON:  {t: "35.77", p: "996.39"}
index.html:217 Received JSON:  {t: "35.77", p: "995.52"}
index.html:217 Received JSON:  {t: "35.76", p: "995.22"}
index.html:217 Received JSON:  {t: "35.77", p: "995.81"}
index.html:217 Received JSON:  {t: "35.77", p: "995.52"}
index.html:217 Received JSON:  {t: "35.77", p: "994.94"}
index.html:217 Received JSON:  {t: "35.76", p: "994.34"}
index.html:217 Received JSON:  {t: "35.77", p: "994.36"}
index.html:217 Received JSON:  {t: "35.77", p: "994.35"}
index.html:217 Received JSON:  {t: "35.77", p: "994.94"}
index.html:217 Received JSON:  {t: "35.77", p: "994.36"}
index.html:217 Received JSON:  {t: "35.77", p: "994.06"}
index.html:217 Received JSON:  {t: "35.78", p: "993.48"}
index.html:217 Received JSON:  {t: "35.77", p: "993.18"}
index.html:191 MAX:
index.html:192 995.8906126394413
index.html:217 Received JSON:  {t: "35.77", p: "994.06"}
index.html:217 Received JSON:  {t: "35.78", p: "993.78"}
index.html:217 Received JSON:  {t: "35.78", p: "993.48"}
index.html:217 Received JSON:  {t: "35.78", p: "993.78"}
index.html:217 Received JSON:  {t: "35.78", p: "993.19"}
index.html:217 Received JSON:  {t: "35.78", p: "993.19"}
index.html:217 Received JSON:  {t: "35.78", p: "992.60"}
index.html:217 Received JSON:  {t: "35.79", p: "992.32"}
index.html:217 Received JSON:  {t: "35.78", p: "993.19"}
index.html:217 Received JSON:  {t: "35.78", p: "992.32"}
index.html:217 Received JSON:  {t: "35.79", p: "992.91"}
index.html:217 Received JSON:  {t: "35.78", p: "992.90"}
index.html:217 Received JSON:  {t: "35.79", p: "993.20"}
index.html:217 Received JSON:  {t: "35.79", p: "993.20"}
index.html:217 Received JSON:  {t: "35.79", p: "993.51"}
index.html:217 Received JSON:  {t: "35.79", p: "992.91"}
index.html:217 Received JSON:  {t: "35.79", p: "993.51"}
index.html:217 Received JSON:  {t: "35.79", p: "993.21"}
index.html:217 Received JSON:  {t: "35.79", p: "994.09"}
​ Received JSON:  {t: "35.79", p: "994.39"}
​ Received JSON:  {t: "35.79", p: "994.39"}
​ Received JSON:  {t: "35.79", p: "994.09"}
​ Received JSON:  {t: "35.80", p: "994.98"}
​ Received JSON:  {t: "35.81", p: "995.28"}
​ Received JSON:  {t: "35.81", p: "995.28"}
​ Received JSON:  {t: "35.80", p: "995.57"}
​ Received JSON:  {t: "35.80", p: "994.98"}
​ Received JSON:  {t: "35.81", p: "994.99"}
​ Received JSON:  {t: "35.81", p: "994.69"}
​ Received JSON:  {t: "35.81", p: "994.69"}
​ Received JSON:  {t: "35.81", p: "994.69"}
​ Received JSON:  {t: "35.81", p: "993.52"}
​ Received JSON:  {t: "35.81", p: "994.41"}
​ Received JSON:  {t: "35.81", p: "994.11"}
​ Received JSON:  {t: "35.81", p: "993.53"}
​ Received JSON:  {t: "35.81", p: "994.11"}
​ Received JSON:  {t: "35.81", p: "993.53"}
​ Received JSON:  {t: "35.82", p: "993.54"}
​ Received JSON:  {t: "35.81", p: "993.82"}
​ MAX:
​ 995.3187774598299
​ Received JSON:  {t: "35.82", p: "994.12"}
​ Received JSON:  {t: "35.82", p: "993.84"}
​ Received JSON:  {t: "35.82", p: "993.54"}
​ Received JSON:  {t: "35.82", p: "993.83"}
​ Received JSON:  {t: "35.82", p: "993.54"}
​ Received JSON:  {t: "35.82", p: "993.24"}
​ Received JSON:  {t: "35.82", p: "992.66"}
​ Received JSON:  {t: "35.82", p: "992.96"}
​ Received JSON:  {t: "35.82", p: "992.08"}
​ Received JSON:  {t: "35.83", p: "991.79"}
​ Received JSON:  {t: "35.82", p: "992.96"}
​ Received JSON:  {t: "35.82", p: "991.78"}
​ Received JSON:  {t: "35.82", p: "992.37"}
​ Received JSON:  {t: "35.83", p: "991.49"}
​ Received JSON:  {t: "35.83", p: "992.38"}
​ Received JSON:  {t: "35.83", p: "992.08"}
​ Received JSON:  {t: "35.83", p: "991.50"}
​ Received JSON:  {t: "35.83", p: "992.09"}
​ Received JSON:  {t: "35.82", p: "992.66"}
​ Received JSON:  {t: "35.83", p: "992.68"}
​ Received JSON:  {t: "35.84", p: "992.39"}
​ Received JSON:  {t: "35.83", p: "991.50"}
​ Received JSON:  {t: "35.84", p: "991.22"}
​ Received JSON:  {t: "35.84", p: "992.10"}
​ Received JSON:  {t: "35.84", p: "992.39"}
​ Received JSON:  {t: "35.84", p: "992.10"}
​ Received JSON:  {t: "35.84", p: "992.98"}
​ Received JSON:  {t: "35.84", p: "993.27"}
​ Received JSON:  {t: "35.84", p: "994.74"}
​ Received JSON:  {t: "35.84", p: "995.61"}
​ Received JSON:  {t: "35.85", p: "996.51"}
​ Received JSON:  {t: "35.85", p: "995.63"}
​ Received JSON:  {t: "35.85", p: "996.81"}
​ Received JSON:  {t: "35.85", p: "996.80"}
​ Received JSON:  {t: "35.85", p: "995.93"}
​ Received JSON:  {t: "35.85", p: "995.33"}
​ Received JSON:  {t: "35.85", p: "996.21"}
​ Received JSON:  {t: "35.85", p: "995.93"}
​ Received JSON:  {t: "35.85", p: "996.51"}
​ Received JSON:  {t: "35.85", p: "995.35"}
​ Received JSON:  {t: "35.85", p: "995.93"}
​ Received JSON:  {t: "35.85", p: "995.63"}
​ Received JSON:  {t: "35.86", p: "995.65"}
​ Received JSON:  {t: "35.85", p: "995.35"}
​ Received JSON:  {t: "35.86", p: "994.47"}
​ Received JSON:  {t: "35.85", p: "995.05"}
​ Received JSON:  {t: "35.86", p: "994.18"}
​ Received JSON:  {t: "35.86", p: "993.89"}
​ MAX:
​ 996.4420323089564
​ Received JSON:  {t: "35.86", p: "994.77"}
​ Received JSON:  {t: "35.86", p: "994.18"}
​ Received JSON:  {t: "35.86", p: "993.59"}
​ Received JSON:  {t: "35.86", p: "993.59"}
​ Received JSON:  {t: "35.87", p: "993.89"}
​ Received JSON:  {t: "35.86", p: "992.72"}
​ Received JSON:  {t: "35.87", p: "992.73"}
​ Received JSON:  {t: "35.86", p: "992.13"}
​ Received JSON:  {t: "35.87", p: "992.43"}
​ Received JSON:  {t: "35.86", p: "992.72"}
​ Received JSON:  {t: "35.86", p: "992.42"}
​ Received JSON:  {t: "35.87", p: "991.55"}
​ Received JSON:  {t: "35.87", p: "992.72"}
​ Received JSON:  {t: "35.87", p: "992.73"}
​ Received JSON:  {t: "35.87", p: "992.72"}
​ Received JSON:  {t: "35.87", p: "992.44"}
​ Received JSON:  {t: "35.88", p: "991.86"}
​ Received JSON:  {t: "35.87", p: "993.32"}
​ Received JSON:  {t: "35.87", p: "992.73"}
​ Received JSON:  {t: "35.87", p: "992.44"}
​ Received JSON:  {t: "35.88", p: "993.04"}
​ Received JSON:  {t: "35.88", p: "993.62"}
​ Received JSON:  {t: "35.88", p: "993.62"}
​ Received JSON:  {t: "35.89", p: "994.22"}
​ Received JSON:  {t: "35.88", p: "995.09"}
​ Received JSON:  {t: "35.88", p: "995.38"}
​ Received JSON:  {t: "35.89", p: "995.68"}
​ Received JSON:  {t: "35.89", p: "994.80"}
​ Received JSON:  {t: "35.88", p: "995.68"}
​ Received JSON:  {t: "35.89", p: "995.39"}
​ Received JSON:  {t: "35.88", p: "995.09"}
​ Received JSON:  {t: "35.89", p: "996.27"}
​ Received JSON:  {t: "35.89", p: "996.28"}
​ Received JSON:  {t: "35.89", p: "995.98"}
​ Received JSON:  {t: "35.89", p: "994.52"}
​ Received JSON:  {t: "35.89", p: "995.11"}
​ Received JSON:  {t: "35.89", p: "994.81"}
​ Received JSON:  {t: "35.89", p: "993.93"}
​ Received JSON:  {t: "35.89", p: "993.93"}
​ Received JSON:  {t: "35.89", p: "993.94"}
​ Received JSON:  {t: "35.89", p: "994.22"}
​ Received JSON:  {t: "35.89", p: "993.35"}
​ Received JSON:  {t: "35.89", p: "993.65"}
​ Received JSON:  {t: "35.89", p: "993.35"}
​ MAX:
​ 995.8758931698949
​ Received JSON:  {t: "35.89", p: "993.65"}
​ Received JSON:  {t: "35.89", p: "993.35"}
​ Received JSON:  {t: "35.89", p: "993.35"}
​ Received JSON:  {t: "35.90", p: "992.77"}
​ Received JSON:  {t: "35.89", p: "991.89"}
​ Received JSON:  {t: "35.89", p: "992.18"}
​ Received JSON:  {t: "35.90", p: "992.19"}
​ Received JSON:  {t: "35.91", p: "992.78"}
​ Received JSON:  {t: "35.91", p: "992.78"}
​ Received JSON:  {t: "35.90", p: "992.48"}
​ Received JSON:  {t: "35.91", p: "993.07"}
​ Received JSON:  {t: "35.91", p: "993.07"}
​ Received JSON:  {t: "35.91", p: "993.07"}
​ Received JSON:  {t: "35.91", p: "993.07"}
​ Received JSON:  {t: "35.91", p: "993.96"}
​ Received JSON:  {t: "35.91", p: "993.37"}
​ Received JSON:  {t: "35.91", p: "993.96"}
​ Received JSON:  {t: "35.91", p: "994.25"}
​ Received JSON:  {t: "35.91", p: "994.25"}
​ Received JSON:  {t: "35.92", p: "994.26"}
​ Received JSON:  {t: "35.91", p: "995.43"}
​ Received JSON:  {t: "35.92", p: "994.26"}
​ Received JSON:  {t: "35.92", p: "995.14"}
​ Received JSON:  {t: "35.92", p: "994.85"}
​ Received JSON:  {t: "35.92", p: "994.26"}
​ Received JSON:  {t: "35.92", p: "994.26"}
​ Received JSON:  {t: "35.92", p: "993.98"}
​ Received JSON:  {t: "35.92", p: "993.68"}
​ Received JSON:  {t: "35.92", p: "994.26"}
​ Received JSON:  {t: "35.92", p: "993.98"}
​ Received JSON:  {t: "35.92", p: "993.68"}
​ Received JSON:  {t: "35.92", p: "994.26"}
​ Received JSON:  {t: "35.93", p: "993.98"}
​ Received JSON:  {t: "35.92", p: "993.68"}
​ Received JSON:  {t: "35.92", p: "993.09"}
​ MAX:
​ 994.9102753432843
​ Received JSON:  {t: "35.93", p: "993.98"}
​ Received JSON:  {t: "35.92", p: "993.68"}
​ Received JSON:  {t: "35.93", p: "994.28"}
​ Received JSON:  {t: "35.93", p: "993.69"}
​ Received JSON:  {t: "35.93", p: "994.58"}
​ Received JSON:  {t: "35.93", p: "993.99"}
​ Received JSON:  {t: "35.93", p: "993.99"}
​ Received JSON:  {t: "35.94", p: "993.99"}
​ Received JSON:  {t: "35.93", p: "993.39"}
​ Received JSON:  {t: "35.93", p: "993.69"}
​ Received JSON:  {t: "35.93", p: "994.28"}
​ Received JSON:  {t: "35.93", p: "994.28"}
​ Received JSON:  {t: "35.93", p: "993.99"}
​ Received JSON:  {t: "35.93", p: "994.28"}
​ Received JSON:  {t: "35.94", p: "993.99"}
​ Received JSON:  {t: "35.93", p: "993.99"}
​ Received JSON:  {t: "35.94", p: "993.71"}
​ Received JSON:  {t: "35.94", p: "993.41"}
​ Received JSON:  {t: "35.94", p: "993.99"}
​ Received JSON:  {t: "35.94", p: "994.00"}
​ Received JSON:  {t: "35.95", p: "994.30"}
​ Received JSON:  {t: "35.94", p: "994.00"}
​ Received JSON:  {t: "35.94", p: "994.29"}
​ Received JSON:  {t: "35.94", p: "994.00"}
​ Received JSON:  {t: "35.94", p: "994.29"}
​ MAX:
​ 994.4212363502459
​ Received JSON:  {t: "35.95", p: "993.72"}
​ Received JSON:  {t: "35.95", p: "994.01"}
​ Received JSON:  {t: "35.95", p: "993.72"}
​ Received JSON:  {t: "35.95", p: "994.30"}
​ Received JSON:  {t: "35.95", p: "994.31"}
​ Received JSON:  {t: "35.95", p: "994.01"}
​ Received JSON:  {t: "35.95", p: "994.01"}
​ Received JSON:  {t: "35.96", p: "993.43"}
​ Received JSON:  {t: "35.95", p: "993.72"}
​ Received JSON:  {t: "35.96", p: "993.73"}
​ Received JSON:  {t: "35.96", p: "992.85"}
​ Received JSON:  {t: "35.95", p: "993.42"}
​ MAX:
​ 994.4825502262009
​ Received JSON:  {t: "35.96", p: "992.85"}
​ Received JSON:  {t: "35.96", p: "993.15"}
​ Received JSON:  {t: "35.96", p: "993.15"}
​ Received JSON:  {t: "35.96", p: "993.15"}
​ Received JSON:  {t: "35.96", p: "992.57"}
​ Received JSON:  {t: "35.96", p: "992.86"}
​ Received JSON:  {t: "35.96", p: "992.85"}
​ Received JSON:  {t: "35.96", p: "992.55"}
​ Received JSON:  {t: "35.96", p: "993.73"}
​ Received JSON:  {t: "35.96", p: "993.44"}
​ Received JSON:  {t: "35.96", p: "992.85"}
​ Received JSON:  {t: "35.96", p: "994.03"}
​ Received JSON:  {t: "35.96", p: "993.74"}
​ Received JSON:  {t: "35.96", p: "993.73"}
​ Received JSON:  {t: "35.96", p: "994.62"}
​ Received JSON:  {t: "35.97", p: "994.04"}
​ Received JSON:  {t: "35.97", p: "995.21"}
​ Received JSON:  {t: "35.97", p: "995.21"}
​ Received JSON:  {t: "35.96", p: "994.62"}
​ Received JSON:  {t: "35.97", p: "994.93"}
​ Received JSON:  {t: "35.97", p: "995.51"}
​ Received JSON:  {t: "35.97", p: "994.92"}
​ Received JSON:  {t: "35.97", p: "994.05"}
​ Received JSON:  {t: "35.97", p: "994.63"}
​ Received JSON:  {t: "35.98", p: "994.64"}
​ Received JSON:  {t: "35.98", p: "994.64"}
​ Received JSON:  {t: "35.98", p: "994.64"}
​ Received JSON:  {t: "35.98", p: "994.06"}
​ Received JSON:  {t: "35.97", p: "994.05"}
​ Received JSON:  {t: "35.98", p: "994.06"}
​ Received JSON:  {t: "35.98", p: "993.76"}
​ Received JSON:  {t: "35.98", p: "994.34"}
​ Received JSON:  {t: "35.98", p: "993.76"}
​ MAX:
​ 995.208129310237
​ Received JSON:  {t: "35.98", p: "993.76"}
​ Received JSON:  {t: "35.98", p: "993.76"}
​ Received JSON:  {t: "35.98", p: "993.76"}
​ Received JSON:  {t: "35.99", p: "993.48"}
​ Received JSON:  {t: "35.98", p: "992.88"}
​ Received JSON:  {t: "35.99", p: "992.89"}
​ Received JSON:  {t: "35.99", p: "992.32"}
​ Received JSON:  {t: "35.99", p: "992.30"}
​ Received JSON:  {t: "35.99", p: "992.59"}
​ Received JSON:  {t: "35.99", p: "992.89"}
​ Received JSON:  {t: "35.99", p: "992.59"}
​ Received JSON:  {t: "35.99", p: "992.60"}
​ Received JSON:  {t: "35.99", p: "992.89"}
​ Received JSON:  {t: "36.00", p: "992.03"}
​ Received JSON:  {t: "35.99", p: "992.89"}
​ Received JSON:  {t: "35.99", p: "992.89"}
​ Received JSON:  {t: "35.99", p: "992.89"}
​ Received JSON:  {t: "36.00", p: "992.62"}
​ Received JSON:  {t: "35.99", p: "992.90"}
​ Received JSON:  {t: "36.00", p: "993.20"}
​ Received JSON:  {t: "35.99", p: "993.78"}
​ Received JSON:  {t: "35.99", p: "994.07"}
​ Received JSON:  {t: "35.99", p: "994.66"}
​ Received JSON:  {t: "36.00", p: "994.96"}
​ Received JSON:  {t: "36.00", p: "995.26"}
​ Received JSON:  {t: "36.00", p: "995.84"}
​ Received JSON:  {t: "36.00", p: "995.84"}
​ Received JSON:  {t: "36.00", p: "996.43"}
​ Received JSON:  {t: "35.99", p: "995.84"}
​ Received JSON:  {t: "36.00", p: "995.55"}
​ Received JSON:  {t: "36.00", p: "995.84"}
​ Received JSON:  {t: "36.00", p: "995.26"}
​ Received JSON:  {t: "36.00", p: "996.14"}
​ Received JSON:  {t: "36.00", p: "995.26"}
​ Received JSON:  {t: "36.01", p: "994.97"}
​ Received JSON:  {t: "36.00", p: "994.97"}
​ Received JSON:  {t: "36.01", p: "994.68"}
​ Received JSON:  {t: "36.01", p: "995.56"}
​ Received JSON:  {t: "36.01", p: "994.39"}
​ Received JSON:  {t: "36.00", p: "995.26"}
​ Received JSON:  {t: "36.01", p: "994.69"}
​ Received JSON:  {t: "36.02", p: "994.40"}
​ MAX:
​ 996.0823030189184
​ Received JSON:  {t: "36.01", p: "992.92"}
​ Received JSON:  {t: "36.01", p: "993.22"}
​ Received JSON:  {t: "36.02", p: "992.64"}
​ Received JSON:  {t: "36.01", p: "992.63"}
​ Received JSON:  {t: "36.01", p: "992.05"}
​ Received JSON:  {t: "36.02", p: "991.17"}
​ Received JSON:  {t: "36.02", p: "991.47"}
​ Received JSON:  {t: "36.02", p: "991.17"}
​ Received JSON:  {t: "36.02", p: "991.47"}
​ Received JSON:  {t: "36.01", p: "991.75"}
​ Received JSON:  {t: "36.01", p: "991.75"}
​ Received JSON:  {t: "36.03", p: "991.48"}
​ Received JSON:  {t: "36.02", p: "991.76"}
​ Received JSON:  {t: "36.01", p: "991.46"}
​ Received JSON:  {t: "36.02", p: "991.76"}
​ Received JSON:  {t: "36.02", p: "992.05"}
​ Received JSON:  {t: "36.02", p: "991.77"}
​ Received JSON:  {t: "36.02", p: "992.94"}
​ Received JSON:  {t: "36.02", p: "993.53"}
​ Received JSON:  {t: "36.02", p: "994.70"}
​ Received JSON:  {t: "36.03", p: "995.29"}
​ Received JSON:  {t: "36.03", p: "995.88"}
​ Received JSON:  {t: "36.03", p: "996.47"}
​ Received JSON:  {t: "36.03", p: "996.47"}
​ Received JSON:  {t: "36.03", p: "996.17"}
​ Received JSON:  {t: "36.03", p: "995.88"}
​ Received JSON:  {t: "36.03", p: "996.18"}
​ Received JSON:  {t: "36.03", p: "997.06"}
​ Received JSON:  {t: "36.03", p: "995.59"}
​ Received JSON:  {t: "36.03", p: "995.59"}
​ Received JSON:  {t: "36.04", p: "995.59"}
​ Received JSON:  {t: "36.03", p: "995.59"}
​ Received JSON:  {t: "36.04", p: "995.01"}
​ Received JSON:  {t: "36.04", p: "995.01"}
​ Received JSON:  {t: "36.04", p: "994.72"}
​ Received JSON:  {t: "36.04", p: "995.31"}
​ Received JSON:  {t: "36.04", p: "994.72"}
​ Received JSON:  {t: "36.04", p: "994.72"}
​ Received JSON:  {t: "36.04", p: "994.13"}
​ MAX:
​ 996.4295472891966
index.html:217 Received JSON:  {t: "36.04", p: "994.73"}
index.html:217 Received JSON:  {t: "36.04", p: "994.42"}
index.html:217 Received JSON:  {t: "36.04", p: "994.14"}
index.html:217 Received JSON:  {t: "36.04", p: "993.26"}
index.html:217 Received JSON:  {t: "36.04", p: "992.97"}
index.html:217 Received JSON:  {t: "36.04", p: "992.96"}
index.html:217 Received JSON:  {t: "36.04", p: "992.67"}
index.html:217 Received JSON:  {t: "36.04", p: "992.67"}
index.html:217 Received JSON:  {t: "36.04", p: "992.67"}
index.html:217 Received JSON:  {t: "36.04", p: "993.26"}
index.html:217 Received JSON:  {t: "36.04", p: "992.67"}
index.html:217 Received JSON:  {t: "36.05", p: "992.09"}
index.html:217 Received JSON:  {t: "36.04", p: "992.09"}
index.html:217 Received JSON:  {t: "36.05", p: "992.68"}
index.html:217 Received JSON:  {t: "36.05", p: "992.39"}
index.html:217 Received JSON:  {t: "36.05", p: "993.27"}
index.html:217 Received JSON:  {t: "36.05", p: "992.68"}
index.html:217 Received JSON:  {t: "36.05", p: "992.98"}
index.html:217 Received JSON:  {t: "36.05", p: "992.68"}
index.html:217 Received JSON:  {t: "36.06", p: "993.87"}
index.html:217 Received JSON:  {t: "36.05", p: "993.28"}
index.html:217 Received JSON:  {t: "36.05", p: "992.98"}
index.html:217 Received JSON:  {t: "36.06", p: "993.87"}
index.html:217 Received JSON:  {t: "36.05", p: "994.16"}
index.html:217 Received JSON:  {t: "36.06", p: "995.04"}
index.html:217 Received JSON:  {t: "36.06", p: "995.63"}
index.html:217 Received JSON:  {t: "36.06", p: "996.22"}
index.html:217 Received JSON:  {t: "36.06", p: "996.22"}
index.html:217 Received JSON:  {t: "36.06", p: "996.22"}
index.html:217 Received JSON:  {t: "36.06", p: "995.05"}
index.html:217 Received JSON:  {t: "36.06", p: "995.92"}
index.html:217 Received JSON:  {t: "36.06", p: "995.34"}
index.html:217 Received JSON:  {t: "36.06", p: "995.05"}
index.html:217 Received JSON:  {t: "36.06", p: "995.05"}
index.html:217 Received JSON:  {t: "36.06", p: "994.75"}
index.html:217 Received JSON:  {t: "36.06", p: "994.16"}
index.html:217 Received JSON:  {t: "36.07", p: "995.05"}
index.html:217 Received JSON:  {t: "36.06", p: "994.46"}
index.html:217 Received JSON:  {t: "36.07", p: "994.47"}
index.html:217 Received JSON:  {t: "36.07", p: "994.17"}
index.html:217 Received JSON:  {t: "36.07", p: "994.47"}
index.html:217 Received JSON:  {t: "36.07", p: "994.47"}
index.html:191 MAX:
index.html:192 995.9062868986967
index.html:217 Received JSON:  {t: "36.07", p: "994.47"}
index.html:217 Received JSON:  {t: "36.07", p: "994.17"}
index.html:217 Received JSON:  {t: "36.07", p: "994.18"}
index.html:217 Received JSON:  {t: "36.07", p: "993.89"}
index.html:217 Received JSON:  {t: "36.07", p: "993.30"}
index.html:217 Received JSON:  {t: "36.07", p: "993.89"}
index.html:217 Received JSON:  {t: "36.07", p: "993.30"}
index.html:217 Received JSON:  {t: "36.07", p: "993.30"}
index.html:217 Received JSON:  {t: "36.07", p: "992.42"}
index.html:217 Received JSON:  {t: "36.07", p: "992.12"}
index.html:217 Received JSON:  {t: "36.07", p: "993.01"}
index.html:217 Received JSON:  {t: "36.08", p: "992.13"}
index.html:217 Received JSON:  {t: "36.08", p: "992.43"}
index.html:217 Received JSON:  {t: "36.08", p: "12175.79"}
index.html:217 Received JSON:  {t: "-531.03", p: "-342.80"}
index.html:217 Received JSON:  {t: "36.08", p: "12175.50"}
index.html:217 Received JSON:  {t: "-531.03", p: "16399.90"}
index.html:217 Received JSON:  {t: "-531.03", p: "-20321.12"}
index.html:217 Received JSON:  {t: "36.08", p: "-8380.14"}
index.html:217 Received JSON:  {t: "-531.03", p: "-344.37"}
index.html:217 Received JSON:  {t: "36.08", p: "-8380.14"}
index.html:217 Received JSON:  {t: "-531.03", p: "16399.90"}
index.html:217 Received JSON:  {t: "-531.03", p: "-20320.59"}
index.html:217 Received JSON:  {t: "-531.03", p: "-345.95"}
index.html:217 Received JSON:  {t: "-531.03", p: "16399.90"}
index.html:217 Received JSON:  {t: "-531.03", p: "16399.90"}
index.html:191 MAX:
index.html:192 2772.4933532345726
index.html:198 Respiratory rate:
index.html:199 23
index.html:217 Received JSON:  {t: "36.09", p: "-8380.31"}
index.html:217 Received JSON:  {t: "-531.03", p: "-20321.12"}
index.html:217 Received JSON:  {t: "-531.03", p: "16399.90"}
index.html:217 Received JSON:  {t: "-531.03", p: "-20322.69"}
index.html:217 Received JSON:  {t: "36.09", p: "-8380.22"}
index.html:217 Received JSON:  {t: "-531.03", p: "-20323.21"}
index.html:217 Received JSON:  {t: "-531.03", p: "16399.90"}
index.html:217 Received JSON:  {t: "-531.03", p: "16399.90"}
index.html:217 Received JSON:  {t: "-531.03", p: "16399.90"}
index.html:217 Received JSON:  {t: "-531.03", p: "16399.90"}
index.html:174 MAX:
index.html:175 -492.3076572081983
index.html:217 Received JSON:  {t: "-531.03", p: "16399.90"}
index.html:217 Received JSON:  {t: "-531.03", p: "16399.90"}
index.html:217 Received JSON:  {t: "-531.03", p: "-20322.69"}
index.html:217 Received JSON:  {t: "-531.03", p: "16399.90"}
index.html:217 Received JSON:  {t: "-531.03", p: "16399.90"}
index.html:217 Received JSON:  {t: "-531.03", p: "-20324.79"}
index.html:217 Received JSON:  {t: "36.11", p: "-8380.64"}
index.html:217 Received JSON:  {t: "-531.03", p: "-343.32"}
index.html:217 Received JSON:  {t: "-531.03", p: "16399.90"}
index.html:217 Received JSON:  {t: "-531.03", p: "16399.90"}
index.html:217 Received JSON:  {t: "-531.03", p: "16399.90"}
index.html:217 Received JSON:  {t: "-531.03", p: "16399.90"}
index.html:217 Received JSON:  {t: "-531.03", p: "16399.90"}
index.html:191 MAX:
index.html:192 7669.951261368483
index.html:217 Received JSON:  {t: "-531.03", p: "-20324.26"}
index.html:217 Received JSON:  {t: "-531.03", p: "16399.90"}
index.html:217 Received JSON:  {t: "-531.03", p: "16399.90"}
index.html:217 Received JSON:  {t: "-531.03", p: "16399.90"}
index.html:217 Received JSON:  {t: "-531.03", p: "16399.90"}
index.html:217 Received JSON:  {t: "-531.03", p: "16399.90"}
index.html:217 Received JSON:  {t: "-531.03", p: "16399.90"}
index.html:217 Received JSON:  {t: "-531.03", p: "16399.90"}
index.html:217 Received JSON:  {t: "-531.03", p: "16399.90"}
index.html:217 Received JSON:  {t: "-531.03", p: "16399.90"}
index.html:217 Received JSON:  {t: "-531.03", p: "16399.90"}
index.html:217 Received JSON:  {t: "-531.03", p: "16399.90"}
index.html:217 Received JSON:  {t: "-531.03", p: "16399.90"}
index.html:217 Received JSON:  {t: "-531.03", p: "16399.90"}
index.html:217 Received JSON:  {t: "-531.03", p: "-344.89"}
index.html:217 Received JSON:  {t: "-531.03", p: "16399.90"}
index.html:217 Received JSON:  {t: "-531.03", p: "16399.90"}
index.html:217 Received JSON:  {t: "-531.03", p: "16399.90"}
index.html:217 Received JSON:  {t: "-531.03", p: "16399.90"}
index.html:217 Received JSON:  {t: "-531.03", p: "16399.90"}
index.html:217 Received JSON:  {t: "-531.03", p: "16399.90"}
index.html:191 MAX:
index.html:192 15770.87305957704
index.html:217 Received JSON:  {t: "-531.03", p: "16399.90"}
index.html:217 Received JSON:  {t: "-531.03", p: "16399.90"}
index.html:217 Received JSON:  {t: "-531.03", p: "16399.90"}
index.html:217 Received JSON:  {t: "-531.03", p: "16399.90"}
index.html:217 Received JSON:  {t: "-531.03", p: "16399.90"}
index.html:217 Received JSON:  {t: "-531.03", p: "16399.90"}
