index.html:314 The specified value "age here" cannot be parsed, or is out of range.
index.html:238 
puck.js:371 <BLE> Device Name:       MDBT42Q 8c7b
puck.js:371 <BLE> Device ID:         rWJWbZ4Qq8steqTcGvDVaA==
puck.js:371 <BLE> Connected
puck.js:371 <BLE> ERROR: NotFoundError: User cancelled the requestDevice() chooser.
index.html:217 Received JSON:  {t: "23.91", p: "1006.71"}
index.html:217 Received JSON:  {t: "23.91", p: "1008.14"}
index.html:217 Received JSON:  {t: "23.93", p: "1008.16"}
index.html:217 Received JSON:  {t: "23.93", p: "1008.45"}
index.html:217 Received JSON:  {t: "23.94", p: "1007.90"}
index.html:217 Received JSON:  {t: "23.95", p: "1008.19"}
index.html:217 Received JSON:  {t: "23.95", p: "1008.76"}
index.html:217 Received JSON:  {t: "23.96", p: "1008.21"}
index.html:217 Received JSON:  {t: "23.97", p: "1009.37"}
index.html:217 Received JSON:  {t: "23.98", p: "1008.53"}
index.html:217 Received JSON:  {t: "23.98", p: "1008.24"}
index.html:217 Received JSON:  {t: "23.99", p: "1007.68"}
index.html:217 Received JSON:  {t: "23.99", p: "1007.97"}
index.html:217 Received JSON:  {t: "24.01", p: "1007.71"}
index.html:217 Received JSON:  {t: "24.01", p: "1007.43"}
index.html:217 Received JSON:  {t: "24.02", p: "1007.15"}
index.html:217 Received JSON:  {t: "24.03", p: "1007.74"}
index.html:217 Received JSON:  {t: "24.03", p: "1006.31"}
index.html:217 Received JSON:  {t: "24.05", p: "1005.47"}
index.html:217 Received JSON:  {t: "24.05", p: "1004.05"}
index.html:217 Received JSON:  {t: "24.06", p: "1006.92"}
index.html:217 Received JSON:  {t: "24.07", p: "1010.36"}
index.html:217 Received JSON:  {t: "24.07", p: "1019.51"}
index.html:174 MAX:
index.html:175 1008.6201590189064
index.html:217 Received JSON:  {t: "24.08", p: "1024.09"}
index.html:217 Received JSON:  {t: "24.09", p: "1018.68"}
index.html:217 Received JSON:  {t: "24.09", p: "1010.68"}
index.html:217 Received JSON:  {t: "24.10", p: "1000.40"}
index.html:217 Received JSON:  {t: "24.11", p: "1005.85"}
index.html:217 Received JSON:  {t: "24.12", p: "1006.43"}
index.html:217 Received JSON:  {t: "24.12", p: "1006.72"}
index.html:217 Received JSON:  {t: "24.14", p: "1006.74"}
index.html:217 Received JSON:  {t: "24.14", p: "1006.17"}
index.html:217 Received JSON:  {t: "24.15", p: "1006.76"}
index.html:217 Received JSON:  {t: "24.16", p: "1005.63"}
index.html:217 Received JSON:  {t: "24.16", p: "1005.92"}
index.html:217 Received JSON:  {t: "24.18", p: "1005.09"}
index.html:191 MAX:
index.html:192 1011.89256969753
index.html:217 Received JSON:  {t: "24.18", p: "1004.80"}
index.html:217 Received JSON:  {t: "24.18", p: "1004.52"}
index.html:217 Received JSON:  {t: "24.19", p: "1004.53"}
index.html:217 Received JSON:  {t: "24.20", p: "1003.69"}
index.html:217 Received JSON:  {t: "24.21", p: "1003.41"}
index.html:217 Received JSON:  {t: "24.21", p: "1002.84"}
index.html:217 Received JSON:  {t: "24.22", p: "1003.43"}
index.html:217 Received JSON:  {t: "24.23", p: "1002.58"}
index.html:217 Received JSON:  {t: "24.24", p: "1003.17"}
index.html:217 Received JSON:  {t: "24.25", p: "1003.47"}
index.html:217 Received JSON:  {t: "24.25", p: "1003.46"}
index.html:217 Received JSON:  {t: "24.26", p: "1004.05"}
index.html:217 Received JSON:  {t: "24.27", p: "1004.06"}
index.html:217 Received JSON:  {t: "24.28", p: "1004.08"}
index.html:217 Received JSON:  {t: "24.28", p: "1004.08"}
index.html:217 Received JSON:  {t: "24.28", p: "1004.94"}
index.html:217 Received JSON:  {t: "24.29", p: "1004.96"}
index.html:217 Received JSON:  {t: "24.31", p: "1006.12"}
index.html:217 Received JSON:  {t: "24.31", p: "1006.70"}
index.html:217 Received JSON:  {t: "24.31", p: "1007.27"}
index.html:217 Received JSON:  {t: "24.33", p: "1006.72"}
index.html:217 Received JSON:  {t: "24.33", p: "1007.29"}
index.html:217 Received JSON:  {t: "24.34", p: "1007.02"}
index.html:217 Received JSON:  {t: "24.35", p: "1006.75"}
index.html:217 Received JSON:  {t: "24.36", p: "1006.77"}
index.html:217 Received JSON:  {t: "24.36", p: "1006.76"}
index.html:217 Received JSON:  {t: "24.37", p: "1006.21"}
index.html:217 Received JSON:  {t: "24.38", p: "1005.94"}
index.html:217 Received JSON:  {t: "24.39", p: "1005.66"}
index.html:217 Received JSON:  {t: "24.40", p: "1005.39"}
index.html:217 Received JSON:  {t: "24.40", p: "1005.68"}
index.html:217 Received JSON:  {t: "24.41", p: "1005.12"}
index.html:217 Received JSON:  {t: "24.42", p: "1004.85"}
index.html:217 Received JSON:  {t: "24.43", p: "1006.01"}
index.html:217 Received JSON:  {t: "24.43", p: "1004.57"}
index.html:191 MAX:
index.html:192 1007.0763431331427
index.html:217 Received JSON:  {t: "24.44", p: "1004.87"}
index.html:217 Received JSON:  {t: "24.45", p: "1004.89"}
index.html:217 Received JSON:  {t: "24.46", p: "1004.89"}
index.html:217 Received JSON:  {t: "24.47", p: "1004.62"}
index.html:217 Received JSON:  {t: "24.47", p: "1005.20"}
index.html:217 Received JSON:  {t: "24.49", p: "1004.37"}
index.html:217 Received JSON:  {t: "24.49", p: "1004.66"}
index.html:217 Received JSON:  {t: "24.49", p: "1004.09"}
index.html:217 Received JSON:  {t: "24.51", p: "1005.26"}
index.html:217 Received JSON:  {t: "24.52", p: "1004.98"}
index.html:217 Received JSON:  {t: "24.52", p: "1004.98"}
index.html:217 Received JSON:  {t: "24.52", p: "1004.13"}
index.html:217 Received JSON:  {t: "24.54", p: "1004.44"}
index.html:217 Received JSON:  {t: "24.55", p: "1004.74"}
index.html:217 Received JSON:  {t: "24.56", p: "1004.46"}
index.html:217 Received JSON:  {t: "24.56", p: "1004.47"}
index.html:217 Received JSON:  {t: "24.56", p: "1005.62"}
index.html:217 Received JSON:  {t: "24.58", p: "1006.79"}
index.html:217 Received JSON:  {t: "24.59", p: "1005.94"}
index.html:217 Received JSON:  {t: "24.59", p: "1007.09"}
index.html:217 Received JSON:  {t: "24.60", p: "1006.81"}
index.html:217 Received JSON:  {t: "24.61", p: "1007.11"}
index.html:217 Received JSON:  {t: "24.62", p: "1006.84"}
index.html:217 Received JSON:  {t: "24.62", p: "1006.84"}
index.html:217 Received JSON:  {t: "24.63", p: "1006.57"}
index.html:217 Received JSON:  {t: "24.64", p: "1006.58"}
index.html:217 Received JSON:  {t: "24.65", p: "1006.03"}
index.html:217 Received JSON:  {t: "24.66", p: "1006.32"}
index.html:217 Received JSON:  {t: "24.66", p: "1005.76"}
index.html:217 Received JSON:  {t: "24.67", p: "1006.62"}
index.html:217 Received JSON:  {t: "24.68", p: "1005.78"}
index.html:217 Received JSON:  {t: "24.69", p: "1005.79"}
index.html:217 Received JSON:  {t: "24.69", p: "1005.51"}
index.html:217 Received JSON:  {t: "24.69", p: "1005.80"}
index.html:217 Received JSON:  {t: "24.71", p: "1004.96"}
index.html:217 Received JSON:  {t: "24.72", p: "1004.12"}
index.html:191 MAX:
index.html:192 1007.0335677521314
index.html:217 Received JSON:  {t: "24.73", p: "1004.99"}
index.html:217 Received JSON:  {t: "24.73", p: "1004.14"}
index.html:217 Received JSON:  {t: "24.74", p: "1004.44"}
index.html:217 Received JSON:  {t: "24.75", p: "1004.16"}
index.html:217 Received JSON:  {t: "24.76", p: "1003.60"}
index.html:217 Received JSON:  {t: "24.77", p: "1003.89"}
index.html:217 Received JSON:  {t: "24.78", p: "1004.19"}
index.html:217 Received JSON:  {t: "24.78", p: "1004.21"}
index.html:217 Received JSON:  {t: "24.79", p: "1003.65"}
index.html:217 Received JSON:  {t: "24.79", p: "1003.65"}
index.html:217 Received JSON:  {t: "24.81", p: "1003.95"}
index.html:217 Received JSON:  {t: "24.81", p: "1003.96"}
index.html:217 Received JSON:  {t: "24.82", p: "1004.26"}
index.html:217 Received JSON:  {t: "25.96", p: "1.34"}
index.html:217 Received JSON:  {t: "25.96", p: "2.20"}
index.html:217 Received JSON:  {t: "25.97", p: "1.93"}
index.html:191 MAX:
index.html:192 1005.176314387447
index.html:217 Received JSON:  {t: "25.98", p: "2.23"}
index.html:217 Received JSON:  {t: "25.99", p: "2.24"}
index.html:217 Received JSON:  {t: "25.99", p: "2.25"}
index.html:217 Received JSON:  {t: "26.00", p: "2.55"}
index.html:217 Received JSON:  {t: "26.00", p: "1.41"}
index.html:217 Received JSON:  {t: "26.02", p: "2.57"}
index.html:217 Received JSON:  {t: "26.02", p: "1.71"}
index.html:217 Received JSON:  {t: "26.04", p: "2.02"}
index.html:217 Received JSON:  {t: "26.04", p: "2.04"}
index.html:217 Received JSON:  {t: "26.04", p: "2.32"}
index.html:217 Received JSON:  {t: "26.06", p: "0.91"}
index.html:217 Received JSON:  {t: "26.06", p: "1.77"}
index.html:217 Received JSON:  {t: "26.07", p: "2.07"}
index.html:217 Received JSON:  {t: "26.08", p: "1.22"}
index.html:217 Received JSON:  {t: "26.08", p: "0.65"}
index.html:217 Received JSON:  {t: "26.09", p: "0.67"}
index.html:217 Received JSON:  {t: "26.09", p: "0.96"}
index.html:217 Received JSON:  {t: "26.11", p: "0.69"}
index.html:217 Received JSON:  {t: "26.12", p: "1.27"}
index.html:217 Received JSON:  {t: "26.12", p: "-0.15"}
index.html:217 Received JSON:  {t: "26.12", p: "0.42"}
index.html:217 Received JSON:  {t: "26.13", p: "0.15"}
index.html:217 Received JSON:  {t: "26.14", p: "0.45"}
index.html:217 Received JSON:  {t: "26.15", p: "-0.10"}
index.html:217 Received JSON:  {t: "26.16", p: "-0.38"}
index.html:217 Received JSON:  {t: "26.17", p: "-0.07"}
index.html:217 Received JSON:  {t: "26.17", p: "-0.93"}
index.html:217 Received JSON:  {t: "26.18", p: "-0.92"}
index.html:217 Received JSON:  {t: "26.19", p: "-0.90"}
index.html:217 Received JSON:  {t: "26.19", p: "-0.91"}
index.html:217 Received JSON:  {t: "26.20", p: "-1.18"}
index.html:217 Received JSON:  {t: "26.21", p: "-0.88"}
index.html:217 Received JSON:  {t: "26.22", p: "-1.15"}
index.html:217 Received JSON:  {t: "26.22", p: "-1.73"}
index.html:217 Received JSON:  {t: "26.24", p: "-0.85"}
index.html:217 Received JSON:  {t: "26.24", p: "-0.55"}
index.html:217 Received JSON:  {t: "26.25", p: "-0.83"}
index.html:217 Received JSON:  {t: "26.26", p: "-0.81"}
index.html:217 Received JSON:  {t: "26.27", p: "0.05"}
index.html:217 Received JSON:  {t: "26.27", p: "-0.80"}
index.html:217 Received JSON:  {t: "26.29", p: "-0.20"}
index.html:217 Received JSON:  {t: "26.29", p: "-0.77"}
index.html:217 Received JSON:  {t: "26.29", p: "-0.77"}
index.html:217 Received JSON:  {t: "26.29", p: "-1.62"}
index.html:217 Received JSON:  {t: "26.30", p: "-0.75"}
index.html:217 Received JSON:  {t: "26.32", p: "-0.73"}
index.html:217 Received JSON:  {t: "26.33", p: "-0.43"}
index.html:217 Received JSON:  {t: "26.33", p: "-0.42"}
index.html:217 Received JSON:  {t: "26.34", p: "-0.41"}
index.html:217 Received JSON:  {t: "26.35", p: "-0.12"}
index.html:217 Received JSON:  {t: "26.35", p: "1.32"}
index.html:217 Received JSON:  {t: "26.37", p: "2.77"}
index.html:217 Received JSON:  {t: "26.37", p: "3.06"}
index.html:191 MAX:
index.html:192 -0.6914454914220354
index.html:217 Received JSON:  {t: "26.37", p: "3.07"}
index.html:217 Received JSON:  {t: "26.38", p: "3.37"}
index.html:217 Received JSON:  {t: "26.39", p: "3.09"}
index.html:217 Received JSON:  {t: "26.39", p: "2.24"}
index.html:217 Received JSON:  {t: "26.40", p: "2.53"}
index.html:217 Received JSON:  {t: "26.42", p: "1.98"}
index.html:217 Received JSON:  {t: "26.42", p: "1.99"}
index.html:217 Received JSON:  {t: "26.43", p: "2.00"}
index.html:217 Received JSON:  {t: "26.44", p: "2.01"}
index.html:217 Received JSON:  {t: "26.44", p: "2.01"}
index.html:217 Received JSON:  {t: "26.46", p: "2.32"}
index.html:217 Received JSON:  {t: "26.46", p: "2.32"}
index.html:217 Received JSON:  {t: "26.46", p: "2.33"}
index.html:217 Received JSON:  {t: "26.47", p: "1.20"}
index.html:217 Received JSON:  {t: "26.47", p: "1.77"}
index.html:217 Received JSON:  {t: "26.49", p: "1.22"}
index.html:191 MAX:
index.html:192 2.4784694884287837
index.html:217 Received JSON:  {t: "26.49", p: "1.80"}
index.html:217 Received JSON:  {t: "26.50", p: "2.39"}
index.html:217 Received JSON:  {t: "26.51", p: "1.53"}
index.html:217 Received JSON:  {t: "26.51", p: "2.12"}
index.html:217 Received JSON:  {t: "26.52", p: "2.12"}
index.html:217 Received JSON:  {t: "26.53", p: "1.57"}
index.html:217 Received JSON:  {t: "26.54", p: "1.58"}
index.html:217 Received JSON:  {t: "26.55", p: "1.59"}
index.html:217 Received JSON:  {t: "26.55", p: "1.02"}
index.html:217 Received JSON:  {t: "26.56", p: "0.46"}
index.html:217 Received JSON:  {t: "26.57", p: "-0.67"}
index.html:217 Received JSON:  {t: "26.58", p: "-0.08"}
index.html:217 Received JSON:  {t: "26.58", p: "-0.09"}
index.html:217 Received JSON:  {t: "26.59", p: "-0.35"}
index.html:217 Received JSON:  {t: "26.59", p: "-1.20"}
index.html:217 Received JSON:  {t: "26.61", p: "-1.19"}
index.html:217 Received JSON:  {t: "26.62", p: "-1.18"}
index.html:217 Received JSON:  {t: "26.62", p: "-0.89"}
index.html:217 Received JSON:  {t: "26.63", p: "-0.87"}
index.html:217 Received JSON:  {t: "26.64", p: "-1.43"}
index.html:217 Received JSON:  {t: "26.65", p: "-1.14"}
index.html:217 Received JSON:  {t: "26.66", p: "-0.55"}
index.html:217 Received JSON:  {t: "26.66", p: "-0.55"}
index.html:217 Received JSON:  {t: "26.67", p: "-0.25"}
index.html:217 Received JSON:  {t: "26.67", p: "-0.24"}
index.html:217 Received JSON:  {t: "26.68", p: "-0.51"}
index.html:217 Received JSON:  {t: "26.69", p: "-0.22"}
index.html:217 Received JSON:  {t: "26.70", p: "0.65"}
index.html:217 Received JSON:  {t: "26.71", p: "0.09"}
index.html:217 Received JSON:  {t: "26.71", p: "0.38"}
index.html:217 Received JSON:  {t: "26.72", p: "0.68"}
index.html:217 Received JSON:  {t: "26.73", p: "1.27"}
index.html:217 Received JSON:  {t: "26.74", p: "1.57"}
index.html:217 Received JSON:  {t: "26.74", p: "2.15"}
index.html:217 Received JSON:  {t: "26.75", p: "2.16"}
index.html:217 Received JSON:  {t: "26.76", p: "2.46"}
index.html:217 Received JSON:  {t: "26.77", p: "2.47"}
index.html:217 Received JSON:  {t: "26.77", p: "1.90"}
index.html:217 Received JSON:  {t: "26.79", p: "2.50"}
index.html:217 Received JSON:  {t: "26.79", p: "2.78"}
index.html:217 Received JSON:  {t: "26.79", p: "2.51"}
index.html:217 Received JSON:  {t: "26.80", p: "3.09"}
index.html:217 Received JSON:  {t: "26.81", p: "1.96"}
index.html:217 Received JSON:  {t: "26.82", p: "2.55"}
index.html:217 Received JSON:  {t: "26.83", p: "2.26"}
index.html:217 Received JSON:  {t: "26.83", p: "2.28"}
index.html:217 Received JSON:  {t: "26.84", p: "1.71"}
index.html:217 Received JSON:  {t: "26.85", p: "2.30"}
index.html:217 Received JSON:  {t: "26.85", p: "1.72"}
index.html:217 Received JSON:  {t: "26.87", p: "2.61"}
index.html:217 Received JSON:  {t: "26.87", p: "1.75"}
index.html:217 Received JSON:  {t: "26.88", p: "1.76"}
index.html:217 Received JSON:  {t: "26.88", p: "1.48"}
index.html:191 MAX:
index.html:192 2.422873345784896
index.html:217 Received JSON:  {t: "26.89", p: "1.50"}
index.html:217 Received JSON:  {t: "26.91", p: "0.94"}
index.html:217 Received JSON:  {t: "26.91", p: "0.94"}
index.html:217 Received JSON:  {t: "26.92", p: "0.38"}
index.html:217 Received JSON:  {t: "26.92", p: "0.39"}
index.html:217 Received JSON:  {t: "26.93", p: "0.68"}
index.html:217 Received JSON:  {t: "26.94", p: "0.12"}
index.html:217 Received JSON:  {t: "26.95", p: "0.42"}
index.html:217 Received JSON:  {t: "26.96", p: "-0.71"}
index.html:217 Received JSON:  {t: "26.96", p: "-0.12"}
index.html:217 Received JSON:  {t: "26.96", p: "-0.70"}
index.html:217 Received JSON:  {t: "26.98", p: "-0.39"}
index.html:217 Received JSON:  {t: "26.99", p: "-1.24"}
index.html:217 Received JSON:  {t: "26.99", p: "-0.95"}
index.html:217 Received JSON:  {t: "26.99", p: "-0.65"}
index.html:217 Received JSON:  {t: "27.01", p: "-1.20"}
index.html:217 Received JSON:  {t: "27.02", p: "-0.33"}
index.html:217 Received JSON:  {t: "27.02", p: "-0.62"}
index.html:217 Received JSON:  {t: "27.03", p: "-0.61"}
index.html:217 Received JSON:  {t: "27.04", p: "-0.30"}
index.html:217 Received JSON:  {t: "27.04", p: "-0.88"}
index.html:217 Received JSON:  {t: "27.05", p: "-1.73"}
index.html:217 Received JSON:  {t: "27.05", p: "-0.86"}
index.html:217 Received JSON:  {t: "27.06", p: "-1.13"}
index.html:217 Received JSON:  {t: "27.07", p: "-1.13"}
index.html:217 Received JSON:  {t: "27.08", p: "-1.11"}
index.html:217 Received JSON:  {t: "27.09", p: "-0.81"}
index.html:217 Received JSON:  {t: "27.09", p: "-0.23"}
index.html:217 Received JSON:  {t: "27.09", p: "0.05"}
index.html:217 Received JSON:  {t: "27.10", p: "1.21"}
index.html:217 Received JSON:  {t: "27.12", p: "2.38"}
index.html:217 Received JSON:  {t: "27.12", p: "2.96"}
index.html:217 Received JSON:  {t: "27.12", p: "2.39"}
index.html:217 Received JSON:  {t: "27.14", p: "3.28"}
index.html:217 Received JSON:  {t: "27.15", p: "3.29"}
index.html:217 Received JSON:  {t: "27.15", p: "3.01"}
index.html:217 Received JSON:  {t: "27.16", p: "2.72"}
index.html:217 Received JSON:  {t: "27.17", p: "3.02"}
index.html:217 Received JSON:  {t: "27.17", p: "2.75"}
index.html:217 Received JSON:  {t: "27.17", p: "3.04"}
index.html:217 Received JSON:  {t: "27.19", p: "2.77"}
index.html:217 Received JSON:  {t: "27.19", p: "2.49"}
index.html:217 Received JSON:  {t: "27.19", p: "2.77"}
index.html:217 Received JSON:  {t: "27.20", p: "2.50"}
index.html:217 Received JSON:  {t: "27.21", p: "2.81"}
index.html:217 Received JSON:  {t: "27.23", p: "2.25"}
index.html:217 Received JSON:  {t: "27.23", p: "2.25"}
index.html:217 Received JSON:  {t: "27.24", p: "2.56"}
index.html:217 Received JSON:  {t: "27.24", p: "2.27"}
index.html:217 Received JSON:  {t: "27.25", p: "2.29"}
index.html:191 MAX:
index.html:192 2.8604839952824634
index.html:217 Received JSON:  {t: "27.26", p: "2.01"}
index.html:217 Received JSON:  {t: "27.26", p: "2.01"}
index.html:217 Received JSON:  {t: "27.27", p: "2.02"}
index.html:217 Received JSON:  {t: "27.28", p: "1.46"}
index.html:217 Received JSON:  {t: "27.29", p: "1.47"}
index.html:217 Received JSON:  {t: "27.29", p: "0.91"}
index.html:217 Received JSON:  {t: "27.30", p: "-0.23"}
index.html:217 Received JSON:  {t: "27.30", p: "0.05"}
index.html:217 Received JSON:  {t: "27.31", p: "-0.21"}
index.html:217 Received JSON:  {t: "27.33", p: "-0.48"}
index.html:217 Received JSON:  {t: "27.33", p: "-0.19"}
index.html:217 Received JSON:  {t: "27.34", p: "-1.33"}
index.html:217 Received JSON:  {t: "27.35", p: "-0.45"}
index.html:217 Received JSON:  {t: "27.34", p: "-0.17"}
index.html:217 Received JSON:  {t: "27.36", p: "0.42"}
index.html:217 Received JSON:  {t: "27.37", p: "0.14"}
index.html:217 Received JSON:  {t: "27.37", p: "-0.13"}
index.html:217 Received JSON:  {t: "27.37", p: "0.15"}
index.html:217 Received JSON:  {t: "27.38", p: "0.17"}
index.html:217 Received JSON:  {t: "27.39", p: "-0.10"}
index.html:217 Received JSON:  {t: "27.39", p: "0.47"}
index.html:217 Received JSON:  {t: "27.41", p: "-0.08"}
index.html:217 Received JSON:  {t: "27.42", p: "-0.07"}
index.html:217 Received JSON:  {t: "27.42", p: "0.51"}
index.html:217 Received JSON:  {t: "27.42", p: "0.22"}
index.html:217 Received JSON:  {t: "27.43", p: "0.52"}
index.html:217 Received JSON:  {t: "27.44", p: "1.10"}
index.html:217 Received JSON:  {t: "27.45", p: "2.27"}
index.html:217 Received JSON:  {t: "27.46", p: "2.57"}
index.html:217 Received JSON:  {t: "27.46", p: "3.16"}
index.html:217 Received JSON:  {t: "27.47", p: "2.88"}
index.html:217 Received JSON:  {t: "27.48", p: "2.60"}
index.html:217 Received JSON:  {t: "27.48", p: "3.18"}
index.html:217 Received JSON:  {t: "27.49", p: "2.61"}
index.html:217 Received JSON:  {t: "27.50", p: "2.34"}
index.html:217 Received JSON:  {t: "27.50", p: "2.92"}
index.html:217 Received JSON:  {t: "27.52", p: "2.37"}
index.html:217 Received JSON:  {t: "27.52", p: "2.37"}
index.html:217 Received JSON:  {t: "27.52", p: "2.66"}
index.html:217 Received JSON:  {t: "27.53", p: "2.39"}
index.html:217 Received JSON:  {t: "27.54", p: "1.82"}
index.html:217 Received JSON:  {t: "27.54", p: "2.41"}
index.html:217 Received JSON:  {t: "27.56", p: "2.14"}
index.html:217 Received JSON:  {t: "27.57", p: "2.44"}
index.html:217 Received JSON:  {t: "27.57", p: "1.87"}
index.html:217 Received JSON:  {t: "27.58", p: "2.16"}
index.html:191 MAX:
index.html:192 2.630362208528889
index.html:217 Received JSON:  {t: "27.58", p: "1.88"}
index.html:217 Received JSON:  {t: "27.59", p: "1.61"}
index.html:217 Received JSON:  {t: "27.59", p: "1.04"}
index.html:217 Received JSON:  {t: "27.61", p: "0.48"}
index.html:217 Received JSON:  {t: "27.61", p: "1.05"}
index.html:217 Received JSON:  {t: "27.62", p: "0.78"}
index.html:217 Received JSON:  {t: "27.62", p: "0.79"}
index.html:217 Received JSON:  {t: "27.63", p: "0.22"}
index.html:217 Received JSON:  {t: "27.64", p: "-0.05"}
index.html:217 Received JSON:  {t: "27.64", p: "-0.62"}
index.html:217 Received JSON:  {t: "27.66", p: "-0.31"}
index.html:217 Received JSON:  {t: "27.65", p: "-0.60"}
index.html:217 Received JSON:  {t: "27.66", p: "-0.30"}
index.html:217 Received JSON:  {t: "27.67", p: "-0.29"}
index.html:217 Received JSON:  {t: "27.68", p: "0.29"}
index.html:217 Received JSON:  {t: "27.68", p: "0.29"}
index.html:217 Received JSON:  {t: "27.69", p: "-0.26"}
index.html:217 Received JSON:  {t: "27.69", p: "0.02"}
index.html:217 Received JSON:  {t: "27.70", p: "-0.25"}
index.html:217 Received JSON:  {t: "27.72", p: "-0.22"}
index.html:217 Received JSON:  {t: "27.71", p: "0.05"}
index.html:217 Received JSON:  {t: "27.72", p: "-0.22"}
index.html:217 Received JSON:  {t: "27.73", p: "0.07"}
index.html:217 Received JSON:  {t: "27.74", p: "1.23"}
index.html:217 Received JSON:  {t: "27.75", p: "1.82"}
index.html:217 Received JSON:  {t: "27.75", p: "1.83"}
index.html:217 Received JSON:  {t: "27.76", p: "1.55"}
index.html:217 Received JSON:  {t: "27.76", p: "2.14"}
index.html:217 Received JSON:  {t: "27.77", p: "2.44"}
index.html:217 Received JSON:  {t: "27.78", p: "2.74"}
index.html:217 Received JSON:  {t: "27.79", p: "2.75"}
index.html:217 Received JSON:  {t: "27.79", p: "2.47"}
index.html:217 Received JSON:  {t: "27.80", p: "2.48"}
index.html:217 Received JSON:  {t: "27.81", p: "2.49"}
index.html:217 Received JSON:  {t: "27.82", p: "2.79"}
index.html:217 Received JSON:  {t: "27.83", p: "2.80"}
index.html:217 Received JSON:  {t: "27.83", p: "2.52"}
index.html:217 Received JSON:  {t: "27.83", p: "2.52"}
index.html:217 Received JSON:  {t: "27.84", p: "2.54"}
index.html:217 Received JSON:  {t: "27.85", p: "2.25"}
index.html:217 Received JSON:  {t: "27.86", p: "2.56"}
index.html:217 Received JSON:  {t: "27.86", p: "2.27"}
index.html:217 Received JSON:  {t: "27.87", p: "2.28"}
index.html:217 Received JSON:  {t: "27.88", p: "2.01"}
index.html:217 Received JSON:  {t: "27.88", p: "2.59"}
index.html:217 Received JSON:  {t: "27.89", p: "2.02"}
index.html:217 Received JSON:  {t: "27.90", p: "2.04"}
index.html:191 MAX:
index.html:192 2.5660638274436276
index.html:217 Received JSON:  {t: "27.90", p: "1.75"}
index.html:217 Received JSON:  {t: "27.91", p: "2.06"}
index.html:217 Received JSON:  {t: "27.92", p: "1.49"}
index.html:217 Received JSON:  {t: "27.93", p: "2.08"}
index.html:217 Received JSON:  {t: "27.93", p: "0.64"}
index.html:217 Received JSON:  {t: "27.94", p: "1.52"}
index.html:217 Received JSON:  {t: "27.95", p: "0.38"}
index.html:217 Received JSON:  {t: "27.95", p: "0.10"}
index.html:217 Received JSON:  {t: "27.96", p: "-0.17"}
index.html:217 Received JSON:  {t: "27.97", p: "0.12"}
index.html:217 Received JSON:  {t: "27.97", p: "-0.16"}
index.html:217 Received JSON:  {t: "27.98", p: "0.13"}
index.html:217 Received JSON:  {t: "27.99", p: "-0.41"}
index.html:217 Received JSON:  {t: "27.99", p: "-0.41"}
index.html:217 Received JSON:  {t: "28.00", p: "0.17"}
index.html:217 Received JSON:  {t: "28.00", p: "0.45"}
index.html:217 Received JSON:  {t: "28.01", p: "-0.10"}
index.html:217 Received JSON:  {t: "28.02", p: "0.19"}
index.html:217 Received JSON:  {t: "28.03", p: "0.49"}
index.html:217 Received JSON:  {t: "28.03", p: "0.20"}
index.html:217 Received JSON:  {t: "28.04", p: "0.50"}
index.html:217 Received JSON:  {t: "28.05", p: "0.22"}
index.html:217 Received JSON:  {t: "28.05", p: "0.52"}
index.html:217 Received JSON:  {t: "28.06", p: "1.11"}
index.html:217 Received JSON:  {t: "28.07", p: "0.83"}
index.html:217 Received JSON:  {t: "28.08", p: "1.42"}
index.html:217 Received JSON:  {t: "28.08", p: "1.42"}
index.html:217 Received JSON:  {t: "28.08", p: "2.01"}
index.html:217 Received JSON:  {t: "28.09", p: "1.74"}
index.html:217 Received JSON:  {t: "28.10", p: "2.32"}
index.html:217 Received JSON:  {t: "28.11", p: "2.33"}
index.html:217 Received JSON:  {t: "28.12", p: "3.21"}
index.html:217 Received JSON:  {t: "28.12", p: "2.92"}
index.html:217 Received JSON:  {t: "28.13", p: "3.22"}
index.html:217 Received JSON:  {t: "28.13", p: "3.23"}
index.html:217 Received JSON:  {t: "28.15", p: "3.25"}
index.html:217 Received JSON:  {t: "28.15", p: "3.26"}
index.html:217 Received JSON:  {t: "28.16", p: "2.68"}
index.html:217 Received JSON:  {t: "28.16", p: "2.69"}
index.html:217 Received JSON:  {t: "28.16", p: "2.41"}
index.html:217 Received JSON:  {t: "28.18", p: "3.29"}
index.html:217 Received JSON:  {t: "28.17", p: "2.42"}
index.html:217 Received JSON:  {t: "28.19", p: "3.02"}
index.html:217 Received JSON:  {t: "28.19", p: "2.74"}
index.html:217 Received JSON:  {t: "28.19", p: "2.16"}
index.html:217 Received JSON:  {t: "28.20", p: "2.47"}
index.html:217 Received JSON:  {t: "28.21", p: "2.48"}
index.html:217 Received JSON:  {t: "28.23", p: "1.92"}
index.html:217 Received JSON:  {t: "28.23", p: "2.50"}
index.html:191 MAX:
index.html:192 2.9452960344994237
index.html:217 Received JSON:  {t: "28.23", p: "1.64"}
index.html:217 Received JSON:  {t: "28.24", p: "1.64"}
index.html:217 Received JSON:  {t: "28.25", p: "1.37"}
index.html:217 Received JSON:  {t: "28.26", p: "1.10"}
index.html:217 Received JSON:  {t: "28.26", p: "0.52"}
index.html:217 Received JSON:  {t: "28.27", p: "-0.03"}
index.html:217 Received JSON:  {t: "28.27", p: "-0.32"}
index.html:217 Received JSON:  {t: "28.27", p: "0.82"}
index.html:217 Received JSON:  {t: "28.29", p: "-0.29"}
index.html:217 Received JSON:  {t: "28.29", p: "0.28"}
index.html:217 Received JSON:  {t: "28.29", p: "0.29"}
index.html:217 Received JSON:  {t: "28.30", p: "0.58"}
index.html:217 Received JSON:  {t: "28.31", p: "0.31"}
index.html:217 Received JSON:  {t: "28.32", p: "0.02"}
index.html:217 Received JSON:  {t: "28.32", p: "0.04"}
index.html:217 Received JSON:  {t: "28.33", p: "0.04"}
index.html:217 Received JSON:  {t: "28.33", p: "0.62"}
index.html:217 Received JSON:  {t: "28.34", p: "0.06"}
index.html:217 Received JSON:  {t: "28.35", p: "0.65"}
index.html:217 Received JSON:  {t: "28.36", p: "0.66"}
index.html:217 Received JSON:  {t: "28.36", p: "0.95"}
index.html:217 Received JSON:  {t: "28.37", p: "0.96"}
index.html:217 Received JSON:  {t: "28.38", p: "0.69"}
index.html:217 Received JSON:  {t: "28.38", p: "0.98"}
index.html:217 Received JSON:  {t: "28.39", p: "1.57"}
index.html:217 Received JSON:  {t: "28.40", p: "1.30"}
index.html:217 Received JSON:  {t: "28.39", p: "2.16"}
index.html:217 Received JSON:  {t: "28.41", p: "2.18"}
index.html:217 Received JSON:  {t: "28.41", p: "3.05"}
index.html:217 Received JSON:  {t: "28.42", p: "3.34"}
index.html:217 Received JSON:  {t: "28.42", p: "2.77"}
index.html:217 Received JSON:  {t: "28.43", p: "3.65"}
index.html:217 Received JSON:  {t: "28.44", p: "3.66"}
index.html:217 Received JSON:  {t: "28.45", p: "3.09"}
index.html:217 Received JSON:  {t: "28.45", p: "3.10"}
index.html:217 Received JSON:  {t: "28.46", p: "3.40"}
index.html:217 Received JSON:  {t: "28.46", p: "3.40"}
index.html:217 Received JSON:  {t: "28.47", p: "3.12"}
index.html:217 Received JSON:  {t: "28.48", p: "2.85"}
index.html:217 Received JSON:  {t: "28.48", p: "3.14"}
index.html:217 Received JSON:  {t: "28.49", p: "2.87"}
index.html:217 Received JSON:  {t: "28.49", p: "2.87"}
index.html:217 Received JSON:  {t: "28.50", p: "2.59"}
index.html:217 Received JSON:  {t: "28.51", p: "2.32"}
index.html:217 Received JSON:  {t: "28.51", p: "2.90"}
index.html:217 Received JSON:  {t: "28.52", p: "2.62"}
index.html:217 Received JSON:  {t: "28.53", p: "2.63"}
index.html:191 MAX:
index.html:192 3.2055013281502336
index.html:217 Received JSON:  {t: "28.54", p: "3.22"}
index.html:217 Received JSON:  {t: "28.54", p: "2.07"}
index.html:217 Received JSON:  {t: "28.54", p: "2.07"}
index.html:217 Received JSON:  {t: "28.55", p: "2.66"}
index.html:217 Received JSON:  {t: "28.56", p: "2.10"}
index.html:217 Received JSON:  {t: "28.57", p: "1.82"}
index.html:217 Received JSON:  {t: "28.57", p: "1.25"}
index.html:217 Received JSON:  {t: "28.58", p: "1.84"}
index.html:217 Received JSON:  {t: "28.58", p: "1.26"}
index.html:217 Received JSON:  {t: "28.59", p: "0.12"}
index.html:217 Received JSON:  {t: "28.59", p: "-0.16"}
index.html:217 Received JSON:  {t: "28.60", p: "0.13"}
index.html:217 Received JSON:  {t: "28.61", p: "-0.43"}
index.html:217 Received JSON:  {t: "28.62", p: "-0.70"}
index.html:217 Received JSON:  {t: "28.62", p: "-0.40"}
index.html:217 Received JSON:  {t: "28.63", p: "-0.68"}
index.html:217 Received JSON:  {t: "28.63", p: "-0.10"}
index.html:217 Received JSON:  {t: "28.64", p: "0.76"}
index.html:217 Received JSON:  {t: "28.65", p: "0.20"}
index.html:217 Received JSON:  {t: "28.65", p: "-0.66"}
index.html:217 Received JSON:  {t: "28.66", p: "-0.07"}
index.html:217 Received JSON:  {t: "28.66", p: "0.22"}
index.html:217 Received JSON:  {t: "28.67", p: "-0.34"}
index.html:217 Received JSON:  {t: "28.67", p: "-0.34"}
index.html:217 Received JSON:  {t: "28.68", p: "-0.03"}
index.html:217 Received JSON:  {t: "28.69", p: "0.55"}
index.html:217 Received JSON:  {t: "28.69", p: "1.12"}
index.html:217 Received JSON:  {t: "28.69", p: "0.55"}
index.html:217 Received JSON:  {t: "28.71", p: "0.57"}
index.html:217 Received JSON:  {t: "28.71", p: "0.87"}
index.html:217 Received JSON:  {t: "28.72", p: "1.17"}
index.html:217 Received JSON:  {t: "28.72", p: "2.90"}
index.html:217 Received JSON:  {t: "28.74", p: "2.92"}
index.html:217 Received JSON:  {t: "28.74", p: "3.50"}
index.html:217 Received JSON:  {t: "28.74", p: "4.09"}
index.html:217 Received JSON:  {t: "28.74", p: "4.09"}
index.html:217 Received JSON:  {t: "28.75", p: "4.10"}
index.html:217 Received JSON:  {t: "28.76", p: "3.52"}
index.html:217 Received JSON:  {t: "28.77", p: "3.83"}
index.html:217 Received JSON:  {t: "28.77", p: "3.26"}
index.html:217 Received JSON:  {t: "28.78", p: "3.27"}
index.html:217 Received JSON:  {t: "28.79", p: "3.28"}
index.html:217 Received JSON:  {t: "28.79", p: "3.58"}
index.html:217 Received JSON:  {t: "28.79", p: "3.29"}
index.html:217 Received JSON:  {t: "28.80", p: "3.30"}
index.html:217 Received JSON:  {t: "28.81", p: "3.31"}
index.html:217 Received JSON:  {t: "28.82", p: "3.32"}
index.html:217 Received JSON:  {t: "28.82", p: "3.04"}
index.html:217 Received JSON:  {t: "28.82", p: "2.47"}
index.html:217 Received JSON:  {t: "28.83", p: "2.47"}
index.html:217 Received JSON:  {t: "28.83", p: "2.48"}
index.html:191 MAX:
index.html:192 3.569554412012886
index.html:217 Received JSON:  {t: "28.84", p: "2.20"}
index.html:217 Received JSON:  {t: "28.85", p: "2.50"}
index.html:217 Received JSON:  {t: "28.86", p: "2.51"}
index.html:217 Received JSON:  {t: "28.86", p: "1.94"}
index.html:217 Received JSON:  {t: "28.86", p: "1.37"}
​ Received JSON:  {t: "28.87", p: "1.09"}
​ Received JSON:  {t: "28.88", p: "0.24"}
​ Received JSON:  {t: "28.88", p: "-0.05"}
​ Received JSON:  {t: "28.89", p: "0.24"}
​ Received JSON:  {t: "28.89", p: "0.55"}
​ Received JSON:  {t: "28.90", p: "0.26"}
​ Received JSON:  {t: "28.91", p: "0.27"}
​ Received JSON:  {t: "28.91", p: "-0.00"}
​ Received JSON:  {t: "28.92", p: "0.00"}
​ Received JSON:  {t: "28.92", p: "0.58"}
​ Received JSON:  {t: "28.93", p: "0.59"}
​ Received JSON:  {t: "28.94", p: "0.61"}
​ Received JSON:  {t: "28.94", p: "0.32"}
​ Received JSON:  {t: "28.94", p: "0.61"}
​ Received JSON:  {t: "28.95", p: "0.62"}
​ Received JSON:  {t: "28.96", p: "1.21"}
​ Received JSON:  {t: "28.97", p: "0.07"}
​ Received JSON:  {t: "28.97", p: "1.51"}
​ Received JSON:  {t: "28.98", p: "0.95"}
​ Received JSON:  {t: "28.98", p: "1.24"}
​ Received JSON:  {t: "28.98", p: "0.96"}
​ Received JSON:  {t: "28.99", p: "1.26"}
​ Received JSON:  {t: "29.00", p: "1.56"}
​ Received JSON:  {t: "28.99", p: "2.42"}
​ Received JSON:  {t: "29.01", p: "2.44"}
​ Received JSON:  {t: "29.01", p: "3.02"}
​ Received JSON:  {t: "29.02", p: "2.74"}
​ Received JSON:  {t: "29.02", p: "4.19"}
​ Received JSON:  {t: "29.03", p: "4.49"}
​ Received JSON:  {t: "29.04", p: "4.21"}
​ Received JSON:  {t: "29.04", p: "3.93"}
​ Received JSON:  {t: "29.05", p: "4.23"}
​ Received JSON:  {t: "29.06", p: "3.66"}
​ Received JSON:  {t: "29.06", p: "3.95"}
​ Received JSON:  {t: "29.06", p: "3.96"}
​ Received JSON:  {t: "29.07", p: "2.82"}
​ Received JSON:  {t: "29.08", p: "3.11"}
​ Received JSON:  {t: "29.09", p: "2.55"}
​ Received JSON:  {t: "29.09", p: "2.84"}
​ Received JSON:  {t: "29.09", p: "3.41"}
​ Received JSON:  {t: "29.10", p: "3.14"}
​ Received JSON:  {t: "29.11", p: "2.87"}
​ Received JSON:  {t: "29.11", p: "2.58"}
​ Received JSON:  {t: "29.11", p: "2.30"}
​ MAX:
​ 3.7766098198043125
​ Received JSON:  {t: "29.13", p: "2.31"}
​ Received JSON:  {t: "29.13", p: "2.90"}
​ Received JSON:  {t: "29.14", p: "2.04"}
​ Received JSON:  {t: "29.14", p: "2.90"}
​ Received JSON:  {t: "29.15", p: "2.05"}
​ Received JSON:  {t: "29.15", p: "2.34"}
​ Received JSON:  {t: "29.16", p: "1.78"}
​ Received JSON:  {t: "29.16", p: "1.50"}
​ Received JSON:  {t: "29.17", p: "0.93"}
​ Received JSON:  {t: "29.18", p: "0.36"}
​ Received JSON:  {t: "29.18", p: "0.65"}
​ Received JSON:  {t: "29.18", p: "0.65"}
​ Received JSON:  {t: "29.19", p: "-0.19"}
​ Received JSON:  {t: "29.19", p: "0.39"}
​ Received JSON:  {t: "29.21", p: "0.11"}
​ Received JSON:  {t: "29.21", p: "0.40"}
​ Received JSON:  {t: "29.22", p: "-0.15"}
​ Received JSON:  {t: "29.22", p: "0.13"}
​ Received JSON:  {t: "29.23", p: "0.42"}
​ Received JSON:  {t: "29.23", p: "-0.42"}
​ Received JSON:  {t: "29.24", p: "-0.12"}
​ Received JSON:  {t: "29.24", p: "0.16"}
​ Received JSON:  {t: "29.24", p: "0.45"}
​ Received JSON:  {t: "29.26", p: "1.05"}
​ Received JSON:  {t: "29.26", p: "1.34"}
​ Received JSON:  {t: "29.26", p: "0.19"}
​ Received JSON:  {t: "29.27", p: "-0.07"}
​ Received JSON:  {t: "29.27", p: "1.07"}
​ Received JSON:  {t: "29.28", p: "1.08"}
​ Received JSON:  {t: "29.29", p: "2.26"}
​ Received JSON:  {t: "29.29", p: "2.25"}
​ Received JSON:  {t: "29.29", p: "2.26"}
​ Received JSON:  {t: "29.29", p: "2.84"}
index.html:217 Received JSON:  {t: "29.31", p: "3.14"}
index.html:217 Received JSON:  {t: "29.31", p: "3.43"}
index.html:217 Received JSON:  {t: "29.32", p: "4.03"}
index.html:217 Received JSON:  {t: "29.32", p: "3.16"}
index.html:217 Received JSON:  {t: "29.33", p: "3.17"}
index.html:217 Received JSON:  {t: "29.34", p: "3.77"}
index.html:217 Received JSON:  {t: "29.34", p: "3.19"}
index.html:217 Received JSON:  {t: "29.35", p: "3.20"}
index.html:217 Received JSON:  {t: "29.35", p: "3.21"}
index.html:217 Received JSON:  {t: "29.36", p: "3.22"}
index.html:217 Received JSON:  {t: "29.36", p: "2.92"}
index.html:217 Received JSON:  {t: "29.37", p: "2.65"}
index.html:217 Received JSON:  {t: "29.37", p: "2.95"}
index.html:217 Received JSON:  {t: "29.38", p: "3.53"}
index.html:217 Received JSON:  {t: "29.39", p: "3.25"}
index.html:217 Received JSON:  {t: "29.39", p: "2.97"}
index.html:217 Received JSON:  {t: "29.39", p: "2.69"}
index.html:217 Received JSON:  {t: "29.39", p: "2.98"}
index.html:191 MAX:
index.html:192 3.2859257222969305
index.html:198 Respiratory rate:
index.html:199 16
index.html:217 Received JSON:  {t: "29.41", p: "3.29"}
index.html:217 Received JSON:  {t: "29.40", p: "2.12"}
index.html:217 Received JSON:  {t: "29.41", p: "3.29"}
index.html:217 Received JSON:  {t: "29.42", p: "2.43"}
index.html:217 Received JSON:  {t: "29.43", p: "2.73"}
index.html:217 Received JSON:  {t: "29.43", p: "2.74"}
index.html:217 Received JSON:  {t: "29.43", p: "1.88"}
index.html:217 Received JSON:  {t: "29.44", p: "1.88"}
index.html:217 Received JSON:  {t: "29.45", p: "2.19"}
index.html:217 Received JSON:  {t: "29.44", p: "1.02"}
index.html:217 Received JSON:  {t: "29.46", p: "1.62"}
index.html:217 Received JSON:  {t: "29.47", p: "1.05"}
index.html:217 Received JSON:  {t: "29.47", p: "1.06"}
index.html:217 Received JSON:  {t: "29.47", p: "1.36"}
index.html:217 Received JSON:  {t: "29.47", p: "0.78"}
index.html:217 Received JSON:  {t: "29.48", p: "1.08"}
index.html:217 Received JSON:  {t: "29.49", p: "1.08"}
index.html:217 Received JSON:  {t: "29.50", p: "1.10"}
index.html:217 Received JSON:  {t: "29.49", p: "1.09"}
index.html:217 Received JSON:  {t: "29.50", p: "1.39"}
index.html:217 Received JSON:  {t: "29.51", p: "1.40"}
index.html:217 Received JSON:  {t: "29.51", p: "1.12"}
index.html:217 Received JSON:  {t: "29.52", p: "1.42"}
index.html:217 Received JSON:  {t: "29.53", p: "1.14"}
index.html:217 Received JSON:  {t: "29.53", p: "1.44"}
index.html:217 Received JSON:  {t: "29.53", p: "1.44"}
index.html:217 Received JSON:  {t: "29.54", p: "1.45"}
index.html:217 Received JSON:  {t: "29.54", p: "1.16"}
index.html:217 Received JSON:  {t: "29.55", p: "1.46"}
index.html:217 Received JSON:  {t: "29.55", p: "1.18"}
index.html:217 Received JSON:  {t: "29.56", p: "1.18"}
index.html:217 Received JSON:  {t: "29.57", p: "1.78"}
index.html:217 Received JSON:  {t: "29.57", p: "1.78"}
index.html:217 Received JSON:  {t: "29.58", p: "2.08"}
index.html:217 Received JSON:  {t: "29.58", p: "2.08"}
index.html:217 Received JSON:  {t: "29.59", p: "2.96"}
index.html:217 Received JSON:  {t: "29.59", p: "4.12"}
index.html:217 Received JSON:  {t: "29.60", p: "3.84"}
index.html:217 Received JSON:  {t: "29.60", p: "3.56"}
index.html:217 Received JSON:  {t: "29.61", p: "3.57"}
index.html:217 Received JSON:  {t: "29.61", p: "3.86"}
index.html:217 Received JSON:  {t: "29.62", p: "3.88"}
index.html:217 Received JSON:  {t: "29.62", p: "3.88"}
index.html:217 Received JSON:  {t: "29.63", p: "3.89"}
index.html:217 Received JSON:  {t: "29.63", p: "3.89"}
index.html:217 Received JSON:  {t: "29.64", p: "3.03"}
index.html:217 Received JSON:  {t: "29.65", p: "3.91"}
index.html:217 Received JSON:  {t: "29.65", p: "3.05"}
index.html:217 Received JSON:  {t: "29.65", p: "3.34"}
index.html:217 Received JSON:  {t: "29.66", p: "3.64"}
index.html:217 Received JSON:  {t: "29.66", p: "3.35"}
index.html:217 Received JSON:  {t: "29.67", p: "3.08"}
index.html:217 Received JSON:  {t: "29.68", p: "3.37"}
index.html:217 Received JSON:  {t: "29.68", p: "2.80"}
index.html:217 Received JSON:  {t: "29.68", p: "3.10"}
index.html:174 MAX:
index.html:175 3.69460194975082
index.html:217 Received JSON:  {t: "29.69", p: "2.81"}
index.html:217 Received JSON:  {t: "29.69", p: "3.11"}
index.html:217 Received JSON:  {t: "29.70", p: "3.41"}
index.html:217 Received JSON:  {t: "29.70", p: "3.12"}
index.html:217 Received JSON:  {t: "29.71", p: "2.26"}
index.html:217 Received JSON:  {t: "29.72", p: "3.43"}
​ Received JSON:  {t: "29.72", p: "2.57"}
​ Received JSON:  {t: "29.73", p: "2.00"}
​ Received JSON:  {t: "29.73", p: "1.14"}
​ Received JSON:  {t: "29.74", p: "0.86"}
​ Received JSON:  {t: "29.74", p: "0.57"}
​ Received JSON:  {t: "29.75", p: "-0.27"}
​ Received JSON:  {t: "29.75", p: "0.30"}
​ Received JSON:  {t: "29.76", p: "0.89"}
​ Received JSON:  {t: "29.76", p: "-0.54"}
​ Received JSON:  {t: "29.77", p: "-0.54"}
​ Received JSON:  {t: "29.77", p: "-0.24"}
​ Received JSON:  {t: "29.78", p: "-0.53"}
​ Received JSON:  {t: "29.78", p: "-1.10"}
​ Received JSON:  {t: "29.78", p: "-1.39"}
​ Received JSON:  {t: "29.79", p: "-0.79"}
​ Received JSON:  {t: "29.79", p: "0.07"}
​ Received JSON:  {t: "29.80", p: "-1.07"}
​ Received JSON:  {t: "29.80", p: "-0.20"}
​ Received JSON:  {t: "29.81", p: "-0.48"}
​ Received JSON:  {t: "29.82", p: "-0.47"}
​ Received JSON:  {t: "29.82", p: "-1.33"}
​ Received JSON:  {t: "29.83", p: "-0.46"}
​ Received JSON:  {t: "29.84", p: "-0.16"}
​ Received JSON:  {t: "29.83", p: "-0.74"}
​ Received JSON:  {t: "29.84", p: "-0.43"}
​ Received JSON:  {t: "29.85", p: "-1.01"}
​ Received JSON:  {t: "29.85", p: "-1.00"}
​ Received JSON:  {t: "29.86", p: "-1.28"}
​ Received JSON:  {t: "29.86", p: "-1.28"}
​ Received JSON:  {t: "29.87", p: "-1.56"}
​ Received JSON:  {t: "29.87", p: "-2.13"}
​ Received JSON:  {t: "29.88", p: "-2.70"}
​ MAX:
​ -0.6155272737264761
​ Received JSON:  {t: "29.88", p: "-2.98"}
​ Received JSON:  {t: "29.88", p: "-1.82"}
​ Received JSON:  {t: "29.89", p: "-0.94"}
​ Received JSON:  {t: "29.89", p: "-0.37"}
​ Received JSON:  {t: "29.90", p: "0.22"}
​ Received JSON:  {t: "29.90", p: "0.51"}
​ Received JSON:  {t: "29.91", p: "-0.34"}
​ Received JSON:  {t: "29.92", p: "1.40"}
​ Received JSON:  {t: "29.92", p: "1.40"}
​ Received JSON:  {t: "29.92", p: "4.01"}
​ Received JSON:  {t: "29.94", p: "4.03"}
​ Received JSON:  {t: "29.93", p: "4.60"}
​ Received JSON:  {t: "29.94", p: "4.61"}
​ Received JSON:  {t: "29.95", p: "6.07"}
​ Received JSON:  {t: "29.96", p: "4.92"}
​ Received JSON:  {t: "29.96", p: "4.35"}
​ Received JSON:  {t: "29.96", p: "4.06"}
​ Received JSON:  {t: "29.96", p: "4.94"}
​ Received JSON:  {t: "29.97", p: "4.66"}
​ Received JSON:  {t: "29.97", p: "5.24"}
​ Received JSON:  {t: "29.98", p: "5.54"}
​ Received JSON:  {t: "29.99", p: "6.12"}
​ Received JSON:  {t: "30.01", p: "10619.92"}
​ Received JSON:  {t: "-531.03", p: "-20611.72"}
​ MAX:
​ 3.5479820361727343
​ Received JSON:  {t: "-531.03", p: "15393.83"}
​ Received JSON:  {t: "-531.03", p: "15393.83"}
​ MAX:
​ 19.76518198264259
​ Received JSON:  {t: "-531.03", p: "15393.83"}
​ Received JSON:  {t: "-531.03", p: "15393.83"}
​ Received JSON:  {t: "30.03", p: "5.03"}
​ Received JSON:  {t: "-531.03", p: "15393.83"}
​ Received JSON:  {t: "-531.03", p: "15393.83"}
​ Received JSON:  {t: "30.04", p: "10622.71"}
​ Received JSON:  {t: "-531.03", p: "15393.83"}
​ Received JSON:  {t: "-531.03", p: "-20615.39"}
​ Received JSON:  {t: "-531.03", p: "-20619.58"}
​ Received JSON:  {t: "-531.03", p: "15393.83"}
​ Received JSON:  {t: "30.10", p: "-9273.25"}
​ Received JSON:  {t: "-531.03", p: "-1395.51"}
​ Received JSON:  {t: "-531.03", p: "15393.83"}
​ Received JSON:  {t: "-531.03", p: "15393.83"}
​ Received JSON:  {t: "-531.03", p: "15393.83"}
​ MAX:
​ 8823.667901494513
​ Received JSON:  {t: "-202.31", p: "-2044.68"}
​ Received JSON:  {t: "-531.03", p: "-20623.25"}
​ Received JSON:  {t: "-531.03", p: "15393.83"}
​ Received JSON:  {t: "-531.03", p: "15393.83"}
​ Received JSON:  {t: "-531.03", p: "15393.83"}
​ Received JSON:  {t: "-531.03", p: "-20624.82"}
​ Received JSON:  {t: "-531.03", p: "-20625.87"}
​ Received JSON:  {t: "-531.03", p: "-1391.32"}
​ Received JSON:  {t: "-531.03", p: "15393.83"}
​ Received JSON:  {t: "-531.03", p: "15393.83"}
​ Received JSON:  {t: "-531.03", p: "15393.83"}
​ Received JSON:  {t: "-531.03", p: "15393.83"}
​ Received JSON:  {t: "-531.03", p: "-20629.54"}
​ MAX:
​ 4071.7768057694466
​ Received JSON:  {t: "-531.03", p: "-1388.70"}
​ Received JSON:  {t: "30.20", p: "-9275.10"}
​ Received JSON:  {t: "-531.03", p: "-20632.68"}
​ Received JSON:  {t: "-531.03", p: "15393.83"}
​ Received JSON:  {t: "-531.03", p: "15393.83"}
​ Received JSON:  {t: "-202.45", p: "-2038.65"}
​ Received JSON:  {t: "-531.03", p: "-20633.73"}
​ Received JSON:  {t: "-531.03", p: "15393.83"}
​ Received JSON:  {t: "-531.03", p: "15393.83"}
​ MAX:
​ 2405.301168234404
​ Received JSON:  {t: "-531.03", p: "15393.83"}
​ Received JSON:  {t: "-531.03", p: "-20634.25"}
​ Received JSON:  {t: "-531.03", p: "15393.83"}
​ Received JSON:  {t: "-531.03", p: "-20634.25"}
​ Received JSON:  {t: "-531.03", p: "-20634.25"}
​ Received JSON:  {t: "-531.03", p: "15393.83"}
​ Received JSON:  {t: "-531.03", p: "-1391.32"}
​ Received JSON:  {t: "30.22", p: "10638.50"}
​ Received JSON:  {t: "-531.03", p: "-20636.88"}
​ Received JSON:  {t: "-531.03", p: "-1393.41"}
​ Received JSON:  {t: "-531.03", p: "15393.83"}
​ MAX:
​ 1589.6313917568004
​ Received JSON:  {t: "30.24", p: "2.71"}
​ Received JSON:  {t: "30.24", p: "3.29"}
​ Received JSON:  {t: "30.25", p: "2.73"}
​ Received JSON:  {t: "30.25", p: "2.15"}
​ Received JSON:  {t: "30.25", p: "1.00"}
​ Received JSON:  {t: "30.26", p: "1.59"}
​ Received JSON:  {t: "30.27", p: "1.89"}
index.html:217 Received JSON:  {t: "30.27", p: "3.05"}
index.html:217 Received JSON:  {t: "30.28", p: "3.92"}
index.html:217 Received JSON:  {t: "30.28", p: "5.09"}
index.html:217 Received JSON:  {t: "30.28", p: "4.80"}
index.html:217 Received JSON:  {t: "30.29", p: "5.68"}
index.html:217 Received JSON:  {t: "30.29", p: "4.53"}
index.html:217 Received JSON:  {t: "30.29", p: "4.82"}
index.html:217 Received JSON:  {t: "30.30", p: "4.26"}
index.html:191 MAX:
index.html:192 622.6611826561282
index.html:217 Received JSON:  {t: "30.31", p: "5.42"}
index.html:217 Received JSON:  {t: "30.31", p: "5.72"}
index.html:217 Received JSON:  {t: "30.31", p: "6.01"}
index.html:217 Received JSON:  {t: "30.32", p: "6.02"}
index.html:217 Received JSON:  {t: "30.33", p: "6.32"}
index.html:217 Received JSON:  {t: "30.33", p: "6.03"}
index.html:217 Received JSON:  {t: "30.34", p: "5.17"}
index.html:217 Received JSON:  {t: "30.34", p: "6.04"}
index.html:217 Received JSON:  {t: "30.35", p: "5.48"}
index.html:217 Received JSON:  {t: "30.35", p: "4.90"}
index.html:217 Received JSON:  {t: "30.35", p: "5.19"}
index.html:217 Received JSON:  {t: "30.36", p: "6.07"}
index.html:217 Received JSON:  {t: "30.36", p: "5.50"}
index.html:217 Received JSON:  {t: "30.37", p: "4.63"}
index.html:217 Received JSON:  {t: "30.37", p: "4.92"}
index.html:217 Received JSON:  {t: "30.37", p: "4.36"}
index.html:217 Received JSON:  {t: "30.38", p: "4.37"}
index.html:217 Received JSON:  {t: "30.38", p: "4.95"}
index.html:191 MAX:
index.html:192 5.687267644540496
index.html:217 Received JSON:  {t: "30.39", p: "4.95"}
index.html:217 Received JSON:  {t: "30.39", p: "3.51"}
index.html:217 Received JSON:  {t: "30.40", p: "3.81"}
index.html:217 Received JSON:  {t: "30.41", p: "2.37"}
index.html:217 Received JSON:  {t: "30.41", p: "1.21"}
index.html:217 Received JSON:  {t: "30.41", p: "0.35"}
index.html:217 Received JSON:  {t: "30.42", p: "-0.21"}
index.html:217 Received JSON:  {t: "30.42", p: "-0.20"}
index.html:217 Received JSON:  {t: "30.43", p: "-0.78"}
index.html:217 Received JSON:  {t: "30.42", p: "-0.49"}
index.html:217 Received JSON:  {t: "30.43", p: "-0.77"}
index.html:217 Received JSON:  {t: "30.44", p: "-0.47"}
index.html:217 Received JSON:  {t: "30.45", p: "0.11"}
index.html:217 Received JSON:  {t: "30.45", p: "-0.17"}
index.html:217 Received JSON:  {t: "30.45", p: "0.69"}
index.html:217 Received JSON:  {t: "30.46", p: "1.58"}
index.html:217 Received JSON:  {t: "30.46", p: "2.74"}
index.html:217 Received JSON:  {t: "30.47", p: "2.46"}
index.html:217 Received JSON:  {t: "30.47", p: "1.88"}
index.html:217 Received JSON:  {t: "30.47", p: "2.75"}
index.html:217 Received JSON:  {t: "30.48", p: "2.76"}
index.html:217 Received JSON:  {t: "30.49", p: "2.48"}
index.html:217 Received JSON:  {t: "30.49", p: "2.49"}
index.html:217 Received JSON:  {t: "30.49", p: "1.62"}
index.html:217 Received JSON:  {t: "30.49", p: "1.05"}
index.html:217 Received JSON:  {t: "30.50", p: "2.22"}
index.html:217 Received JSON:  {t: "30.50", p: "4.25"}
index.html:217 Received JSON:  {t: "30.51", p: "4.84"}
index.html:217 Received JSON:  {t: "30.51", p: "4.55"}
index.html:217 Received JSON:  {t: "30.52", p: "5.14"}
index.html:217 Received JSON:  {t: "30.52", p: "5.14"}
index.html:217 Received JSON:  {t: "30.53", p: "5.15"}
index.html:217 Received JSON:  {t: "30.53", p: "5.44"}
index.html:217 Received JSON:  {t: "30.53", p: "5.45"}
index.html:217 Received JSON:  {t: "30.54", p: "5.46"}
index.html:217 Received JSON:  {t: "30.54", p: "5.17"}
index.html:217 Received JSON:  {t: "30.55", p: "5.48"}
index.html:217 Received JSON:  {t: "30.55", p: "5.18"}
index.html:217 Received JSON:  {t: "30.56", p: "5.48"}
index.html:217 Received JSON:  {t: "30.56", p: "4.90"}
index.html:217 Received JSON:  {t: "30.57", p: "3.47"}
index.html:217 Received JSON:  {t: "30.57", p: "4.34"}
index.html:217 Received JSON:  {t: "30.58", p: "3.48"}
index.html:217 Received JSON:  {t: "30.57", p: "1.45"}
index.html:217 Received JSON:  {t: "30.58", p: "0.88"}
index.html:217 Received JSON:  {t: "30.59", p: "0.89"}
index.html:217 Received JSON:  {t: "30.59", p: "0.89"}
index.html:191 MAX:
index.html:192 5.2051163914358956
index.html:217 Received JSON:  {t: "30.59", p: "0.31"}
index.html:217 Received JSON:  {t: "30.60", p: "1.20"}
index.html:217 Received JSON:  {t: "30.60", p: "0.91"}
index.html:217 Received JSON:  {t: "30.61", p: "2.07"}
index.html:217 Received JSON:  {t: "30.61", p: "2.37"}
index.html:217 Received JSON:  {t: "30.61", p: "1.79"}
index.html:217 Received JSON:  {t: "30.62", p: "2.09"}
​ Received JSON:  {t: "30.63", p: "3.84"}
​ Received JSON:  {t: "30.63", p: "3.26"}
​ Received JSON:  {t: "30.64", p: "3.57"}
​ Received JSON:  {t: "30.64", p: "2.99"}
​ Received JSON:  {t: "30.64", p: "2.70"}
​ Received JSON:  {t: "30.65", p: "2.71"}
​ Received JSON:  {t: "30.65", p: "3.87"}
​ Received JSON:  {t: "30.66", p: "3.31"}
​ Received JSON:  {t: "30.66", p: "3.60"}
​ Received JSON:  {t: "30.66", p: "4.18"}
​ Received JSON:  {t: "30.67", p: "3.90"}
​ Received JSON:  {t: "30.67", p: "3.90"}
​ Received JSON:  {t: "30.67", p: "3.32"}
​ Received JSON:  {t: "30.68", p: "4.79"}
​ Received JSON:  {t: "30.68", p: "3.92"}
​ Received JSON:  {t: "30.69", p: "4.22"}
​ Received JSON:  {t: "30.69", p: "3.94"}
​ Received JSON:  {t: "30.70", p: "3.07"}
​ Received JSON:  {t: "30.70", p: "3.08"}
​ Received JSON:  {t: "30.70", p: "4.82"}
​ Received JSON:  {t: "30.72", p: "3.39"}
​ Received JSON:  {t: "30.72", p: "2.23"}
​ Received JSON:  {t: "30.72", p: "1.36"}
​ Received JSON:  {t: "30.72", p: "0.78"}
​ Received JSON:  {t: "30.73", p: "-0.07"}
​ Received JSON:  {t: "30.73", p: "-0.64"}
​ MAX:
​ 3.8779348199878845
​ Received JSON:  {t: "30.74", p: "0.23"}
​ Received JSON:  {t: "30.74", p: "0.24"}
​ Received JSON:  {t: "30.74", p: "-0.04"}
​ Received JSON:  {t: "30.75", p: "0.53"}
​ Received JSON:  {t: "30.75", p: "1.69"}
​ Received JSON:  {t: "30.76", p: "2.29"}
​ Received JSON:  {t: "30.76", p: "2.57"}
​ Received JSON:  {t: "30.77", p: "2.88"}
​ Received JSON:  {t: "30.77", p: "3.18"}
​ Received JSON:  {t: "30.77", p: "3.46"}
​ Received JSON:  {t: "30.77", p: "4.05"}
​ Received JSON:  {t: "30.78", p: "4.35"}
​ Received JSON:  {t: "30.79", p: "4.37"}
​ Received JSON:  {t: "30.79", p: "4.66"}
​ Received JSON:  {t: "30.79", p: "4.95"}
​ Received JSON:  {t: "30.80", p: "4.67"}
​ Received JSON:  {t: "30.79", p: "4.66"}
​ Received JSON:  {t: "30.81", p: "4.09"}
​ Received JSON:  {t: "30.81", p: "4.11"}
index.html:217 Received JSON:  {t: "30.82", p: "3.53"}
index.html:217 Received JSON:  {t: "30.82", p: "2.66"}
index.html:217 Received JSON:  {t: "30.83", p: "3.26"}
index.html:217 Received JSON:  {t: "30.83", p: "2.67"}
index.html:217 Received JSON:  {t: "30.83", p: "1.52"}
index.html:217 Received JSON:  {t: "30.84", p: "0.66"}
index.html:217 Received JSON:  {t: "30.84", p: "0.95"}
index.html:217 Received JSON:  {t: "30.85", p: "0.96"}
index.html:191 MAX:
index.html:192 4.257174212512743
index.html:217 Received JSON:  {t: "30.85", p: "2.13"}
index.html:217 Received JSON:  {t: "30.85", p: "4.16"}
index.html:217 Received JSON:  {t: "30.86", p: "3.02"}
index.html:217 Received JSON:  {t: "30.86", p: "2.72"}
index.html:217 Received JSON:  {t: "30.87", p: "3.60"}
index.html:217 Received JSON:  {t: "30.87", p: "4.76"}
index.html:217 Received JSON:  {t: "30.88", p: "4.20"}
index.html:217 Received JSON:  {t: "30.88", p: "5.06"}
index.html:217 Received JSON:  {t: "30.90", p: "10700.52"}
index.html:217 Received JSON:  {t: "-531.03", p: "15393.83"}
index.html:217 Received JSON:  {t: "-531.03", p: "15393.83"}
index.html:217 Received JSON:  {t: "-531.03", p: "15393.83"}
index.html:217 Received JSON:  {t: "30.92", p: "-9288.61"}
index.html:217 Received JSON:  {t: "-531.03", p: "15393.83"}
index.html:217 Received JSON:  {t: "-531.03", p: "-20718.12"}
index.html:217 Received JSON:  {t: "-531.03", p: "15393.83"}
index.html:217 Received JSON:  {t: "-531.03", p: "-20718.64"}
index.html:217 Received JSON:  {t: "-531.03", p: "15393.83"}
index.html:217 Received JSON:  {t: "30.93", p: "-9288.94"}
index.html:217 Received JSON:  {t: "-531.03", p: "15393.83"}
index.html:217 Received JSON:  {t: "-531.03", p: "-20729.13"}
index.html:217 Received JSON:  {t: "31.00", p: "4.66"}
index.html:217 Received JSON:  {t: "-531.03", p: "15393.83"}
index.html:191 MAX:
index.html:192 5734.133928471838
index.html:217 Received JSON:  {t: "-531.03", p: "15393.83"}
index.html:217 Received JSON:  {t: "-531.03", p: "15393.83"}
index.html:217 Received JSON:  {t: "-531.03", p: "15393.83"}
index.html:217 Received JSON:  {t: "-531.03", p: "15393.83"}
index.html:217 Received JSON:  {t: "31.02", p: "-9290.62"}
index.html:217 Received JSON:  {t: "-531.03", p: "-20730.18"}
index.html:217 Received JSON:  {t: "-531.03", p: "15393.83"}
index.html:217 Received JSON:  {t: "-531.03", p: "15393.83"}
index.html:217 Received JSON:  {t: "-531.03", p: "15393.83"}
index.html:217 Received JSON:  {t: "-531.03", p: "15393.83"}
index.html:217 Received JSON:  {t: "-531.03", p: "-20735.42"}
index.html:217 Received JSON:  {t: "-531.03", p: "15393.83"}
index.html:217 Received JSON:  {t: "-531.03", p: "15393.83"}
index.html:217 Received JSON:  {t: "-531.03", p: "15393.83"}
index.html:217 Received JSON:  {t: "-531.03", p: "-20739.61"}
index.html:217 Received JSON:  {t: "-531.03", p: "15393.83"}
index.html:191 MAX:
index.html:192 6924.140366079242
index.html:217 Received JSON:  {t: "-531.03", p: "15393.83"}
index.html:217 Received JSON:  {t: "-531.03", p: "15393.83"}
index.html:217 Received JSON:  {t: "-531.03", p: "-20742.23"}
index.html:217 Received JSON:  {t: "-531.03", p: "15393.83"}
index.html:217 Received JSON:  {t: "-531.03", p: "15393.83"}
index.html:217 Received JSON:  {t: "-531.03", p: "15393.83"}
index.html:217 Received JSON:  {t: "-531.03", p: "15393.83"}
index.html:217 Received JSON:  {t: "-531.03", p: "15393.83"}
index.html:217 Received JSON:  {t: "-531.03", p: "15393.83"}
index.html:191 MAX:
index.html:192 6695.88401048256
index.html:217 Received JSON:  {t: "-531.03", p: "15393.83"}
index.html:217 Received JSON:  {t: "-531.03", p: "15393.83"}
index.html:217 Received JSON:  {t: "-531.03", p: "15393.83"}
index.html:217 Received JSON:  {t: "-531.03", p: "15393.83"}
index.html:217 Received JSON:  {t: "-531.03", p: "15393.83"}
index.html:217 Received JSON:  {t: "-531.03", p: "15393.83"}
index.html:217 Received JSON:  {t: "-531.03", p: "15393.83"}
index.html:217 Received JSON:  {t: "-531.03", p: "15393.83"}
index.html:217 Received JSON:  {t: "-531.03", p: "15393.83"}
index.html:217 Received JSON:  {t: "-531.03", p: "15393.83"}
index.html:217 Received JSON:  {t: "-531.03", p: "15393.83"}
index.html:217 Received JSON:  {t: "-531.03", p: "15393.83"}
index.html:217 Received JSON:  {t: "-531.03", p: "-1385.55"}
index.html:217 Received JSON:  {t: "-531.03", p: "15393.83"}
index.html:217 Received JSON:  {t: "-531.03", p: "15393.83"}
index.html:217 Received JSON:  {t: "-531.03", p: "15393.83"}
index.html:191 MAX:
index.html:192 15368.399220188323
index.html:217 Received JSON:  {t: "-531.03", p: "15393.83"}
index.html:217 Received JSON:  {t: "-531.03", p: "15393.83"}
index.html:217 Received JSON:  {t: "-531.03", p: "15393.83"}
