index.html:314 The specified value "age here" cannot be parsed, or is out of range.
index.html:238 
puck.js:392 <BLE> Device Name:       MDBT42Q 4b36
puck.js:392 <BLE> Device ID:         3/qXJTtjP8dbTM6EvVeJCA==
puck.js:392 <BLE> Connected
index.html:217 Received JSON:  {t: "30.77", p: "-1.38"}
index.html:217 Received JSON:  {t: "30.77", p: "-1.65"}
index.html:217 Received JSON:  {t: "30.77", p: "-1.93"}
index.html:217 Received JSON:  {t: "30.77", p: "-2.47"}
index.html:217 Received JSON:  {t: "30.77", p: "-1.93"}
index.html:217 Received JSON:  {t: "30.77", p: "-1.65"}
index.html:217 Received JSON:  {t: "30.77", p: "-1.93"}
index.html:217 Received JSON:  {t: "30.77", p: "-1.38"}
index.html:217 Received JSON:  {t: "30.77", p: "-1.65"}
index.html:217 Received JSON:  {t: "30.77", p: "-2.20"}
puck.js:392 <BLE> ERROR: NotFoundError: User cancelled the requestDevice() chooser.
index.html:217 Received JSON:  {t: "30.77", p: "-1.38"}
index.html:217 Received JSON:  {t: "30.77", p: "-1.11"}
index.html:217 Received JSON:  {t: "30.77", p: "-1.10"}
index.html:217 Received JSON:  {t: "30.77", p: "-0.83"}
index.html:217 Received JSON:  {t: "30.77", p: "-0.83"}
index.html:217 Received JSON:  {t: "30.77", p: "-0.83"}
index.html:217 Received JSON:  {t: "30.77", p: "-0.83"}
index.html:217 Received JSON:  {t: "30.77", p: "-1.10"}
index.html:217 Received JSON:  {t: "30.78", p: "-0.28"}
index.html:217 Received JSON:  {t: "30.77", p: "-0.28"}
index.html:217 Received JSON:  {t: "30.78", p: "0.26"}
index.html:217 Received JSON:  {t: "30.77", p: "0.26"}
index.html:217 Received JSON:  {t: "30.78", p: "1.08"}
index.html:217 Received JSON:  {t: "30.78", p: "2.17"}
index.html:217 Received JSON:  {t: "30.78", p: "1.36"}
index.html:217 Received JSON:  {t: "30.78", p: "1.63"}
index.html:217 Received JSON:  {t: "30.78", p: "1.91"}
index.html:217 Received JSON:  {t: "30.78", p: "1.63"}
index.html:217 Received JSON:  {t: "30.79", p: "1.64"}
index.html:217 Received JSON:  {t: "30.79", p: "1.37"}
index.html:217 Received JSON:  {t: "30.78", p: "1.63"}
index.html:217 Received JSON:  {t: "30.78", p: "1.91"}
index.html:217 Received JSON:  {t: "30.79", p: "1.37"}
index.html:217 Received JSON:  {t: "30.79", p: "1.36"}
index.html:217 Received JSON:  {t: "30.79", p: "1.09"}
index.html:217 Received JSON:  {t: "30.79", p: "0.82"}
index.html:217 Received JSON:  {t: "30.79", p: "0.27"}
index.html:217 Received JSON:  {t: "30.79", p: "1.09"}
index.html:217 Received JSON:  {t: "30.79", p: "1.09"}
index.html:217 Received JSON:  {t: "30.79", p: "0.83"}
index.html:217 Received JSON:  {t: "30.79", p: "0.55"}
index.html:174 MAX:
index.html:175 1.5553821985909893
index.html:217 Received JSON:  {t: "30.79", p: "1.09"}
index.html:217 Received JSON:  {t: "30.80", p: "0.29"}
index.html:217 Received JSON:  {t: "30.79", p: "-0.26"}
index.html:217 Received JSON:  {t: "30.80", p: "0.29"}
index.html:217 Received JSON:  {t: "30.79", p: "0.01"}
index.html:217 Received JSON:  {t: "30.81", p: "0.29"}
index.html:217 Received JSON:  {t: "30.80", p: "0.01"}
index.html:217 Received JSON:  {t: "30.80", p: "-0.53"}
index.html:217 Received JSON:  {t: "30.81", p: "-1.35"}
index.html:217 Received JSON:  {t: "30.81", p: "-0.53"}
index.html:217 Received JSON:  {t: "30.81", p: "-1.34"}
index.html:217 Received JSON:  {t: "30.81", p: "-1.62"}
index.html:217 Received JSON:  {t: "30.81", p: "-1.62"}
index.html:217 Received JSON:  {t: "30.81", p: "-1.34"}
index.html:217 Received JSON:  {t: "30.81", p: "-1.61"}
index.html:217 Received JSON:  {t: "30.81", p: "-1.89"}
index.html:217 Received JSON:  {t: "30.81", p: "-1.89"}
index.html:217 Received JSON:  {t: "30.81", p: "-1.34"}
index.html:217 Received JSON:  {t: "30.82", p: "-1.34"}
index.html:217 Received JSON:  {t: "30.81", p: "-1.07"}
index.html:217 Received JSON:  {t: "30.82", p: "-0.79"}
index.html:217 Received JSON:  {t: "30.82", p: "-1.34"}
index.html:217 Received JSON:  {t: "30.83", p: "-1.05"}
index.html:217 Received JSON:  {t: "30.82", p: "-1.06"}
index.html:217 Received JSON:  {t: "30.82", p: "-0.51"}
index.html:217 Received JSON:  {t: "30.83", p: "-1.05"}
index.html:217 Received JSON:  {t: "30.83", p: "-0.51"}
index.html:217 Received JSON:  {t: "30.83", p: "-0.51"}
index.html:217 Received JSON:  {t: "30.83", p: "0.04"}
index.html:217 Received JSON:  {t: "30.83", p: "0.04"}
index.html:217 Received JSON:  {t: "30.83", p: "0.86"}
index.html:217 Received JSON:  {t: "30.84", p: "1.14"}
index.html:217 Received JSON:  {t: "30.84", p: "1.14"}
index.html:217 Received JSON:  {t: "30.85", p: "0.87"}
index.html:217 Received JSON:  {t: "30.85", p: "0.33"}
index.html:217 Received JSON:  {t: "30.85", p: "1.42"}
index.html:217 Received JSON:  {t: "30.85", p: "1.14"}
index.html:217 Received JSON:  {t: "30.85", p: "0.59"}
index.html:217 Received JSON:  {t: "30.85", p: "1.15"}
index.html:217 Received JSON:  {t: "30.85", p: "1.15"}
index.html:217 Received JSON:  {t: "30.85", p: "0.33"}
index.html:217 Received JSON:  {t: "30.85", p: "0.61"}
index.html:217 Received JSON:  {t: "30.85", p: "1.15"}
index.html:217 Received JSON:  {t: "30.86", p: "0.34"}
index.html:217 Received JSON:  {t: "30.86", p: "0.88"}
index.html:217 Received JSON:  {t: "30.86", p: "0.61"}
index.html:217 Received JSON:  {t: "30.87", p: "0.89"}
index.html:217 Received JSON:  {t: "30.86", p: "0.61"}
index.html:217 Received JSON:  {t: "30.87", p: "0.07"}
index.html:217 Received JSON:  {t: "30.87", p: "-0.20"}
index.html:191 MAX:
index.html:192 0.8921784029637055
index.html:217 Received JSON:  {t: "30.87", p: "-0.74"}
index.html:217 Received JSON:  {t: "30.87", p: "-1.29"}
index.html:217 Received JSON:  {t: "30.88", p: "-1.01"}
index.html:217 Received JSON:  {t: "30.88", p: "-1.55"}
index.html:217 Received JSON:  {t: "30.88", p: "-1.83"}
index.html:217 Received JSON:  {t: "30.89", p: "-2.09"}
index.html:217 Received JSON:  {t: "30.89", p: "-2.09"}
index.html:217 Received JSON:  {t: "30.89", p: "-2.64"}
index.html:217 Received JSON:  {t: "30.89", p: "-1.83"}
index.html:217 Received JSON:  {t: "30.89", p: "-2.36"}
index.html:217 Received JSON:  {t: "30.89", p: "-1.82"}
index.html:217 Received JSON:  {t: "30.89", p: "-1.27"}
index.html:217 Received JSON:  {t: "30.90", p: "-1.54"}
index.html:217 Received JSON:  {t: "30.90", p: "-1.53"}
index.html:217 Received JSON:  {t: "30.90", p: "-1.81"}
index.html:217 Received JSON:  {t: "30.90", p: "-1.53"}
index.html:217 Received JSON:  {t: "30.90", p: "-1.26"}
index.html:217 Received JSON:  {t: "30.91", p: "-1.53"}
index.html:217 Received JSON:  {t: "30.91", p: "-0.98"}
index.html:217 Received JSON:  {t: "30.91", p: "-0.43"}
index.html:217 Received JSON:  {t: "30.91", p: "-0.71"}
index.html:217 Received JSON:  {t: "30.92", p: "-0.97"}
index.html:217 Received JSON:  {t: "30.92", p: "-0.43"}
index.html:217 Received JSON:  {t: "30.92", p: "-0.97"}
index.html:217 Received JSON:  {t: "30.93", p: "-0.69"}
index.html:217 Received JSON:  {t: "30.93", p: "-0.69"}
index.html:217 Received JSON:  {t: "30.93", p: "-0.42"}
index.html:217 Received JSON:  {t: "30.93", p: "0.13"}
index.html:217 Received JSON:  {t: "30.93", p: "0.39"}
index.html:217 Received JSON:  {t: "30.94", p: "1.23"}
index.html:217 Received JSON:  {t: "30.93", p: "1.23"}
index.html:217 Received JSON:  {t: "30.94", p: "1.23"}
index.html:217 Received JSON:  {t: "30.93", p: "0.95"}
index.html:217 Received JSON:  {t: "30.94", p: "0.69"}
index.html:217 Received JSON:  {t: "30.94", p: "1.23"}
index.html:217 Received JSON:  {t: "30.95", p: "0.97"}
index.html:217 Received JSON:  {t: "30.95", p: "0.69"}
index.html:217 Received JSON:  {t: "30.95", p: "1.24"}
index.html:217 Received JSON:  {t: "30.95", p: "1.24"}
index.html:217 Received JSON:  {t: "30.95", p: "0.42"}
index.html:217 Received JSON:  {t: "30.96", p: "0.69"}
index.html:217 Received JSON:  {t: "30.97", p: "0.71"}
index.html:217 Received JSON:  {t: "30.97", p: "1.25"}
index.html:217 Received JSON:  {t: "30.97", p: "0.71"}
index.html:217 Received JSON:  {t: "30.97", p: "1.79"}
index.html:217 Received JSON:  {t: "30.97", p: "0.17"}
index.html:217 Received JSON:  {t: "30.97", p: "0.44"}
index.html:217 Received JSON:  {t: "30.98", p: "0.17"}
index.html:191 MAX:
index.html:192 0.960001569093272
index.html:217 Received JSON:  {t: "30.98", p: "-0.09"}
index.html:217 Received JSON:  {t: "30.98", p: "0.17"}
index.html:217 Received JSON:  {t: "30.99", p: "0.46"}
index.html:217 Received JSON:  {t: "30.98", p: "-0.09"}
index.html:217 Received JSON:  {t: "30.99", p: "-0.09"}
index.html:217 Received JSON:  {t: "30.99", p: "-0.09"}
index.html:217 Received JSON:  {t: "31.00", p: "-0.90"}
index.html:217 Received JSON:  {t: "30.99", p: "-1.45"}
index.html:217 Received JSON:  {t: "30.99", p: "-1.99"}
index.html:217 Received JSON:  {t: "31.01", p: "-1.71"}
index.html:217 Received JSON:  {t: "30.99", p: "-1.17"}
index.html:217 Received JSON:  {t: "31.01", p: "-0.89"}
index.html:217 Received JSON:  {t: "31.01", p: "-0.61"}
index.html:217 Received JSON:  {t: "31.01", p: "-1.43"}
index.html:217 Received JSON:  {t: "31.01", p: "-1.16"}
index.html:217 Received JSON:  {t: "31.02", p: "-0.88"}
index.html:217 Received JSON:  {t: "31.02", p: "-1.15"}
index.html:217 Received JSON:  {t: "31.03", p: "-1.42"}
index.html:217 Received JSON:  {t: "31.02", p: "-1.15"}
index.html:217 Received JSON:  {t: "31.03", p: "-0.60"}
index.html:217 Received JSON:  {t: "31.03", p: "-0.87"}
index.html:217 Received JSON:  {t: "31.03", p: "-0.87"}
index.html:217 Received JSON:  {t: "31.04", p: "-0.87"}
index.html:217 Received JSON:  {t: "31.04", p: "-0.32"}
index.html:217 Received JSON:  {t: "31.04", p: "-0.86"}
index.html:217 Received JSON:  {t: "31.04", p: "-1.13"}
index.html:217 Received JSON:  {t: "31.05", p: "-0.31"}
index.html:217 Received JSON:  {t: "31.05", p: "-0.58"}
index.html:217 Received JSON:  {t: "31.05", p: "-0.03"}
index.html:217 Received JSON:  {t: "31.05", p: "-0.30"}
index.html:217 Received JSON:  {t: "31.06", p: "-0.30"}
index.html:217 Received JSON:  {t: "31.06", p: "0.79"}
index.html:217 Received JSON:  {t: "31.06", p: "0.25"}
index.html:217 Received JSON:  {t: "31.07", p: "0.79"}
index.html:217 Received JSON:  {t: "31.07", p: "1.07"}
index.html:217 Received JSON:  {t: "31.07", p: "1.35"}
index.html:217 Received JSON:  {t: "31.08", p: "1.63"}
index.html:217 Received JSON:  {t: "31.08", p: "0.54"}
index.html:217 Received JSON:  {t: "31.08", p: "0.27"}
index.html:217 Received JSON:  {t: "31.09", p: "0.82"}
index.html:217 Received JSON:  {t: "31.09", p: "0.82"}
index.html:217 Received JSON:  {t: "31.09", p: "0.82"}
index.html:217 Received JSON:  {t: "31.09", p: "0.82"}
index.html:217 Received JSON:  {t: "31.10", p: "0.28"}
index.html:217 Received JSON:  {t: "31.09", p: "0.01"}
index.html:217 Received JSON:  {t: "31.10", p: "0.83"}
index.html:217 Received JSON:  {t: "31.11", p: "0.56"}
index.html:217 Received JSON:  {t: "31.11", p: "0.56"}
index.html:217 Received JSON:  {t: "31.12", p: "0.29"}
index.html:217 Received JSON:  {t: "31.11", p: "0.29"}
index.html:191 MAX:
index.html:192 0.8173930890954056
index.html:217 Received JSON:  {t: "31.12", p: "0.29"}
index.html:217 Received JSON:  {t: "31.13", p: "0.31"}
index.html:217 Received JSON:  {t: "31.13", p: "0.04"}
index.html:217 Received JSON:  {t: "31.13", p: "0.31"}
index.html:217 Received JSON:  {t: "31.13", p: "0.04"}
index.html:217 Received JSON:  {t: "31.13", p: "-0.23"}
index.html:217 Received JSON:  {t: "31.13", p: "0.04"}
index.html:217 Received JSON:  {t: "31.14", p: "-0.50"}
index.html:217 Received JSON:  {t: "31.14", p: "-0.23"}
index.html:217 Received JSON:  {t: "31.14", p: "-0.23"}
index.html:217 Received JSON:  {t: "31.14", p: "-0.23"}
index.html:217 Received JSON:  {t: "31.15", p: "-0.49"}
index.html:217 Received JSON:  {t: "31.15", p: "-1.03"}
index.html:217 Received JSON:  {t: "31.15", p: "-0.49"}
index.html:217 Received JSON:  {t: "31.16", p: "-1.57"}
index.html:217 Received JSON:  {t: "31.17", p: "-0.75"}
index.html:217 Received JSON:  {t: "31.17", p: "-1.29"}
index.html:217 Received JSON:  {t: "31.17", p: "-0.75"}
index.html:217 Received JSON:  {t: "31.17", p: "-0.47"}
index.html:217 Received JSON:  {t: "31.17", p: "-0.47"}
index.html:217 Received JSON:  {t: "31.17", p: "-0.47"}
index.html:217 Received JSON:  {t: "31.18", p: "-0.46"}
index.html:217 Received JSON:  {t: "31.18", p: "-1.55"}
index.html:217 Received JSON:  {t: "31.19", p: "-0.45"}
index.html:217 Received JSON:  {t: "31.19", p: "-1.27"}
index.html:217 Received JSON:  {t: "31.19", p: "-1.00"}
index.html:217 Received JSON:  {t: "31.19", p: "-1.00"}
index.html:217 Received JSON:  {t: "31.19", p: "-1.00"}
index.html:217 Received JSON:  {t: "31.20", p: "-0.72"}
index.html:217 Received JSON:  {t: "31.20", p: "-0.44"}
index.html:217 Received JSON:  {t: "31.21", p: "-0.98"}
index.html:217 Received JSON:  {t: "31.21", p: "-0.98"}
index.html:191 MAX:
index.html:192 -0.7814016418103471
index.html:217 Received JSON:  {t: "31.21", p: "-0.70"}
index.html:217 Received JSON:  {t: "31.21", p: "-0.70"}
index.html:217 Received JSON:  {t: "31.22", p: "-1.24"}
index.html:217 Received JSON:  {t: "31.22", p: "-1.25"}
index.html:217 Received JSON:  {t: "31.23", p: "-0.69"}
index.html:217 Received JSON:  {t: "31.24", p: "-0.68"}
index.html:217 Received JSON:  {t: "31.24", p: "-0.96"}
index.html:217 Received JSON:  {t: "31.24", p: "-0.41"}
index.html:217 Received JSON:  {t: "31.24", p: "-0.95"}
index.html:217 Received JSON:  {t: "31.25", p: "0.69"}
index.html:217 Received JSON:  {t: "31.25", p: "1.52"}
index.html:217 Received JSON:  {t: "31.25", p: "1.78"}
index.html:191 MAX:
index.html:192 -0.8656587837003894
index.html:217 Received JSON:  {t: "31.25", p: "1.79"}
index.html:217 Received JSON:  {t: "31.25", p: "1.52"}
index.html:217 Received JSON:  {t: "31.26", p: "1.25"}
index.html:217 Received JSON:  {t: "31.26", p: "1.79"}
index.html:217 Received JSON:  {t: "31.27", p: "1.26"}
index.html:217 Received JSON:  {t: "31.27", p: "1.26"}
index.html:217 Received JSON:  {t: "31.28", p: "0.99"}
index.html:217 Received JSON:  {t: "31.28", p: "0.99"}
index.html:217 Received JSON:  {t: "31.28", p: "0.72"}
index.html:217 Received JSON:  {t: "31.28", p: "0.45"}
index.html:217 Received JSON:  {t: "31.29", p: "0.99"}
index.html:217 Received JSON:  {t: "31.29", p: "0.74"}
index.html:217 Received JSON:  {t: "31.29", p: "0.99"}
index.html:217 Received JSON:  {t: "31.30", p: "0.47"}
index.html:217 Received JSON:  {t: "31.30", p: "0.74"}
index.html:217 Received JSON:  {t: "31.30", p: "0.74"}
index.html:191 MAX:
index.html:192 1.2932251013702258
index.html:217 Received JSON:  {t: "31.31", p: "0.75"}
index.html:217 Received JSON:  {t: "31.32", p: "0.21"}
index.html:217 Received JSON:  {t: "31.31", p: "-0.07"}
index.html:217 Received JSON:  {t: "31.32", p: "0.21"}
index.html:217 Received JSON:  {t: "31.32", p: "-0.06"}
index.html:217 Received JSON:  {t: "31.32", p: "-0.33"}
index.html:217 Received JSON:  {t: "31.33", p: "0.22"}
index.html:217 Received JSON:  {t: "31.33", p: "-0.05"}
index.html:217 Received JSON:  {t: "31.34", p: "-0.32"}
index.html:217 Received JSON:  {t: "31.33", p: "-0.05"}
index.html:217 Received JSON:  {t: "31.34", p: "-0.59"}
index.html:217 Received JSON:  {t: "31.34", p: "-0.59"}
index.html:217 Received JSON:  {t: "31.35", p: "-1.13"}
index.html:217 Received JSON:  {t: "31.34", p: "-1.95"}
index.html:217 Received JSON:  {t: "31.35", p: "-1.67"}
index.html:217 Received JSON:  {t: "31.36", p: "-0.85"}
index.html:217 Received JSON:  {t: "31.36", p: "-1.39"}
index.html:217 Received JSON:  {t: "31.37", p: "-1.39"}
index.html:217 Received JSON:  {t: "31.36", p: "-1.66"}
index.html:217 Received JSON:  {t: "31.37", p: "-1.93"}
index.html:217 Received JSON:  {t: "31.38", p: "-1.65"}
index.html:217 Received JSON:  {t: "31.38", p: "-1.10"}
index.html:217 Received JSON:  {t: "31.38", p: "-1.37"}
index.html:217 Received JSON:  {t: "31.39", p: "-1.37"}
index.html:217 Received JSON:  {t: "31.39", p: "-1.36"}
index.html:217 Received JSON:  {t: "31.39", p: "-0.81"}
index.html:217 Received JSON:  {t: "31.39", p: "-1.09"}
index.html:217 Received JSON:  {t: "31.39", p: "-0.27"}
index.html:217 Received JSON:  {t: "31.39", p: "-1.08"}
index.html:217 Received JSON:  {t: "31.41", p: "-1.35"}
index.html:217 Received JSON:  {t: "31.41", p: "-0.25"}
index.html:217 Received JSON:  {t: "31.41", p: "-0.80"}
index.html:217 Received JSON:  {t: "31.41", p: "-0.53"}
index.html:217 Received JSON:  {t: "31.41", p: "-0.25"}
index.html:217 Received JSON:  {t: "31.42", p: "0.29"}
index.html:217 Received JSON:  {t: "31.43", p: "0.04"}
index.html:217 Received JSON:  {t: "31.43", p: "0.86"}
index.html:217 Received JSON:  {t: "31.43", p: "1.13"}
index.html:217 Received JSON:  {t: "31.44", p: "1.14"}
index.html:217 Received JSON:  {t: "31.44", p: "0.87"}
index.html:217 Received JSON:  {t: "31.45", p: "0.87"}
index.html:217 Received JSON:  {t: "31.45", p: "1.69"}
index.html:217 Received JSON:  {t: "31.45", p: "1.15"}
index.html:217 Received JSON:  {t: "31.45", p: "0.88"}
index.html:217 Received JSON:  {t: "31.45", p: "1.69"}
index.html:217 Received JSON:  {t: "31.46", p: "1.16"}
index.html:217 Received JSON:  {t: "31.47", p: "0.89"}
index.html:217 Received JSON:  {t: "31.46", p: "1.16"}
index.html:217 Received JSON:  {t: "31.47", p: "1.17"}
index.html:217 Received JSON:  {t: "31.47", p: "1.17"}
index.html:217 Received JSON:  {t: "31.48", p: "1.17"}
index.html:217 Received JSON:  {t: "31.48", p: "0.89"}
index.html:217 Received JSON:  {t: "31.49", p: "1.73"}
index.html:217 Received JSON:  {t: "31.49", p: "1.19"}
index.html:217 Received JSON:  {t: "31.49", p: "0.91"}
index.html:217 Received JSON:  {t: "31.49", p: "0.64"}
index.html:217 Received JSON:  {t: "31.49", p: "1.19"}
index.html:217 Received JSON:  {t: "31.50", p: "1.19"}
index.html:191 MAX:
index.html:192 1.1747410432101717
index.html:217 Received JSON:  {t: "31.50", p: "0.65"}
index.html:217 Received JSON:  {t: "31.51", p: "0.39"}
index.html:217 Received JSON:  {t: "31.51", p: "0.93"}
index.html:217 Received JSON:  {t: "31.52", p: "0.12"}
index.html:217 Received JSON:  {t: "31.53", p: "0.13"}
index.html:217 Received JSON:  {t: "31.52", p: "0.12"}
index.html:217 Received JSON:  {t: "31.53", p: "0.13"}
index.html:217 Received JSON:  {t: "31.53", p: "-0.42"}
index.html:217 Received JSON:  {t: "31.53", p: "-1.24"}
index.html:217 Received JSON:  {t: "31.54", p: "-0.95"}
index.html:217 Received JSON:  {t: "31.54", p: "-2.32"}
index.html:217 Received JSON:  {t: "31.55", p: "-1.77"}
index.html:217 Received JSON:  {t: "31.54", p: "-1.50"}
index.html:217 Received JSON:  {t: "31.55", p: "-2.31"}
index.html:217 Received JSON:  {t: "31.55", p: "-1.49"}
index.html:217 Received JSON:  {t: "31.56", p: "-1.76"}
index.html:217 Received JSON:  {t: "31.56", p: "-1.48"}
index.html:217 Received JSON:  {t: "31.57", p: "-1.48"}
index.html:217 Received JSON:  {t: "31.57", p: "-0.93"}
index.html:217 Received JSON:  {t: "31.57", p: "-1.48"}
index.html:217 Received JSON:  {t: "31.58", p: "-0.92"}
index.html:217 Received JSON:  {t: "31.58", p: "-1.46"}
index.html:217 Received JSON:  {t: "31.58", p: "-1.46"}
index.html:217 Received JSON:  {t: "31.58", p: "-0.64"}
index.html:217 Received JSON:  {t: "31.59", p: "-0.91"}
index.html:217 Received JSON:  {t: "31.58", p: "-0.91"}
index.html:217 Received JSON:  {t: "31.59", p: "-0.91"}
index.html:217 Received JSON:  {t: "31.59", p: "-0.63"}
index.html:217 Received JSON:  {t: "31.60", p: "-0.08"}
index.html:217 Received JSON:  {t: "31.61", p: "-0.35"}
index.html:217 Received JSON:  {t: "31.61", p: "-0.07"}
index.html:217 Received JSON:  {t: "31.61", p: "-0.34"}
index.html:217 Received JSON:  {t: "31.61", p: "-0.07"}
index.html:217 Received JSON:  {t: "31.61", p: "0.48"}
index.html:217 Received JSON:  {t: "31.62", p: "0.76"}
index.html:217 Received JSON:  {t: "31.62", p: "1.31"}
index.html:217 Received JSON:  {t: "31.63", p: "1.31"}
index.html:217 Received JSON:  {t: "31.63", p: "1.04"}
index.html:217 Received JSON:  {t: "31.64", p: "1.59"}
index.html:217 Received JSON:  {t: "31.64", p: "1.05"}
index.html:217 Received JSON:  {t: "31.65", p: "1.06"}
index.html:217 Received JSON:  {t: "31.65", p: "1.06"}
index.html:217 Received JSON:  {t: "31.65", p: "0.79"}
index.html:217 Received JSON:  {t: "31.65", p: "0.52"}
index.html:217 Received JSON:  {t: "31.66", p: "1.07"}
index.html:217 Received JSON:  {t: "31.66", p: "1.07"}
index.html:217 Received JSON:  {t: "31.66", p: "0.53"}
index.html:217 Received JSON:  {t: "31.67", p: "1.07"}
index.html:217 Received JSON:  {t: "31.67", p: "-0.01"}
index.html:217 Received JSON:  {t: "31.68", p: "-0.00"}
index.html:217 Received JSON:  {t: "31.68", p: "0.54"}
index.html:217 Received JSON:  {t: "31.69", p: "-0.00"}
index.html:191 MAX:
index.html:192 1.034146161067251
index.html:217 Received JSON:  {t: "31.69", p: "-0.82"}
index.html:217 Received JSON:  {t: "31.69", p: "0.27"}
index.html:217 Received JSON:  {t: "31.69", p: "0.01"}
index.html:217 Received JSON:  {t: "31.69", p: "0.28"}
index.html:217 Received JSON:  {t: "31.69", p: "0.01"}
index.html:217 Received JSON:  {t: "31.70", p: "-0.26"}
index.html:217 Received JSON:  {t: "31.71", p: "0.02"}
index.html:217 Received JSON:  {t: "31.71", p: "-0.80"}
index.html:217 Received JSON:  {t: "31.71", p: "-1.34"}
index.html:217 Received JSON:  {t: "31.72", p: "-1.61"}
index.html:217 Received JSON:  {t: "31.72", p: "-1.61"}
index.html:217 Received JSON:  {t: "31.72", p: "-2.16"}
index.html:217 Received JSON:  {t: "31.73", p: "-1.60"}
index.html:217 Received JSON:  {t: "31.73", p: "-1.33"}
index.html:217 Received JSON:  {t: "31.73", p: "-1.87"}
index.html:217 Received JSON:  {t: "31.73", p: "-1.60"}
index.html:217 Received JSON:  {t: "31.74", p: "-1.04"}
index.html:217 Received JSON:  {t: "31.74", p: "-1.31"}
index.html:217 Received JSON:  {t: "31.75", p: "-1.04"}
index.html:217 Received JSON:  {t: "31.75", p: "-0.49"}
index.html:217 Received JSON:  {t: "31.76", p: "-1.57"}
index.html:217 Received JSON:  {t: "31.76", p: "-1.30"}
index.html:217 Received JSON:  {t: "31.76", p: "-1.30"}
index.html:217 Received JSON:  {t: "31.76", p: "-1.03"}
index.html:217 Received JSON:  {t: "31.77", p: "-1.02"}
index.html:217 Received JSON:  {t: "31.77", p: "-1.01"}
index.html:217 Received JSON:  {t: "31.78", p: "-0.74"}
index.html:217 Received JSON:  {t: "31.78", p: "-0.74"}
index.html:217 Received JSON:  {t: "31.78", p: "0.09"}
index.html:217 Received JSON:  {t: "31.79", p: "-0.18"}
index.html:217 Received JSON:  {t: "31.79", p: "0.09"}
index.html:217 Received JSON:  {t: "31.79", p: "-0.17"}
index.html:217 Received JSON:  {t: "31.79", p: "0.09"}
index.html:217 Received JSON:  {t: "31.79", p: "-0.17"}
index.html:217 Received JSON:  {t: "31.81", p: "0.66"}
index.html:217 Received JSON:  {t: "31.81", p: "1.19"}
index.html:217 Received JSON:  {t: "31.81", p: "1.48"}
index.html:217 Received JSON:  {t: "31.81", p: "1.48"}
index.html:217 Received JSON:  {t: "31.81", p: "1.48"}
index.html:217 Received JSON:  {t: "31.82", p: "1.49"}
index.html:217 Received JSON:  {t: "31.82", p: "0.95"}
index.html:217 Received JSON:  {t: "31.83", p: "1.49"}
index.html:217 Received JSON:  {t: "31.84", p: "1.23"}
index.html:217 Received JSON:  {t: "31.83", p: "0.95"}
index.html:217 Received JSON:  {t: "31.84", p: "0.69"}
index.html:217 Received JSON:  {t: "31.85", p: "0.97"}
index.html:217 Received JSON:  {t: "31.85", p: "0.97"}
index.html:217 Received JSON:  {t: "31.85", p: "1.25"}
index.html:217 Received JSON:  {t: "31.85", p: "0.69"}
index.html:217 Received JSON:  {t: "31.85", p: "0.69"}
index.html:217 Received JSON:  {t: "31.86", p: "0.97"}
index.html:217 Received JSON:  {t: "31.86", p: "0.97"}
index.html:217 Received JSON:  {t: "31.87", p: "0.17"}
index.html:191 MAX:
index.html:192 1.1973376748282831
index.html:217 Received JSON:  {t: "31.87", p: "-0.10"}
index.html:217 Received JSON:  {t: "31.88", p: "0.45"}
index.html:217 Received JSON:  {t: "31.88", p: "0.45"}
index.html:217 Received JSON:  {t: "31.88", p: "0.17"}
index.html:217 Received JSON:  {t: "31.89", p: "0.18"}
index.html:217 Received JSON:  {t: "31.89", p: "0.18"}
index.html:217 Received JSON:  {t: "31.89", p: "0.46"}
index.html:217 Received JSON:  {t: "31.89", p: "-0.63"}
index.html:217 Received JSON:  {t: "31.89", p: "-0.35"}
index.html:217 Received JSON:  {t: "31.89", p: "-0.35"}
index.html:217 Received JSON:  {t: "31.91", p: "0.19"}
index.html:217 Received JSON:  {t: "31.90", p: "-1.17"}
index.html:217 Received JSON:  {t: "31.91", p: "-1.17"}
index.html:217 Received JSON:  {t: "31.92", p: "-1.70"}
index.html:217 Received JSON:  {t: "31.92", p: "-1.16"}
index.html:217 Received JSON:  {t: "31.92", p: "-1.15"}
index.html:217 Received JSON:  {t: "31.93", p: "-0.87"}
index.html:217 Received JSON:  {t: "31.93", p: "-1.14"}
index.html:217 Received JSON:  {t: "31.94", p: "-1.41"}
index.html:217 Received JSON:  {t: "31.94", p: "-1.41"}
index.html:217 Received JSON:  {t: "31.94", p: "-1.68"}
index.html:217 Received JSON:  {t: "31.94", p: "-0.86"}
index.html:217 Received JSON:  {t: "31.94", p: "-0.86"}
index.html:217 Received JSON:  {t: "31.95", p: "-1.13"}
index.html:217 Received JSON:  {t: "31.95", p: "-0.86"}
index.html:217 Received JSON:  {t: "31.97", p: "-0.84"}
index.html:217 Received JSON:  {t: "31.96", p: "-0.57"}
index.html:217 Received JSON:  {t: "31.97", p: "-1.11"}
index.html:217 Received JSON:  {t: "31.97", p: "-0.56"}
index.html:217 Received JSON:  {t: "31.98", p: "-0.01"}
index.html:217 Received JSON:  {t: "31.98", p: "-0.55"}
index.html:217 Received JSON:  {t: "31.98", p: "-0.83"}
index.html:217 Received JSON:  {t: "31.97", p: "-0.28"}
index.html:217 Received JSON:  {t: "31.98", p: "-0.55"}
index.html:217 Received JSON:  {t: "31.99", p: "-0.00"}
index.html:217 Received JSON:  {t: "31.99", p: "0.28"}
index.html:217 Received JSON:  {t: "31.99", p: "-0.26"}
index.html:217 Received JSON:  {t: "32.00", p: "0.56"}
index.html:217 Received JSON:  {t: "32.01", p: "1.39"}
index.html:217 Received JSON:  {t: "32.00", p: "2.19"}
index.html:217 Received JSON:  {t: "32.01", p: "1.66"}
index.html:217 Received JSON:  {t: "32.01", p: "1.67"}
index.html:217 Received JSON:  {t: "32.02", p: "0.85"}
index.html:217 Received JSON:  {t: "32.02", p: "1.39"}
index.html:217 Received JSON:  {t: "32.02", p: "0.57"}
index.html:217 Received JSON:  {t: "32.03", p: "0.59"}
index.html:217 Received JSON:  {t: "32.03", p: "1.14"}
index.html:217 Received JSON:  {t: "32.04", p: "0.59"}
index.html:217 Received JSON:  {t: "32.05", p: "1.15"}
index.html:217 Received JSON:  {t: "32.05", p: "0.59"}
index.html:217 Received JSON:  {t: "32.04", p: "0.87"}
index.html:217 Received JSON:  {t: "32.05", p: "0.61"}
index.html:217 Received JSON:  {t: "32.05", p: "0.34"}
index.html:217 Received JSON:  {t: "32.05", p: "0.88"}
index.html:217 Received JSON:  {t: "32.06", p: "0.62"}
index.html:191 MAX:
index.html:192 1.1389900131282318
index.html:217 Received JSON:  {t: "32.06", p: "0.07"}
index.html:217 Received JSON:  {t: "32.07", p: "0.89"}
index.html:217 Received JSON:  {t: "32.07", p: "0.62"}
index.html:217 Received JSON:  {t: "32.08", p: "0.36"}
index.html:217 Received JSON:  {t: "32.08", p: "0.09"}
index.html:217 Received JSON:  {t: "32.08", p: "0.08"}
index.html:217 Received JSON:  {t: "32.09", p: "-0.18"}
index.html:217 Received JSON:  {t: "32.08", p: "-0.19"}
index.html:217 Received JSON:  {t: "32.09", p: "-0.18"}
index.html:217 Received JSON:  {t: "32.09", p: "-0.17"}
index.html:217 Received JSON:  {t: "32.09", p: "-0.18"}
index.html:217 Received JSON:  {t: "32.10", p: "0.11"}
index.html:217 Received JSON:  {t: "32.09", p: "-0.17"}
index.html:217 Received JSON:  {t: "32.11", p: "-0.71"}
index.html:217 Received JSON:  {t: "32.11", p: "-0.16"}
index.html:217 Received JSON:  {t: "32.11", p: "-0.16"}
index.html:217 Received JSON:  {t: "32.12", p: "-3.44"}
index.html:217 Received JSON:  {t: "32.12", p: "-8.36"}
index.html:217 Received JSON:  {t: "32.12", p: "-9.18"}
index.html:217 Received JSON:  {t: "32.13", p: "-10.27"}
index.html:217 Received JSON:  {t: "32.13", p: "-11.63"}
index.html:217 Received JSON:  {t: "32.14", p: "-11.63"}
index.html:217 Received JSON:  {t: "32.13", p: "-12.73"}
index.html:217 Received JSON:  {t: "32.14", p: "-13.26"}
index.html:217 Received JSON:  {t: "32.14", p: "-14.36"}
index.html:217 Received JSON:  {t: "32.15", p: "-14.63"}
index.html:217 Received JSON:  {t: "32.15", p: "-14.90"}
index.html:217 Received JSON:  {t: "32.16", p: "-15.17"}
index.html:217 Received JSON:  {t: "32.16", p: "-15.17"}
index.html:217 Received JSON:  {t: "32.16", p: "-15.16"}
index.html:217 Received JSON:  {t: "32.16", p: "-15.43"}
index.html:217 Received JSON:  {t: "32.17", p: "-15.16"}
index.html:217 Received JSON:  {t: "32.17", p: "-14.88"}
index.html:217 Received JSON:  {t: "32.17", p: "-14.61"}
index.html:217 Received JSON:  {t: "32.18", p: "-13.23"}
index.html:217 Received JSON:  {t: "32.18", p: "-11.86"}
index.html:217 Received JSON:  {t: "32.18", p: "-9.68"}
index.html:217 Received JSON:  {t: "32.19", p: "-6.93"}
index.html:217 Received JSON:  {t: "32.19", p: "-4.19"}
index.html:217 Received JSON:  {t: "32.19", p: "1.28"}
index.html:217 Received JSON:  {t: "32.19", p: "15.24"}
index.html:217 Received JSON:  {t: "32.19", p: "20.99"}
index.html:217 Received JSON:  {t: "32.20", p: "21.27"}
index.html:217 Received JSON:  {t: "32.20", p: "19.63"}
index.html:217 Received JSON:  {t: "32.21", p: "17.72"}
index.html:217 Received JSON:  {t: "32.21", p: "15.81"}
index.html:217 Received JSON:  {t: "32.21", p: "14.44"}
index.html:217 Received JSON:  {t: "32.22", p: "13.63"}
index.html:217 Received JSON:  {t: "32.22", p: "13.63"}
index.html:217 Received JSON:  {t: "32.22", p: "11.99"}
index.html:217 Received JSON:  {t: "32.23", p: "11.72"}
index.html:217 Received JSON:  {t: "32.23", p: "11.17"}
index.html:217 Received JSON:  {t: "32.24", p: "11.17"}
index.html:217 Received JSON:  {t: "32.24", p: "10.63"}
index.html:217 Received JSON:  {t: "32.24", p: "10.64"}
index.html:217 Received JSON:  {t: "32.24", p: "10.36"}
index.html:217 Received JSON:  {t: "32.25", p: "10.09"}
index.html:217 Received JSON:  {t: "32.25", p: "9.55"}
index.html:191 MAX:
index.html:192 15.145859528328991
index.html:217 Received JSON:  {t: "32.26", p: "9.83"}
index.html:217 Received JSON:  {t: "32.26", p: "9.83"}
index.html:217 Received JSON:  {t: "32.27", p: "9.84"}
index.html:217 Received JSON:  {t: "32.27", p: "8.47"}
index.html:217 Received JSON:  {t: "32.27", p: "8.75"}
index.html:217 Received JSON:  {t: "32.28", p: "8.19"}
index.html:217 Received JSON:  {t: "32.28", p: "7.93"}
index.html:217 Received JSON:  {t: "32.28", p: "6.29"}
index.html:217 Received JSON:  {t: "32.28", p: "5.74"}
index.html:217 Received JSON:  {t: "32.29", p: "4.66"}
index.html:217 Received JSON:  {t: "32.29", p: "4.11"}
index.html:217 Received JSON:  {t: "32.29", p: "3.57"}
index.html:217 Received JSON:  {t: "32.29", p: "3.57"}
index.html:217 Received JSON:  {t: "32.29", p: "3.02"}
index.html:217 Received JSON:  {t: "32.31", p: "2.48"}
index.html:217 Received JSON:  {t: "32.31", p: "2.21"}
index.html:217 Received JSON:  {t: "32.31", p: "1.67"}
index.html:217 Received JSON:  {t: "32.31", p: "1.12"}
index.html:217 Received JSON:  {t: "32.32", p: "1.94"}
index.html:217 Received JSON:  {t: "32.32", p: "1.13"}
index.html:217 Received JSON:  {t: "32.32", p: "1.13"}
index.html:217 Received JSON:  {t: "32.32", p: "0.86"}
index.html:217 Received JSON:  {t: "32.33", p: "0.31"}
index.html:217 Received JSON:  {t: "32.33", p: "-0.23"}
index.html:217 Received JSON:  {t: "32.33", p: "-0.50"}
index.html:217 Received JSON:  {t: "32.34", p: "-2.41"}
index.html:217 Received JSON:  {t: "32.35", p: "-2.68"}
index.html:217 Received JSON:  {t: "32.35", p: "-2.68"}
index.html:217 Received JSON:  {t: "32.35", p: "-3.77"}
index.html:217 Received JSON:  {t: "32.36", p: "-3.49"}
index.html:217 Received JSON:  {t: "32.36", p: "-3.77"}
index.html:217 Received JSON:  {t: "32.36", p: "-3.76"}
index.html:217 Received JSON:  {t: "32.36", p: "-3.49"}
index.html:217 Received JSON:  {t: "32.37", p: "-2.93"}
index.html:217 Received JSON:  {t: "32.37", p: "-3.21"}
index.html:217 Received JSON:  {t: "32.38", p: "-2.10"}
index.html:217 Received JSON:  {t: "32.37", p: "-2.66"}
index.html:217 Received JSON:  {t: "32.38", p: "-2.93"}
index.html:217 Received JSON:  {t: "32.38", p: "-3.47"}
index.html:217 Received JSON:  {t: "32.39", p: "-2.37"}
index.html:217 Received JSON:  {t: "32.39", p: "-1.82"}
index.html:217 Received JSON:  {t: "32.39", p: "-2.09"}
index.html:217 Received JSON:  {t: "32.39", p: "-2.64"}
index.html:217 Received JSON:  {t: "32.40", p: "-2.63"}
index.html:217 Received JSON:  {t: "32.40", p: "-2.08"}
index.html:217 Received JSON:  {t: "32.41", p: "-1.80"}
index.html:217 Received JSON:  {t: "32.41", p: "-1.53"}
index.html:217 Received JSON:  {t: "32.41", p: "-0.98"}
index.html:217 Received JSON:  {t: "32.42", p: "-0.70"}
index.html:217 Received JSON:  {t: "32.42", p: "1.22"}
index.html:217 Received JSON:  {t: "32.42", p: "1.77"}
index.html:217 Received JSON:  {t: "32.43", p: "1.77"}
index.html:217 Received JSON:  {t: "32.43", p: "2.32"}
index.html:217 Received JSON:  {t: "32.43", p: "1.77"}
index.html:217 Received JSON:  {t: "32.44", p: "2.06"}
index.html:217 Received JSON:  {t: "32.44", p: "2.06"}
index.html:217 Received JSON:  {t: "32.44", p: "1.79"}
index.html:217 Received JSON:  {t: "32.44", p: "1.79"}
index.html:217 Received JSON:  {t: "32.45", p: "2.07"}
index.html:217 Received JSON:  {t: "32.45", p: "0.97"}
index.html:217 Received JSON:  {t: "32.46", p: "1.53"}
index.html:217 Received JSON:  {t: "32.46", p: "1.53"}
index.html:217 Received JSON:  {t: "32.46", p: "1.53"}
index.html:217 Received JSON:  {t: "32.47", p: "1.54"}
index.html:217 Received JSON:  {t: "32.47", p: "1.54"}
index.html:217 Received JSON:  {t: "32.47", p: "0.99"}
index.html:217 Received JSON:  {t: "32.47", p: "0.44"}
index.html:217 Received JSON:  {t: "32.47", p: "1.27"}
index.html:217 Received JSON:  {t: "32.48", p: "0.73"}
index.html:191 MAX:
index.html:192 1.7783096931122688
index.html:217 Received JSON:  {t: "32.49", p: "0.73"}
index.html:217 Received JSON:  {t: "32.49", p: "1.01"}
index.html:217 Received JSON:  {t: "32.49", p: "0.47"}
index.html:217 Received JSON:  {t: "32.49", p: "0.47"}
index.html:217 Received JSON:  {t: "32.49", p: "0.19"}
index.html:217 Received JSON:  {t: "32.50", p: "-0.35"}
index.html:217 Received JSON:  {t: "32.51", p: "-0.34"}
index.html:217 Received JSON:  {t: "32.51", p: "-1.98"}
index.html:217 Received JSON:  {t: "32.51", p: "-3.08"}
index.html:217 Received JSON:  {t: "32.52", p: "-4.17"}
index.html:217 Received JSON:  {t: "32.52", p: "-3.90"}
index.html:217 Received JSON:  {t: "32.52", p: "-3.89"}
index.html:217 Received JSON:  {t: "32.52", p: "-4.71"}
index.html:217 Received JSON:  {t: "32.52", p: "-4.44"}
index.html:217 Received JSON:  {t: "32.53", p: "-3.88"}
index.html:217 Received JSON:  {t: "32.54", p: "-3.33"}
index.html:217 Received JSON:  {t: "32.54", p: "-3.33"}
index.html:217 Received JSON:  {t: "32.54", p: "-2.23"}
index.html:217 Received JSON:  {t: "32.54", p: "-2.78"}
index.html:217 Received JSON:  {t: "32.55", p: "-2.50"}
index.html:217 Received JSON:  {t: "32.55", p: "-2.77"}
index.html:217 Received JSON:  {t: "32.55", p: "-3.04"}
index.html:217 Received JSON:  {t: "32.56", p: "-2.76"}
index.html:217 Received JSON:  {t: "32.57", p: "-2.48"}
index.html:217 Received JSON:  {t: "32.56", p: "-1.93"}
index.html:217 Received JSON:  {t: "32.56", p: "-1.93"}
index.html:217 Received JSON:  {t: "32.57", p: "-1.11"}
index.html:217 Received JSON:  {t: "32.57", p: "-1.38"}
index.html:217 Received JSON:  {t: "32.58", p: "-1.37"}
index.html:217 Received JSON:  {t: "32.59", p: "-1.91"}
index.html:217 Received JSON:  {t: "32.58", p: "-1.64"}
index.html:217 Received JSON:  {t: "32.59", p: "-0.82"}
index.html:217 Received JSON:  {t: "32.59", p: "-1.36"}
index.html:217 Received JSON:  {t: "32.59", p: "-1.09"}
index.html:217 Received JSON:  {t: "32.59", p: "-0.27"}
index.html:217 Received JSON:  {t: "32.60", p: "0.84"}
index.html:217 Received JSON:  {t: "32.60", p: "2.21"}
index.html:217 Received JSON:  {t: "32.60", p: "2.21"}
index.html:217 Received JSON:  {t: "32.61", p: "2.76"}
index.html:217 Received JSON:  {t: "32.61", p: "2.21"}
index.html:217 Received JSON:  {t: "32.62", p: "2.22"}
index.html:217 Received JSON:  {t: "32.62", p: "1.39"}
index.html:217 Received JSON:  {t: "32.62", p: "1.67"}
index.html:217 Received JSON:  {t: "32.62", p: "1.67"}
index.html:217 Received JSON:  {t: "32.63", p: "1.96"}
index.html:217 Received JSON:  {t: "32.63", p: "1.41"}
index.html:217 Received JSON:  {t: "32.64", p: "1.14"}
index.html:217 Received JSON:  {t: "32.64", p: "1.15"}
index.html:217 Received JSON:  {t: "32.64", p: "0.87"}
index.html:217 Received JSON:  {t: "32.64", p: "1.69"}
index.html:217 Received JSON:  {t: "32.65", p: "1.16"}
index.html:217 Received JSON:  {t: "32.65", p: "0.88"}
index.html:217 Received JSON:  {t: "32.66", p: "0.89"}
index.html:217 Received JSON:  {t: "32.66", p: "0.07"}
index.html:191 MAX:
index.html:192 1.7990568069287416
index.html:217 Received JSON:  {t: "32.66", p: "1.44"}
index.html:217 Received JSON:  {t: "32.66", p: "1.17"}
index.html:217 Received JSON:  {t: "32.67", p: "1.45"}
index.html:217 Received JSON:  {t: "32.67", p: "0.89"}
index.html:217 Received JSON:  {t: "32.68", p: "0.36"}
index.html:217 Received JSON:  {t: "32.68", p: "0.63"}
index.html:217 Received JSON:  {t: "32.68", p: "-0.46"}
index.html:217 Received JSON:  {t: "32.68", p: "0.64"}
index.html:217 Received JSON:  {t: "32.68", p: "-0.73"}
index.html:217 Received JSON:  {t: "32.68", p: "-0.18"}
index.html:217 Received JSON:  {t: "32.69", p: "-0.45"}
index.html:217 Received JSON:  {t: "32.70", p: "-0.99"}
index.html:217 Received JSON:  {t: "32.70", p: "-2.63"}
index.html:217 Received JSON:  {t: "32.70", p: "-2.63"}
index.html:217 Received JSON:  {t: "32.71", p: "-2.35"}
index.html:217 Received JSON:  {t: "32.70", p: "-2.08"}
index.html:217 Received JSON:  {t: "32.71", p: "-1.81"}
index.html:217 Received JSON:  {t: "32.72", p: "-1.53"}
index.html:217 Received JSON:  {t: "32.72", p: "-2.07"}
index.html:217 Received JSON:  {t: "32.72", p: "-2.07"}
index.html:217 Received JSON:  {t: "32.72", p: "-2.07"}
index.html:217 Received JSON:  {t: "32.73", p: "-1.79"}
index.html:217 Received JSON:  {t: "32.73", p: "-2.06"}
index.html:217 Received JSON:  {t: "32.73", p: "-1.51"}
index.html:217 Received JSON:  {t: "32.73", p: "-1.51"}
index.html:217 Received JSON:  {t: "32.74", p: "-1.50"}
index.html:217 Received JSON:  {t: "32.74", p: "-1.50"}
index.html:217 Received JSON:  {t: "32.74", p: "-1.50"}
index.html:217 Received JSON:  {t: "32.74", p: "-1.23"}
index.html:217 Received JSON:  {t: "32.76", p: "-0.94"}
index.html:217 Received JSON:  {t: "32.76", p: "-0.94"}
index.html:217 Received JSON:  {t: "32.76", p: "-0.66"}
index.html:217 Received JSON:  {t: "32.76", p: "-0.94"}
index.html:217 Received JSON:  {t: "32.76", p: "-0.39"}
index.html:217 Received JSON:  {t: "32.77", p: "-0.65"}
index.html:217 Received JSON:  {t: "32.77", p: "-0.65"}
index.html:217 Received JSON:  {t: "32.78", p: "-0.10"}
index.html:217 Received JSON:  {t: "32.78", p: "-0.09"}
index.html:217 Received JSON:  {t: "32.78", p: "1.27"}
index.html:217 Received JSON:  {t: "32.78", p: "1.82"}
index.html:217 Received JSON:  {t: "32.79", p: "2.09"}
index.html:217 Received JSON:  {t: "32.79", p: "2.38"}
index.html:217 Received JSON:  {t: "32.79", p: "2.11"}
index.html:217 Received JSON:  {t: "32.79", p: "2.09"}
index.html:217 Received JSON:  {t: "32.79", p: "1.84"}
index.html:217 Received JSON:  {t: "32.80", p: "1.57"}
index.html:217 Received JSON:  {t: "32.80", p: "1.29"}
index.html:217 Received JSON:  {t: "32.81", p: "1.29"}
index.html:217 Received JSON:  {t: "32.81", p: "1.58"}
index.html:217 Received JSON:  {t: "32.81", p: "1.31"}
index.html:217 Received JSON:  {t: "32.81", p: "1.03"}
index.html:217 Received JSON:  {t: "32.82", p: "1.04"}
index.html:217 Received JSON:  {t: "32.82", p: "1.04"}
index.html:217 Received JSON:  {t: "32.82", p: "1.31"}
index.html:217 Received JSON:  {t: "32.83", p: "0.49"}
index.html:217 Received JSON:  {t: "32.84", p: "0.77"}
index.html:217 Received JSON:  {t: "32.84", p: "1.59"}
index.html:191 MAX:
index.html:192 1.7086566884338006
index.html:217 Received JSON:  {t: "32.84", p: "0.78"}
index.html:217 Received JSON:  {t: "32.84", p: "0.51"}
index.html:217 Received JSON:  {t: "32.84", p: "0.24"}
index.html:217 Received JSON:  {t: "32.85", p: "-0.03"}
index.html:217 Received JSON:  {t: "32.85", p: "1.06"}
index.html:217 Received JSON:  {t: "32.85", p: "0.52"}
index.html:217 Received JSON:  {t: "32.86", p: "0.25"}
index.html:217 Received JSON:  {t: "32.86", p: "0.53"}
index.html:217 Received JSON:  {t: "32.87", p: "-0.02"}
index.html:217 Received JSON:  {t: "32.87", p: "-0.02"}
index.html:217 Received JSON:  {t: "32.87", p: "-0.56"}
index.html:217 Received JSON:  {t: "32.87", p: "-1.11"}
index.html:217 Received JSON:  {t: "32.87", p: "-1.65"}
index.html:217 Received JSON:  {t: "32.87", p: "-1.93"}
index.html:217 Received JSON:  {t: "32.88", p: "-1.37"}
index.html:217 Received JSON:  {t: "32.88", p: "-1.93"}
index.html:217 Received JSON:  {t: "32.89", p: "-2.46"}
index.html:217 Received JSON:  {t: "32.89", p: "-1.91"}
index.html:217 Received JSON:  {t: "32.89", p: "-1.37"}
index.html:217 Received JSON:  {t: "32.89", p: "-2.18"}
index.html:217 Received JSON:  {t: "32.91", p: "-1.90"}
index.html:217 Received JSON:  {t: "32.91", p: "-1.90"}
index.html:217 Received JSON:  {t: "32.90", p: "-1.35"}
index.html:217 Received JSON:  {t: "32.91", p: "-1.63"}
index.html:217 Received JSON:  {t: "32.91", p: "-1.34"}
index.html:217 Received JSON:  {t: "32.91", p: "-1.62"}
index.html:217 Received JSON:  {t: "32.91", p: "-1.07"}
index.html:217 Received JSON:  {t: "32.92", p: "-0.51"}
index.html:217 Received JSON:  {t: "32.92", p: "-1.06"}
index.html:217 Received JSON:  {t: "32.92", p: "-0.51"}
index.html:217 Received JSON:  {t: "32.93", p: "-1.33"}
index.html:217 Received JSON:  {t: "32.93", p: "0.04"}
index.html:217 Received JSON:  {t: "32.93", p: "-0.78"}
index.html:217 Received JSON:  {t: "32.94", p: "-0.22"}
index.html:217 Received JSON:  {t: "32.94", p: "-0.49"}
index.html:217 Received JSON:  {t: "32.95", p: "-0.49"}
index.html:217 Received JSON:  {t: "32.95", p: "0.33"}
index.html:217 Received JSON:  {t: "32.95", p: "0.34"}
index.html:217 Received JSON:  {t: "32.95", p: "1.71"}
index.html:217 Received JSON:  {t: "32.95", p: "2.53"}
index.html:217 Received JSON:  {t: "32.96", p: "1.45"}
index.html:217 Received JSON:  {t: "32.96", p: "1.99"}
index.html:217 Received JSON:  {t: "32.96", p: "1.72"}
index.html:217 Received JSON:  {t: "32.96", p: "1.45"}
index.html:217 Received JSON:  {t: "32.97", p: "1.72"}
index.html:217 Received JSON:  {t: "32.97", p: "1.17"}
index.html:217 Received JSON:  {t: "32.98", p: "1.18"}
index.html:217 Received JSON:  {t: "32.97", p: "0.89"}
index.html:217 Received JSON:  {t: "32.98", p: "1.19"}
index.html:217 Received JSON:  {t: "32.98", p: "1.46"}
index.html:217 Received JSON:  {t: "32.99", p: "1.47"}
index.html:217 Received JSON:  {t: "32.99", p: "0.92"}
index.html:217 Received JSON:  {t: "32.99", p: "1.19"}
index.html:217 Received JSON:  {t: "33.00", p: "0.66"}
index.html:217 Received JSON:  {t: "33.00", p: "0.93"}
index.html:217 Received JSON:  {t: "33.00", p: "1.21"}
index.html:191 MAX:
index.html:192 1.4928680623619308
index.html:217 Received JSON:  {t: "33.00", p: "0.66"}
index.html:217 Received JSON:  {t: "33.01", p: "0.66"}
index.html:217 Received JSON:  {t: "33.01", p: "0.94"}
index.html:217 Received JSON:  {t: "33.01", p: "0.39"}
index.html:217 Received JSON:  {t: "33.02", p: "0.39"}
index.html:217 Received JSON:  {t: "33.02", p: "0.67"}
index.html:217 Received JSON:  {t: "33.02", p: "0.13"}
index.html:217 Received JSON:  {t: "33.03", p: "-0.14"}
index.html:217 Received JSON:  {t: "33.02", p: "-0.43"}
index.html:217 Received JSON:  {t: "33.03", p: "-0.41"}
index.html:217 Received JSON:  {t: "33.03", p: "-1.51"}
index.html:217 Received JSON:  {t: "33.04", p: "-1.23"}
index.html:217 Received JSON:  {t: "33.04", p: "-2.05"}
index.html:217 Received JSON:  {t: "33.04", p: "-1.50"}
index.html:217 Received JSON:  {t: "33.05", p: "-1.49"}
index.html:217 Received JSON:  {t: "33.05", p: "-2.32"}
index.html:217 Received JSON:  {t: "33.05", p: "-1.76"}
index.html:217 Received JSON:  {t: "33.06", p: "-1.21"}
index.html:217 Received JSON:  {t: "33.06", p: "-1.21"}
index.html:217 Received JSON:  {t: "33.06", p: "-1.21"}
index.html:217 Received JSON:  {t: "33.06", p: "-1.48"}
index.html:217 Received JSON:  {t: "33.07", p: "-1.75"}
index.html:217 Received JSON:  {t: "33.07", p: "-1.48"}
index.html:217 Received JSON:  {t: "33.07", p: "-0.93"}
index.html:217 Received JSON:  {t: "33.07", p: "-1.20"}
index.html:217 Received JSON:  {t: "33.08", p: "-0.64"}
index.html:217 Received JSON:  {t: "33.08", p: "-0.64"}
index.html:217 Received JSON:  {t: "33.08", p: "-0.91"}
index.html:217 Received JSON:  {t: "33.08", p: "-0.64"}
index.html:217 Received JSON:  {t: "33.09", p: "-0.63"}
index.html:217 Received JSON:  {t: "33.09", p: "-0.63"}
index.html:217 Received JSON:  {t: "33.09", p: "-0.90"}
index.html:217 Received JSON:  {t: "33.10", p: "-0.07"}
index.html:217 Received JSON:  {t: "33.10", p: "-0.35"}
index.html:217 Received JSON:  {t: "33.11", p: "-0.61"}
index.html:217 Received JSON:  {t: "33.11", p: "0.19"}
index.html:217 Received JSON:  {t: "33.11", p: "-0.34"}
index.html:217 Received JSON:  {t: "33.11", p: "0.21"}
index.html:217 Received JSON:  {t: "33.11", p: "1.58"}
index.html:217 Received JSON:  {t: "33.11", p: "2.41"}
index.html:217 Received JSON:  {t: "33.12", p: "3.79"}
index.html:217 Received JSON:  {t: "33.12", p: "2.96"}
index.html:217 Received JSON:  {t: "33.13", p: "1.87"}
index.html:217 Received JSON:  {t: "33.13", p: "1.87"}
index.html:217 Received JSON:  {t: "33.13", p: "1.59"}
index.html:217 Received JSON:  {t: "33.14", p: "1.87"}
index.html:217 Received JSON:  {t: "33.13", p: "1.87"}
index.html:217 Received JSON:  {t: "33.15", p: "1.34"}
index.html:217 Received JSON:  {t: "33.15", p: "1.06"}
index.html:217 Received JSON:  {t: "33.15", p: "1.06"}
index.html:217 Received JSON:  {t: "33.15", p: "0.79"}
index.html:217 Received JSON:  {t: "33.15", p: "1.07"}
index.html:217 Received JSON:  {t: "33.15", p: "0.79"}
index.html:217 Received JSON:  {t: "33.15", p: "1.07"}
index.html:217 Received JSON:  {t: "33.16", p: "0.79"}
index.html:217 Received JSON:  {t: "33.16", p: "0.25"}
index.html:191 MAX:
index.html:192 1.9531562229997141
index.html:198 Respiratory rate:
index.html:199 17
index.html:217 Received JSON:  {t: "33.17", p: "0.26"}
index.html:217 Received JSON:  {t: "33.17", p: "1.09"}
index.html:217 Received JSON:  {t: "33.17", p: "0.54"}
index.html:217 Received JSON:  {t: "33.18", p: "0.27"}
index.html:217 Received JSON:  {t: "33.18", p: "0.54"}
index.html:217 Received JSON:  {t: "33.17", p: "0.81"}
index.html:217 Received JSON:  {t: "33.18", p: "0.54"}
index.html:217 Received JSON:  {t: "33.19", p: "0.27"}
index.html:217 Received JSON:  {t: "33.19", p: "-0.27"}
index.html:217 Received JSON:  {t: "33.19", p: "-0.82"}
index.html:217 Received JSON:  {t: "33.19", p: "-1.09"}
index.html:217 Received JSON:  {t: "33.19", p: "-1.91"}
index.html:217 Received JSON:  {t: "33.19", p: "-1.63"}
index.html:217 Received JSON:  {t: "33.20", p: "-2.17"}
index.html:217 Received JSON:  {t: "33.21", p: "-1.90"}
index.html:217 Received JSON:  {t: "33.21", p: "-2.17"}
index.html:217 Received JSON:  {t: "33.21", p: "-2.17"}
index.html:217 Received JSON:  {t: "33.21", p: "-2.17"}
index.html:217 Received JSON:  {t: "33.22", p: "-1.89"}
index.html:217 Received JSON:  {t: "33.22", p: "-1.89"}
index.html:217 Received JSON:  {t: "33.22", p: "-1.61"}
index.html:217 Received JSON:  {t: "33.22", p: "-1.61"}
index.html:217 Received JSON:  {t: "33.23", p: "-1.61"}
index.html:217 Received JSON:  {t: "33.23", p: "-1.60"}
index.html:217 Received JSON:  {t: "33.23", p: "-2.70"}
index.html:217 Received JSON:  {t: "33.23", p: "-1.33"}
index.html:217 Received JSON:  {t: "33.24", p: "-1.32"}
index.html:217 Received JSON:  {t: "33.23", p: "-1.87"}
index.html:217 Received JSON:  {t: "33.24", p: "-0.22"}
index.html:217 Received JSON:  {t: "33.25", p: "-0.21"}
index.html:217 Received JSON:  {t: "33.24", p: "0.33"}
index.html:217 Received JSON:  {t: "33.25", p: "-0.21"}
index.html:217 Received JSON:  {t: "33.25", p: "0.61"}
index.html:217 Received JSON:  {t: "33.26", p: "1.71"}
index.html:217 Received JSON:  {t: "33.25", p: "1.44"}
index.html:217 Received JSON:  {t: "33.26", p: "-2.13"}
index.html:217 Received JSON:  {t: "33.26", p: "-0.75"}
index.html:217 Received JSON:  {t: "33.27", p: "0.63"}
index.html:217 Received JSON:  {t: "33.27", p: "1.45"}
index.html:217 Received JSON:  {t: "33.27", p: "-0.19"}
index.html:217 Received JSON:  {t: "33.27", p: "-1.02"}
index.html:217 Received JSON:  {t: "33.27", p: "-0.19"}
index.html:217 Received JSON:  {t: "33.27", p: "0.09"}
index.html:217 Received JSON:  {t: "33.28", p: "0.64"}
index.html:217 Received JSON:  {t: "33.29", p: "1.19"}
index.html:217 Received JSON:  {t: "33.28", p: "0.91"}
index.html:217 Received JSON:  {t: "33.29", p: "0.37"}
index.html:217 Received JSON:  {t: "33.29", p: "-0.17"}
index.html:174 MAX:
index.html:175 0.16574785239400955
index.html:217 Received JSON:  {t: "33.29", p: "-0.72"}
index.html:217 Received JSON:  {t: "33.30", p: "1.48"}
index.html:217 Received JSON:  {t: "33.29", p: "0.93"}
index.html:217 Received JSON:  {t: "33.29", p: "1.19"}
index.html:217 Received JSON:  {t: "33.31", p: "0.39"}
index.html:217 Received JSON:  {t: "33.31", p: "1.49"}
index.html:217 Received JSON:  {t: "33.31", p: "0.67"}
index.html:217 Received JSON:  {t: "33.31", p: "1.22"}
index.html:217 Received JSON:  {t: "33.31", p: "0.94"}
index.html:217 Received JSON:  {t: "33.31", p: "1.22"}
index.html:217 Received JSON:  {t: "33.32", p: "1.23"}
index.html:217 Received JSON:  {t: "33.32", p: "0.95"}
index.html:217 Received JSON:  {t: "33.33", p: "0.68"}
index.html:217 Received JSON:  {t: "33.33", p: "0.68"}
index.html:217 Received JSON:  {t: "33.34", p: "-0.41"}
index.html:217 Received JSON:  {t: "33.34", p: "0.97"}
index.html:217 Received JSON:  {t: "33.34", p: "-0.13"}
index.html:217 Received JSON:  {t: "33.34", p: "0.69"}
index.html:217 Received JSON:  {t: "33.35", p: "-0.13"}
index.html:217 Received JSON:  {t: "33.34", p: "-0.68"}
index.html:217 Received JSON:  {t: "33.35", p: "-0.95"}
index.html:191 MAX:
index.html:192 0.965327704875246
index.html:217 Received JSON:  {t: "33.35", p: "-0.67"}
index.html:217 Received JSON:  {t: "33.35", p: "-1.77"}
index.html:217 Received JSON:  {t: "33.35", p: "-1.76"}
index.html:217 Received JSON:  {t: "33.36", p: "-1.76"}
index.html:217 Received JSON:  {t: "33.37", p: "-1.75"}
index.html:217 Received JSON:  {t: "33.36", p: "-1.48"}
index.html:217 Received JSON:  {t: "33.36", p: "-1.21"}
index.html:217 Received JSON:  {t: "33.37", p: "-0.93"}
index.html:217 Received JSON:  {t: "33.37", p: "-1.20"}
index.html:217 Received JSON:  {t: "33.37", p: "-1.75"}
index.html:217 Received JSON:  {t: "33.38", p: "-1.47"}
index.html:217 Received JSON:  {t: "33.38", p: "-0.64"}
index.html:217 Received JSON:  {t: "33.38", p: "-0.91"}
index.html:217 Received JSON:  {t: "33.38", p: "-0.64"}
index.html:217 Received JSON:  {t: "33.39", p: "-0.91"}
index.html:217 Received JSON:  {t: "33.39", p: "-0.08"}
index.html:217 Received JSON:  {t: "33.39", p: "-1.18"}
index.html:217 Received JSON:  {t: "33.39", p: "-0.90"}
index.html:217 Received JSON:  {t: "33.39", p: "-1.17"}
index.html:217 Received JSON:  {t: "33.40", p: "-0.35"}
index.html:217 Received JSON:  {t: "33.40", p: "0.47"}
index.html:217 Received JSON:  {t: "33.40", p: "-0.35"}
index.html:217 Received JSON:  {t: "33.41", p: "0.48"}
index.html:217 Received JSON:  {t: "33.41", p: "-0.34"}
index.html:217 Received JSON:  {t: "33.41", p: "0.21"}
index.html:217 Received JSON:  {t: "33.42", p: "-0.06"}
index.html:217 Received JSON:  {t: "33.42", p: "-0.06"}
index.html:217 Received JSON:  {t: "33.42", p: "1.59"}
index.html:217 Received JSON:  {t: "33.42", p: "1.32"}
index.html:217 Received JSON:  {t: "33.43", p: "2.42"}
index.html:217 Received JSON:  {t: "33.43", p: "1.33"}
index.html:217 Received JSON:  {t: "33.43", p: "1.05"}
index.html:217 Received JSON:  {t: "33.44", p: "1.88"}
index.html:217 Received JSON:  {t: "33.44", p: "2.16"}
index.html:217 Received JSON:  {t: "33.43", p: "1.05"}
index.html:217 Received JSON:  {t: "33.45", p: "1.07"}
index.html:217 Received JSON:  {t: "33.45", p: "2.16"}
index.html:217 Received JSON:  {t: "33.44", p: "1.34"}
index.html:217 Received JSON:  {t: "33.44", p: "1.89"}
index.html:217 Received JSON:  {t: "33.45", p: "0.79"}
index.html:217 Received JSON:  {t: "33.46", p: "1.07"}
index.html:217 Received JSON:  {t: "33.46", p: "1.08"}
index.html:217 Received JSON:  {t: "33.46", p: "1.08"}
index.html:217 Received JSON:  {t: "33.46", p: "1.08"}
index.html:217 Received JSON:  {t: "33.46", p: "1.08"}
index.html:217 Received JSON:  {t: "33.47", p: "1.09"}
index.html:217 Received JSON:  {t: "33.47", p: "1.36"}
index.html:191 MAX:
index.html:192 1.5221220161539348
index.html:217 Received JSON:  {t: "33.47", p: "1.09"}
index.html:217 Received JSON:  {t: "33.47", p: "0.54"}
index.html:217 Received JSON:  {t: "33.48", p: "0.55"}
index.html:217 Received JSON:  {t: "33.48", p: "0.27"}
index.html:217 Received JSON:  {t: "33.49", p: "0.28"}
index.html:217 Received JSON:  {t: "33.48", p: "-0.83"}
index.html:217 Received JSON:  {t: "33.48", p: "-2.74"}
index.html:217 Received JSON:  {t: "33.49", p: "-11.24"}
index.html:217 Received JSON:  {t: "33.49", p: "-13.98"}
index.html:217 Received JSON:  {t: "33.49", p: "-15.08"}
index.html:217 Received JSON:  {t: "33.50", p: "-15.63"}
index.html:217 Received JSON:  {t: "33.50", p: "-15.63"}
index.html:217 Received JSON:  {t: "33.50", p: "-16.45"}
index.html:217 Received JSON:  {t: "33.51", p: "-17.81"}
index.html:217 Received JSON:  {t: "33.50", p: "-17.27"}
index.html:217 Received JSON:  {t: "33.51", p: "-17.81"}
index.html:217 Received JSON:  {t: "33.51", p: "-18.36"}
index.html:217 Received JSON:  {t: "33.52", p: "-19.18"}
index.html:217 Received JSON:  {t: "33.52", p: "-18.35"}
index.html:217 Received JSON:  {t: "33.53", p: "-19.17"}
index.html:217 Received JSON:  {t: "33.53", p: "-17.79"}
index.html:217 Received JSON:  {t: "33.53", p: "-16.97"}
index.html:217 Received JSON:  {t: "33.53", p: "-16.70"}
index.html:217 Received JSON:  {t: "33.53", p: "-14.50"}
index.html:217 Received JSON:  {t: "33.54", p: "-12.30"}
index.html:217 Received JSON:  {t: "33.54", p: "-7.36"}
index.html:217 Received JSON:  {t: "33.54", p: "-2.69"}
index.html:217 Received JSON:  {t: "33.54", p: "3.34"}
index.html:217 Received JSON:  {t: "33.54", p: "14.87"}
index.html:217 Received JSON:  {t: "33.54", p: "23.11"}
index.html:217 Received JSON:  {t: "33.54", p: "22.84"}
index.html:217 Received JSON:  {t: "33.55", p: "20.09"}
index.html:217 Received JSON:  {t: "33.55", p: "19.83"}
index.html:217 Received JSON:  {t: "33.55", p: "18.46"}
index.html:217 Received JSON:  {t: "33.56", p: "17.36"}
index.html:217 Received JSON:  {t: "33.56", p: "16.54"}
index.html:217 Received JSON:  {t: "33.56", p: "16.55"}
index.html:217 Received JSON:  {t: "33.56", p: "15.72"}
index.html:217 Received JSON:  {t: "33.57", p: "14.63"}
index.html:217 Received JSON:  {t: "33.58", p: "14.91"}
index.html:217 Received JSON:  {t: "33.58", p: "13.54"}
index.html:217 Received JSON:  {t: "33.58", p: "12.17"}
index.html:217 Received JSON:  {t: "33.58", p: "12.44"}
index.html:217 Received JSON:  {t: "33.58", p: "11.35"}
index.html:217 Received JSON:  {t: "33.58", p: "10.25"}
index.html:217 Received JSON:  {t: "33.58", p: "10.25"}
index.html:217 Received JSON:  {t: "33.59", p: "9.16"}
index.html:191 MAX:
index.html:192 17.444658152771247
index.html:217 Received JSON:  {t: "33.59", p: "8.89"}
index.html:217 Received JSON:  {t: "33.59", p: "9.72"}
index.html:217 Received JSON:  {t: "33.59", p: "6.69"}
index.html:217 Received JSON:  {t: "33.59", p: "6.42"}
index.html:217 Received JSON:  {t: "33.60", p: "5.59"}
index.html:217 Received JSON:  {t: "33.61", p: "4.51"}
index.html:217 Received JSON:  {t: "33.61", p: "4.23"}
index.html:217 Received JSON:  {t: "33.61", p: "3.68"}
index.html:217 Received JSON:  {t: "33.61", p: "3.69"}
index.html:217 Received JSON:  {t: "33.61", p: "2.04"}
index.html:217 Received JSON:  {t: "33.62", p: "2.05"}
index.html:217 Received JSON:  {t: "33.62", p: "1.49"}
index.html:217 Received JSON:  {t: "33.62", p: "1.23"}
index.html:217 Received JSON:  {t: "33.62", p: "1.78"}
index.html:217 Received JSON:  {t: "33.62", p: "1.49"}
index.html:217 Received JSON:  {t: "33.63", p: "1.51"}
index.html:217 Received JSON:  {t: "33.63", p: "2.06"}
index.html:217 Received JSON:  {t: "33.63", p: "0.96"}
index.html:217 Received JSON:  {t: "33.64", p: "0.69"}
index.html:217 Received JSON:  {t: "33.64", p: "-0.13"}
index.html:217 Received JSON:  {t: "33.64", p: "0.15"}
index.html:217 Received JSON:  {t: "33.64", p: "0.15"}
index.html:217 Received JSON:  {t: "33.65", p: "-0.13"}
index.html:217 Received JSON:  {t: "33.65", p: "-1.49"}
index.html:217 Received JSON:  {t: "33.65", p: "-2.31"}
index.html:217 Received JSON:  {t: "33.66", p: "-3.41"}
index.html:217 Received JSON:  {t: "33.65", p: "-3.96"}
index.html:217 Received JSON:  {t: "33.66", p: "-3.40"}
index.html:217 Received JSON:  {t: "33.66", p: "-3.96"}
index.html:217 Received JSON:  {t: "33.66", p: "-4.23"}
index.html:217 Received JSON:  {t: "33.67", p: "-3.13"}
index.html:217 Received JSON:  {t: "33.67", p: "-3.67"}
index.html:217 Received JSON:  {t: "33.67", p: "-3.13"}
index.html:217 Received JSON:  {t: "33.67", p: "-3.94"}
index.html:217 Received JSON:  {t: "33.68", p: "-2.56"}
index.html:217 Received JSON:  {t: "33.68", p: "-3.94"}
index.html:217 Received JSON:  {t: "33.68", p: "-3.39"}
index.html:217 Received JSON:  {t: "33.68", p: "-3.11"}
index.html:217 Received JSON:  {t: "33.69", p: "-3.11"}
index.html:217 Received JSON:  {t: "33.69", p: "-2.28"}
index.html:217 Received JSON:  {t: "33.69", p: "-3.10"}
index.html:217 Received JSON:  {t: "33.69", p: "-2.28"}
index.html:217 Received JSON:  {t: "33.69", p: "-2.55"}
index.html:217 Received JSON:  {t: "33.70", p: "-1.44"}
index.html:217 Received JSON:  {t: "33.69", p: "-1.73"}
index.html:217 Received JSON:  {t: "33.70", p: "-1.72"}
index.html:217 Received JSON:  {t: "33.70", p: "-2.54"}
index.html:217 Received JSON:  {t: "33.71", p: "-1.16"}
index.html:217 Received JSON:  {t: "33.70", p: "-1.17"}
index.html:217 Received JSON:  {t: "33.71", p: "-1.43"}
index.html:217 Received JSON:  {t: "33.71", p: "-1.16"}
index.html:217 Received JSON:  {t: "33.72", p: "-0.33"}
index.html:217 Received JSON:  {t: "33.72", p: "1.05"}
index.html:217 Received JSON:  {t: "33.72", p: "1.59"}
index.html:217 Received JSON:  {t: "33.73", p: "1.32"}
index.html:217 Received JSON:  {t: "33.72", p: "1.87"}
index.html:217 Received JSON:  {t: "33.73", p: "1.59"}
index.html:217 Received JSON:  {t: "33.73", p: "2.43"}
index.html:217 Received JSON:  {t: "33.74", p: "2.43"}
index.html:217 Received JSON:  {t: "33.74", p: "2.71"}
index.html:217 Received JSON:  {t: "33.74", p: "2.16"}
index.html:217 Received JSON:  {t: "33.74", p: "1.89"}
index.html:217 Received JSON:  {t: "33.74", p: "2.16"}
index.html:217 Received JSON:  {t: "33.74", p: "1.89"}
index.html:217 Received JSON:  {t: "33.75", p: "1.34"}
index.html:217 Received JSON:  {t: "33.75", p: "0.79"}
index.html:217 Received JSON:  {t: "33.75", p: "1.34"}
index.html:217 Received JSON:  {t: "33.75", p: "0.79"}
index.html:217 Received JSON:  {t: "33.76", p: "1.07"}
index.html:217 Received JSON:  {t: "33.76", p: "1.07"}
index.html:217 Received JSON:  {t: "33.76", p: "1.08"}
index.html:217 Received JSON:  {t: "33.76", p: "0.81"}
index.html:217 Received JSON:  {t: "33.77", p: "1.64"}
index.html:191 MAX:
index.html:192 1.9953859556499536
index.html:217 Received JSON:  {t: "33.77", p: "0.54"}
index.html:217 Received JSON:  {t: "33.77", p: "0.54"}
index.html:217 Received JSON:  {t: "33.78", p: "0.82"}
index.html:217 Received JSON:  {t: "33.77", p: "0.82"}
index.html:217 Received JSON:  {t: "33.78", p: "0.27"}
index.html:217 Received JSON:  {t: "33.78", p: "0.27"}
index.html:217 Received JSON:  {t: "33.78", p: "0.55"}
index.html:217 Received JSON:  {t: "33.78", p: "-0.27"}
index.html:217 Received JSON:  {t: "33.79", p: "0.28"}
index.html:217 Received JSON:  {t: "33.79", p: "-0.54"}
index.html:217 Received JSON:  {t: "33.79", p: "-1.36"}
index.html:217 Received JSON:  {t: "33.79", p: "-2.46"}
index.html:217 Received JSON:  {t: "33.79", p: "-3.56"}
index.html:217 Received JSON:  {t: "33.79", p: "-3.28"}
index.html:217 Received JSON:  {t: "33.79", p: "-4.10"}
index.html:217 Received JSON:  {t: "33.80", p: "-3.55"}
index.html:217 Received JSON:  {t: "33.80", p: "-4.10"}
index.html:217 Received JSON:  {t: "33.81", p: "-3.82"}
index.html:217 Received JSON:  {t: "33.81", p: "-2.72"}
index.html:217 Received JSON:  {t: "33.81", p: "-2.99"}
index.html:217 Received JSON:  {t: "33.82", p: "-2.44"}
index.html:217 Received JSON:  {t: "33.82", p: "-2.71"}
index.html:217 Received JSON:  {t: "33.82", p: "-2.71"}
index.html:217 Received JSON:  {t: "33.82", p: "-2.98"}
index.html:217 Received JSON:  {t: "33.82", p: "-2.16"}
index.html:217 Received JSON:  {t: "33.82", p: "-2.16"}
index.html:217 Received JSON:  {t: "33.83", p: "-1.60"}
index.html:217 Received JSON:  {t: "33.84", p: "-1.32"}
index.html:217 Received JSON:  {t: "33.84", p: "-1.87"}
index.html:217 Received JSON:  {t: "33.84", p: "-2.42"}
index.html:217 Received JSON:  {t: "33.84", p: "-1.59"}
index.html:217 Received JSON:  {t: "33.85", p: "-1.58"}
index.html:217 Received JSON:  {t: "33.84", p: "-1.04"}
index.html:217 Received JSON:  {t: "33.84", p: "-1.04"}
index.html:217 Received JSON:  {t: "33.85", p: "-1.31"}
index.html:217 Received JSON:  {t: "33.85", p: "-2.13"}
index.html:217 Received JSON:  {t: "33.84", p: "-1.04"}
index.html:217 Received JSON:  {t: "33.85", p: "-1.03"}
index.html:217 Received JSON:  {t: "33.85", p: "-0.75"}
index.html:217 Received JSON:  {t: "33.85", p: "0.07"}
index.html:217 Received JSON:  {t: "33.85", p: "0.89"}
index.html:217 Received JSON:  {t: "33.86", p: "2.27"}
index.html:217 Received JSON:  {t: "33.87", p: "2.83"}
index.html:217 Received JSON:  {t: "33.86", p: "2.55"}
index.html:217 Received JSON:  {t: "33.86", p: "1.99"}
index.html:217 Received JSON:  {t: "33.87", p: "1.73"}
index.html:217 Received JSON:  {t: "33.88", p: "2.29"}
index.html:217 Received JSON:  {t: "33.87", p: "1.73"}
index.html:217 Received JSON:  {t: "33.87", p: "1.73"}
index.html:217 Received JSON:  {t: "33.88", p: "2.01"}
index.html:217 Received JSON:  {t: "33.88", p: "1.74"}
index.html:217 Received JSON:  {t: "33.88", p: "2.02"}
index.html:217 Received JSON:  {t: "33.88", p: "1.19"}
index.html:217 Received JSON:  {t: "33.89", p: "1.75"}
index.html:217 Received JSON:  {t: "33.89", p: "2.02"}
index.html:217 Received JSON:  {t: "33.90", p: "1.48"}
index.html:217 Received JSON:  {t: "33.89", p: "1.48"}
index.html:217 Received JSON:  {t: "33.89", p: "0.93"}
index.html:217 Received JSON:  {t: "33.90", p: "1.76"}
index.html:217 Received JSON:  {t: "33.90", p: "0.94"}
index.html:191 MAX:
index.html:192 1.9385293945512518
index.html:217 Received JSON:  {t: "33.90", p: "1.76"}
index.html:217 Received JSON:  {t: "33.90", p: "1.21"}
index.html:217 Received JSON:  {t: "33.91", p: "1.49"}
index.html:217 Received JSON:  {t: "33.91", p: "0.67"}
index.html:217 Received JSON:  {t: "33.91", p: "0.94"}
index.html:217 Received JSON:  {t: "33.92", p: "0.13"}
index.html:217 Received JSON:  {t: "33.92", p: "-0.42"}
index.html:217 Received JSON:  {t: "33.92", p: "-1.25"}
index.html:217 Received JSON:  {t: "33.92", p: "-1.79"}
index.html:217 Received JSON:  {t: "33.92", p: "-2.89"}
index.html:217 Received JSON:  {t: "33.93", p: "-2.33"}
index.html:217 Received JSON:  {t: "33.92", p: "-2.62"}
index.html:217 Received JSON:  {t: "33.93", p: "-2.88"}
index.html:217 Received JSON:  {t: "33.93", p: "-2.34"}
index.html:217 Received JSON:  {t: "33.93", p: "-2.06"}
index.html:217 Received JSON:  {t: "33.93", p: "-2.05"}
index.html:217 Received JSON:  {t: "33.94", p: "-2.05"}
index.html:217 Received JSON:  {t: "33.94", p: "-1.50"}
index.html:217 Received JSON:  {t: "33.94", p: "-2.60"}
index.html:217 Received JSON:  {t: "33.94", p: "-1.77"}
index.html:217 Received JSON:  {t: "33.95", p: "-1.77"}
index.html:217 Received JSON:  {t: "33.95", p: "-1.49"}
index.html:217 Received JSON:  {t: "33.95", p: "-1.49"}
index.html:217 Received JSON:  {t: "33.95", p: "-1.76"}
index.html:217 Received JSON:  {t: "33.95", p: "-0.39"}
index.html:217 Received JSON:  {t: "33.96", p: "-1.76"}
index.html:217 Received JSON:  {t: "33.96", p: "-1.48"}
index.html:217 Received JSON:  {t: "33.97", p: "-0.65"}
index.html:217 Received JSON:  {t: "33.96", p: "-0.66"}
index.html:217 Received JSON:  {t: "33.97", p: "-0.65"}
index.html:217 Received JSON:  {t: "33.97", p: "-0.65"}
index.html:217 Received JSON:  {t: "33.97", p: "-0.37"}
index.html:217 Received JSON:  {t: "33.97", p: "-0.10"}
index.html:217 Received JSON:  {t: "33.97", p: "0.18"}
index.html:217 Received JSON:  {t: "33.98", p: "0.46"}
index.html:217 Received JSON:  {t: "33.98", p: "1.01"}
index.html:217 Received JSON:  {t: "33.98", p: "1.84"}
index.html:217 Received JSON:  {t: "33.98", p: "1.84"}
index.html:217 Received JSON:  {t: "33.98", p: "2.39"}
index.html:217 Received JSON:  {t: "33.99", p: "1.57"}
index.html:217 Received JSON:  {t: "33.99", p: "2.39"}
index.html:217 Received JSON:  {t: "33.99", p: "1.29"}
index.html:217 Received JSON:  {t: "33.99", p: "1.29"}
index.html:217 Received JSON:  {t: "33.99", p: "1.85"}
index.html:217 Received JSON:  {t: "34.00", p: "1.29"}
index.html:217 Received JSON:  {t: "34.00", p: "1.29"}
index.html:217 Received JSON:  {t: "34.01", p: "1.31"}
index.html:217 Received JSON:  {t: "34.01", p: "1.31"}
index.html:217 Received JSON:  {t: "34.01", p: "1.03"}
index.html:217 Received JSON:  {t: "34.01", p: "0.77"}
index.html:217 Received JSON:  {t: "34.01", p: "0.76"}
index.html:217 Received JSON:  {t: "34.01", p: "1.59"}
index.html:217 Received JSON:  {t: "34.01", p: "0.77"}
index.html:217 Received JSON:  {t: "34.02", p: "0.49"}
index.html:191 MAX:
index.html:192 1.6224192893490506
index.html:217 Received JSON:  {t: "34.02", p: "0.77"}
index.html:217 Received JSON:  {t: "34.03", p: "0.49"}
index.html:217 Received JSON:  {t: "34.03", p: "0.49"}
index.html:217 Received JSON:  {t: "34.03", p: "-0.05"}
index.html:217 Received JSON:  {t: "34.03", p: "0.23"}
index.html:217 Received JSON:  {t: "34.03", p: "0.51"}
index.html:217 Received JSON:  {t: "34.03", p: "-0.04"}
index.html:217 Received JSON:  {t: "34.04", p: "0.24"}
index.html:217 Received JSON:  {t: "34.03", p: "0.23"}
index.html:217 Received JSON:  {t: "34.04", p: "-0.86"}
index.html:217 Received JSON:  {t: "34.05", p: "-1.40"}
index.html:217 Received JSON:  {t: "34.05", p: "-1.13"}
index.html:217 Received JSON:  {t: "34.05", p: "-1.95"}
index.html:217 Received JSON:  {t: "34.05", p: "-1.40"}
index.html:217 Received JSON:  {t: "34.05", p: "-1.67"}
index.html:217 Received JSON:  {t: "34.06", p: "-1.12"}
index.html:217 Received JSON:  {t: "34.06", p: "-1.67"}
index.html:217 Received JSON:  {t: "34.06", p: "-1.94"}
index.html:217 Received JSON:  {t: "34.06", p: "-1.67"}
index.html:217 Received JSON:  {t: "34.06", p: "-1.67"}
index.html:217 Received JSON:  {t: "34.06", p: "-1.39"}
index.html:217 Received JSON:  {t: "34.07", p: "-1.66"}
index.html:217 Received JSON:  {t: "34.07", p: "-1.11"}
index.html:217 Received JSON:  {t: "34.07", p: "-0.83"}
index.html:217 Received JSON:  {t: "34.08", p: "-1.10"}
index.html:217 Received JSON:  {t: "34.07", p: "-0.83"}
index.html:217 Received JSON:  {t: "34.07", p: "-0.28"}
index.html:217 Received JSON:  {t: "34.08", p: "-0.83"}
index.html:217 Received JSON:  {t: "34.08", p: "-0.83"}
index.html:217 Received JSON:  {t: "34.08", p: "-1.10"}
index.html:217 Received JSON:  {t: "34.09", p: "-0.82"}
index.html:217 Received JSON:  {t: "34.09", p: "-0.27"}
index.html:217 Received JSON:  {t: "34.09", p: "0.29"}
index.html:217 Received JSON:  {t: "34.09", p: "0.02"}
index.html:217 Received JSON:  {t: "34.09", p: "0.01"}
index.html:217 Received JSON:  {t: "34.09", p: "1.39"}
index.html:217 Received JSON:  {t: "34.09", p: "1.66"}
index.html:217 Received JSON:  {t: "34.09", p: "2.21"}
index.html:217 Received JSON:  {t: "34.10", p: "2.49"}
index.html:217 Received JSON:  {t: "34.09", p: "1.94"}
index.html:217 Received JSON:  {t: "34.10", p: "1.95"}
index.html:217 Received JSON:  {t: "34.10", p: "1.67"}
index.html:217 Received JSON:  {t: "34.11", p: "1.39"}
index.html:217 Received JSON:  {t: "34.10", p: "1.67"}
index.html:217 Received JSON:  {t: "34.11", p: "1.41"}
index.html:217 Received JSON:  {t: "34.11", p: "1.96"}
index.html:217 Received JSON:  {t: "34.12", p: "0.59"}
index.html:217 Received JSON:  {t: "34.12", p: "1.14"}
index.html:217 Received JSON:  {t: "34.12", p: "1.96"}
index.html:217 Received JSON:  {t: "34.12", p: "1.14"}
index.html:217 Received JSON:  {t: "34.13", p: "0.87"}
index.html:217 Received JSON:  {t: "34.13", p: "1.15"}
index.html:217 Received JSON:  {t: "34.13", p: "1.42"}
index.html:217 Received JSON:  {t: "34.13", p: "0.32"}
index.html:191 MAX:
index.html:192 1.7053813047598867
index.html:217 Received JSON:  {t: "34.13", p: "0.59"}
index.html:217 Received JSON:  {t: "34.13", p: "1.15"}
index.html:217 Received JSON:  {t: "34.14", p: "1.16"}
index.html:217 Received JSON:  {t: "34.14", p: "1.16"}
index.html:217 Received JSON:  {t: "34.14", p: "0.33"}
index.html:217 Received JSON:  {t: "34.14", p: "0.33"}
index.html:217 Received JSON:  {t: "34.14", p: "0.33"}
index.html:217 Received JSON:  {t: "34.14", p: "0.33"}
index.html:217 Received JSON:  {t: "34.15", p: "-0.21"}
index.html:217 Received JSON:  {t: "34.15", p: "0.06"}
index.html:217 Received JSON:  {t: "34.15", p: "0.34"}
index.html:217 Received JSON:  {t: "34.16", p: "-0.20"}
index.html:217 Received JSON:  {t: "34.16", p: "-1.30"}
index.html:217 Received JSON:  {t: "34.16", p: "-1.85"}
index.html:217 Received JSON:  {t: "34.17", p: "-1.84"}
index.html:217 Received JSON:  {t: "34.16", p: "-2.40"}
index.html:217 Received JSON:  {t: "34.17", p: "-2.39"}
index.html:217 Received JSON:  {t: "34.17", p: "-1.29"}
index.html:217 Received JSON:  {t: "34.17", p: "-2.11"}
index.html:217 Received JSON:  {t: "34.17", p: "-1.84"}
index.html:217 Received JSON:  {t: "34.17", p: "-1.56"}
index.html:217 Received JSON:  {t: "34.17", p: "-1.56"}
index.html:217 Received JSON:  {t: "34.17", p: "-1.29"}
index.html:217 Received JSON:  {t: "34.18", p: "-1.28"}
index.html:217 Received JSON:  {t: "34.18", p: "-1.83"}
index.html:217 Received JSON:  {t: "34.18", p: "-1.28"}
index.html:217 Received JSON:  {t: "34.19", p: "-1.55"}
index.html:217 Received JSON:  {t: "34.19", p: "-0.99"}
index.html:217 Received JSON:  {t: "34.19", p: "-0.72"}
index.html:217 Received JSON:  {t: "34.19", p: "-1.27"}
index.html:217 Received JSON:  {t: "34.19", p: "-0.99"}
index.html:217 Received JSON:  {t: "34.19", p: "-0.17"}
index.html:217 Received JSON:  {t: "34.20", p: "-0.71"}
index.html:217 Received JSON:  {t: "34.20", p: "-0.71"}
index.html:217 Received JSON:  {t: "34.20", p: "-0.71"}
index.html:217 Received JSON:  {t: "34.21", p: "0.12"}
index.html:217 Received JSON:  {t: "34.21", p: "-0.98"}
index.html:217 Received JSON:  {t: "34.21", p: "0.94"}
index.html:217 Received JSON:  {t: "34.21", p: "1.22"}
index.html:217 Received JSON:  {t: "34.21", p: "1.77"}
index.html:217 Received JSON:  {t: "34.21", p: "2.32"}
index.html:217 Received JSON:  {t: "34.21", p: "2.59"}
index.html:217 Received JSON:  {t: "34.22", p: "2.05"}
index.html:217 Received JSON:  {t: "34.22", p: "1.51"}
index.html:217 Received JSON:  {t: "34.23", p: "1.79"}
index.html:217 Received JSON:  {t: "34.23", p: "1.52"}
index.html:217 Received JSON:  {t: "34.23", p: "1.24"}
index.html:217 Received JSON:  {t: "34.22", p: "0.96"}
index.html:217 Received JSON:  {t: "34.24", p: "1.25"}
index.html:217 Received JSON:  {t: "34.23", p: "1.24"}
index.html:217 Received JSON:  {t: "34.24", p: "0.97"}
index.html:217 Received JSON:  {t: "34.24", p: "1.25"}
index.html:217 Received JSON:  {t: "34.24", p: "1.25"}
index.html:217 Received JSON:  {t: "34.24", p: "0.97"}
index.html:217 Received JSON:  {t: "34.24", p: "0.97"}
index.html:217 Received JSON:  {t: "34.24", p: "0.69"}
index.html:191 MAX:
index.html:192 1.641997414215914
index.html:217 Received JSON:  {t: "34.24", p: "0.42"}
index.html:217 Received JSON:  {t: "34.24", p: "0.69"}
index.html:217 Received JSON:  {t: "34.24", p: "0.97"}
index.html:217 Received JSON:  {t: "34.24", p: "1.25"}
index.html:217 Received JSON:  {t: "34.25", p: "0.44"}
index.html:217 Received JSON:  {t: "34.26", p: "0.17"}
index.html:217 Received JSON:  {t: "34.26", p: "0.72"}
index.html:217 Received JSON:  {t: "34.25", p: "0.16"}
index.html:217 Received JSON:  {t: "34.26", p: "-0.10"}
index.html:217 Received JSON:  {t: "34.26", p: "0.17"}
index.html:217 Received JSON:  {t: "34.26", p: "-0.93"}
index.html:217 Received JSON:  {t: "34.26", p: "-1.75"}
index.html:217 Received JSON:  {t: "34.27", p: "-1.75"}
index.html:217 Received JSON:  {t: "34.27", p: "-1.75"}
index.html:217 Received JSON:  {t: "34.27", p: "-2.03"}
index.html:217 Received JSON:  {t: "34.28", p: "-2.29"}
index.html:217 Received JSON:  {t: "34.28", p: "-1.74"}
index.html:217 Received JSON:  {t: "34.28", p: "-2.84"}
index.html:217 Received JSON:  {t: "34.28", p: "-2.29"}
index.html:217 Received JSON:  {t: "34.28", p: "-1.74"}
index.html:217 Received JSON:  {t: "34.28", p: "-1.73"}
index.html:217 Received JSON:  {t: "34.28", p: "-1.74"}
index.html:217 Received JSON:  {t: "34.29", p: "-1.18"}
index.html:217 Received JSON:  {t: "34.29", p: "-1.18"}
index.html:217 Received JSON:  {t: "34.29", p: "-1.73"}
index.html:217 Received JSON:  {t: "34.29", p: "-1.18"}
index.html:217 Received JSON:  {t: "34.29", p: "-0.35"}
index.html:217 Received JSON:  {t: "34.29", p: "-0.90"}
index.html:217 Received JSON:  {t: "34.29", p: "-0.63"}
index.html:217 Received JSON:  {t: "34.30", p: "-0.89"}
index.html:217 Received JSON:  {t: "34.29", p: "-0.90"}
index.html:217 Received JSON:  {t: "34.31", p: "-0.61"}
index.html:217 Received JSON:  {t: "34.31", p: "-0.89"}
index.html:217 Received JSON:  {t: "34.31", p: "-0.06"}
index.html:217 Received JSON:  {t: "34.31", p: "0.49"}
index.html:217 Received JSON:  {t: "34.31", p: "0.49"}
index.html:217 Received JSON:  {t: "34.32", p: "-0.61"}
index.html:217 Received JSON:  {t: "34.32", p: "0.49"}
index.html:217 Received JSON:  {t: "34.31", p: "0.21"}
index.html:217 Received JSON:  {t: "34.32", p: "1.04"}
index.html:217 Received JSON:  {t: "34.32", p: "1.59"}
index.html:217 Received JSON:  {t: "34.32", p: "2.43"}
index.html:217 Received JSON:  {t: "34.32", p: "1.87"}
index.html:217 Received JSON:  {t: "34.32", p: "1.87"}
index.html:217 Received JSON:  {t: "34.32", p: "1.87"}
index.html:217 Received JSON:  {t: "34.33", p: "2.16"}
index.html:217 Received JSON:  {t: "34.33", p: "1.61"}
index.html:217 Received JSON:  {t: "34.33", p: "1.33"}
index.html:217 Received JSON:  {t: "34.34", p: "2.16"}
index.html:217 Received JSON:  {t: "34.34", p: "1.34"}
index.html:217 Received JSON:  {t: "34.34", p: "1.34"}
index.html:217 Received JSON:  {t: "34.34", p: "1.06"}
index.html:217 Received JSON:  {t: "34.34", p: "1.62"}
index.html:217 Received JSON:  {t: "34.35", p: "1.35"}
index.html:217 Received JSON:  {t: "34.35", p: "1.07"}
index.html:217 Received JSON:  {t: "34.35", p: "1.35"}
index.html:217 Received JSON:  {t: "34.35", p: "1.07"}
index.html:217 Received JSON:  {t: "34.35", p: "0.79"}
index.html:191 MAX:
index.html:192 1.7298743396034681
index.html:217 Received JSON:  {t: "34.36", p: "0.81"}
index.html:217 Received JSON:  {t: "34.36", p: "0.26"}
index.html:217 Received JSON:  {t: "34.36", p: "0.81"}
index.html:217 Received JSON:  {t: "34.36", p: "1.08"}
index.html:217 Received JSON:  {t: "34.36", p: "0.53"}
index.html:217 Received JSON:  {t: "34.36", p: "0.81"}
index.html:217 Received JSON:  {t: "34.36", p: "-0.01"}
index.html:217 Received JSON:  {t: "34.37", p: "0.27"}
index.html:217 Received JSON:  {t: "34.37", p: "-0.01"}
index.html:217 Received JSON:  {t: "34.37", p: "-0.01"}
index.html:217 Received JSON:  {t: "34.37", p: "-0.83"}
index.html:217 Received JSON:  {t: "34.38", p: "-1.10"}
index.html:217 Received JSON:  {t: "34.38", p: "-1.65"}
index.html:217 Received JSON:  {t: "34.38", p: "-1.65"}
index.html:217 Received JSON:  {t: "34.38", p: "-1.64"}
index.html:217 Received JSON:  {t: "34.38", p: "-1.64"}
index.html:217 Received JSON:  {t: "34.39", p: "-0.82"}
index.html:217 Received JSON:  {t: "34.38", p: "-0.82"}
index.html:217 Received JSON:  {t: "34.39", p: "-1.37"}
index.html:217 Received JSON:  {t: "34.39", p: "-1.09"}
index.html:217 Received JSON:  {t: "34.39", p: "-0.81"}
index.html:217 Received JSON:  {t: "34.39", p: "-0.54"}
index.html:217 Received JSON:  {t: "34.39", p: "-1.36"}
index.html:217 Received JSON:  {t: "34.39", p: "-0.53"}
index.html:217 Received JSON:  {t: "34.40", p: "-0.53"}
index.html:217 Received JSON:  {t: "34.40", p: "-0.53"}
index.html:217 Received JSON:  {t: "34.40", p: "-0.25"}
