index.html:314 The specified value "age here" cannot be parsed, or is out of range.
index.html:238 
puck.js:371 <BLE> Device Name:       MDBT42Q 51da
puck.js:371 <BLE> Device ID:         5hCdXYp5pTFNmybqlkNNIQ==
puck.js:371 <BLE> Connected
puck.js:371 <BLE> ERROR: NotFoundError: User cancelled the requestDevice() chooser.
index.html:217 Received JSON:  {t: "39.98", p: "1008.39"}
index.html:217 Received JSON:  {t: "39.98", p: "1007.81"}
index.html:217 Received JSON:  {t: "39.98", p: "1008.69"}
index.html:217 Received JSON:  {t: "39.98", p: "1008.11"}
index.html:217 Received JSON:  {t: "39.99", p: "1008.41"}
index.html:217 Received JSON:  {t: "39.98", p: "1008.11"}
index.html:217 Received JSON:  {t: "39.99", p: "1008.11"}
index.html:217 Received JSON:  {t: "39.99", p: "1007.83"}
index.html:217 Received JSON:  {t: "39.99", p: "1007.82"}
index.html:217 Received JSON:  {t: "39.99", p: "1007.83"}
index.html:217 Received JSON:  {t: "39.99", p: "1008.12"}
index.html:217 Received JSON:  {t: "40.00", p: "1007.54"}
index.html:217 Received JSON:  {t: "40.01", p: "1008.44"}
index.html:217 Received JSON:  {t: "40.01", p: "1007.84"}
index.html:217 Received JSON:  {t: "40.00", p: "1007.84"}
index.html:217 Received JSON:  {t: "40.00", p: "1007.84"}
index.html:217 Received JSON:  {t: "40.01", p: "1007.85"}
index.html:217 Received JSON:  {t: "40.01", p: "1008.14"}
index.html:217 Received JSON:  {t: "40.01", p: "1007.55"}
index.html:217 Received JSON:  {t: "40.02", p: "1008.15"}
index.html:217 Received JSON:  {t: "40.01", p: "1008.44"}
index.html:217 Received JSON:  {t: "40.02", p: "1008.15"}
index.html:217 Received JSON:  {t: "40.01", p: "1007.85"}
index.html:174 MAX:
index.html:175 1008.3994695187351
index.html:217 Received JSON:  {t: "40.02", p: "1008.46"}
index.html:217 Received JSON:  {t: "40.02", p: "1008.75"}
index.html:217 Received JSON:  {t: "40.02", p: "1008.74"}
index.html:217 Received JSON:  {t: "40.02", p: "1008.75"}
index.html:217 Received JSON:  {t: "40.02", p: "1008.75"}
index.html:217 Received JSON:  {t: "40.02", p: "1008.15"}
index.html:217 Received JSON:  {t: "40.02", p: "1008.46"}
index.html:217 Received JSON:  {t: "40.02", p: "1008.76"}
index.html:217 Received JSON:  {t: "40.02", p: "1008.46"}
index.html:217 Received JSON:  {t: "40.03", p: "1008.76"}
index.html:217 Received JSON:  {t: "40.03", p: "1008.76"}
index.html:217 Received JSON:  {t: "40.03", p: "1008.47"}
index.html:217 Received JSON:  {t: "40.03", p: "1009.07"}
index.html:217 Received JSON:  {t: "40.03", p: "1008.47"}
index.html:217 Received JSON:  {t: "40.03", p: "1008.76"}
index.html:217 Received JSON:  {t: "40.03", p: "1008.76"}
index.html:217 Received JSON:  {t: "40.03", p: "1008.77"}
index.html:217 Received JSON:  {t: "40.04", p: "1008.48"}
index.html:217 Received JSON:  {t: "40.04", p: "1008.19"}
index.html:217 Received JSON:  {t: "40.03", p: "1008.18"}
index.html:217 Received JSON:  {t: "40.04", p: "1008.18"}
index.html:217 Received JSON:  {t: "40.04", p: "1008.78"}
index.html:217 Received JSON:  {t: "40.04", p: "1008.78"}
index.html:217 Received JSON:  {t: "40.04", p: "1007.59"}
index.html:217 Received JSON:  {t: "40.05", p: "1007.31"}
index.html:191 MAX:
index.html:192 1009.1039197356868
index.html:217 Received JSON:  {t: "40.05", p: "1007.90"}
index.html:217 Received JSON:  {t: "40.05", p: "1008.19"}
index.html:217 Received JSON:  {t: "40.05", p: "1008.49"}
index.html:217 Received JSON:  {t: "40.05", p: "1008.79"}
index.html:217 Received JSON:  {t: "40.05", p: "1007.90"}
index.html:217 Received JSON:  {t: "40.05", p: "1008.20"}
index.html:217 Received JSON:  {t: "40.06", p: "1008.21"}
index.html:217 Received JSON:  {t: "40.06", p: "1008.22"}
index.html:217 Received JSON:  {t: "40.06", p: "1008.22"}
index.html:217 Received JSON:  {t: "40.06", p: "1007.92"}
index.html:217 Received JSON:  {t: "40.06", p: "1008.51"}
index.html:217 Received JSON:  {t: "40.06", p: "1008.51"}
index.html:217 Received JSON:  {t: "40.06", p: "1008.81"}
index.html:217 Received JSON:  {t: "40.06", p: "1007.93"}
index.html:217 Received JSON:  {t: "40.06", p: "1008.81"}
index.html:217 Received JSON:  {t: "40.06", p: "1008.22"}
index.html:217 Received JSON:  {t: "40.07", p: "1008.23"}
index.html:217 Received JSON:  {t: "40.06", p: "1007.93"}
index.html:217 Received JSON:  {t: "40.07", p: "1008.23"}
index.html:217 Received JSON:  {t: "40.07", p: "1008.53"}
index.html:217 Received JSON:  {t: "40.07", p: "1008.83"}
index.html:217 Received JSON:  {t: "40.08", p: "1007.94"}
index.html:217 Received JSON:  {t: "40.08", p: "1008.54"}
index.html:217 Received JSON:  {t: "40.08", p: "1008.54"}
index.html:217 Received JSON:  {t: "40.08", p: "1008.83"}
index.html:217 Received JSON:  {t: "40.08", p: "1008.54"}
index.html:217 Received JSON:  {t: "40.08", p: "1008.25"}
index.html:191 MAX:
index.html:192 1008.7910648386536
index.html:217 Received JSON:  {t: "40.08", p: "1007.94"}
index.html:217 Received JSON:  {t: "40.08", p: "1008.54"}
index.html:217 Received JSON:  {t: "40.08", p: "1008.84"}
index.html:217 Received JSON:  {t: "40.09", p: "1007.96"}
index.html:217 Received JSON:  {t: "40.09", p: "1007.66"}
index.html:217 Received JSON:  {t: "40.09", p: "1007.96"}
index.html:217 Received JSON:  {t: "40.09", p: "1008.25"}
index.html:217 Received JSON:  {t: "40.09", p: "1008.27"}
index.html:217 Received JSON:  {t: "40.09", p: "1007.37"}
index.html:191 MAX:
index.html:192 1008.8757340405834
index.html:217 Received JSON:  {t: "40.10", p: "1007.98"}
index.html:217 Received JSON:  {t: "40.09", p: "1008.27"}
index.html:217 Received JSON:  {t: "40.09", p: "1007.97"}
index.html:217 Received JSON:  {t: "40.09", p: "1007.97"}
index.html:217 Received JSON:  {t: "40.10", p: "1007.98"}
index.html:217 Received JSON:  {t: "40.10", p: "1007.68"}
index.html:217 Received JSON:  {t: "40.10", p: "1007.98"}
index.html:217 Received JSON:  {t: "40.10", p: "1008.27"}
index.html:217 Received JSON:  {t: "40.10", p: "1007.69"}
index.html:217 Received JSON:  {t: "40.10", p: "1008.27"}
index.html:217 Received JSON:  {t: "40.10", p: "1007.98"}
index.html:217 Received JSON:  {t: "40.10", p: "1008.57"}
index.html:217 Received JSON:  {t: "40.10", p: "1008.28"}
index.html:217 Received JSON:  {t: "40.11", p: "1008.58"}
index.html:217 Received JSON:  {t: "40.11", p: "1008.28"}
index.html:217 Received JSON:  {t: "40.11", p: "1008.29"}
index.html:217 Received JSON:  {t: "40.12", p: "1008.29"}
index.html:217 Received JSON:  {t: "40.12", p: "1008.29"}
index.html:217 Received JSON:  {t: "40.12", p: "1008.29"}
index.html:217 Received JSON:  {t: "40.12", p: "1008.00"}
index.html:217 Received JSON:  {t: "40.12", p: "1008.89"}
index.html:217 Received JSON:  {t: "40.12", p: "1007.71"}
index.html:217 Received JSON:  {t: "40.12", p: "1008.30"}
index.html:217 Received JSON:  {t: "40.12", p: "1008.30"}
index.html:217 Received JSON:  {t: "40.12", p: "1008.59"}
index.html:217 Received JSON:  {t: "40.13", p: "1008.61"}
index.html:217 Received JSON:  {t: "40.13", p: "1008.31"}
index.html:217 Received JSON:  {t: "40.13", p: "1008.31"}
index.html:217 Received JSON:  {t: "40.13", p: "1008.32"}
index.html:191 MAX:
index.html:192 1008.7470386420033
index.html:217 Received JSON:  {t: "40.13", p: "1008.02"}
index.html:217 Received JSON:  {t: "40.13", p: "1007.73"}
index.html:217 Received JSON:  {t: "40.13", p: "1008.61"}
index.html:217 Received JSON:  {t: "40.13", p: "1007.73"}
index.html:217 Received JSON:  {t: "40.13", p: "1007.73"}
index.html:217 Received JSON:  {t: "40.14", p: "1007.74"}
index.html:217 Received JSON:  {t: "40.13", p: "1008.32"}
index.html:217 Received JSON:  {t: "40.35", p: "0.49"}
index.html:191 MAX:
index.html:192 1008.7639322309574
index.html:217 Received JSON:  {t: "40.36", p: "0.50"}
index.html:217 Received JSON:  {t: "40.36", p: "1.39"}
index.html:191 MAX:
index.html:192 1009.1803572138368
index.html:217 Received JSON:  {t: "40.36", p: "1.39"}
index.html:217 Received JSON:  {t: "40.36", p: "1.39"}
index.html:217 Received JSON:  {t: "40.36", p: "0.80"}
index.html:217 Received JSON:  {t: "40.36", p: "1.10"}
index.html:217 Received JSON:  {t: "40.36", p: "0.51"}
index.html:217 Received JSON:  {t: "40.36", p: "0.51"}
index.html:217 Received JSON:  {t: "40.37", p: "1.12"}
index.html:217 Received JSON:  {t: "40.38", p: "2.01"}
index.html:217 Received JSON:  {t: "40.37", p: "1.41"}
index.html:217 Received JSON:  {t: "40.37", p: "1.41"}
index.html:217 Received JSON:  {t: "40.38", p: "0.83"}
index.html:217 Received JSON:  {t: "40.38", p: "1.12"}
index.html:217 Received JSON:  {t: "40.38", p: "0.23"}
index.html:217 Received JSON:  {t: "40.38", p: "0.83"}
index.html:217 Received JSON:  {t: "40.39", p: "0.54"}
index.html:217 Received JSON:  {t: "40.38", p: "0.54"}
index.html:217 Received JSON:  {t: "40.39", p: "0.54"}
index.html:217 Received JSON:  {t: "40.39", p: "1.14"}
index.html:217 Received JSON:  {t: "40.39", p: "1.14"}
index.html:217 Received JSON:  {t: "40.39", p: "0.25"}
index.html:217 Received JSON:  {t: "40.39", p: "0.56"}
index.html:217 Received JSON:  {t: "40.39", p: "1.44"}
index.html:217 Received JSON:  {t: "40.39", p: "1.44"}
index.html:217 Received JSON:  {t: "40.39", p: "0.85"}
index.html:217 Received JSON:  {t: "40.40", p: "0.56"}
index.html:217 Received JSON:  {t: "40.40", p: "0.27"}
index.html:217 Received JSON:  {t: "40.40", p: "1.45"}
index.html:217 Received JSON:  {t: "40.40", p: "1.15"}
index.html:217 Received JSON:  {t: "40.40", p: "-0.01"}
index.html:217 Received JSON:  {t: "40.41", p: "1.17"}
index.html:217 Received JSON:  {t: "40.41", p: "1.17"}
index.html:217 Received JSON:  {t: "40.41", p: "0.57"}
index.html:217 Received JSON:  {t: "40.41", p: "1.17"}
index.html:217 Received JSON:  {t: "40.41", p: "1.17"}
index.html:217 Received JSON:  {t: "40.41", p: "0.58"}
index.html:217 Received JSON:  {t: "40.41", p: "0.88"}
index.html:191 MAX:
index.html:192 0.8804114875380932
index.html:217 Received JSON:  {t: "40.42", p: "0.30"}
index.html:217 Received JSON:  {t: "40.42", p: "0.29"}
index.html:217 Received JSON:  {t: "40.42", p: "0.88"}
index.html:217 Received JSON:  {t: "40.43", p: "0.30"}
index.html:217 Received JSON:  {t: "40.42", p: "1.19"}
index.html:217 Received JSON:  {t: "40.43", p: "0.90"}
index.html:191 MAX:
index.html:192 0.866616643558081
index.html:217 Received JSON:  {t: "40.42", p: "0.89"}
index.html:217 Received JSON:  {t: "40.43", p: "1.49"}
index.html:217 Received JSON:  {t: "40.43", p: "0.90"}
index.html:217 Received JSON:  {t: "40.43", p: "0.90"}
index.html:217 Received JSON:  {t: "40.43", p: "0.91"}
index.html:217 Received JSON:  {t: "40.43", p: "0.90"}
index.html:217 Received JSON:  {t: "40.43", p: "0.91"}
index.html:217 Received JSON:  {t: "40.44", p: "0.91"}
index.html:217 Received JSON:  {t: "40.44", p: "0.62"}
index.html:217 Received JSON:  {t: "40.44", p: "0.91"}
index.html:217 Received JSON:  {t: "40.44", p: "1.22"}
index.html:217 Received JSON:  {t: "40.44", p: "0.62"}
index.html:217 Received JSON:  {t: "40.44", p: "1.51"}
index.html:217 Received JSON:  {t: "40.45", p: "0.93"}
index.html:217 Received JSON:  {t: "40.44", p: "1.22"}
index.html:217 Received JSON:  {t: "40.45", p: "1.22"}
index.html:191 MAX:
index.html:192 0.9449509081279713
index.html:217 Received JSON:  {t: "40.44", p: "0.62"}
index.html:217 Received JSON:  {t: "40.45", p: "1.22"}
index.html:217 Received JSON:  {t: "40.45", p: "1.53"}
index.html:217 Received JSON:  {t: "40.46", p: "0.64"}
index.html:217 Received JSON:  {t: "40.45", p: "0.93"}
index.html:217 Received JSON:  {t: "40.45", p: "0.93"}
index.html:217 Received JSON:  {t: "40.46", p: "0.64"}
index.html:217 Received JSON:  {t: "40.46", p: "0.34"}
index.html:217 Received JSON:  {t: "40.46", p: "0.94"}
index.html:217 Received JSON:  {t: "40.46", p: "0.94"}
index.html:217 Received JSON:  {t: "40.46", p: "1.24"}
index.html:217 Received JSON:  {t: "40.47", p: "0.66"}
index.html:191 MAX:
index.html:192 1.0529910185887956
index.html:217 Received JSON:  {t: "40.47", p: "0.96"}
index.html:217 Received JSON:  {t: "40.47", p: "0.66"}
index.html:217 Received JSON:  {t: "40.47", p: "0.66"}
index.html:217 Received JSON:  {t: "40.47", p: "0.97"}
index.html:217 Received JSON:  {t: "40.47", p: "0.97"}
index.html:217 Received JSON:  {t: "40.47", p: "1.55"}
index.html:217 Received JSON:  {t: "40.48", p: "0.38"}
index.html:217 Received JSON:  {t: "40.47", p: "0.07"}
index.html:217 Received JSON:  {t: "40.48", p: "1.27"}
index.html:217 Received JSON:  {t: "40.48", p: "1.27"}
index.html:217 Received JSON:  {t: "40.48", p: "0.68"}
index.html:217 Received JSON:  {t: "40.48", p: "0.97"}
index.html:217 Received JSON:  {t: "40.48", p: "1.57"}
index.html:217 Received JSON:  {t: "40.48", p: "0.97"}
index.html:217 Received JSON:  {t: "40.48", p: "0.97"}
index.html:217 Received JSON:  {t: "40.49", p: "0.98"}
index.html:217 Received JSON:  {t: "40.48", p: "0.98"}
index.html:217 Received JSON:  {t: "40.49", p: "0.69"}
index.html:217 Received JSON:  {t: "40.49", p: "0.98"}
index.html:217 Received JSON:  {t: "40.49", p: "1.28"}
index.html:217 Received JSON:  {t: "40.49", p: "1.00"}
index.html:217 Received JSON:  {t: "40.50", p: "1.00"}
index.html:217 Received JSON:  {t: "40.49", p: "1.00"}
index.html:217 Received JSON:  {t: "40.49", p: "1.29"}
index.html:217 Received JSON:  {t: "40.51", p: "0.71"}
index.html:217 Received JSON:  {t: "40.50", p: "0.71"}
index.html:217 Received JSON:  {t: "40.51", p: "1.31"}
index.html:217 Received JSON:  {t: "40.50", p: "1.00"}
index.html:191 MAX:
index.html:192 1.0126080021097086
index.html:217 Received JSON:  {t: "40.51", p: "1.60"}
index.html:217 Received JSON:  {t: "40.51", p: "0.72"}
index.html:217 Received JSON:  {t: "40.51", p: "0.42"}
index.html:217 Received JSON:  {t: "40.51", p: "1.31"}
index.html:217 Received JSON:  {t: "40.52", p: "1.32"}
index.html:217 Received JSON:  {t: "40.51", p: "1.02"}
index.html:217 Received JSON:  {t: "40.51", p: "1.61"}
index.html:217 Received JSON:  {t: "40.52", p: "0.73"}
index.html:217 Received JSON:  {t: "40.52", p: "1.32"}
index.html:217 Received JSON:  {t: "40.52", p: "1.33"}
index.html:217 Received JSON:  {t: "40.52", p: "0.44"}
index.html:217 Received JSON:  {t: "40.52", p: "0.74"}
index.html:217 Received JSON:  {t: "40.52", p: "0.74"}
index.html:217 Received JSON:  {t: "40.52", p: "1.03"}
index.html:217 Received JSON:  {t: "40.52", p: "0.74"}
index.html:217 Received JSON:  {t: "40.52", p: "0.44"}
index.html:217 Received JSON:  {t: "40.53", p: "0.16"}
index.html:217 Received JSON:  {t: "40.53", p: "1.04"}
index.html:191 MAX:
index.html:192 1.0874755008272765
index.html:217 Received JSON:  {t: "40.53", p: "1.04"}
index.html:217 Received JSON:  {t: "40.53", p: "0.45"}
index.html:217 Received JSON:  {t: "40.54", p: "0.17"}
index.html:217 Received JSON:  {t: "40.54", p: "1.05"}
index.html:217 Received JSON:  {t: "40.54", p: "0.46"}
index.html:217 Received JSON:  {t: "40.54", p: "1.06"}
index.html:217 Received JSON:  {t: "40.54", p: "1.36"}
index.html:217 Received JSON:  {t: "40.54", p: "1.35"}
index.html:217 Received JSON:  {t: "40.55", p: "0.77"}
index.html:217 Received JSON:  {t: "40.55", p: "1.36"}
index.html:217 Received JSON:  {t: "40.54", p: "0.17"}
index.html:217 Received JSON:  {t: "40.55", p: "1.66"}
index.html:217 Received JSON:  {t: "40.55", p: "1.08"}
index.html:217 Received JSON:  {t: "40.55", p: "1.66"}
index.html:217 Received JSON:  {t: "40.55", p: "1.08"}
index.html:217 Received JSON:  {t: "40.55", p: "0.49"}
index.html:217 Received JSON:  {t: "40.55", p: "1.08"}
index.html:217 Received JSON:  {t: "40.55", p: "1.37"}
index.html:217 Received JSON:  {t: "40.55", p: "0.49"}
index.html:217 Received JSON:  {t: "40.56", p: "1.09"}
index.html:217 Received JSON:  {t: "40.56", p: "1.09"}
index.html:217 Received JSON:  {t: "40.56", p: "1.39"}
index.html:217 Received JSON:  {t: "40.57", p: "1.10"}
index.html:217 Received JSON:  {t: "40.56", p: "0.79"}
index.html:217 Received JSON:  {t: "40.57", p: "1.10"}
index.html:191 MAX:
index.html:192 1.0882784490774562
index.html:217 Received JSON:  {t: "40.57", p: "1.10"}
index.html:217 Received JSON:  {t: "40.57", p: "1.10"}
index.html:217 Received JSON:  {t: "40.57", p: "1.10"}
index.html:217 Received JSON:  {t: "40.57", p: "1.40"}
index.html:217 Received JSON:  {t: "40.58", p: "1.41"}
index.html:217 Received JSON:  {t: "40.57", p: "1.10"}
index.html:217 Received JSON:  {t: "40.58", p: "1.12"}
index.html:217 Received JSON:  {t: "40.58", p: "1.11"}
index.html:217 Received JSON:  {t: "40.58", p: "0.81"}
index.html:217 Received JSON:  {t: "40.58", p: "0.52"}
index.html:217 Received JSON:  {t: "40.59", p: "1.12"}
index.html:217 Received JSON:  {t: "40.59", p: "0.53"}
index.html:217 Received JSON:  {t: "40.58", p: "1.12"}
index.html:217 Received JSON:  {t: "40.59", p: "1.12"}
index.html:217 Received JSON:  {t: "40.59", p: "0.54"}
index.html:191 MAX:
index.html:192 1.1364878689462166
index.html:217 Received JSON:  {t: "40.59", p: "1.14"}
index.html:217 Received JSON:  {t: "40.59", p: "0.84"}
index.html:217 Received JSON:  {t: "40.59", p: "0.84"}
index.html:217 Received JSON:  {t: "40.59", p: "1.73"}
index.html:217 Received JSON:  {t: "40.59", p: "0.84"}
index.html:217 Received JSON:  {t: "40.59", p: "0.84"}
index.html:217 Received JSON:  {t: "40.59", p: "1.14"}
index.html:217 Received JSON:  {t: "40.60", p: "1.44"}
index.html:217 Received JSON:  {t: "40.60", p: "0.26"}
index.html:217 Received JSON:  {t: "40.60", p: "0.56"}
index.html:217 Received JSON:  {t: "40.61", p: "0.86"}
index.html:217 Received JSON:  {t: "40.61", p: "0.57"}
index.html:217 Received JSON:  {t: "40.61", p: "0.86"}
index.html:217 Received JSON:  {t: "40.61", p: "0.86"}
index.html:217 Received JSON:  {t: "40.61", p: "1.15"}
index.html:217 Received JSON:  {t: "40.61", p: "0.86"}
index.html:191 MAX:
index.html:192 0.994894717731533
index.html:217 Received JSON:  {t: "40.61", p: "0.56"}
index.html:217 Received JSON:  {t: "40.62", p: "1.46"}
index.html:217 Received JSON:  {t: "40.62", p: "1.46"}
index.html:217 Received JSON:  {t: "40.62", p: "0.87"}
index.html:217 Received JSON:  {t: "40.62", p: "1.18"}
index.html:217 Received JSON:  {t: "40.62", p: "0.88"}
index.html:217 Received JSON:  {t: "40.62", p: "1.17"}
index.html:217 Received JSON:  {t: "40.62", p: "1.17"}
index.html:217 Received JSON:  {t: "40.62", p: "0.88"}
index.html:217 Received JSON:  {t: "40.63", p: "1.78"}
index.html:217 Received JSON:  {t: "40.63", p: "1.19"}
index.html:217 Received JSON:  {t: "40.63", p: "1.19"}
index.html:217 Received JSON:  {t: "40.64", p: "0.90"}
index.html:217 Received JSON:  {t: "40.62", p: "0.88"}
index.html:217 Received JSON:  {t: "40.63", p: "0.90"}
index.html:217 Received JSON:  {t: "40.63", p: "1.49"}
index.html:217 Received JSON:  {t: "40.64", p: "0.61"}
index.html:217 Received JSON:  {t: "40.64", p: "1.20"}
index.html:217 Received JSON:  {t: "40.64", p: "0.90"}
index.html:217 Received JSON:  {t: "40.64", p: "1.20"}
index.html:217 Received JSON:  {t: "40.64", p: "0.91"}
index.html:191 MAX:
index.html:192 1.1453190179278514
index.html:217 Received JSON:  {t: "40.64", p: "1.20"}
index.html:217 Received JSON:  {t: "40.64", p: "1.50"}
index.html:217 Received JSON:  {t: "40.65", p: "0.92"}
index.html:217 Received JSON:  {t: "40.65", p: "1.80"}
index.html:217 Received JSON:  {t: "40.65", p: "1.21"}
index.html:217 Received JSON:  {t: "40.64", p: "1.20"}
index.html:217 Received JSON:  {t: "40.65", p: "1.81"}
index.html:217 Received JSON:  {t: "40.65", p: "1.22"}
index.html:217 Received JSON:  {t: "40.65", p: "1.22"}
index.html:217 Received JSON:  {t: "40.66", p: "1.52"}
index.html:217 Received JSON:  {t: "40.66", p: "0.64"}
index.html:217 Received JSON:  {t: "40.66", p: "1.22"}
index.html:217 Received JSON:  {t: "40.66", p: "1.24"}
index.html:217 Received JSON:  {t: "40.66", p: "1.53"}
index.html:217 Received JSON:  {t: "40.66", p: "0.94"}
index.html:217 Received JSON:  {t: "40.66", p: "1.53"}
index.html:217 Received JSON:  {t: "40.66", p: "1.24"}
index.html:217 Received JSON:  {t: "40.67", p: "1.54"}
index.html:217 Received JSON:  {t: "40.66", p: "1.24"}
index.html:191 MAX:
index.html:192 1.316786671401846
index.html:217 Received JSON:  {t: "40.66", p: "1.53"}
index.html:217 Received JSON:  {t: "40.67", p: "1.24"}
index.html:217 Received JSON:  {t: "40.67", p: "0.65"}
index.html:217 Received JSON:  {t: "40.67", p: "0.36"}
index.html:217 Received JSON:  {t: "40.67", p: "1.54"}
index.html:217 Received JSON:  {t: "40.67", p: "1.24"}
index.html:217 Received JSON:  {t: "40.68", p: "0.66"}
index.html:217 Received JSON:  {t: "40.68", p: "0.67"}
index.html:217 Received JSON:  {t: "40.68", p: "0.96"}
index.html:191 MAX:
index.html:192 1.273031435528119
index.html:217 Received JSON:  {t: "40.69", p: "0.67"}
index.html:217 Received JSON:  {t: "40.68", p: "1.55"}
index.html:217 Received JSON:  {t: "40.69", p: "1.27"}
index.html:217 Received JSON:  {t: "40.69", p: "1.27"}
index.html:217 Received JSON:  {t: "40.69", p: "0.97"}
index.html:217 Received JSON:  {t: "40.69", p: "0.97"}
index.html:217 Received JSON:  {t: "40.69", p: "1.57"}
index.html:217 Received JSON:  {t: "40.69", p: "1.57"}
index.html:217 Received JSON:  {t: "40.69", p: "1.28"}
index.html:217 Received JSON:  {t: "40.69", p: "0.98"}
index.html:217 Received JSON:  {t: "40.69", p: "0.98"}
index.html:217 Received JSON:  {t: "40.69", p: "1.28"}
index.html:217 Received JSON:  {t: "40.69", p: "0.98"}
index.html:217 Received JSON:  {t: "40.69", p: "0.98"}
index.html:217 Received JSON:  {t: "40.69", p: "1.28"}
index.html:217 Received JSON:  {t: "40.70", p: "0.69"}
index.html:217 Received JSON:  {t: "40.70", p: "1.58"}
index.html:217 Received JSON:  {t: "40.70", p: "1.00"}
index.html:217 Received JSON:  {t: "40.70", p: "0.69"}
index.html:217 Received JSON:  {t: "40.70", p: "0.69"}
index.html:191 MAX:
index.html:192 1.2107962211438488
index.html:217 Received JSON:  {t: "40.70", p: "0.70"}
index.html:217 Received JSON:  {t: "40.70", p: "0.40"}
index.html:217 Received JSON:  {t: "40.70", p: "0.70"}
index.html:217 Received JSON:  {t: "40.71", p: "1.01"}
index.html:217 Received JSON:  {t: "40.71", p: "1.30"}
index.html:217 Received JSON:  {t: "40.71", p: "1.31"}
index.html:217 Received JSON:  {t: "40.71", p: "0.71"}
index.html:217 Received JSON:  {t: "40.71", p: "0.71"}
index.html:217 Received JSON:  {t: "40.71", p: "1.01"}
index.html:217 Received JSON:  {t: "40.71", p: "1.31"}
index.html:217 Received JSON:  {t: "40.71", p: "1.30"}
index.html:217 Received JSON:  {t: "40.72", p: "1.61"}
index.html:217 Received JSON:  {t: "40.72", p: "1.02"}
index.html:217 Received JSON:  {t: "40.72", p: "1.02"}
index.html:217 Received JSON:  {t: "40.72", p: "0.43"}
index.html:217 Received JSON:  {t: "40.72", p: "0.72"}
index.html:217 Received JSON:  {t: "40.72", p: "1.91"}
index.html:217 Received JSON:  {t: "40.72", p: "0.72"}
index.html:217 Received JSON:  {t: "40.73", p: "1.62"}
index.html:217 Received JSON:  {t: "40.73", p: "1.33"}
index.html:217 Received JSON:  {t: "40.72", p: "0.73"}
index.html:217 Received JSON:  {t: "40.73", p: "1.03"}
index.html:217 Received JSON:  {t: "40.73", p: "1.03"}
index.html:217 Received JSON:  {t: "40.74", p: "1.04"}
index.html:217 Received JSON:  {t: "40.73", p: "1.32"}
index.html:191 MAX:
index.html:192 1.0984254586389126
index.html:217 Received JSON:  {t: "40.74", p: "1.63"}
index.html:217 Received JSON:  {t: "40.74", p: "1.64"}
index.html:217 Received JSON:  {t: "40.74", p: "0.74"}
index.html:217 Received JSON:  {t: "40.74", p: "1.34"}
index.html:217 Received JSON:  {t: "40.74", p: "1.63"}
index.html:217 Received JSON:  {t: "40.74", p: "0.75"}
index.html:217 Received JSON:  {t: "40.74", p: "0.75"}
index.html:217 Received JSON:  {t: "40.74", p: "1.35"}
index.html:217 Received JSON:  {t: "40.74", p: "1.04"}
index.html:217 Received JSON:  {t: "40.75", p: "1.06"}
index.html:217 Received JSON:  {t: "40.75", p: "1.06"}
index.html:217 Received JSON:  {t: "40.75", p: "1.94"}
index.html:217 Received JSON:  {t: "40.75", p: "1.07"}
index.html:217 Received JSON:  {t: "40.75", p: "1.36"}
index.html:191 MAX:
index.html:192 1.2236456971461935
index.html:217 Received JSON:  {t: "40.75", p: "1.36"}
index.html:217 Received JSON:  {t: "40.75", p: "1.66"}
index.html:217 Received JSON:  {t: "40.75", p: "1.06"}
index.html:217 Received JSON:  {t: "40.75", p: "1.07"}
index.html:217 Received JSON:  {t: "40.75", p: "1.06"}
index.html:217 Received JSON:  {t: "40.75", p: "0.77"}
index.html:217 Received JSON:  {t: "40.75", p: "-0.11"}
index.html:217 Received JSON:  {t: "40.76", p: "1.08"}
index.html:217 Received JSON:  {t: "40.76", p: "0.48"}
index.html:217 Received JSON:  {t: "40.76", p: "1.67"}
index.html:217 Received JSON:  {t: "40.76", p: "1.08"}
index.html:217 Received JSON:  {t: "40.77", p: "0.79"}
index.html:191 MAX:
index.html:192 1.262331845389602
index.html:217 Received JSON:  {t: "40.77", p: "1.68"}
index.html:217 Received JSON:  {t: "40.77", p: "1.38"}
index.html:217 Received JSON:  {t: "40.77", p: "0.79"}
index.html:217 Received JSON:  {t: "40.77", p: "1.09"}
index.html:217 Received JSON:  {t: "40.77", p: "1.68"}
index.html:217 Received JSON:  {t: "40.77", p: "1.09"}
index.html:217 Received JSON:  {t: "40.77", p: "1.39"}
index.html:217 Received JSON:  {t: "40.77", p: "1.10"}
index.html:217 Received JSON:  {t: "40.77", p: "1.10"}
index.html:217 Received JSON:  {t: "40.77", p: "0.80"}
index.html:217 Received JSON:  {t: "40.77", p: "1.09"}
index.html:217 Received JSON:  {t: "40.78", p: "1.10"}
index.html:217 Received JSON:  {t: "40.79", p: "1.71"}
index.html:217 Received JSON:  {t: "40.78", p: "1.70"}
index.html:217 Received JSON:  {t: "40.78", p: "1.40"}
index.html:217 Received JSON:  {t: "40.79", p: "1.12"}
index.html:217 Received JSON:  {t: "40.79", p: "1.12"}
index.html:191 MAX:
index.html:192 1.20517874664587
index.html:217 Received JSON:  {t: "40.79", p: "1.12"}
index.html:217 Received JSON:  {t: "40.79", p: "1.41"}
index.html:217 Received JSON:  {t: "40.79", p: "1.12"}
index.html:217 Received JSON:  {t: "40.79", p: "1.41"}
index.html:217 Received JSON:  {t: "40.79", p: "0.83"}
index.html:217 Received JSON:  {t: "40.79", p: "0.83"}
index.html:217 Received JSON:  {t: "40.79", p: "1.42"}
index.html:217 Received JSON:  {t: "40.79", p: "1.13"}
index.html:217 Received JSON:  {t: "40.79", p: "1.42"}
index.html:217 Received JSON:  {t: "40.80", p: "0.84"}
index.html:191 MAX:
index.html:192 1.279764192649216
index.html:217 Received JSON:  {t: "40.79", p: "1.13"}
index.html:217 Received JSON:  {t: "40.81", p: "0.54"}
index.html:217 Received JSON:  {t: "40.80", p: "0.54"}
index.html:217 Received JSON:  {t: "40.80", p: "0.84"}
index.html:217 Received JSON:  {t: "40.81", p: "0.84"}
index.html:217 Received JSON:  {t: "40.81", p: "1.44"}
index.html:217 Received JSON:  {t: "40.81", p: "1.14"}
index.html:217 Received JSON:  {t: "40.81", p: "1.14"}
index.html:217 Received JSON:  {t: "40.81", p: "1.44"}
index.html:217 Received JSON:  {t: "40.81", p: "0.86"}
index.html:217 Received JSON:  {t: "40.81", p: "0.86"}
index.html:217 Received JSON:  {t: "40.81", p: "1.15"}
index.html:217 Received JSON:  {t: "40.81", p: "1.45"}
index.html:217 Received JSON:  {t: "40.82", p: "1.16"}
index.html:217 Received JSON:  {t: "40.81", p: "1.15"}
index.html:217 Received JSON:  {t: "40.82", p: "1.46"}
index.html:217 Received JSON:  {t: "40.82", p: "0.57"}
index.html:217 Received JSON:  {t: "40.82", p: "1.17"}
index.html:217 Received JSON:  {t: "40.83", p: "0.88"}
index.html:217 Received JSON:  {t: "40.82", p: "0.28"}
index.html:217 Received JSON:  {t: "40.83", p: "1.18"}
index.html:217 Received JSON:  {t: "40.82", p: "1.46"}
index.html:217 Received JSON:  {t: "40.83", p: "1.47"}
index.html:217 Received JSON:  {t: "40.83", p: "1.18"}
index.html:191 MAX:
index.html:192 1.1352304773702968
index.html:217 Received JSON:  {t: "40.83", p: "1.48"}
index.html:217 Received JSON:  {t: "40.83", p: "0.88"}
index.html:217 Received JSON:  {t: "40.84", p: "0.89"}
index.html:217 Received JSON:  {t: "40.84", p: "1.48"}
index.html:217 Received JSON:  {t: "40.84", p: "1.19"}
index.html:217 Received JSON:  {t: "40.84", p: "0.89"}
index.html:217 Received JSON:  {t: "40.84", p: "1.78"}
index.html:217 Received JSON:  {t: "40.85", p: "1.49"}
index.html:217 Received JSON:  {t: "40.84", p: "1.49"}
index.html:217 Received JSON:  {t: "40.85", p: "1.20"}
index.html:217 Received JSON:  {t: "40.85", p: "1.49"}
index.html:217 Received JSON:  {t: "40.84", p: "1.49"}
index.html:217 Received JSON:  {t: "40.85", p: "1.49"}
index.html:217 Received JSON:  {t: "40.85", p: "2.09"}
index.html:217 Received JSON:  {t: "40.85", p: "1.20"}
index.html:217 Received JSON:  {t: "40.85", p: "0.31"}
index.html:217 Received JSON:  {t: "40.85", p: "0.62"}
index.html:217 Received JSON:  {t: "40.85", p: "0.61"}
index.html:217 Received JSON:  {t: "40.86", p: "1.22"}
index.html:217 Received JSON:  {t: "40.86", p: "1.22"}
index.html:217 Received JSON:  {t: "40.85", p: "0.91"}
index.html:217 Received JSON:  {t: "40.86", p: "0.33"}
index.html:191 MAX:
index.html:192 1.3968262220224192
index.html:217 Received JSON:  {t: "40.87", p: "0.64"}
index.html:217 Received JSON:  {t: "40.86", p: "0.33"}
index.html:217 Received JSON:  {t: "40.87", p: "1.23"}
index.html:217 Received JSON:  {t: "40.86", p: "0.93"}
index.html:217 Received JSON:  {t: "40.87", p: "0.64"}
index.html:217 Received JSON:  {t: "40.86", p: "0.63"}
index.html:217 Received JSON:  {t: "40.87", p: "1.24"}
index.html:217 Received JSON:  {t: "40.87", p: "1.24"}
index.html:217 Received JSON:  {t: "40.87", p: "1.24"}
index.html:217 Received JSON:  {t: "40.87", p: "0.64"}
index.html:217 Received JSON:  {t: "40.87", p: "0.94"}
index.html:217 Received JSON:  {t: "40.88", p: "1.24"}
index.html:217 Received JSON:  {t: "40.88", p: "1.24"}
index.html:217 Received JSON:  {t: "40.87", p: "1.53"}
index.html:217 Received JSON:  {t: "40.88", p: "1.24"}
index.html:217 Received JSON:  {t: "40.88", p: "1.24"}
index.html:217 Received JSON:  {t: "40.89", p: "0.66"}
index.html:217 Received JSON:  {t: "40.89", p: "1.55"}
index.html:217 Received JSON:  {t: "40.89", p: "0.96"}
index.html:217 Received JSON:  {t: "40.89", p: "0.96"}
index.html:217 Received JSON:  {t: "40.88", p: "1.24"}
index.html:217 Received JSON:  {t: "40.89", p: "0.67"}
index.html:217 Received JSON:  {t: "40.89", p: "0.67"}
index.html:217 Received JSON:  {t: "40.89", p: "1.56"}
index.html:217 Received JSON:  {t: "40.89", p: "1.56"}
index.html:217 Received JSON:  {t: "40.89", p: "1.27"}
index.html:217 Received JSON:  {t: "40.89", p: "0.68"}
index.html:191 MAX:
index.html:192 1.1575591133380476
index.html:217 Received JSON:  {t: "40.89", p: "1.27"}
index.html:217 Received JSON:  {t: "40.89", p: "0.68"}
index.html:217 Received JSON:  {t: "40.89", p: "1.57"}
index.html:217 Received JSON:  {t: "40.90", p: "0.98"}
index.html:217 Received JSON:  {t: "40.90", p: "0.69"}
index.html:217 Received JSON:  {t: "40.90", p: "0.98"}
index.html:217 Received JSON:  {t: "40.91", p: "0.69"}
index.html:217 Received JSON:  {t: "40.90", p: "1.28"}
index.html:217 Received JSON:  {t: "40.91", p: "1.29"}
index.html:217 Received JSON:  {t: "40.91", p: "0.99"}
index.html:217 Received JSON:  {t: "40.91", p: "1.58"}
index.html:191 MAX:
index.html:192 1.1048190230163726
index.html:217 Received JSON:  {t: "40.92", p: "1.89"}
index.html:217 Received JSON:  {t: "40.91", p: "1.00"}
index.html:217 Received JSON:  {t: "40.91", p: "1.29"}
index.html:217 Received JSON:  {t: "40.91", p: "1.89"}
index.html:217 Received JSON:  {t: "40.91", p: "1.29"}
index.html:217 Received JSON:  {t: "40.92", p: "0.71"}
index.html:217 Received JSON:  {t: "40.92", p: "1.00"}
index.html:217 Received JSON:  {t: "40.92", p: "1.01"}
index.html:217 Received JSON:  {t: "40.92", p: "0.71"}
index.html:217 Received JSON:  {t: "40.92", p: "1.01"}
index.html:217 Received JSON:  {t: "40.92", p: "0.71"}
index.html:217 Received JSON:  {t: "40.92", p: "1.31"}
index.html:217 Received JSON:  {t: "40.92", p: "0.72"}
index.html:217 Received JSON:  {t: "40.92", p: "0.72"}
index.html:191 MAX:
index.html:192 1.300452915340934
index.html:217 Received JSON:  {t: "40.93", p: "1.02"}
index.html:217 Received JSON:  {t: "40.93", p: "0.72"}
index.html:217 Received JSON:  {t: "40.93", p: "1.03"}
index.html:217 Received JSON:  {t: "40.93", p: "0.43"}
index.html:217 Received JSON:  {t: "40.93", p: "1.32"}
index.html:217 Received JSON:  {t: "40.93", p: "0.43"}
index.html:217 Received JSON:  {t: "40.93", p: "0.73"}
index.html:217 Received JSON:  {t: "40.93", p: "1.62"}
index.html:217 Received JSON:  {t: "40.94", p: "1.03"}
index.html:217 Received JSON:  {t: "40.94", p: "1.03"}
index.html:217 Received JSON:  {t: "40.94", p: "1.04"}
index.html:217 Received JSON:  {t: "40.94", p: "1.04"}
index.html:217 Received JSON:  {t: "40.94", p: "0.74"}
index.html:217 Received JSON:  {t: "40.95", p: "1.04"}
index.html:217 Received JSON:  {t: "40.94", p: "1.63"}
index.html:217 Received JSON:  {t: "40.95", p: "1.04"}
index.html:217 Received JSON:  {t: "40.95", p: "1.04"}
index.html:217 Received JSON:  {t: "40.95", p: "0.75"}
index.html:217 Received JSON:  {t: "40.95", p: "1.05"}
index.html:217 Received JSON:  {t: "40.95", p: "1.34"}
index.html:217 Received JSON:  {t: "40.95", p: "1.64"}
index.html:217 Received JSON:  {t: "40.96", p: "1.36"}
index.html:217 Received JSON:  {t: "40.96", p: "1.36"}
index.html:217 Received JSON:  {t: "40.95", p: "0.46"}
index.html:217 Received JSON:  {t: "40.96", p: "0.76"}
index.html:217 Received JSON:  {t: "40.96", p: "1.07"}
index.html:217 Received JSON:  {t: "40.96", p: "1.66"}
index.html:217 Received JSON:  {t: "40.96", p: "1.07"}
index.html:217 Received JSON:  {t: "40.96", p: "1.36"}
index.html:217 Received JSON:  {t: "40.97", p: "0.48"}
index.html:217 Received JSON:  {t: "40.96", p: "0.77"}
index.html:217 Received JSON:  {t: "40.97", p: "0.78"}
index.html:217 Received JSON:  {t: "40.97", p: "1.08"}
index.html:191 MAX:
index.html:192 1.1556569043250204
index.html:217 Received JSON:  {t: "40.97", p: "1.08"}
index.html:217 Received JSON:  {t: "40.97", p: "1.38"}
index.html:217 Received JSON:  {t: "40.97", p: "1.08"}
index.html:217 Received JSON:  {t: "40.98", p: "0.79"}
index.html:217 Received JSON:  {t: "40.97", p: "1.68"}
index.html:217 Received JSON:  {t: "40.97", p: "1.08"}
index.html:217 Received JSON:  {t: "40.98", p: "1.09"}
index.html:217 Received JSON:  {t: "40.98", p: "0.79"}
index.html:217 Received JSON:  {t: "40.98", p: "1.39"}
index.html:217 Received JSON:  {t: "40.98", p: "0.80"}
index.html:217 Received JSON:  {t: "40.98", p: "1.69"}
index.html:217 Received JSON:  {t: "40.98", p: "1.10"}
index.html:217 Received JSON:  {t: "40.99", p: "1.40"}
index.html:217 Received JSON:  {t: "40.99", p: "0.81"}
index.html:217 Received JSON:  {t: "40.98", p: "0.80"}
index.html:217 Received JSON:  {t: "40.99", p: "1.11"}
index.html:217 Received JSON:  {t: "40.99", p: "0.82"}
index.html:217 Received JSON:  {t: "40.99", p: "1.41"}
index.html:217 Received JSON:  {t: "40.99", p: "0.81"}
index.html:217 Received JSON:  {t: "40.99", p: "0.52"}
index.html:217 Received JSON:  {t: "40.99", p: "0.82"}
index.html:191 MAX:
index.html:192 1.1469150506898322
index.html:217 Received JSON:  {t: "40.99", p: "1.12"}
index.html:217 Received JSON:  {t: "40.99", p: "0.52"}
index.html:217 Received JSON:  {t: "41.00", p: "1.42"}
index.html:217 Received JSON:  {t: "41.00", p: "1.12"}
index.html:217 Received JSON:  {t: "40.99", p: "0.82"}
index.html:217 Received JSON:  {t: "41.01", p: "1.13"}
index.html:217 Received JSON:  {t: "41.00", p: "1.13"}
index.html:217 Received JSON:  {t: "41.00", p: "1.13"}
index.html:217 Received JSON:  {t: "41.01", p: "0.84"}
index.html:217 Received JSON:  {t: "41.01", p: "0.84"}
index.html:217 Received JSON:  {t: "41.01", p: "1.44"}
index.html:217 Received JSON:  {t: "41.01", p: "0.25"}
index.html:217 Received JSON:  {t: "41.01", p: "1.44"}
index.html:217 Received JSON:  {t: "41.01", p: "0.84"}
index.html:217 Received JSON:  {t: "41.02", p: "1.14"}
index.html:217 Received JSON:  {t: "41.02", p: "1.44"}
index.html:217 Received JSON:  {t: "41.01", p: "1.14"}
index.html:217 Received JSON:  {t: "41.01", p: "1.14"}
index.html:217 Received JSON:  {t: "41.02", p: "1.44"}
index.html:217 Received JSON:  {t: "41.02", p: "0.86"}
index.html:191 MAX:
index.html:192 1.0165907773288925
index.html:198 Respiratory rate:
index.html:199 33
index.html:217 Received JSON:  {t: "41.02", p: "1.45"}
index.html:217 Received JSON:  {t: "41.02", p: "1.15"}
index.html:217 Received JSON:  {t: "41.02", p: "0.56"}
index.html:217 Received JSON:  {t: "41.02", p: "0.56"}
index.html:217 Received JSON:  {t: "41.02", p: "1.45"}
index.html:217 Received JSON:  {t: "41.03", p: "0.57"}
index.html:217 Received JSON:  {t: "41.03", p: "0.28"}
index.html:217 Received JSON:  {t: "41.04", p: "1.47"}
index.html:217 Received JSON:  {t: "41.03", p: "1.46"}
index.html:217 Received JSON:  {t: "41.03", p: "1.17"}
index.html:174 MAX:
index.html:175 1.1378313741458925
index.html:217 Received JSON:  {t: "41.03", p: "0.57"}
index.html:217 Received JSON:  {t: "41.03", p: "1.17"}
index.html:217 Received JSON:  {t: "41.04", p: "0.88"}
index.html:217 Received JSON:  {t: "41.04", p: "1.77"}
index.html:217 Received JSON:  {t: "41.04", p: "1.47"}
index.html:217 Received JSON:  {t: "41.04", p: "0.88"}
index.html:217 Received JSON:  {t: "41.04", p: "1.17"}
index.html:217 Received JSON:  {t: "41.04", p: "1.18"}
index.html:217 Received JSON:  {t: "41.04", p: "0.88"}
index.html:217 Received JSON:  {t: "41.04", p: "1.47"}
index.html:217 Received JSON:  {t: "41.04", p: "1.48"}
index.html:217 Received JSON:  {t: "41.04", p: "0.89"}
index.html:217 Received JSON:  {t: "41.04", p: "0.00"}
index.html:217 Received JSON:  {t: "41.05", p: "0.60"}
index.html:217 Received JSON:  {t: "41.05", p: "1.19"}
index.html:217 Received JSON:  {t: "41.05", p: "1.20"}
index.html:217 Received JSON:  {t: "41.05", p: "1.49"}
index.html:217 Received JSON:  {t: "41.05", p: "0.60"}
index.html:191 MAX:
index.html:192 1.1713384085588558
index.html:217 Received JSON:  {t: "41.05", p: "0.89"}
index.html:217 Received JSON:  {t: "41.06", p: "0.61"}
index.html:217 Received JSON:  {t: "41.05", p: "0.31"}
index.html:217 Received JSON:  {t: "41.05", p: "0.90"}
index.html:217 Received JSON:  {t: "41.06", p: "0.61"}
index.html:217 Received JSON:  {t: "41.06", p: "0.62"}
index.html:217 Received JSON:  {t: "41.05", p: "0.60"}
index.html:217 Received JSON:  {t: "41.06", p: "0.62"}
index.html:217 Received JSON:  {t: "41.07", p: "0.62"}
index.html:217 Received JSON:  {t: "41.06", p: "0.32"}
index.html:217 Received JSON:  {t: "41.07", p: "1.22"}
index.html:217 Received JSON:  {t: "41.06", p: "1.21"}
index.html:217 Received JSON:  {t: "41.07", p: "1.51"}
index.html:217 Received JSON:  {t: "41.07", p: "1.22"}
index.html:217 Received JSON:  {t: "41.07", p: "0.33"}
index.html:217 Received JSON:  {t: "41.07", p: "1.22"}
index.html:217 Received JSON:  {t: "41.07", p: "0.62"}
index.html:217 Received JSON:  {t: "41.07", p: "0.63"}
index.html:217 Received JSON:  {t: "41.07", p: "0.34"}
index.html:217 Received JSON:  {t: "41.08", p: "0.94"}
index.html:217 Received JSON:  {t: "41.07", p: "0.64"}
index.html:217 Received JSON:  {t: "41.08", p: "1.53"}
index.html:217 Received JSON:  {t: "41.07", p: "1.53"}
index.html:217 Received JSON:  {t: "41.08", p: "1.54"}
index.html:217 Received JSON:  {t: "41.08", p: "1.53"}
index.html:217 Received JSON:  {t: "41.08", p: "0.94"}
index.html:191 MAX:
index.html:192 0.9106154129846266
index.html:217 Received JSON:  {t: "41.08", p: "1.24"}
index.html:217 Received JSON:  {t: "41.08", p: "1.54"}
index.html:217 Received JSON:  {t: "41.08", p: "1.54"}
index.html:217 Received JSON:  {t: "41.08", p: "1.24"}
index.html:217 Received JSON:  {t: "41.09", p: "1.54"}
index.html:217 Received JSON:  {t: "41.09", p: "1.54"}
index.html:217 Received JSON:  {t: "41.08", p: "0.94"}
index.html:217 Received JSON:  {t: "41.09", p: "1.24"}
index.html:217 Received JSON:  {t: "41.09", p: "11633.55"}
index.html:217 Received JSON:  {t: "-531.03", p: "15391.65"}
index.html:191 MAX:
index.html:192 1.213216830890594
index.html:217 Received JSON:  {t: "-531.03", p: "15391.65"}
index.html:217 Received JSON:  {t: "-531.03", p: "15391.65"}
index.html:217 Received JSON:  {t: "41.11", p: "-9483.52"}
index.html:217 Received JSON:  {t: "-531.03", p: "-21924.26"}
index.html:217 Received JSON:  {t: "-531.03", p: "15391.65"}
index.html:217 Received JSON:  {t: "-531.03", p: "-21925.31"}
index.html:217 Received JSON:  {t: "-531.03", p: "-21925.83"}
index.html:217 Received JSON:  {t: "-531.03", p: "15391.65"}
index.html:217 Received JSON:  {t: "-531.03", p: "15391.65"}
index.html:217 Received JSON:  {t: "-531.03", p: "-21925.83"}
index.html:217 Received JSON:  {t: "-531.03", p: "15391.65"}
index.html:217 Received JSON:  {t: "-531.03", p: "15391.65"}
index.html:191 MAX:
index.html:192 4289.830106509329
index.html:217 Received JSON:  {t: "-531.03", p: "15391.65"}
index.html:217 Received JSON:  {t: "-531.03", p: "-21927.41"}
index.html:217 Received JSON:  {t: "-531.03", p: "-1367.29"}
index.html:217 Received JSON:  {t: "-531.03", p: "-21927.41"}
index.html:217 Received JSON:  {t: "-531.03", p: "15391.65"}
index.html:217 Received JSON:  {t: "-531.03", p: "15391.65"}
index.html:217 Received JSON:  {t: "-531.03", p: "15391.65"}
index.html:217 Received JSON:  {t: "-531.03", p: "15391.65"}
index.html:217 Received JSON:  {t: "-531.03", p: "15391.65"}
index.html:217 Received JSON:  {t: "41.13", p: "-9484.02"}
index.html:217 Received JSON:  {t: "-531.03", p: "-21929.50"}
index.html:217 Received JSON:  {t: "-531.03", p: "15391.65"}
index.html:217 Received JSON:  {t: "-531.03", p: "15391.65"}
index.html:217 Received JSON:  {t: "-531.03", p: "15391.65"}
index.html:217 Received JSON:  {t: "-531.03", p: "15391.65"}
index.html:217 Received JSON:  {t: "-531.03", p: "15391.65"}
index.html:217 Received JSON:  {t: "-531.03", p: "15391.65"}
index.html:217 Received JSON:  {t: "-531.03", p: "15391.65"}
index.html:217 Received JSON:  {t: "-531.03", p: "15391.65"}
index.html:217 Received JSON:  {t: "-531.03", p: "15391.65"}
index.html:217 Received JSON:  {t: "-531.03", p: "-1368.33"}
index.html:217 Received JSON:  {t: "-531.03", p: "15391.65"}
index.html:217 Received JSON:  {t: "-531.03", p: "15391.65"}
index.html:217 Received JSON:  {t: "-531.03", p: "15391.65"}
index.html:217 Received JSON:  {t: "-531.03", p: "15391.65"}
index.html:217 Received JSON:  {t: "-531.03", p: "15391.65"}
index.html:217 Received JSON:  {t: "-531.03", p: "15391.65"}
index.html:217 Received JSON:  {t: "-531.03", p: "15391.65"}
index.html:217 Received JSON:  {t: "-531.03", p: "15391.65"}
index.html:217 Received JSON:  {t: "-531.03", p: "15391.65"}
index.html:217 Received JSON:  {t: "-531.03", p: "15391.65"}
index.html:217 Received JSON:  {t: "-531.03", p: "15391.65"}
index.html:191 MAX:
index.html:192 13485.98252656511
index.html:217 Received JSON:  {t: "-531.03", p: "15391.65"}
index.html:217 Received JSON:  {t: "-531.03", p: "15391.65"}
index.html:217 Received JSON:  {t: "-531.03", p: "15391.65"}
index.html:217 Received JSON:  {t: "-531.03", p: "15391.65"}
