index.html:314 The specified value "age here" cannot be parsed, or is out of range.
index.html:238 
puck.js:392 <BLE> Device Name:       MDBT42Q 4b36
puck.js:392 <BLE> Device ID:         OqNoXpkWo8+JnrnwFhZKQw==
puck.js:392 <BLE> Connected
index.html:217 Received JSON:  {t: "27.06", p: "-0.34"}
index.html:217 Received JSON:  {t: "27.06", p: "-1.42"}
index.html:217 Received JSON:  {t: "27.07", p: "-0.34"}
index.html:217 Received JSON:  {t: "27.07", p: "-0.87"}
index.html:174 MAX:
index.html:175 0.0004155246756968596
index.html:217 Received JSON:  {t: "27.07", p: "-1.14"}
index.html:217 Received JSON:  {t: "27.08", p: "-0.87"}
index.html:217 Received JSON:  {t: "27.07", p: "-1.14"}
index.html:217 Received JSON:  {t: "27.09", p: "-0.86"}
puck.js:392 <BLE> ERROR: NotFoundError: User cancelled the requestDevice() chooser.
index.html:217 Received JSON:  {t: "27.07", p: "-0.87"}
index.html:217 Received JSON:  {t: "27.08", p: "-0.60"}
index.html:217 Received JSON:  {t: "27.08", p: "-0.86"}
index.html:217 Received JSON:  {t: "27.08", p: "-1.14"}
index.html:217 Received JSON:  {t: "27.09", p: "-0.32"}
index.html:217 Received JSON:  {t: "27.08", p: "-1.14"}
index.html:217 Received JSON:  {t: "27.09", p: "-0.58"}
index.html:217 Received JSON:  {t: "27.09", p: "-0.58"}
index.html:217 Received JSON:  {t: "27.09", p: "-1.13"}
index.html:217 Received JSON:  {t: "27.09", p: "-0.31"}
index.html:217 Received JSON:  {t: "27.09", p: "-0.58"}
index.html:217 Received JSON:  {t: "27.09", p: "0.48"}
index.html:217 Received JSON:  {t: "27.09", p: "0.50"}
index.html:217 Received JSON:  {t: "27.09", p: "0.77"}
index.html:217 Received JSON:  {t: "27.09", p: "1.04"}
index.html:217 Received JSON:  {t: "27.09", p: "2.12"}
index.html:217 Received JSON:  {t: "27.11", p: "1.05"}
index.html:217 Received JSON:  {t: "27.10", p: "1.31"}
index.html:217 Received JSON:  {t: "27.10", p: "1.31"}
index.html:217 Received JSON:  {t: "27.11", p: "1.05"}
index.html:217 Received JSON:  {t: "27.11", p: "1.32"}
index.html:217 Received JSON:  {t: "27.11", p: "1.05"}
index.html:217 Received JSON:  {t: "27.11", p: "0.24"}
index.html:217 Received JSON:  {t: "27.11", p: "1.32"}
index.html:217 Received JSON:  {t: "27.12", p: "1.59"}
index.html:217 Received JSON:  {t: "27.12", p: "1.05"}
index.html:217 Received JSON:  {t: "27.12", p: "1.05"}
index.html:217 Received JSON:  {t: "27.12", p: "1.05"}
index.html:217 Received JSON:  {t: "27.13", p: "0.25"}
index.html:217 Received JSON:  {t: "27.13", p: "-0.01"}
index.html:217 Received JSON:  {t: "27.12", p: "0.25"}
index.html:217 Received JSON:  {t: "27.13", p: "0.52"}
index.html:191 MAX:
index.html:192 1.1561211966136857
index.html:217 Received JSON:  {t: "27.13", p: "0.25"}
index.html:217 Received JSON:  {t: "27.13", p: "0.25"}
index.html:217 Received JSON:  {t: "27.13", p: "0.25"}
index.html:217 Received JSON:  {t: "27.14", p: "-0.27"}
index.html:217 Received JSON:  {t: "27.14", p: "0.26"}
index.html:217 Received JSON:  {t: "27.14", p: "-0.00"}
index.html:217 Received JSON:  {t: "27.14", p: "0.27"}
index.html:217 Received JSON:  {t: "27.14", p: "-1.35"}
index.html:217 Received JSON:  {t: "27.15", p: "-1.61"}
index.html:217 Received JSON:  {t: "27.15", p: "-2.42"}
index.html:217 Received JSON:  {t: "27.15", p: "-2.42"}
index.html:217 Received JSON:  {t: "27.15", p: "-2.70"}
index.html:217 Received JSON:  {t: "27.16", p: "-1.61"}
index.html:217 Received JSON:  {t: "27.16", p: "-1.61"}
index.html:217 Received JSON:  {t: "27.16", p: "-1.34"}
index.html:217 Received JSON:  {t: "27.16", p: "-1.34"}
index.html:217 Received JSON:  {t: "27.17", p: "-1.60"}
index.html:217 Received JSON:  {t: "27.17", p: "-1.59"}
index.html:217 Received JSON:  {t: "27.17", p: "-2.14"}
index.html:217 Received JSON:  {t: "27.17", p: "-2.41"}
index.html:217 Received JSON:  {t: "27.17", p: "-2.14"}
index.html:217 Received JSON:  {t: "27.18", p: "-1.05"}
index.html:217 Received JSON:  {t: "27.18", p: "-1.58"}
index.html:217 Received JSON:  {t: "27.18", p: "-0.50"}
index.html:217 Received JSON:  {t: "27.18", p: "0.30"}
index.html:217 Received JSON:  {t: "27.19", p: "-0.77"}
index.html:217 Received JSON:  {t: "27.18", p: "0.03"}
index.html:217 Received JSON:  {t: "27.19", p: "0.04"}
index.html:217 Received JSON:  {t: "27.19", p: "0.31"}
index.html:217 Received JSON:  {t: "27.20", p: "0.85"}
index.html:217 Received JSON:  {t: "27.19", p: "1.67"}
index.html:217 Received JSON:  {t: "27.20", p: "0.59"}
index.html:217 Received JSON:  {t: "27.21", p: "0.87"}
index.html:217 Received JSON:  {t: "27.21", p: "1.41"}
index.html:217 Received JSON:  {t: "27.21", p: "1.41"}
index.html:217 Received JSON:  {t: "27.21", p: "1.68"}
index.html:217 Received JSON:  {t: "27.21", p: "0.87"}
index.html:217 Received JSON:  {t: "27.21", p: "1.41"}
index.html:217 Received JSON:  {t: "27.21", p: "1.14"}
index.html:217 Received JSON:  {t: "27.23", p: "0.61"}
index.html:217 Received JSON:  {t: "27.23", p: "0.34"}
index.html:217 Received JSON:  {t: "27.22", p: "0.88"}
index.html:217 Received JSON:  {t: "27.24", p: "0.35"}
index.html:217 Received JSON:  {t: "27.24", p: "0.35"}
index.html:217 Received JSON:  {t: "27.24", p: "0.62"}
index.html:217 Received JSON:  {t: "27.25", p: "0.63"}
index.html:217 Received JSON:  {t: "27.24", p: "0.35"}
index.html:217 Received JSON:  {t: "27.25", p: "0.63"}
index.html:191 MAX:
index.html:192 1.1129267421919729
index.html:217 Received JSON:  {t: "27.25", p: "0.09"}
index.html:217 Received JSON:  {t: "27.25", p: "-0.17"}
index.html:217 Received JSON:  {t: "27.25", p: "-0.17"}
index.html:217 Received JSON:  {t: "27.26", p: "-0.16"}
index.html:217 Received JSON:  {t: "27.27", p: "-0.43"}
index.html:217 Received JSON:  {t: "27.26", p: "-0.97"}
index.html:217 Received JSON:  {t: "27.27", p: "-1.50"}
index.html:217 Received JSON:  {t: "27.27", p: "-1.51"}
index.html:217 Received JSON:  {t: "27.27", p: "-0.97"}
index.html:217 Received JSON:  {t: "27.28", p: "-1.50"}
index.html:217 Received JSON:  {t: "27.28", p: "-2.04"}
index.html:217 Received JSON:  {t: "27.29", p: "-2.04"}
index.html:217 Received JSON:  {t: "27.29", p: "-1.49"}
index.html:217 Received JSON:  {t: "27.29", p: "-2.84"}
index.html:217 Received JSON:  {t: "27.29", p: "-1.75"}
index.html:217 Received JSON:  {t: "27.29", p: "-1.75"}
index.html:217 Received JSON:  {t: "27.29", p: "-2.02"}
index.html:217 Received JSON:  {t: "27.29", p: "-1.75"}
index.html:217 Received JSON:  {t: "27.30", p: "-0.94"}
index.html:217 Received JSON:  {t: "27.30", p: "-0.66"}
index.html:217 Received JSON:  {t: "27.31", p: "-0.12"}
index.html:217 Received JSON:  {t: "27.32", p: "-0.11"}
index.html:217 Received JSON:  {t: "27.32", p: "0.42"}
index.html:217 Received JSON:  {t: "27.32", p: "-0.38"}
index.html:217 Received JSON:  {t: "27.32", p: "4.22"}
index.html:217 Received JSON:  {t: "27.33", p: "8.55"}
index.html:217 Received JSON:  {t: "27.33", p: "8.28"}
index.html:217 Received JSON:  {t: "27.33", p: "5.85"}
index.html:217 Received JSON:  {t: "27.34", p: "0.17"}
index.html:217 Received JSON:  {t: "27.34", p: "-1.98"}
index.html:217 Received JSON:  {t: "27.35", p: "-3.06"}
index.html:217 Received JSON:  {t: "27.35", p: "0.72"}
index.html:217 Received JSON:  {t: "27.36", p: "2.08"}
index.html:217 Received JSON:  {t: "27.36", p: "1.54"}
index.html:217 Received JSON:  {t: "27.37", p: "1.55"}
index.html:217 Received JSON:  {t: "27.36", p: "1.54"}
index.html:217 Received JSON:  {t: "27.37", p: "1.55"}
index.html:217 Received JSON:  {t: "27.37", p: "1.83"}
index.html:217 Received JSON:  {t: "27.37", p: "1.83"}
index.html:191 MAX:
index.html:192 2.749985944353312
index.html:217 Received JSON:  {t: "27.38", p: "1.29"}
index.html:217 Received JSON:  {t: "27.39", p: "1.03"}
index.html:217 Received JSON:  {t: "27.39", p: "0.75"}
index.html:217 Received JSON:  {t: "27.39", p: "0.22"}
index.html:217 Received JSON:  {t: "27.39", p: "0.75"}
index.html:217 Received JSON:  {t: "27.40", p: "-0.04"}
index.html:217 Received JSON:  {t: "27.39", p: "0.76"}
index.html:217 Received JSON:  {t: "27.41", p: "0.23"}
index.html:217 Received JSON:  {t: "27.41", p: "0.50"}
index.html:217 Received JSON:  {t: "27.41", p: "-0.30"}
index.html:217 Received JSON:  {t: "27.42", p: "-0.84"}
index.html:191 MAX:
index.html:192 1.3124830414284265
index.html:217 Received JSON:  {t: "27.41", p: "-0.29"}
index.html:217 Received JSON:  {t: "27.42", p: "-1.10"}
index.html:217 Received JSON:  {t: "27.43", p: "-1.10"}
index.html:217 Received JSON:  {t: "27.43", p: "-1.36"}
index.html:217 Received JSON:  {t: "27.43", p: "-1.09"}
index.html:217 Received JSON:  {t: "27.44", p: "-1.63"}
index.html:217 Received JSON:  {t: "27.45", p: "-1.08"}
index.html:217 Received JSON:  {t: "27.45", p: "-1.89"}
index.html:217 Received JSON:  {t: "27.45", p: "-0.80"}
index.html:217 Received JSON:  {t: "27.45", p: "-1.34"}
index.html:217 Received JSON:  {t: "27.46", p: "-1.07"}
index.html:217 Received JSON:  {t: "27.46", p: "-0.25"}
index.html:217 Received JSON:  {t: "27.47", p: "-0.78"}
index.html:217 Received JSON:  {t: "27.47", p: "-0.79"}
index.html:217 Received JSON:  {t: "27.47", p: "-1.33"}
index.html:217 Received JSON:  {t: "27.48", p: "-0.78"}
index.html:217 Received JSON:  {t: "27.48", p: "-1.05"}
index.html:217 Received JSON:  {t: "27.48", p: "-0.51"}
index.html:217 Received JSON:  {t: "27.49", p: "0.03"}
index.html:217 Received JSON:  {t: "27.49", p: "-0.49"}
index.html:217 Received JSON:  {t: "27.49", p: "-0.49"}
index.html:217 Received JSON:  {t: "27.50", p: "0.05"}
index.html:217 Received JSON:  {t: "27.50", p: "0.05"}
index.html:217 Received JSON:  {t: "27.51", p: "-0.21"}
index.html:217 Received JSON:  {t: "27.51", p: "0.32"}
index.html:217 Received JSON:  {t: "27.52", p: "1.15"}
index.html:217 Received JSON:  {t: "27.53", p: "0.88"}
index.html:217 Received JSON:  {t: "27.53", p: "1.42"}
index.html:217 Received JSON:  {t: "27.53", p: "1.15"}
index.html:217 Received JSON:  {t: "27.54", p: "1.70"}
index.html:217 Received JSON:  {t: "27.54", p: "1.44"}
index.html:217 Received JSON:  {t: "27.54", p: "0.89"}
index.html:217 Received JSON:  {t: "27.55", p: "0.63"}
index.html:217 Received JSON:  {t: "27.55", p: "0.63"}
index.html:217 Received JSON:  {t: "27.56", p: "0.91"}
index.html:217 Received JSON:  {t: "27.56", p: "0.91"}
index.html:217 Received JSON:  {t: "27.57", p: "0.37"}
index.html:217 Received JSON:  {t: "27.57", p: "0.91"}
index.html:217 Received JSON:  {t: "27.57", p: "0.11"}
index.html:217 Received JSON:  {t: "27.58", p: "0.38"}
index.html:217 Received JSON:  {t: "27.58", p: "0.65"}
index.html:217 Received JSON:  {t: "27.58", p: "0.65"}
index.html:217 Received JSON:  {t: "27.59", p: "1.20"}
index.html:191 MAX:
index.html:192 1.0312720077152553
index.html:217 Received JSON:  {t: "27.59", p: "0.13"}
index.html:217 Received JSON:  {t: "27.59", p: "0.40"}
index.html:217 Received JSON:  {t: "27.61", p: "0.41"}
index.html:217 Received JSON:  {t: "27.61", p: "0.68"}
index.html:217 Received JSON:  {t: "27.62", p: "0.42"}
index.html:217 Received JSON:  {t: "27.62", p: "0.14"}
index.html:217 Received JSON:  {t: "27.62", p: "-0.11"}
index.html:217 Received JSON:  {t: "27.62", p: "-0.65"}
index.html:217 Received JSON:  {t: "27.63", p: "-0.65"}
index.html:217 Received JSON:  {t: "27.64", p: "-0.91"}
index.html:217 Received JSON:  {t: "27.63", p: "-1.18"}
index.html:217 Received JSON:  {t: "27.64", p: "-1.18"}
index.html:217 Received JSON:  {t: "27.66", p: "-1.16"}
index.html:217 Received JSON:  {t: "27.65", p: "-1.71"}
index.html:217 Received JSON:  {t: "27.66", p: "-0.62"}
index.html:217 Received JSON:  {t: "27.66", p: "-1.16"}
index.html:217 Received JSON:  {t: "27.67", p: "-1.69"}
index.html:217 Received JSON:  {t: "27.67", p: "-0.61"}
index.html:217 Received JSON:  {t: "27.67", p: "-0.88"}
index.html:217 Received JSON:  {t: "27.68", p: "-1.69"}
index.html:217 Received JSON:  {t: "27.68", p: "-1.41"}
index.html:217 Received JSON:  {t: "27.69", p: "-0.59"}
index.html:217 Received JSON:  {t: "27.69", p: "-0.86"}
index.html:217 Received JSON:  {t: "27.70", p: "-0.31"}
index.html:217 Received JSON:  {t: "27.70", p: "-0.04"}
index.html:217 Received JSON:  {t: "27.71", p: "-0.30"}
index.html:217 Received JSON:  {t: "27.71", p: "-0.30"}
index.html:217 Received JSON:  {t: "27.71", p: "-0.03"}
index.html:217 Received JSON:  {t: "27.72", p: "-0.02"}
index.html:217 Received JSON:  {t: "27.73", p: "0.24"}
index.html:217 Received JSON:  {t: "27.73", p: "0.79"}
index.html:217 Received JSON:  {t: "27.74", p: "0.79"}
index.html:217 Received JSON:  {t: "27.74", p: "1.61"}
index.html:217 Received JSON:  {t: "27.74", p: "1.61"}
index.html:217 Received JSON:  {t: "27.75", p: "1.35"}
index.html:217 Received JSON:  {t: "27.75", p: "2.17"}
index.html:217 Received JSON:  {t: "27.75", p: "1.08"}
index.html:217 Received JSON:  {t: "27.76", p: "1.35"}
index.html:217 Received JSON:  {t: "27.77", p: "1.37"}
index.html:217 Received JSON:  {t: "27.77", p: "1.37"}
index.html:217 Received JSON:  {t: "27.78", p: "1.37"}
index.html:217 Received JSON:  {t: "27.78", p: "0.84"}
index.html:217 Received JSON:  {t: "27.79", p: "0.57"}
index.html:217 Received JSON:  {t: "27.79", p: "1.38"}
index.html:217 Received JSON:  {t: "27.79", p: "0.85"}
index.html:217 Received JSON:  {t: "27.80", p: "0.58"}
index.html:217 Received JSON:  {t: "27.80", p: "0.58"}
index.html:217 Received JSON:  {t: "27.81", p: "-0.21"}
index.html:217 Received JSON:  {t: "27.82", p: "0.32"}
index.html:217 Received JSON:  {t: "27.82", p: "-0.20"}
index.html:191 MAX:
index.html:192 1.3418080767139595
index.html:217 Received JSON:  {t: "27.83", p: "0.34"}
index.html:217 Received JSON:  {t: "27.83", p: "-0.20"}
index.html:217 Received JSON:  {t: "27.83", p: "-0.46"}
index.html:217 Received JSON:  {t: "27.83", p: "-0.46"}
index.html:217 Received JSON:  {t: "27.85", p: "-0.18"}
index.html:217 Received JSON:  {t: "27.85", p: "-1.26"}
index.html:217 Received JSON:  {t: "27.86", p: "-0.44"}
index.html:217 Received JSON:  {t: "27.86", p: "-1.25"}
index.html:217 Received JSON:  {t: "27.86", p: "-1.25"}
index.html:217 Received JSON:  {t: "27.87", p: "-1.52"}
index.html:217 Received JSON:  {t: "27.87", p: "-1.51"}
index.html:217 Received JSON:  {t: "27.88", p: "-1.24"}
index.html:217 Received JSON:  {t: "27.88", p: "-1.50"}
index.html:217 Received JSON:  {t: "27.89", p: "-1.77"}
index.html:217 Received JSON:  {t: "27.89", p: "-0.95"}
index.html:217 Received JSON:  {t: "27.89", p: "-1.22"}
index.html:217 Received JSON:  {t: "27.90", p: "-0.68"}
index.html:217 Received JSON:  {t: "27.91", p: "-1.21"}
index.html:217 Received JSON:  {t: "27.92", p: "-0.66"}
index.html:217 Received JSON:  {t: "27.92", p: "-0.66"}
index.html:217 Received JSON:  {t: "27.92", p: "-0.38"}
index.html:217 Received JSON:  {t: "27.92", p: "-0.66"}
index.html:217 Received JSON:  {t: "27.93", p: "-0.11"}
index.html:217 Received JSON:  {t: "27.93", p: "-0.11"}
index.html:217 Received JSON:  {t: "27.95", p: "0.17"}
index.html:217 Received JSON:  {t: "27.95", p: "-0.09"}
index.html:217 Received JSON:  {t: "27.95", p: "0.44"}
index.html:217 Received JSON:  {t: "27.96", p: "0.99"}
index.html:217 Received JSON:  {t: "27.96", p: "1.26"}
index.html:217 Received JSON:  {t: "27.97", p: "1.55"}
index.html:217 Received JSON:  {t: "27.97", p: "1.28"}
index.html:217 Received JSON:  {t: "27.98", p: "0.74"}
index.html:217 Received JSON:  {t: "27.99", p: "1.83"}
index.html:217 Received JSON:  {t: "27.99", p: "1.02"}
index.html:217 Received JSON:  {t: "27.99", p: "1.84"}
index.html:217 Received JSON:  {t: "27.99", p: "1.03"}
index.html:217 Received JSON:  {t: "28.00", p: "0.76"}
index.html:217 Received JSON:  {t: "28.01", p: "0.49"}
index.html:217 Received JSON:  {t: "28.02", p: "0.77"}
index.html:217 Received JSON:  {t: "28.02", p: "0.78"}
index.html:217 Received JSON:  {t: "28.03", p: "0.51"}
index.html:217 Received JSON:  {t: "28.03", p: "0.79"}
index.html:217 Received JSON:  {t: "28.03", p: "0.52"}
index.html:217 Received JSON:  {t: "28.04", p: "0.80"}
index.html:217 Received JSON:  {t: "28.04", p: "1.07"}
index.html:191 MAX:
index.html:192 1.156975198621551
index.html:217 Received JSON:  {t: "28.05", p: "-0.00"}
index.html:217 Received JSON:  {t: "28.05", p: "-0.00"}
index.html:217 Received JSON:  {t: "28.05", p: "-0.27"}
index.html:217 Received JSON:  {t: "28.07", p: "0.28"}
index.html:217 Received JSON:  {t: "28.07", p: "0.01"}
index.html:217 Received JSON:  {t: "28.07", p: "0.55"}
index.html:217 Received JSON:  {t: "28.08", p: "-0.52"}
index.html:217 Received JSON:  {t: "28.09", p: "-0.51"}
index.html:217 Received JSON:  {t: "28.09", p: "-1.05"}
index.html:217 Received JSON:  {t: "28.09", p: "-1.32"}
index.html:217 Received JSON:  {t: "28.09", p: "-0.77"}
index.html:217 Received JSON:  {t: "28.11", p: "-1.04"}
index.html:217 Received JSON:  {t: "28.11", p: "-1.04"}
index.html:217 Received JSON:  {t: "28.12", p: "-1.84"}
index.html:217 Received JSON:  {t: "28.12", p: "-1.02"}
index.html:217 Received JSON:  {t: "28.12", p: "-1.56"}
index.html:217 Received JSON:  {t: "28.13", p: "-1.29"}
index.html:217 Received JSON:  {t: "28.14", p: "-1.01"}
index.html:217 Received JSON:  {t: "28.14", p: "-1.82"}
index.html:217 Received JSON:  {t: "28.14", p: "-0.74"}
index.html:217 Received JSON:  {t: "28.16", p: "-0.44"}
index.html:217 Received JSON:  {t: "28.16", p: "-0.99"}
index.html:217 Received JSON:  {t: "28.16", p: "-0.44"}
index.html:217 Received JSON:  {t: "28.17", p: "0.10"}
index.html:217 Received JSON:  {t: "28.18", p: "-0.16"}
index.html:217 Received JSON:  {t: "28.18", p: "0.10"}
index.html:217 Received JSON:  {t: "28.18", p: "1.46"}
index.html:217 Received JSON:  {t: "28.19", p: "2.01"}
index.html:217 Received JSON:  {t: "28.19", p: "1.75"}
index.html:217 Received JSON:  {t: "28.19", p: "2.02"}
index.html:217 Received JSON:  {t: "28.21", p: "1.76"}
index.html:217 Received JSON:  {t: "28.22", p: "1.50"}
index.html:217 Received JSON:  {t: "28.22", p: "0.95"}
index.html:217 Received JSON:  {t: "28.22", p: "1.50"}
index.html:217 Received JSON:  {t: "28.23", p: "2.05"}
index.html:217 Received JSON:  {t: "28.23", p: "1.78"}
index.html:217 Received JSON:  {t: "28.23", p: "1.78"}
index.html:217 Received JSON:  {t: "28.24", p: "1.79"}
index.html:217 Received JSON:  {t: "28.25", p: "0.71"}
index.html:217 Received JSON:  {t: "28.26", p: "1.26"}
index.html:217 Received JSON:  {t: "28.26", p: "1.26"}
index.html:217 Received JSON:  {t: "28.26", p: "0.45"}
index.html:217 Received JSON:  {t: "28.27", p: "1.00"}
index.html:217 Received JSON:  {t: "28.27", p: "0.46"}
index.html:217 Received JSON:  {t: "28.27", p: "0.46"}
index.html:217 Received JSON:  {t: "28.28", p: "0.74"}
index.html:191 MAX:
index.html:192 1.5928383331042844
index.html:217 Received JSON:  {t: "28.29", p: "0.48"}
index.html:217 Received JSON:  {t: "28.29", p: "-0.60"}
index.html:217 Received JSON:  {t: "28.29", p: "-0.59"}
index.html:217 Received JSON:  {t: "28.31", p: "-1.13"}
index.html:217 Received JSON:  {t: "28.31", p: "-1.40"}
index.html:217 Received JSON:  {t: "28.31", p: "-1.12"}
index.html:217 Received JSON:  {t: "28.32", p: "-1.65"}
index.html:217 Received JSON:  {t: "28.32", p: "-1.38"}
index.html:217 Received JSON:  {t: "28.34", p: "-1.64"}
index.html:217 Received JSON:  {t: "28.34", p: "-1.64"}
index.html:217 Received JSON:  {t: "28.34", p: "-1.37"}
index.html:217 Received JSON:  {t: "28.35", p: "-1.36"}
index.html:217 Received JSON:  {t: "28.35", p: "-1.09"}
index.html:217 Received JSON:  {t: "28.36", p: "-0.81"}
index.html:217 Received JSON:  {t: "28.37", p: "-0.80"}
index.html:217 Received JSON:  {t: "28.37", p: "-0.80"}
index.html:217 Received JSON:  {t: "28.37", p: "-1.07"}
index.html:217 Received JSON:  {t: "28.38", p: "0.02"}
index.html:217 Received JSON:  {t: "28.39", p: "-0.24"}
index.html:217 Received JSON:  {t: "28.39", p: "-0.51"}
index.html:217 Received JSON:  {t: "28.40", p: "0.03"}
index.html:217 Received JSON:  {t: "28.40", p: "0.31"}
index.html:217 Received JSON:  {t: "28.40", p: "0.31"}
index.html:217 Received JSON:  {t: "28.41", p: "1.40"}
index.html:217 Received JSON:  {t: "28.42", p: "1.95"}
index.html:217 Received JSON:  {t: "28.42", p: "1.13"}
index.html:217 Received JSON:  {t: "28.43", p: "1.14"}
index.html:217 Received JSON:  {t: "28.43", p: "0.88"}
index.html:217 Received JSON:  {t: "28.44", p: "1.15"}
index.html:217 Received JSON:  {t: "28.45", p: "1.43"}
index.html:217 Received JSON:  {t: "28.45", p: "1.71"}
index.html:217 Received JSON:  {t: "28.45", p: "1.16"}
index.html:217 Received JSON:  {t: "28.46", p: "1.17"}
index.html:217 Received JSON:  {t: "28.47", p: "0.91"}
index.html:217 Received JSON:  {t: "28.48", p: "0.92"}
index.html:217 Received JSON:  {t: "28.48", p: "0.64"}
index.html:217 Received JSON:  {t: "28.48", p: "0.92"}
index.html:217 Received JSON:  {t: "28.49", p: "1.47"}
index.html:217 Received JSON:  {t: "28.49", p: "0.93"}
index.html:217 Received JSON:  {t: "28.50", p: "1.21"}
index.html:217 Received JSON:  {t: "28.51", p: "0.94"}
index.html:217 Received JSON:  {t: "28.51", p: "0.40"}
index.html:191 MAX:
index.html:192 1.2046651839249338
index.html:217 Received JSON:  {t: "28.52", p: "0.95"}
index.html:217 Received JSON:  {t: "28.52", p: "0.95"}
index.html:217 Received JSON:  {t: "28.52", p: "-0.12"}
index.html:217 Received JSON:  {t: "28.54", p: "0.15"}
index.html:217 Received JSON:  {t: "28.54", p: "0.15"}
index.html:217 Received JSON:  {t: "28.54", p: "0.43"}
index.html:217 Received JSON:  {t: "28.55", p: "0.98"}
index.html:217 Received JSON:  {t: "28.55", p: "0.17"}
index.html:217 Received JSON:  {t: "28.55", p: "-0.10"}
index.html:217 Received JSON:  {t: "28.56", p: "-0.35"}
index.html:217 Received JSON:  {t: "28.57", p: "-0.89"}
index.html:217 Received JSON:  {t: "28.57", p: "-1.16"}
index.html:217 Received JSON:  {t: "28.58", p: "-1.42"}
index.html:217 Received JSON:  {t: "28.59", p: "-1.69"}
index.html:217 Received JSON:  {t: "28.59", p: "-0.87"}
index.html:217 Received JSON:  {t: "28.59", p: "-1.96"}
index.html:217 Received JSON:  {t: "28.60", p: "-1.14"}
index.html:217 Received JSON:  {t: "28.61", p: "-1.67"}
index.html:217 Received JSON:  {t: "28.61", p: "-1.13"}
index.html:217 Received JSON:  {t: "28.62", p: "-0.85"}
index.html:217 Received JSON:  {t: "28.62", p: "-1.12"}
index.html:217 Received JSON:  {t: "28.64", p: "-1.11"}
index.html:217 Received JSON:  {t: "28.64", p: "-1.10"}
index.html:217 Received JSON:  {t: "28.64", p: "-0.56"}
index.html:217 Received JSON:  {t: "28.65", p: "-0.82"}
index.html:217 Received JSON:  {t: "28.65", p: "-1.09"}
index.html:217 Received JSON:  {t: "28.66", p: "-0.54"}
index.html:217 Received JSON:  {t: "28.67", p: "-0.54"}
index.html:217 Received JSON:  {t: "28.67", p: "-0.81"}
index.html:217 Received JSON:  {t: "28.68", p: "0.28"}
index.html:217 Received JSON:  {t: "28.68", p: "-0.52"}
index.html:217 Received JSON:  {t: "28.68", p: "0.29"}
index.html:217 Received JSON:  {t: "28.69", p: "0.02"}
index.html:217 Received JSON:  {t: "28.69", p: "0.57"}
index.html:217 Received JSON:  {t: "28.70", p: "0.57"}
index.html:217 Received JSON:  {t: "28.71", p: "0.85"}
index.html:217 Received JSON:  {t: "28.71", p: "1.12"}
index.html:217 Received JSON:  {t: "28.72", p: "1.13"}
index.html:217 Received JSON:  {t: "28.72", p: "1.95"}
index.html:217 Received JSON:  {t: "28.73", p: "1.69"}
index.html:217 Received JSON:  {t: "28.73", p: "1.14"}
index.html:217 Received JSON:  {t: "28.74", p: "0.88"}
index.html:217 Received JSON:  {t: "28.75", p: "0.88"}
index.html:217 Received JSON:  {t: "28.75", p: "0.89"}
index.html:217 Received JSON:  {t: "28.75", p: "1.43"}
index.html:217 Received JSON:  {t: "28.76", p: "1.17"}
index.html:217 Received JSON:  {t: "28.77", p: "1.18"}
index.html:217 Received JSON:  {t: "28.78", p: "0.91"}
index.html:217 Received JSON:  {t: "28.78", p: "0.37"}
index.html:217 Received JSON:  {t: "28.79", p: "0.38"}
index.html:217 Received JSON:  {t: "28.79", p: "0.65"}
index.html:217 Received JSON:  {t: "28.79", p: "0.39"}
index.html:217 Received JSON:  {t: "28.80", p: "0.93"}
index.html:217 Received JSON:  {t: "28.81", p: "0.67"}
index.html:191 MAX:
index.html:192 1.1718346071816441
index.html:217 Received JSON:  {t: "28.81", p: "0.40"}
index.html:217 Received JSON:  {t: "28.82", p: "0.13"}
index.html:217 Received JSON:  {t: "28.82", p: "0.41"}
index.html:217 Received JSON:  {t: "28.83", p: "0.42"}
index.html:217 Received JSON:  {t: "28.83", p: "-0.12"}
index.html:217 Received JSON:  {t: "28.84", p: "-0.11"}
index.html:217 Received JSON:  {t: "28.84", p: "-0.38"}
index.html:217 Received JSON:  {t: "28.85", p: "-0.64"}
index.html:217 Received JSON:  {t: "28.85", p: "-1.18"}
index.html:217 Received JSON:  {t: "28.86", p: "-1.17"}
index.html:217 Received JSON:  {t: "28.87", p: "-0.90"}
index.html:217 Received JSON:  {t: "28.87", p: "-1.17"}
index.html:217 Received JSON:  {t: "28.88", p: "-1.71"}
index.html:217 Received JSON:  {t: "28.88", p: "-0.88"}
index.html:217 Received JSON:  {t: "28.89", p: "-0.87"}
index.html:217 Received JSON:  {t: "28.89", p: "-1.15"}
index.html:217 Received JSON:  {t: "28.90", p: "-0.87"}
index.html:217 Received JSON:  {t: "28.91", p: "-0.59"}
index.html:217 Received JSON:  {t: "28.92", p: "-0.86"}
index.html:217 Received JSON:  {t: "28.92", p: "-0.58"}
index.html:217 Received JSON:  {t: "28.92", p: "-0.85"}
index.html:217 Received JSON:  {t: "28.92", p: "-0.04"}
index.html:217 Received JSON:  {t: "28.94", p: "-0.29"}
index.html:217 Received JSON:  {t: "28.94", p: "-0.02"}
index.html:217 Received JSON:  {t: "28.95", p: "-0.28"}
index.html:217 Received JSON:  {t: "28.94", p: "0.79"}
index.html:217 Received JSON:  {t: "28.96", p: "1.08"}
index.html:217 Received JSON:  {t: "28.96", p: "1.35"}
index.html:217 Received JSON:  {t: "28.97", p: "1.35"}
index.html:217 Received JSON:  {t: "28.98", p: "1.36"}
index.html:217 Received JSON:  {t: "28.98", p: "1.64"}
index.html:217 Received JSON:  {t: "28.99", p: "1.92"}
index.html:217 Received JSON:  {t: "28.99", p: "1.65"}
index.html:217 Received JSON:  {t: "28.99", p: "1.65"}
index.html:217 Received JSON:  {t: "28.99", p: "1.11"}
index.html:217 Received JSON:  {t: "29.01", p: "1.66"}
index.html:217 Received JSON:  {t: "29.01", p: "1.40"}
index.html:217 Received JSON:  {t: "29.02", p: "0.85"}
index.html:217 Received JSON:  {t: "29.02", p: "1.13"}
index.html:217 Received JSON:  {t: "29.03", p: "1.41"}
index.html:217 Received JSON:  {t: "29.04", p: "0.88"}
index.html:217 Received JSON:  {t: "29.04", p: "0.88"}
index.html:217 Received JSON:  {t: "29.05", p: "0.61"}
index.html:217 Received JSON:  {t: "29.05", p: "1.43"}
index.html:217 Received JSON:  {t: "29.06", p: "0.35"}
index.html:217 Received JSON:  {t: "29.06", p: "0.35"}
index.html:191 MAX:
index.html:192 1.4592102494600645
index.html:217 Received JSON:  {t: "29.07", p: "0.35"}
index.html:217 Received JSON:  {t: "29.08", p: "-1.26"}
index.html:217 Received JSON:  {t: "29.08", p: "-3.69"}
index.html:217 Received JSON:  {t: "29.08", p: "-5.33"}
index.html:217 Received JSON:  {t: "29.09", p: "-5.32"}
index.html:217 Received JSON:  {t: "29.09", p: "-6.67"}
index.html:217 Received JSON:  {t: "29.11", p: "-7.48"}
index.html:217 Received JSON:  {t: "29.11", p: "-8.30"}
index.html:217 Received JSON:  {t: "29.12", p: "-9.65"}
index.html:217 Received JSON:  {t: "29.12", p: "-9.37"}
index.html:217 Received JSON:  {t: "29.12", p: "-9.37"}
index.html:217 Received JSON:  {t: "29.13", p: "-9.90"}
index.html:217 Received JSON:  {t: "29.14", p: "-10.44"}
index.html:217 Received JSON:  {t: "29.15", p: "-9.89"}
index.html:217 Received JSON:  {t: "29.15", p: "-9.62"}
index.html:217 Received JSON:  {t: "29.16", p: "-10.70"}
index.html:217 Received JSON:  {t: "29.16", p: "-10.15"}
index.html:217 Received JSON:  {t: "29.17", p: "-9.33"}
index.html:217 Received JSON:  {t: "29.17", p: "-10.69"}
index.html:217 Received JSON:  {t: "29.18", p: "-11.22"}
index.html:217 Received JSON:  {t: "29.18", p: "-10.68"}
index.html:217 Received JSON:  {t: "29.19", p: "-9.86"}
index.html:217 Received JSON:  {t: "29.19", p: "-9.04"}
index.html:217 Received JSON:  {t: "29.20", p: "-8.21"}
index.html:217 Received JSON:  {t: "29.20", p: "-7.94"}
index.html:217 Received JSON:  {t: "29.21", p: "-7.39"}
index.html:217 Received JSON:  {t: "29.21", p: "-5.76"}
index.html:217 Received JSON:  {t: "29.23", p: "-3.84"}
index.html:217 Received JSON:  {t: "29.22", p: "-1.12"}
index.html:217 Received JSON:  {t: "29.23", p: "-0.58"}
index.html:217 Received JSON:  {t: "29.24", p: "-0.03"}
index.html:217 Received JSON:  {t: "29.25", p: "0.24"}
index.html:217 Received JSON:  {t: "29.25", p: "0.25"}
index.html:217 Received JSON:  {t: "29.26", p: "1.07"}
index.html:217 Received JSON:  {t: "29.26", p: "4.34"}
index.html:217 Received JSON:  {t: "29.27", p: "8.69"}
index.html:217 Received JSON:  {t: "29.27", p: "8.15"}
index.html:217 Received JSON:  {t: "29.28", p: "8.70"}
index.html:217 Received JSON:  {t: "29.28", p: "8.16"}
index.html:217 Received JSON:  {t: "29.29", p: "8.71"}
index.html:217 Received JSON:  {t: "29.29", p: "9.25"}
index.html:217 Received JSON:  {t: "29.29", p: "8.45"}
index.html:217 Received JSON:  {t: "29.30", p: "8.18"}
index.html:217 Received JSON:  {t: "29.31", p: "8.19"}
index.html:217 Received JSON:  {t: "29.32", p: "7.65"}
index.html:217 Received JSON:  {t: "29.32", p: "7.11"}
index.html:217 Received JSON:  {t: "29.32", p: "8.20"}
index.html:217 Received JSON:  {t: "29.33", p: "7.66"}
index.html:217 Received JSON:  {t: "29.34", p: "7.40"}
index.html:217 Received JSON:  {t: "29.34", p: "8.22"}
index.html:217 Received JSON:  {t: "29.35", p: "7.95"}
index.html:217 Received JSON:  {t: "29.35", p: "7.95"}
index.html:217 Received JSON:  {t: "29.36", p: "7.69"}
index.html:217 Received JSON:  {t: "29.37", p: "7.42"}
index.html:217 Received JSON:  {t: "29.37", p: "7.15"}
index.html:191 MAX:
index.html:192 8.194051123080355
index.html:217 Received JSON:  {t: "29.37", p: "6.89"}
index.html:217 Received JSON:  {t: "29.38", p: "6.89"}
index.html:217 Received JSON:  {t: "29.39", p: "5.81"}
index.html:217 Received JSON:  {t: "29.39", p: "5.82"}
index.html:217 Received JSON:  {t: "29.39", p: "5.00"}
index.html:217 Received JSON:  {t: "29.40", p: "4.74"}
index.html:217 Received JSON:  {t: "29.40", p: "4.19"}
index.html:217 Received JSON:  {t: "29.41", p: "3.38"}
index.html:217 Received JSON:  {t: "29.41", p: "3.12"}
index.html:217 Received JSON:  {t: "29.43", p: "2.85"}
index.html:217 Received JSON:  {t: "29.43", p: "2.04"}
index.html:217 Received JSON:  {t: "29.44", p: "1.50"}
index.html:217 Received JSON:  {t: "29.44", p: "1.50"}
index.html:217 Received JSON:  {t: "29.45", p: "1.52"}
index.html:217 Received JSON:  {t: "29.45", p: "0.97"}
index.html:217 Received JSON:  {t: "29.45", p: "0.98"}
index.html:217 Received JSON:  {t: "29.46", p: "-0.09"}
index.html:217 Received JSON:  {t: "29.47", p: "0.72"}
index.html:217 Received JSON:  {t: "29.48", p: "-0.08"}
index.html:217 Received JSON:  {t: "29.48", p: "0.18"}
index.html:217 Received JSON:  {t: "29.48", p: "0.18"}
index.html:217 Received JSON:  {t: "29.49", p: "-0.61"}
index.html:217 Received JSON:  {t: "29.49", p: "-0.34"}
index.html:217 Received JSON:  {t: "29.49", p: "0.47"}
index.html:217 Received JSON:  {t: "29.50", p: "-0.33"}
index.html:217 Received JSON:  {t: "29.51", p: "-0.59"}
index.html:217 Received JSON:  {t: "29.53", p: "-0.58"}
index.html:217 Received JSON:  {t: "29.52", p: "-0.59"}
index.html:217 Received JSON:  {t: "29.53", p: "-1.39"}
index.html:217 Received JSON:  {t: "29.53", p: "-0.85"}
index.html:217 Received JSON:  {t: "29.54", p: "-0.84"}
index.html:217 Received JSON:  {t: "29.54", p: "-0.84"}
index.html:217 Received JSON:  {t: "29.55", p: "-1.65"}
index.html:217 Received JSON:  {t: "29.56", p: "-2.19"}
index.html:217 Received JSON:  {t: "29.56", p: "-1.91"}
index.html:217 Received JSON:  {t: "29.57", p: "-2.18"}
index.html:217 Received JSON:  {t: "29.57", p: "-2.72"}
index.html:217 Received JSON:  {t: "29.57", p: "-2.72"}
index.html:217 Received JSON:  {t: "29.59", p: "-2.44"}
index.html:217 Received JSON:  {t: "29.59", p: "-2.43"}
index.html:217 Received JSON:  {t: "29.59", p: "-2.16"}
index.html:217 Received JSON:  {t: "29.60", p: "-2.42"}
index.html:217 Received JSON:  {t: "29.61", p: "-1.32"}
index.html:217 Received JSON:  {t: "29.61", p: "-1.87"}
index.html:217 Received JSON:  {t: "29.62", p: "-1.32"}
index.html:217 Received JSON:  {t: "29.62", p: "-1.59"}
index.html:217 Received JSON:  {t: "29.62", p: "-1.31"}
index.html:217 Received JSON:  {t: "29.63", p: "-1.30"}
index.html:217 Received JSON:  {t: "29.64", p: "-1.57"}
index.html:217 Received JSON:  {t: "29.64", p: "-0.48"}
index.html:217 Received JSON:  {t: "29.65", p: "-0.47"}
index.html:217 Received JSON:  {t: "29.65", p: "-0.74"}
index.html:217 Received JSON:  {t: "29.66", p: "0.34"}
index.html:217 Received JSON:  {t: "29.66", p: "0.08"}
index.html:217 Received JSON:  {t: "29.67", p: "1.17"}
index.html:217 Received JSON:  {t: "29.68", p: "1.18"}
index.html:217 Received JSON:  {t: "29.68", p: "1.45"}
index.html:217 Received JSON:  {t: "29.68", p: "1.18"}
index.html:217 Received JSON:  {t: "29.69", p: "1.19"}
index.html:217 Received JSON:  {t: "29.69", p: "1.47"}
index.html:217 Received JSON:  {t: "29.69", p: "1.20"}
index.html:217 Received JSON:  {t: "29.71", p: "0.66"}
index.html:217 Received JSON:  {t: "29.72", p: "0.94"}
index.html:217 Received JSON:  {t: "29.72", p: "0.94"}
index.html:217 Received JSON:  {t: "29.73", p: "1.22"}
index.html:217 Received JSON:  {t: "29.73", p: "0.68"}
index.html:217 Received JSON:  {t: "29.73", p: "1.23"}
index.html:217 Received JSON:  {t: "29.74", p: "1.23"}
index.html:217 Received JSON:  {t: "29.74", p: "0.96"}
index.html:217 Received JSON:  {t: "29.75", p: "0.97"}
index.html:217 Received JSON:  {t: "29.76", p: "0.43"}
index.html:217 Received JSON:  {t: "29.76", p: "0.71"}
index.html:217 Received JSON:  {t: "29.77", p: "0.72"}
index.html:191 MAX:
index.html:192 1.0930031061420262
index.html:217 Received JSON:  {t: "29.77", p: "0.45"}
index.html:217 Received JSON:  {t: "29.77", p: "0.18"}
index.html:217 Received JSON:  {t: "29.78", p: "0.45"}
index.html:217 Received JSON:  {t: "29.79", p: "-0.07"}
index.html:217 Received JSON:  {t: "29.79", p: "0.19"}
index.html:217 Received JSON:  {t: "29.80", p: "-0.34"}
index.html:217 Received JSON:  {t: "29.80", p: "-0.61"}
index.html:217 Received JSON:  {t: "29.81", p: "-0.87"}
index.html:217 Received JSON:  {t: "29.82", p: "-2.50"}
index.html:217 Received JSON:  {t: "29.82", p: "-2.50"}
index.html:217 Received JSON:  {t: "29.83", p: "-2.49"}
index.html:217 Received JSON:  {t: "29.84", p: "-1.66"}
index.html:217 Received JSON:  {t: "29.84", p: "-1.94"}
index.html:217 Received JSON:  {t: "29.84", p: "-1.12"}
index.html:217 Received JSON:  {t: "29.85", p: "-1.38"}
index.html:217 Received JSON:  {t: "29.85", p: "-1.11"}
index.html:217 Received JSON:  {t: "29.86", p: "-0.83"}
index.html:217 Received JSON:  {t: "29.86", p: "-0.55"}
index.html:217 Received JSON:  {t: "29.86", p: "-1.10"}
index.html:217 Received JSON:  {t: "29.87", p: "-0.82"}
index.html:217 Received JSON:  {t: "29.88", p: "-1.08"}
index.html:217 Received JSON:  {t: "29.88", p: "-0.54"}
index.html:217 Received JSON:  {t: "29.89", p: "-0.25"}
index.html:217 Received JSON:  {t: "29.89", p: "0.28"}
index.html:217 Received JSON:  {t: "29.90", p: "-0.79"}
index.html:217 Received JSON:  {t: "29.90", p: "-0.25"}
index.html:217 Received JSON:  {t: "29.91", p: "-0.24"}
index.html:217 Received JSON:  {t: "29.92", p: "0.30"}
index.html:217 Received JSON:  {t: "29.92", p: "1.40"}
index.html:217 Received JSON:  {t: "29.93", p: "1.95"}
index.html:217 Received JSON:  {t: "29.93", p: "1.14"}
index.html:217 Received JSON:  {t: "29.94", p: "1.41"}
index.html:217 Received JSON:  {t: "29.94", p: "1.42"}
index.html:217 Received JSON:  {t: "29.94", p: "1.14"}
index.html:217 Received JSON:  {t: "29.95", p: "1.15"}
index.html:217 Received JSON:  {t: "29.96", p: "0.61"}
index.html:217 Received JSON:  {t: "29.96", p: "1.98"}
index.html:217 Received JSON:  {t: "29.97", p: "0.90"}
index.html:217 Received JSON:  {t: "29.97", p: "0.08"}
index.html:217 Received JSON:  {t: "29.98", p: "0.63"}
index.html:217 Received JSON:  {t: "29.98", p: "0.64"}
index.html:217 Received JSON:  {t: "29.99", p: "0.37"}
index.html:217 Received JSON:  {t: "29.99", p: "0.65"}
index.html:217 Received JSON:  {t: "30.00", p: "0.92"}
index.html:217 Received JSON:  {t: "30.01", p: "0.66"}
index.html:217 Received JSON:  {t: "30.01", p: "0.66"}
index.html:191 MAX:
index.html:192 1.1492359738570082
index.html:217 Received JSON:  {t: "30.01", p: "0.66"}
index.html:217 Received JSON:  {t: "30.03", p: "0.13"}
index.html:217 Received JSON:  {t: "30.02", p: "-0.14"}
index.html:217 Received JSON:  {t: "30.03", p: "0.41"}
index.html:217 Received JSON:  {t: "30.04", p: "0.14"}
index.html:217 Received JSON:  {t: "30.04", p: "-0.12"}
index.html:217 Received JSON:  {t: "30.05", p: "-0.38"}
index.html:217 Received JSON:  {t: "30.05", p: "-0.38"}
index.html:217 Received JSON:  {t: "30.06", p: "-1.19"}
index.html:217 Received JSON:  {t: "30.07", p: "-1.18"}
index.html:217 Received JSON:  {t: "30.07", p: "-0.36"}
index.html:217 Received JSON:  {t: "30.08", p: "-0.64"}
index.html:217 Received JSON:  {t: "30.08", p: "-0.63"}
index.html:217 Received JSON:  {t: "30.09", p: "-0.08"}
index.html:217 Received JSON:  {t: "30.09", p: "-0.89"}
index.html:217 Received JSON:  {t: "30.10", p: "-0.89"}
index.html:217 Received JSON:  {t: "30.10", p: "-0.34"}
index.html:217 Received JSON:  {t: "30.12", p: "-0.60"}
index.html:217 Received JSON:  {t: "30.12", p: "-0.60"}
index.html:217 Received JSON:  {t: "30.12", p: "-0.05"}
index.html:217 Received JSON:  {t: "30.13", p: "-0.04"}
index.html:217 Received JSON:  {t: "30.13", p: "-0.58"}
index.html:217 Received JSON:  {t: "30.13", p: "0.22"}
index.html:217 Received JSON:  {t: "30.14", p: "-0.30"}
index.html:217 Received JSON:  {t: "30.15", p: "-0.29"}
index.html:217 Received JSON:  {t: "30.16", p: "-0.02"}
index.html:217 Received JSON:  {t: "30.16", p: "0.79"}
index.html:217 Received JSON:  {t: "30.16", p: "1.07"}
index.html:217 Received JSON:  {t: "30.17", p: "1.35"}
index.html:217 Received JSON:  {t: "30.17", p: "1.08"}
index.html:217 Received JSON:  {t: "30.18", p: "1.63"}
index.html:217 Received JSON:  {t: "30.18", p: "1.35"}
index.html:217 Received JSON:  {t: "30.18", p: "1.36"}
index.html:217 Received JSON:  {t: "30.19", p: "1.37"}
index.html:217 Received JSON:  {t: "30.19", p: "1.37"}
index.html:217 Received JSON:  {t: "30.20", p: "1.38"}
index.html:217 Received JSON:  {t: "30.21", p: "0.84"}
index.html:217 Received JSON:  {t: "30.21", p: "1.12"}
index.html:217 Received JSON:  {t: "30.22", p: "1.94"}
index.html:217 Received JSON:  {t: "30.23", p: "1.40"}
index.html:217 Received JSON:  {t: "30.23", p: "0.31"}
index.html:217 Received JSON:  {t: "30.23", p: "0.86"}
index.html:217 Received JSON:  {t: "30.24", p: "0.87"}
index.html:217 Received JSON:  {t: "30.24", p: "1.41"}
index.html:217 Received JSON:  {t: "30.25", p: "0.88"}
index.html:217 Received JSON:  {t: "30.26", p: "0.61"}
index.html:217 Received JSON:  {t: "30.26", p: "0.61"}
index.html:191 MAX:
index.html:192 1.2942298306031397
index.html:217 Received JSON:  {t: "30.27", p: "-0.18"}
index.html:217 Received JSON:  {t: "30.27", p: "0.35"}
index.html:217 Received JSON:  {t: "30.28", p: "0.08"}
index.html:217 Received JSON:  {t: "30.28", p: "-0.45"}
index.html:217 Received JSON:  {t: "30.29", p: "-0.17"}
index.html:217 Received JSON:  {t: "30.30", p: "-0.44"}
index.html:217 Received JSON:  {t: "30.30", p: "-0.97"}
index.html:217 Received JSON:  {t: "30.30", p: "-0.98"}
index.html:217 Received JSON:  {t: "30.31", p: "-1.24"}
index.html:217 Received JSON:  {t: "30.32", p: "-0.96"}
index.html:217 Received JSON:  {t: "30.32", p: "-0.96"}
index.html:217 Received JSON:  {t: "30.33", p: "-0.95"}
index.html:217 Received JSON:  {t: "30.33", p: "-0.14"}
index.html:217 Received JSON:  {t: "30.34", p: "-0.67"}
index.html:217 Received JSON:  {t: "30.34", p: "-0.12"}
index.html:217 Received JSON:  {t: "30.35", p: "-0.66"}
index.html:217 Received JSON:  {t: "30.35", p: "-1.20"}
index.html:217 Received JSON:  {t: "30.36", p: "-0.38"}
index.html:217 Received JSON:  {t: "30.37", p: "-0.65"}
index.html:217 Received JSON:  {t: "30.37", p: "-0.65"}
index.html:217 Received JSON:  {t: "30.37", p: "-0.10"}
index.html:217 Received JSON:  {t: "30.38", p: "0.45"}
index.html:217 Received JSON:  {t: "30.38", p: "0.45"}
index.html:217 Received JSON:  {t: "30.39", p: "0.18"}
index.html:217 Received JSON:  {t: "30.39", p: "0.45"}
index.html:217 Received JSON:  {t: "30.39", p: "0.45"}
index.html:217 Received JSON:  {t: "30.40", p: "0.74"}
index.html:217 Received JSON:  {t: "30.41", p: "1.56"}
index.html:217 Received JSON:  {t: "30.41", p: "1.02"}
index.html:217 Received JSON:  {t: "30.41", p: "2.39"}
index.html:217 Received JSON:  {t: "30.42", p: "1.85"}
index.html:217 Received JSON:  {t: "30.43", p: "1.31"}
index.html:217 Received JSON:  {t: "30.43", p: "1.58"}
index.html:217 Received JSON:  {t: "30.44", p: "1.05"}
index.html:217 Received JSON:  {t: "30.44", p: "1.32"}
index.html:217 Received JSON:  {t: "30.45", p: "1.05"}
index.html:217 Received JSON:  {t: "30.45", p: "0.79"}
index.html:217 Received JSON:  {t: "30.45", p: "1.06"}
index.html:217 Received JSON:  {t: "30.47", p: "0.80"}
index.html:217 Received JSON:  {t: "30.46", p: "1.61"}
index.html:217 Received JSON:  {t: "30.47", p: "1.35"}
index.html:217 Received JSON:  {t: "30.48", p: "0.81"}
index.html:217 Received JSON:  {t: "30.49", p: "1.09"}
index.html:217 Received JSON:  {t: "30.49", p: "1.09"}
index.html:191 MAX:
index.html:192 1.3579861944681468
index.html:198 Respiratory rate:
index.html:199 17
index.html:217 Received JSON:  {t: "30.49", p: "1.10"}
index.html:217 Received JSON:  {t: "30.49", p: "0.82"}
index.html:217 Received JSON:  {t: "30.50", p: "0.55"}
index.html:217 Received JSON:  {t: "30.51", p: "0.84"}
index.html:217 Received JSON:  {t: "30.51", p: "1.11"}
index.html:217 Received JSON:  {t: "30.51", p: "0.29"}
index.html:217 Received JSON:  {t: "30.52", p: "0.85"}
index.html:217 Received JSON:  {t: "30.52", p: "0.03"}
index.html:217 Received JSON:  {t: "30.53", p: "1.13"}
index.html:217 Received JSON:  {t: "30.53", p: "0.31"}
index.html:217 Received JSON:  {t: "30.54", p: "0.05"}
index.html:217 Received JSON:  {t: "30.54", p: "-0.76"}
index.html:217 Received JSON:  {t: "30.55", p: "-0.75"}
index.html:217 Received JSON:  {t: "30.55", p: "-2.11"}
index.html:217 Received JSON:  {t: "30.56", p: "-2.11"}
index.html:217 Received JSON:  {t: "30.57", p: "-1.83"}
index.html:217 Received JSON:  {t: "30.57", p: "-1.83"}
index.html:217 Received JSON:  {t: "30.58", p: "-0.73"}
index.html:217 Received JSON:  {t: "30.58", p: "-1.00"}
index.html:217 Received JSON:  {t: "30.59", p: "-0.17"}
index.html:217 Received JSON:  {t: "30.59", p: "-0.99"}
index.html:217 Received JSON:  {t: "30.59", p: "-0.44"}
index.html:217 Received JSON:  {t: "30.59", p: "-0.98"}
index.html:217 Received JSON:  {t: "30.61", p: "-0.97"}
index.html:217 Received JSON:  {t: "30.61", p: "-0.70"}
index.html:217 Received JSON:  {t: "30.62", p: "-0.69"}
index.html:217 Received JSON:  {t: "30.63", p: "-0.68"}
index.html:217 Received JSON:  {t: "30.62", p: "-0.41"}
index.html:217 Received JSON:  {t: "30.63", p: "-0.96"}
index.html:217 Received JSON:  {t: "30.64", p: "-0.13"}
index.html:217 Received JSON:  {t: "30.64", p: "-0.67"}
index.html:217 Received JSON:  {t: "30.65", p: "-0.94"}
index.html:217 Received JSON:  {t: "30.65", p: "0.14"}
index.html:217 Received JSON:  {t: "30.66", p: "1.24"}
index.html:217 Received JSON:  {t: "30.66", p: "1.52"}
index.html:217 Received JSON:  {t: "30.66", p: "1.25"}
index.html:217 Received JSON:  {t: "30.67", p: "1.25"}
index.html:217 Received JSON:  {t: "30.67", p: "1.25"}
index.html:217 Received JSON:  {t: "30.69", p: "1.27"}
index.html:217 Received JSON:  {t: "30.68", p: "1.26"}
index.html:217 Received JSON:  {t: "30.69", p: "1.00"}
index.html:217 Received JSON:  {t: "30.70", p: "1.55"}
index.html:217 Received JSON:  {t: "30.70", p: "1.28"}
index.html:217 Received JSON:  {t: "30.71", p: "1.02"}
index.html:217 Received JSON:  {t: "30.71", p: "1.56"}
index.html:217 Received JSON:  {t: "30.72", p: "1.02"}
index.html:217 Received JSON:  {t: "30.72", p: "1.03"}
index.html:217 Received JSON:  {t: "30.72", p: "0.75"}
index.html:217 Received JSON:  {t: "30.74", p: "1.04"}
index.html:217 Received JSON:  {t: "30.73", p: "1.04"}
index.html:217 Received JSON:  {t: "30.74", p: "0.77"}
index.html:217 Received JSON:  {t: "30.74", p: "0.77"}
index.html:217 Received JSON:  {t: "30.75", p: "0.24"}
index.html:174 MAX:
index.html:175 1.2335697471518474
index.html:217 Received JSON:  {t: "30.76", p: "1.06"}
index.html:217 Received JSON:  {t: "30.76", p: "0.79"}
index.html:217 Received JSON:  {t: "30.76", p: "1.06"}
index.html:217 Received JSON:  {t: "30.77", p: "0.80"}
index.html:217 Received JSON:  {t: "30.77", p: "-0.01"}
index.html:217 Received JSON:  {t: "30.78", p: "0.81"}
index.html:217 Received JSON:  {t: "30.78", p: "0.54"}
index.html:217 Received JSON:  {t: "30.79", p: "0.27"}
index.html:217 Received JSON:  {t: "30.79", p: "0.55"}
index.html:217 Received JSON:  {t: "30.80", p: "-0.25"}
index.html:217 Received JSON:  {t: "30.81", p: "0.01"}
index.html:217 Received JSON:  {t: "30.81", p: "-0.79"}
index.html:217 Received JSON:  {t: "30.82", p: "-0.51"}
index.html:217 Received JSON:  {t: "30.82", p: "-0.78"}
index.html:217 Received JSON:  {t: "30.82", p: "-0.51"}
index.html:217 Received JSON:  {t: "30.83", p: "-0.50"}
index.html:217 Received JSON:  {t: "30.83", p: "-0.78"}
index.html:217 Received JSON:  {t: "30.84", p: "-0.49"}
index.html:217 Received JSON:  {t: "30.85", p: "-0.76"}
index.html:217 Received JSON:  {t: "30.85", p: "-0.21"}
index.html:217 Received JSON:  {t: "30.85", p: "-0.48"}
index.html:217 Received JSON:  {t: "30.86", p: "-0.48"}
index.html:217 Received JSON:  {t: "30.86", p: "0.34"}
index.html:217 Received JSON:  {t: "30.87", p: "-0.19"}
index.html:217 Received JSON:  {t: "30.87", p: "-0.19"}
index.html:217 Received JSON:  {t: "30.88", p: "-0.19"}
index.html:217 Received JSON:  {t: "30.89", p: "-0.18"}
index.html:217 Received JSON:  {t: "30.89", p: "-0.45"}
index.html:217 Received JSON:  {t: "30.89", p: "0.36"}
index.html:217 Received JSON:  {t: "30.89", p: "0.09"}
index.html:217 Received JSON:  {t: "30.90", p: "0.37"}
index.html:217 Received JSON:  {t: "30.90", p: "0.10"}
index.html:217 Received JSON:  {t: "30.91", p: "-0.16"}
index.html:217 Received JSON:  {t: "30.92", p: "0.11"}
index.html:217 Received JSON:  {t: "30.92", p: "-0.15"}
index.html:217 Received JSON:  {t: "30.93", p: "0.39"}
index.html:217 Received JSON:  {t: "30.93", p: "1.21"}
index.html:217 Received JSON:  {t: "30.93", p: "1.22"}
index.html:217 Received JSON:  {t: "30.94", p: "1.22"}
index.html:217 Received JSON:  {t: "30.95", p: "1.23"}
index.html:217 Received JSON:  {t: "30.95", p: "1.23"}
index.html:217 Received JSON:  {t: "30.95", p: "2.05"}
index.html:217 Received JSON:  {t: "30.96", p: "0.97"}
index.html:217 Received JSON:  {t: "30.96", p: "1.79"}
index.html:217 Received JSON:  {t: "30.97", p: "0.98"}
index.html:217 Received JSON:  {t: "30.97", p: "0.71"}
index.html:217 Received JSON:  {t: "30.98", p: "1.26"}
index.html:217 Received JSON:  {t: "30.98", p: "0.99"}
index.html:217 Received JSON:  {t: "30.98", p: "0.72"}
index.html:217 Received JSON:  {t: "30.99", p: "0.73"}
index.html:217 Received JSON:  {t: "30.99", p: "1.00"}
index.html:217 Received JSON:  {t: "30.99", p: "0.72"}
index.html:217 Received JSON:  {t: "31.00", p: "0.19"}
index.html:217 Received JSON:  {t: "31.01", p: "0.74"}
index.html:217 Received JSON:  {t: "31.01", p: "-0.34"}
index.html:191 MAX:
index.html:192 1.2387105647882013
index.html:217 Received JSON:  {t: "31.02", p: "0.75"}
index.html:217 Received JSON:  {t: "31.02", p: "0.48"}
index.html:217 Received JSON:  {t: "31.03", p: "-0.32"}
index.html:217 Received JSON:  {t: "31.03", p: "0.22"}
index.html:217 Received JSON:  {t: "31.03", p: "0.49"}
index.html:217 Received JSON:  {t: "31.04", p: "0.22"}
index.html:217 Received JSON:  {t: "31.04", p: "0.50"}
index.html:217 Received JSON:  {t: "31.05", p: "0.23"}
index.html:217 Received JSON:  {t: "31.05", p: "0.51"}
index.html:217 Received JSON:  {t: "31.06", p: "-0.02"}
index.html:217 Received JSON:  {t: "31.06", p: "-0.02"}
index.html:217 Received JSON:  {t: "31.07", p: "0.25"}
index.html:217 Received JSON:  {t: "31.08", p: "-0.01"}
index.html:217 Received JSON:  {t: "31.08", p: "-0.55"}
index.html:217 Received JSON:  {t: "31.08", p: "-0.55"}
index.html:217 Received JSON:  {t: "31.09", p: "-0.54"}
index.html:217 Received JSON:  {t: "31.09", p: "-1.08"}
index.html:217 Received JSON:  {t: "31.09", p: "-0.81"}
index.html:217 Received JSON:  {t: "31.10", p: "-0.54"}
index.html:217 Received JSON:  {t: "31.10", p: "-0.53"}
index.html:217 Received JSON:  {t: "31.11", p: "-0.79"}
index.html:217 Received JSON:  {t: "31.12", p: "-0.52"}
index.html:217 Received JSON:  {t: "31.12", p: "-0.24"}
index.html:217 Received JSON:  {t: "31.12", p: "-0.51"}
index.html:217 Received JSON:  {t: "31.13", p: "-0.24"}
index.html:217 Received JSON:  {t: "31.13", p: "-0.50"}
index.html:217 Received JSON:  {t: "31.13", p: "-0.77"}
index.html:217 Received JSON:  {t: "31.14", p: "-0.50"}
index.html:217 Received JSON:  {t: "31.14", p: "-0.49"}
index.html:217 Received JSON:  {t: "31.14", p: "-0.49"}
index.html:217 Received JSON:  {t: "31.15", p: "-0.21"}
index.html:217 Received JSON:  {t: "31.16", p: "-0.20"}
index.html:217 Received JSON:  {t: "31.16", p: "-0.48"}
index.html:217 Received JSON:  {t: "31.16", p: "0.33"}
index.html:217 Received JSON:  {t: "31.17", p: "0.34"}
index.html:217 Received JSON:  {t: "31.17", p: "0.62"}
index.html:217 Received JSON:  {t: "31.18", p: "0.35"}
index.html:217 Received JSON:  {t: "31.19", p: "0.35"}
index.html:217 Received JSON:  {t: "31.19", p: "0.36"}
index.html:217 Received JSON:  {t: "31.19", p: "1.73"}
index.html:217 Received JSON:  {t: "31.20", p: "1.19"}
index.html:217 Received JSON:  {t: "31.21", p: "1.46"}
index.html:217 Received JSON:  {t: "31.21", p: "1.74"}
index.html:217 Received JSON:  {t: "31.21", p: "1.47"}
index.html:217 Received JSON:  {t: "31.22", p: "1.75"}
index.html:217 Received JSON:  {t: "31.22", p: "1.20"}
index.html:217 Received JSON:  {t: "31.23", p: "1.21"}
index.html:217 Received JSON:  {t: "31.23", p: "1.49"}
index.html:217 Received JSON:  {t: "31.24", p: "1.22"}
index.html:217 Received JSON:  {t: "31.24", p: "0.95"}
index.html:217 Received JSON:  {t: "31.24", p: "1.77"}
index.html:217 Received JSON:  {t: "31.25", p: "0.69"}
index.html:217 Received JSON:  {t: "31.25", p: "1.24"}
index.html:217 Received JSON:  {t: "31.26", p: "0.97"}
index.html:217 Received JSON:  {t: "31.26", p: "1.24"}
index.html:217 Received JSON:  {t: "31.27", p: "0.97"}
index.html:217 Received JSON:  {t: "31.27", p: "0.71"}
index.html:217 Received JSON:  {t: "31.28", p: "0.99"}
index.html:191 MAX:
index.html:192 1.3763119361340863
index.html:217 Received JSON:  {t: "31.28", p: "1.26"}
index.html:217 Received JSON:  {t: "31.28", p: "1.26"}
index.html:217 Received JSON:  {t: "31.29", p: "0.99"}
index.html:217 Received JSON:  {t: "31.29", p: "0.73"}
index.html:217 Received JSON:  {t: "31.30", p: "0.73"}
index.html:217 Received JSON:  {t: "31.31", p: "1.01"}
index.html:217 Received JSON:  {t: "31.31", p: "0.46"}
index.html:217 Received JSON:  {t: "31.31", p: "-0.07"}
index.html:217 Received JSON:  {t: "31.32", p: "0.75"}
index.html:217 Received JSON:  {t: "31.32", p: "-0.06"}
index.html:217 Received JSON:  {t: "31.33", p: "-0.60"}
index.html:217 Received JSON:  {t: "31.33", p: "-5.52"}
index.html:217 Received JSON:  {t: "31.33", p: "-6.88"}
index.html:217 Received JSON:  {t: "31.34", p: "-7.69"}
index.html:217 Received JSON:  {t: "31.34", p: "-8.78"}
index.html:217 Received JSON:  {t: "31.35", p: "-10.41"}
index.html:217 Received JSON:  {t: "31.35", p: "-10.14"}
index.html:217 Received JSON:  {t: "31.35", p: "-10.14"}
index.html:217 Received JSON:  {t: "31.36", p: "-11.22"}
index.html:217 Received JSON:  {t: "31.36", p: "-12.59"}
index.html:217 Received JSON:  {t: "31.37", p: "-13.13"}
index.html:217 Received JSON:  {t: "31.37", p: "-13.67"}
index.html:217 Received JSON:  {t: "31.37", p: "-13.40"}
index.html:217 Received JSON:  {t: "31.38", p: "-13.67"}
index.html:217 Received JSON:  {t: "31.39", p: "-14.21"}
index.html:217 Received JSON:  {t: "31.38", p: "-13.12"}
index.html:217 Received JSON:  {t: "31.39", p: "-11.74"}
index.html:217 Received JSON:  {t: "31.41", p: "-10.64"}
index.html:217 Received JSON:  {t: "31.40", p: "-9.82"}
index.html:217 Received JSON:  {t: "31.41", p: "-9.82"}
index.html:217 Received JSON:  {t: "31.41", p: "-10.36"}
index.html:217 Received JSON:  {t: "31.41", p: "-8.99"}
index.html:217 Received JSON:  {t: "31.42", p: "-8.71"}
index.html:217 Received JSON:  {t: "31.42", p: "-8.16"}
index.html:217 Received JSON:  {t: "31.43", p: "-8.16"}
index.html:217 Received JSON:  {t: "31.44", p: "-7.06"}
index.html:217 Received JSON:  {t: "31.43", p: "-5.97"}
index.html:217 Received JSON:  {t: "31.45", p: "-6.78"}
index.html:217 Received JSON:  {t: "31.45", p: "-6.78"}
index.html:217 Received JSON:  {t: "31.45", p: "-6.50"}
index.html:217 Received JSON:  {t: "31.45", p: "-5.95"}
index.html:217 Received JSON:  {t: "31.46", p: "-3.76"}
index.html:217 Received JSON:  {t: "31.47", p: "-3.75"}
index.html:217 Received JSON:  {t: "31.46", p: "-2.66"}
index.html:217 Received JSON:  {t: "31.47", p: "-1.29"}
index.html:217 Received JSON:  {t: "31.48", p: "0.07"}
index.html:217 Received JSON:  {t: "31.49", p: "0.08"}
index.html:217 Received JSON:  {t: "31.49", p: "0.35"}
index.html:217 Received JSON:  {t: "31.49", p: "0.09"}
index.html:217 Received JSON:  {t: "31.49", p: "0.09"}
index.html:217 Received JSON:  {t: "31.49", p: "0.09"}
index.html:217 Received JSON:  {t: "31.49", p: "0.64"}
index.html:217 Received JSON:  {t: "31.51", p: "0.10"}
index.html:217 Received JSON:  {t: "31.52", p: "0.11"}
index.html:217 Received JSON:  {t: "31.52", p: "0.65"}
index.html:217 Received JSON:  {t: "31.52", p: "0.11"}
index.html:217 Received JSON:  {t: "31.53", p: "0.93"}
index.html:217 Received JSON:  {t: "31.53", p: "0.39"}
index.html:217 Received JSON:  {t: "31.53", p: "-0.14"}
index.html:217 Received JSON:  {t: "31.53", p: "0.12"}
index.html:217 Received JSON:  {t: "31.54", p: "0.40"}
index.html:217 Received JSON:  {t: "31.55", p: "0.68"}
index.html:217 Received JSON:  {t: "31.55", p: "0.13"}
index.html:217 Received JSON:  {t: "31.55", p: "0.41"}
index.html:217 Received JSON:  {t: "31.56", p: "0.42"}
index.html:217 Received JSON:  {t: "31.56", p: "0.69"}
index.html:217 Received JSON:  {t: "31.57", p: "-0.11"}
index.html:217 Received JSON:  {t: "31.57", p: "0.70"}
index.html:217 Received JSON:  {t: "31.58", p: "0.71"}
index.html:217 Received JSON:  {t: "31.58", p: "-0.10"}
index.html:217 Received JSON:  {t: "31.58", p: "0.98"}
index.html:217 Received JSON:  {t: "31.59", p: "0.17"}
index.html:217 Received JSON:  {t: "31.59", p: "-0.09"}
index.html:217 Received JSON:  {t: "31.60", p: "-0.08"}
index.html:217 Received JSON:  {t: "31.59", p: "0.45"}
index.html:217 Received JSON:  {t: "31.61", p: "0.19"}
index.html:217 Received JSON:  {t: "31.60", p: "0.73"}
index.html:217 Received JSON:  {t: "31.61", p: "-0.07"}
index.html:217 Received JSON:  {t: "31.61", p: "0.46"}
index.html:191 MAX:
index.html:192 0.3963726827000633
index.html:217 Received JSON:  {t: "31.62", p: "0.20"}
index.html:217 Received JSON:  {t: "31.62", p: "0.48"}
index.html:217 Received JSON:  {t: "31.63", p: "0.21"}
index.html:217 Received JSON:  {t: "31.64", p: "0.21"}
index.html:217 Received JSON:  {t: "31.64", p: "0.49"}
index.html:217 Received JSON:  {t: "31.64", p: "0.21"}
index.html:217 Received JSON:  {t: "31.64", p: "0.49"}
index.html:217 Received JSON:  {t: "31.65", p: "0.23"}
index.html:217 Received JSON:  {t: "31.65", p: "0.23"}
index.html:217 Received JSON:  {t: "31.65", p: "-0.31"}
index.html:217 Received JSON:  {t: "31.65", p: "0.50"}
index.html:217 Received JSON:  {t: "31.66", p: "-0.30"}
index.html:217 Received JSON:  {t: "31.67", p: "-0.02"}
index.html:217 Received JSON:  {t: "31.67", p: "0.52"}
index.html:217 Received JSON:  {t: "31.67", p: "0.24"}
index.html:191 MAX:
index.html:192 0.3070668525154804
index.html:217 Received JSON:  {t: "31.68", p: "0.25"}
index.html:217 Received JSON:  {t: "31.68", p: "1.07"}
index.html:217 Received JSON:  {t: "31.69", p: "1.08"}
index.html:217 Received JSON:  {t: "31.69", p: "0.54"}
index.html:217 Received JSON:  {t: "31.69", p: "-0.27"}
index.html:217 Received JSON:  {t: "31.71", p: "0.28"}
index.html:217 Received JSON:  {t: "31.70", p: "-0.26"}
index.html:217 Received JSON:  {t: "31.71", p: "-0.26"}
index.html:217 Received JSON:  {t: "31.71", p: "0.28"}
index.html:217 Received JSON:  {t: "31.72", p: "-0.25"}
index.html:217 Received JSON:  {t: "31.72", p: "0.01"}
index.html:217 Received JSON:  {t: "31.72", p: "0.56"}
index.html:217 Received JSON:  {t: "31.73", p: "0.29"}
index.html:217 Received JSON:  {t: "31.73", p: "0.57"}
index.html:191 MAX:
index.html:192 0.3678176126418825
index.html:217 Received JSON:  {t: "31.74", p: "0.03"}
index.html:217 Received JSON:  {t: "31.74", p: "0.85"}
index.html:217 Received JSON:  {t: "31.74", p: "0.31"}
index.html:217 Received JSON:  {t: "31.75", p: "0.04"}
index.html:217 Received JSON:  {t: "31.75", p: "0.32"}
index.html:217 Received JSON:  {t: "31.76", p: "0.60"}
index.html:217 Received JSON:  {t: "31.76", p: "0.05"}
index.html:217 Received JSON:  {t: "31.77", p: "0.60"}
index.html:217 Received JSON:  {t: "31.77", p: "0.33"}
index.html:217 Received JSON:  {t: "31.77", p: "0.61"}
index.html:217 Received JSON:  {t: "31.77", p: "0.34"}
index.html:217 Received JSON:  {t: "31.78", p: "4.99"}
index.html:217 Received JSON:  {t: "31.78", p: "4.45"}
index.html:217 Received JSON:  {t: "31.79", p: "3.91"}
index.html:217 Received JSON:  {t: "31.80", p: "3.37"}
index.html:217 Received JSON:  {t: "31.79", p: "3.36"}
index.html:217 Received JSON:  {t: "31.80", p: "3.37"}
index.html:217 Received JSON:  {t: "31.81", p: "2.83"}
index.html:217 Received JSON:  {t: "31.81", p: "3.92"}
index.html:217 Received JSON:  {t: "31.81", p: "3.11"}
index.html:217 Received JSON:  {t: "31.81", p: "3.11"}
index.html:217 Received JSON:  {t: "31.82", p: "3.93"}
index.html:217 Received JSON:  {t: "31.82", p: "3.39"}
index.html:217 Received JSON:  {t: "31.82", p: "3.39"}
index.html:217 Received JSON:  {t: "31.83", p: "3.13"}
index.html:217 Received JSON:  {t: "31.84", p: "2.85"}
index.html:217 Received JSON:  {t: "31.84", p: "3.40"}
index.html:217 Received JSON:  {t: "31.84", p: "4.77"}
index.html:217 Received JSON:  {t: "31.85", p: "3.41"}
index.html:217 Received JSON:  {t: "31.85", p: "3.96"}
index.html:217 Received JSON:  {t: "31.85", p: "3.14"}
index.html:191 MAX:
index.html:192 3.411610865343873
index.html:217 Received JSON:  {t: "31.86", p: "3.70"}
index.html:217 Received JSON:  {t: "31.86", p: "2.88"}
index.html:217 Received JSON:  {t: "31.86", p: "3.70"}
index.html:217 Received JSON:  {t: "31.87", p: "3.16"}
index.html:217 Received JSON:  {t: "31.88", p: "2.89"}
index.html:217 Received JSON:  {t: "31.88", p: "3.44"}
index.html:217 Received JSON:  {t: "31.89", p: "3.99"}
index.html:217 Received JSON:  {t: "31.88", p: "4.54"}
index.html:217 Received JSON:  {t: "31.89", p: "4.82"}
index.html:217 Received JSON:  {t: "31.89", p: "4.55"}
index.html:191 MAX:
index.html:192 3.5271809437081143
index.html:217 Received JSON:  {t: "31.89", p: "4.01"}
index.html:217 Received JSON:  {t: "31.89", p: "4.01"}
index.html:217 Received JSON:  {t: "31.90", p: "5.10"}
index.html:217 Received JSON:  {t: "31.91", p: "5.38"}
index.html:217 Received JSON:  {t: "31.90", p: "5.38"}
index.html:217 Received JSON:  {t: "31.91", p: "5.11"}
index.html:217 Received JSON:  {t: "31.93", p: "5.40"}
index.html:217 Received JSON:  {t: "31.93", p: "4.85"}
index.html:217 Received JSON:  {t: "31.93", p: "5.13"}
index.html:217 Received JSON:  {t: "31.93", p: "4.85"}
index.html:217 Received JSON:  {t: "31.93", p: "5.13"}
index.html:217 Received JSON:  {t: "31.93", p: "4.31"}
index.html:217 Received JSON:  {t: "31.95", p: "4.32"}
index.html:217 Received JSON:  {t: "31.95", p: "5.42"}
index.html:217 Received JSON:  {t: "31.95", p: "5.42"}
index.html:217 Received JSON:  {t: "31.96", p: "4.06"}
index.html:217 Received JSON:  {t: "31.96", p: "4.34"}
index.html:217 Received JSON:  {t: "31.96", p: "4.06"}
index.html:217 Received JSON:  {t: "31.97", p: "3.52"}
index.html:217 Received JSON:  {t: "31.97", p: "3.52"}
index.html:191 MAX:
index.html:192 5.012958398690207
index.html:217 Received JSON:  {t: "31.97", p: "4.62"}
index.html:217 Received JSON:  {t: "31.97", p: "3.25"}
index.html:217 Received JSON:  {t: "31.98", p: "4.08"}
index.html:217 Received JSON:  {t: "31.98", p: "4.08"}
index.html:217 Received JSON:  {t: "31.99", p: "4.09"}
index.html:217 Received JSON:  {t: "31.99", p: "4.09"}
index.html:217 Received JSON:  {t: "31.99", p: "3.28"}
index.html:217 Received JSON:  {t: "32.01", p: "3.55"}
index.html:217 Received JSON:  {t: "32.01", p: "4.10"}
index.html:217 Received JSON:  {t: "32.01", p: "3.83"}
index.html:217 Received JSON:  {t: "32.01", p: "3.56"}
index.html:217 Received JSON:  {t: "32.01", p: "4.39"}
index.html:217 Received JSON:  {t: "32.02", p: "3.84"}
index.html:217 Received JSON:  {t: "32.02", p: "3.57"}
index.html:217 Received JSON:  {t: "32.03", p: "3.85"}
index.html:217 Received JSON:  {t: "32.02", p: "4.67"}
index.html:217 Received JSON:  {t: "32.04", p: "3.59"}
index.html:217 Received JSON:  {t: "32.04", p: "3.59"}
index.html:217 Received JSON:  {t: "32.05", p: "2.77"}
index.html:217 Received JSON:  {t: "32.05", p: "3.60"}
index.html:217 Received JSON:  {t: "32.05", p: "3.33"}
index.html:217 Received JSON:  {t: "32.05", p: "2.51"}
index.html:217 Received JSON:  {t: "32.06", p: "2.79"}
index.html:217 Received JSON:  {t: "32.06", p: "3.05"}
index.html:191 MAX:
index.html:192 3.8570530082055825
index.html:217 Received JSON:  {t: "32.07", p: "1.70"}
index.html:217 Received JSON:  {t: "32.07", p: "2.25"}
index.html:217 Received JSON:  {t: "32.07", p: "0.61"}
index.html:217 Received JSON:  {t: "32.07", p: "1.43"}
index.html:217 Received JSON:  {t: "32.08", p: "0.61"}
index.html:217 Received JSON:  {t: "32.09", p: "0.07"}
index.html:217 Received JSON:  {t: "32.09", p: "0.35"}
index.html:217 Received JSON:  {t: "32.09", p: "0.35"}
index.html:217 Received JSON:  {t: "32.09", p: "0.35"}
index.html:217 Received JSON:  {t: "32.09", p: "-0.18"}
index.html:217 Received JSON:  {t: "32.10", p: "-0.72"}
index.html:217 Received JSON:  {t: "32.10", p: "-0.45"}
index.html:217 Received JSON:  {t: "32.11", p: "0.09"}
index.html:217 Received JSON:  {t: "32.11", p: "-0.44"}
index.html:217 Received JSON:  {t: "32.11", p: "-0.44"}
index.html:217 Received JSON:  {t: "32.12", p: "-0.44"}
index.html:217 Received JSON:  {t: "32.12", p: "-0.15"}
index.html:217 Received JSON:  {t: "32.12", p: "-1.25"}
index.html:217 Received JSON:  {t: "32.12", p: "-0.15"}
index.html:217 Received JSON:  {t: "32.13", p: "-0.15"}
index.html:217 Received JSON:  {t: "32.13", p: "-0.15"}
index.html:217 Received JSON:  {t: "32.14", p: "-0.96"}
index.html:217 Received JSON:  {t: "32.14", p: "-1.24"}
index.html:217 Received JSON:  {t: "32.15", p: "-2.05"}
index.html:217 Received JSON:  {t: "32.15", p: "-2.32"}
index.html:217 Received JSON:  {t: "32.15", p: "-2.05"}
index.html:217 Received JSON:  {t: "32.16", p: "-1.49"}
index.html:217 Received JSON:  {t: "32.16", p: "-1.76"}
index.html:217 Received JSON:  {t: "32.16", p: "-2.04"}
index.html:217 Received JSON:  {t: "32.17", p: "-2.30"}
index.html:217 Received JSON:  {t: "32.17", p: "-2.30"}
index.html:217 Received JSON:  {t: "32.18", p: "-2.30"}
index.html:217 Received JSON:  {t: "32.19", p: "-2.56"}
index.html:217 Received JSON:  {t: "32.19", p: "-2.56"}
index.html:217 Received JSON:  {t: "32.19", p: "-2.28"}
index.html:217 Received JSON:  {t: "32.19", p: "-2.28"}
index.html:217 Received JSON:  {t: "32.20", p: "-1.73"}
index.html:217 Received JSON:  {t: "32.19", p: "-1.46"}
index.html:217 Received JSON:  {t: "32.20", p: "-1.45"}
index.html:217 Received JSON:  {t: "32.20", p: "-1.18"}
index.html:217 Received JSON:  {t: "32.21", p: "-1.17"}
index.html:217 Received JSON:  {t: "32.21", p: "-1.17"}
index.html:217 Received JSON:  {t: "32.22", p: "-0.89"}
index.html:217 Received JSON:  {t: "32.22", p: "-0.61"}
index.html:217 Received JSON:  {t: "32.22", p: "-0.89"}
index.html:217 Received JSON:  {t: "32.23", p: "-0.06"}
index.html:217 Received JSON:  {t: "32.23", p: "1.03"}
index.html:217 Received JSON:  {t: "32.24", p: "1.85"}
index.html:217 Received JSON:  {t: "32.24", p: "2.12"}
index.html:217 Received JSON:  {t: "32.24", p: "2.40"}
index.html:217 Received JSON:  {t: "32.25", p: "2.68"}
index.html:217 Received JSON:  {t: "32.24", p: "2.13"}
index.html:217 Received JSON:  {t: "32.25", p: "2.69"}
index.html:217 Received JSON:  {t: "32.25", p: "2.14"}
index.html:217 Received JSON:  {t: "32.26", p: "2.15"}
index.html:217 Received JSON:  {t: "32.27", p: "2.43"}
index.html:217 Received JSON:  {t: "32.26", p: "2.42"}
index.html:217 Received JSON:  {t: "32.27", p: "1.61"}
index.html:217 Received JSON:  {t: "32.28", p: "1.61"}
index.html:217 Received JSON:  {t: "32.28", p: "1.34"}
index.html:217 Received JSON:  {t: "32.28", p: "0.80"}
index.html:217 Received JSON:  {t: "32.29", p: "1.08"}
index.html:217 Received JSON:  {t: "32.29", p: "1.08"}
index.html:217 Received JSON:  {t: "32.29", p: "1.35"}
index.html:217 Received JSON:  {t: "32.29", p: "1.36"}
index.html:217 Received JSON:  {t: "32.29", p: "1.09"}
index.html:191 MAX:
index.html:192 2.180938240871648
index.html:217 Received JSON:  {t: "32.30", p: "1.64"}
index.html:217 Received JSON:  {t: "32.31", p: "0.82"}
index.html:217 Received JSON:  {t: "32.31", p: "0.82"}
index.html:217 Received JSON:  {t: "32.32", p: "1.11"}
index.html:217 Received JSON:  {t: "32.32", p: "1.10"}
index.html:217 Received JSON:  {t: "32.32", p: "0.83"}
index.html:217 Received JSON:  {t: "32.32", p: "1.11"}
index.html:217 Received JSON:  {t: "32.33", p: "0.57"}
index.html:217 Received JSON:  {t: "32.33", p: "0.84"}
index.html:217 Received JSON:  {t: "32.33", p: "0.84"}
index.html:217 Received JSON:  {t: "32.34", p: "-0.24"}
index.html:217 Received JSON:  {t: "32.35", p: "-0.78"}
index.html:217 Received JSON:  {t: "32.35", p: "-0.50"}
index.html:217 Received JSON:  {t: "32.35", p: "-1.32"}
index.html:217 Received JSON:  {t: "32.35", p: "-1.59"}
index.html:217 Received JSON:  {t: "32.36", p: "-1.86"}
index.html:217 Received JSON:  {t: "32.36", p: "-1.86"}
index.html:217 Received JSON:  {t: "32.36", p: "-2.40"}
index.html:217 Received JSON:  {t: "32.37", p: "-2.40"}
index.html:217 Received JSON:  {t: "32.37", p: "-2.67"}
index.html:217 Received JSON:  {t: "32.38", p: "-1.84"}
index.html:217 Received JSON:  {t: "32.38", p: "-1.29"}
index.html:217 Received JSON:  {t: "32.38", p: "-1.57"}
index.html:217 Received JSON:  {t: "32.38", p: "-1.02"}
index.html:217 Received JSON:  {t: "32.39", p: "-1.01"}
index.html:217 Received JSON:  {t: "32.39", p: "-1.01"}
index.html:217 Received JSON:  {t: "32.39", p: "-1.28"}
index.html:217 Received JSON:  {t: "32.39", p: "-0.74"}
index.html:217 Received JSON:  {t: "32.41", p: "-0.99"}
index.html:217 Received JSON:  {t: "32.40", p: "-1.27"}
index.html:217 Received JSON:  {t: "32.41", p: "-0.45"}
index.html:217 Received JSON:  {t: "32.42", p: "0.65"}
index.html:217 Received JSON:  {t: "32.42", p: "1.20"}
index.html:217 Received JSON:  {t: "32.42", p: "1.74"}
index.html:217 Received JSON:  {t: "32.42", p: "1.75"}
index.html:217 Received JSON:  {t: "32.43", p: "1.75"}
index.html:217 Received JSON:  {t: "32.43", p: "1.75"}
index.html:217 Received JSON:  {t: "32.43", p: "1.75"}
index.html:217 Received JSON:  {t: "32.44", p: "1.76"}
index.html:217 Received JSON:  {t: "32.44", p: "0.94"}
index.html:217 Received JSON:  {t: "32.44", p: "0.95"}
index.html:217 Received JSON:  {t: "32.45", p: "0.95"}
index.html:217 Received JSON:  {t: "32.45", p: "0.68"}
index.html:217 Received JSON:  {t: "32.45", p: "1.23"}
index.html:217 Received JSON:  {t: "32.46", p: "0.95"}
index.html:217 Received JSON:  {t: "32.46", p: "1.51"}
index.html:217 Received JSON:  {t: "32.47", p: "1.24"}
index.html:217 Received JSON:  {t: "32.47", p: "1.51"}
index.html:217 Received JSON:  {t: "32.48", p: "0.70"}
index.html:217 Received JSON:  {t: "32.47", p: "0.15"}
index.html:191 MAX:
index.html:192 1.3815424325957806
index.html:217 Received JSON:  {t: "32.48", p: "0.71"}
index.html:217 Received JSON:  {t: "32.47", p: "0.15"}
index.html:217 Received JSON:  {t: "32.48", p: "0.71"}
index.html:217 Received JSON:  {t: "32.49", p: "0.99"}
index.html:217 Received JSON:  {t: "32.49", p: "0.71"}
 Received JSON:  {t: "32.49", p: "-0.09"}
 Received JSON:  {t: "32.49", p: "-0.64"}
 Received JSON:  {t: "32.50", p: "-1.46"}
 Received JSON:  {t: "32.51", p: "-1.45"}
 Received JSON:  {t: "32.50", p: "-1.46"}
 Received JSON:  {t: "32.52", p: "-1.17"}
 Received JSON:  {t: "32.52", p: "-1.72"}
 Received JSON:  {t: "32.52", p: "-1.45"}
 Received JSON:  {t: "32.52", p: "-1.16"}
 Received JSON:  {t: "32.52", p: "-0.62"}
 Received JSON:  {t: "32.53", p: "-0.06"}
 Received JSON:  {t: "32.53", p: "-1.16"}
 Received JSON:  {t: "32.54", p: "-0.60"}
 Received JSON:  {t: "32.54", p: "-0.87"}
 Received JSON:  {t: "32.54", p: "-0.05"}
 Received JSON:  {t: "32.55", p: "-1.14"}
 Received JSON:  {t: "32.56", p: "-0.04"}
 Received JSON:  {t: "32.56", p: "-0.59"}
 Received JSON:  {t: "32.56", p: "-0.31"}
 Received JSON:  {t: "32.56", p: "-0.31"}
 Received JSON:  {t: "32.56", p: "0.23"}
 Received JSON:  {t: "32.57", p: "-0.03"}
 Received JSON:  {t: "32.57", p: "0.78"}
 Received JSON:  {t: "32.57", p: "0.79"}
 Received JSON:  {t: "32.58", p: "1.61"}
 Received JSON:  {t: "32.59", p: "2.17"}
 Received JSON:  {t: "32.58", p: "1.89"}
 Received JSON:  {t: "32.59", p: "1.07"}
 Received JSON:  {t: "32.59", p: "1.08"}
 Received JSON:  {t: "32.59", p: "1.35"}
 Received JSON:  {t: "32.59", p: "1.35"}
 Received JSON:  {t: "32.60", p: "1.91"}
 Received JSON:  {t: "32.60", p: "1.91"}
 Received JSON:  {t: "32.60", p: "0.82"}
 Received JSON:  {t: "32.61", p: "0.55"}
 Received JSON:  {t: "32.61", p: "1.10"}
 Received JSON:  {t: "32.62", p: "1.10"}
 Received JSON:  {t: "32.62", p: "1.11"}
 Received JSON:  {t: "32.63", p: "1.39"}
 Received JSON:  {t: "32.63", p: "0.84"}
 Received JSON:  {t: "32.64", p: "0.85"}
 Received JSON:  {t: "32.64", p: "0.57"}
 MAX:
 1.3956476022434945
 Received JSON:  {t: "32.64", p: "0.02"}
 Received JSON:  {t: "32.64", p: "0.03"}
 Received JSON:  {t: "32.65", p: "0.58"}
 Received JSON:  {t: "32.65", p: "0.31"}
 Received JSON:  {t: "32.65", p: "-0.23"}
 Received JSON:  {t: "32.65", p: "0.04"}
 Received JSON:  {t: "32.66", p: "-0.50"}
 Received JSON:  {t: "32.66", p: "-0.50"}
 Received JSON:  {t: "32.67", p: "-0.76"}
 Received JSON:  {t: "32.67", p: "-1.04"}
 Received JSON:  {t: "32.67", p: "-1.04"}
 Received JSON:  {t: "32.67", p: "-0.48"}
 Received JSON:  {t: "32.68", p: "-1.30"}
 Received JSON:  {t: "32.68", p: "-1.02"}
 Received JSON:  {t: "32.68", p: "-1.02"}
 Received JSON:  {t: "32.68", p: "-0.75"}
 Received JSON:  {t: "32.69", p: "-1.02"}
 Received JSON:  {t: "32.69", p: "-0.74"}
 Received JSON:  {t: "32.69", p: "-0.74"}
 Received JSON:  {t: "32.69", p: "-0.46"}
 Received JSON:  {t: "32.70", p: "-0.18"}
 Received JSON:  {t: "32.71", p: "0.36"}
 Received JSON:  {t: "32.71", p: "0.36"}
 Received JSON:  {t: "32.71", p: "1.19"}
 Received JSON:  {t: "32.72", p: "1.74"}
 Received JSON:  {t: "32.72", p: "1.46"}
 Received JSON:  {t: "32.72", p: "2.02"}
 Received JSON:  {t: "32.72", p: "1.75"}
 Received JSON:  {t: "32.73", p: "1.48"}
 Received JSON:  {t: "32.73", p: "1.48"}
 Received JSON:  {t: "32.74", p: "1.75"}
 Received JSON:  {t: "32.74", p: "1.21"}
 Received JSON:  {t: "32.74", p: "0.94"}
 Received JSON:  {t: "32.74", p: "1.21"}
 Received JSON:  {t: "32.76", p: "1.50"}
 Received JSON:  {t: "32.75", p: "1.50"}
 Received JSON:  {t: "32.75", p: "0.13"}
 Received JSON:  {t: "32.76", p: "0.41"}
 Received JSON:  {t: "32.76", p: "0.95"}
 Received JSON:  {t: "32.76", p: "1.51"}
 Received JSON:  {t: "32.76", p: "1.24"}
 Received JSON:  {t: "32.77", p: "1.52"}
 MAX:
 1.460352037175627
 Received JSON:  {t: "32.77", p: "0.69"}
 Received JSON:  {t: "32.78", p: "0.97"}
 Received JSON:  {t: "32.77", p: "0.70"}
 Received JSON:  {t: "32.78", p: "0.43"}
 Received JSON:  {t: "32.78", p: "0.43"}
 Received JSON:  {t: "32.79", p: "0.16"}
 Received JSON:  {t: "32.79", p: "0.16"}
