30.12	1004.16
30.13	1004.45
30.14	1004.45
30.14	1005.28
30.15	1005.28
30.15	1005.29
30.15	1005.29
30.17	1005.29
30.17	1005.58
30.18	1005.58
30.19	1006.14
30.19	1006.14
30.19	1006.69
30.21	1006.43
30.21	1006.70
30.22	1006.71
30.22	1006.71
30.23	1006.99
30.23	1006.45
30.24	1006.18
30.24	1006.46
30.25	1006.19
30.26	1006.47
30.26	1006.74
30.27	1005.93
30.28	1006.49
30.27	1005.66
30.28	1006.22
30.29	1005.67
30.29	1005.68
30.30	1006.23
30.31	1005.69
30.31	1006.52
30.32	1005.69
30.33	1005.43
30.33	1005.98
30.34	1005.44
30.34	1005.45
30.34	1004.89
30.36	1005.73
30.36	1005.46
30.37	1005.47
30.38	1005.20
30.38	1004.93
30.38	1004.93
30.39	1004.94
30.39	1004.94
30.40	1004.68
30.41	1004.96
30.41	1005.51
30.42	1004.97
30.43	1006.07
30.43	1006.07
30.43	1006.62
30.44	1006.90
30.45	1006.63
30.45	1007.18
30.46	1006.64
30.47	1006.65
30.47	1006.92
30.48	1006.66
30.48	1006.66
30.49	1007.21
30.49	1006.39
30.49	1006.67
30.50	1006.68
30.51	1006.41
30.51	1006.14
30.52	1005.87
30.52	1006.14
30.53	1006.15
30.53	1005.33
30.54	1006.71
30.54	1006.16
30.55	1006.17
30.55	1005.35
30.56	1004.53
30.57	1004.54
30.58	1004.27
30.58	1004.82
30.58	1004.28
30.59	1004.56
30.59	1004.29
30.60	1004.29
30.60	1004.57
30.61	1004.29
30.61	1004.58
30.62	1004.31
30.63	1004.31
30.63	1004.59
30.63	1005.69
30.65	1006.25
30.65	1006.25
30.66	1007.08
30.66	1006.54
30.66	1006.81
30.67	1006.82
30.67	1006.55
30.68	1006.28
30.68	1006.56
30.69	1006.56
30.69	1006.29
30.70	1006.57
30.69	1006.57
30.71	1006.85
30.71	1006.58
30.72	1006.58
30.72	1006.31
30.73	1006.32
30.73	1006.60
30.74	1006.33
30.74	1005.78
30.74	1005.78
30.75	1005.79
30.76	1006.07
30.76	1005.79
30.77	1005.80
30.77	1005.80
30.78	1005.26
30.79	1004.72
31.44	0.99
31.44	1.26
31.45	1.54
31.46	2.37
31.46	2.65
31.47	1.83
31.47	2.11
31.48	2.12
31.48	1.84
31.48	1.84
31.49	2.13
31.50	1.86
31.49	1.85
31.50	1.59
31.51	2.14
31.51	1.59
31.51	1.32
31.52	1.87
31.52	1.88
31.53	1.88
31.53	1.06
31.53	0.79
31.54	1.34
31.55	1.35
31.56	1.91
31.56	1.91
31.56	1.09
31.56	1.36
31.56	1.09
31.57	0.82
31.58	0.83
31.58	0.55
31.58	1.09
31.58	0.83
31.59	0.56
31.59	0.56
31.59	0.29
31.60	0.85
31.61	0.85
31.61	1.12
31.62	1.13
31.62	0.59
31.62	0.59
31.62	0.86
31.63	0.59
31.63	1.15
31.64	1.15
31.64	1.69
31.65	1.99
31.65	1.71
31.65	2.26
31.66	1.72
31.66	1.99
31.66	2.55
31.68	2.28
31.67	1.73
31.68	1.19
31.68	1.45
31.68	1.74
31.69	1.19
31.69	1.47
31.69	1.19
31.70	1.48
31.70	1.21
31.70	1.48
31.71	1.49
31.72	1.22
31.72	1.49
31.72	0.95
31.73	1.49
31.73	1.51
31.73	1.51
31.74	1.24
31.75	0.97
31.75	0.69
31.75	0.42
31.75	0.14
31.76	0.43
31.76	0.43
31.77	0.44
31.77	0.16
31.77	0.17
31.78	0.72
31.78	0.17
31.78	0.72
31.79	0.18
31.79	1.28
31.79	1.56
31.79	1.29
31.80	1.84
31.81	1.57
31.81	1.57
31.81	1.29
31.82	1.85
31.82	1.85
31.82	2.41
31.83	1.86
31.82	1.86
31.84	1.59
31.84	1.88
31.84	1.88
31.84	1.88
31.85	1.05
31.86	1.61
31.86	1.34
31.86	1.34
31.87	1.62
31.87	1.07
31.87	1.07
31.88	1.35
31.88	1.09
31.88	1.09
31.88	0.81
31.89	1.09
31.89	0.55
31.89	0.55
31.91	0.28
31.91	-0.27
31.91	0.01
31.91	-0.55
31.92	-0.26
31.92	-0.26
31.93	0.02
31.93	0.57
31.93	0.29
31.93	0.02
31.94	-0.25
31.94	-0.25
31.95	-0.23
31.95	-0.51
31.95	0.04
31.96	0.87
31.97	1.71
31.96	2.25
31.97	3.08
31.98	3.09
31.98	3.09
31.98	2.82
31.99	1.99
31.99	2.82
31.99	2.28
31.99	2.28
31.99	3.11
32.01	1.74
32.01	3.12
32.01	2.57
32.01	2.85
32.02	2.85
32.02	2.58
32.03	2.58
32.03	2.31
32.04	2.04
32.04	2.04
32.04	2.32
32.05	1.77
32.05	1.22
32.06	1.24
32.06	0.68
32.07	1.24
32.07	0.69
32.07	0.15
32.08	0.15
32.07	-0.13
32.07	-0.40
32.08	-0.40
32.09	-0.12
32.08	-0.12
32.09	0.16
32.09	0.16
32.10	-0.11
32.09	-0.11
32.11	-0.10
32.11	0.18
32.11	0.17
32.12	0.74
32.12	1.56
32.13	1.29
32.13	2.12
32.14	3.49
32.14	3.23
32.14	3.49
32.14	2.95
32.15	3.24
32.15	2.69
32.16	2.42
32.16	2.14
32.17	2.69
32.17	1.88
32.17	1.33
32.17	1.88
32.18	1.88
32.18	1.34
32.18	1.34
32.18	1.61
32.19	1.35
32.19	1.89
32.19	2.99
32.20	0.53
32.20	1.63
32.21	4.94
32.21	9.89
32.21	10.99
32.22	7.98
32.22	7.43
32.22	5.49
32.23	-0.55
32.23	-3.85
32.23	-1.37
32.25	1.12
32.24	1.39
32.25	0.84
32.26	0.29
32.26	-0.25
32.26	-0.52
32.26	-1.35
32.26	-0.80
32.26	-1.35
32.27	-0.51
32.27	-0.79
32.27	-0.51
32.28	0.05
32.28	0.04
32.29	0.59
32.29	1.15
32.29	1.15
32.29	1.71
32.30	1.44
32.30	1.72
32.31	2.27
32.32	2.28
32.32	2.83
32.32	3.09
32.32	2.28
32.32	3.11
32.33	2.29
32.33	2.57
32.33	2.02
32.33	2.02
32.34	1.47
32.34	1.48
32.35	1.48
32.35	1.19
32.35	0.93
32.35	1.75
32.36	1.49
32.36	1.49
32.37	1.49
32.37	1.22
32.37	1.77
32.38	1.23
32.38	1.51
32.39	1.51
32.39	1.24
32.39	0.96
32.39	1.52
32.40	0.69
32.39	0.14
32.40	0.69
32.41	-0.40
32.41	0.43
32.41	0.71
32.41	0.71
32.41	0.71
32.42	-0.11
32.42	0.99
32.42	0.72
32.43	1.27
32.43	1.28
32.44	1.83
32.45	1.84
32.44	2.11
32.45	2.66
32.45	2.66
32.45	2.11
32.45	2.67
32.46	2.39
32.46	2.13
32.46	1.85
32.47	2.14
32.48	2.69
32.48	1.87
32.48	1.59
32.48	2.97
32.48	2.14
32.49	1.87
32.49	2.15
32.50	1.61
32.49	1.05
32.50	1.89
32.51	1.34
32.51	1.62
32.51	1.34
32.51	1.89
32.51	1.62
32.52	0.79
32.52	1.07
32.53	1.08
32.52	0.79
32.53	0.26
32.53	0.81
32.53	-0.29
32.54	-0.28
32.54	0.27
32.55	-0.55
32.55	-0.28
32.55	-0.00
32.56	-0.55
32.56	-0.55
32.56	-0.00
32.56	-0.55
32.57	0.56
32.57	0.29
32.57	0.29
32.58	1.39
32.58	0.85
32.58	0.57
32.58	1.41
32.59	1.68
32.59	1.13
32.59	2.24
32.59	1.96
32.59	3.07
32.59	3.62
32.61	3.35
32.60	3.35
32.61	2.53
32.62	2.26
32.62	3.09
32.62	2.26
32.62	2.81
32.62	2.26
32.63	1.72
32.63	2.27
32.63	1.99
32.63	1.44
32.64	1.73
32.64	1.45
32.64	1.45
32.65	1.74
32.65	1.18
32.65	1.46
32.65	1.74
32.65	1.74
32.67	1.19
32.66	1.19
32.66	1.19
32.67	1.48
32.67	0.93
32.67	1.19
32.68	0.66
32.68	0.94
32.68	0.11
32.68	0.94
32.69	0.67
32.69	0.12
32.69	-0.15
32.69	-0.43
32.69	0.95
32.70	0.39
32.71	0.41
32.71	0.41
32.71	1.51
32.71	0.69
32.71	0.96
32.71	0.96
32.72	1.52
32.73	0.69
32.73	0.98
32.73	1.79
32.74	0.98
32.74	1.81
32.74	1.54
32.74	1.54
32.74	1.81
32.75	1.54
32.75	1.55
32.75	1.82
32.76	2.38
32.76	2.65
32.76	3.19
32.76	2.38
32.77	2.66
32.77	2.66
32.77	1.84
32.78	1.85
32.77	2.67
32.77	1.57
32.78	1.29
32.79	1.58
32.79	2.41
32.79	1.31
32.79	1.85
32.79	1.31
32.79	1.86
32.79	1.86
32.81	1.59
32.81	1.59
32.81	1.04
32.82	1.05
32.81	1.59
32.82	1.61
32.82	0.78
32.82	1.33
32.83	0.78
32.83	0.79
32.83	0.24
32.84	0.24
32.84	-0.03
32.84	0.24
32.84	-0.30
32.84	-0.30
32.85	0.25
32.85	-0.02
32.85	0.53
32.85	0.25
32.86	0.81
32.85	0.53
32.86	0.54
32.87	-0.00
32.87	1.37
32.87	0.82
32.88	1.93
32.88	1.38
32.89	1.39
32.88	1.38
32.89	1.67
32.89	1.39
32.89	1.39
32.89	1.67
32.89	2.22
32.90	2.78
32.90	2.78
32.90	3.05
32.91	3.06
32.91	3.06
32.91	2.51
32.91	2.51
32.92	2.24
32.92	2.24
32.92	2.24
32.92	2.24
32.93	2.25
32.93	1.69
32.93	1.43
32.94	1.71
32.94	1.43
32.94	1.15
32.94	1.43
32.95	1.44
32.95	1.72
32.95	1.72
32.96	1.72
32.96	1.17
32.96	1.45
32.96	1.72
32.96	1.45
32.97	1.18
32.97	0.63
32.98	0.09
32.97	0.35
32.98	-0.19
32.98	0.09
32.98	0.09
32.99	0.37
32.99	0.37
32.99	0.09
32.99	-0.45
32.99	-0.17
32.99	0.93
33.00	0.38
33.00	0.38
33.01	0.66
33.02	0.95
33.02	1.22
33.01	1.49
33.01	2.32
33.02	2.05
33.02	1.77
33.02	1.49
33.02	1.23
33.03	1.23
33.02	1.23
33.03	1.51
33.04	2.62
33.04	2.89
33.05	3.18
33.04	2.35
33.04	2.89
33.05	2.35
33.05	2.63
33.05	2.35
33.05	2.35
33.06	2.64
33.06	1.53
33.06	2.36
33.07	2.09
33.07	2.09
33.07	2.09
33.07	2.65
33.08	2.09
33.08	2.09
33.09	2.38
33.09	2.11
33.09	2.39
33.09	1.84
33.09	2.11
33.09	2.12
33.09	2.12
33.09	2.39
33.10	1.57
33.10	1.85
33.11	1.02
33.11	0.48
33.11	0.75
33.12	0.21
33.12	-0.90
33.12	-0.35
33.12	-0.35
33.13	-0.62
33.13	-0.34
33.13	0.22
33.13	-0.34
33.13	-0.89
33.14	-0.33
33.14	0.22
33.15	0.49
33.15	-0.32
33.15	-0.32
33.15	0.78
33.15	0.51
33.15	1.62
33.16	1.34
33.16	0.79
33.16	1.35
33.16	1.35
33.17	1.35
33.16	2.45
33.18	3.01
33.18	2.74
33.18	3.01
33.18	2.74
33.18	3.02
33.18	3.29
33.18	3.57
33.19	3.02
33.19	2.75
33.19	2.75
33.19	3.03
33.20	2.75
33.20	2.21
33.20	2.21
33.20	2.21
33.21	3.05
33.20	2.21
33.21	2.22
33.21	2.49
33.21	1.94
33.22	1.67
33.22	1.12
33.22	1.12
33.22	1.12
33.23	1.68
33.23	0.57
33.23	0.58
33.24	0.03
33.24	-0.25
33.25	-0.79
33.25	-0.79
33.25	-0.79
33.25	-0.51
33.26	0.32
33.25	-0.51
33.26	-0.51
33.26	0.05
33.27	0.33
33.26	0.05
33.26	0.33
33.27	0.88
33.27	1.16
33.27	1.44
33.27	1.44
33.27	1.72
33.28	1.72
33.27	1.72
33.28	2.27
33.29	1.45
33.29	2.01
33.29	2.56
33.29	3.39
33.29	2.84
33.29	2.84
33.30	3.12
33.30	2.85
33.30	2.85
33.30	2.29
33.31	2.29
33.31	2.29
33.32	2.59
33.32	1.75
33.32	1.75
33.32	2.31
33.32	2.03
33.33	2.59
33.33	1.49
33.34	2.32
33.34	2.05
33.34	1.77
33.34	1.49
33.34	1.77
33.34	1.77
33.34	0.95
33.34	0.39
33.35	0.39
33.35	0.95
33.35	0.41
33.35	-0.42
33.36	-0.15
33.36	-0.14
33.36	0.14
33.36	-0.42
33.37	0.42
33.36	0.41
33.37	0.42
33.37	0.42
33.38	0.43
33.38	1.53
33.38	0.98
33.39	1.26
33.38	2.08
33.39	1.54
33.39	1.26
33.39	1.54
33.39	1.82
33.39	1.82
33.39	2.37
33.40	2.65
33.40	2.38
33.40	2.38
33.41	2.11
33.41	2.39
33.41	2.11
33.41	1.84
33.41	2.11
33.42	2.12
33.42	2.12
33.42	2.12
33.42	2.39
33.43	1.57
33.43	2.13
33.44	1.29
33.44	1.58
33.43	2.13
33.45	1.86
33.45	1.86
33.44	1.86
33.45	1.59
33.45	1.04
33.45	1.04
33.45	0.76
33.46	0.77
33.46	1.04
33.46	1.33
33.46	0.78
33.46	0.22
33.46	0.78
33.46	0.49
33.46	0.78
33.47	1.33
33.47	0.78
33.47	0.78
33.48	0.51
33.48	0.52
33.48	1.07
33.48	1.34
33.49	1.35
33.49	1.35
33.49	1.35
33.49	1.89
33.49	1.35
33.49	1.35
33.50	2.19
33.49	3.01
33.51	2.47
33.51	3.02
33.51	2.47
33.51	2.47
33.52	2.48
33.52	2.75
33.52	2.48
33.52	2.75
33.52	2.19
33.52	2.48
33.52	2.19
33.52	2.21
33.52	2.21
33.53	2.21
33.53	1.94
33.53	1.66
33.53	1.66
33.53	0.84
33.54	1.94
33.54	1.67
33.54	1.95
33.54	1.12
33.55	1.68
33.55	1.12
33.55	2.23
33.55	1.13
33.55	1.39
33.56	1.96
33.56	1.13
33.56	0.58
33.56	0.58
33.57	0.59
33.57	0.31
33.57	0.59
33.58	0.04
33.57	1.14
33.58	0.32
33.57	0.87
33.58	0.05
33.59	1.43
33.59	0.88
33.58	1.15
33.59	0.89
33.59	1.15
33.59	2.27
33.59	1.71
33.60	1.44
33.60	1.72
33.60	2.27
33.61	3.11
33.60	2.83
33.61	2.55
33.61	2.55
33.61	2.55
33.62	2.29
33.61	2.83
33.63	10654.47
-552.75	18373.89
33.65	-8708.18
-552.75	18373.89
-552.75	-24778.86
-552.75	18373.89
-552.75	18373.89
-552.75	18373.89
-552.75	18373.89
-552.75	18373.89
-552.75	18373.89
-552.75	18373.89
-552.75	-1034.83
-552.75	18373.89
-552.75	18373.89
-552.75	18373.89
-552.75	18373.89
-552.75	18373.89
-552.75	18373.89
-552.75	18373.89
-552.75	18373.89
-552.75	18373.89
-552.75	18373.89
-552.75	18373.89
-552.75	18373.89
-552.75	18373.89
-552.75	18373.89
-552.75	18373.89
-552.75	18373.89
-552.75	18373.89
