index.html:314 The specified value "age here" cannot be parsed, or is out of range.
index.html:238 
puck.js:371 <BLE> Device Name:       MDBT42Q 8c7b
puck.js:371 <BLE> Device ID:         3+iq99bX4CdnlYjxKiqTjA==
puck.js:371 <BLE> Connected
puck.js:371 <BLE> ERROR: NotFoundError: User cancelled the requestDevice() chooser.
index.html:217 Received JSON:  {t: "28.59", p: "996.33"}
index.html:217 Received JSON:  {t: "28.59", p: "996.33"}
index.html:217 Received JSON:  {t: "28.60", p: "996.88"}
index.html:217 Received JSON:  {t: "28.60", p: "997.16"}
index.html:217 Received JSON:  {t: "28.61", p: "996.07"}
index.html:217 Received JSON:  {t: "28.62", p: "996.63"}
index.html:217 Received JSON:  {t: "28.62", p: "996.63"}
index.html:217 Received JSON:  {t: "28.62", p: "996.90"}
index.html:217 Received JSON:  {t: "28.63", p: "996.36"}
index.html:217 Received JSON:  {t: "28.64", p: "996.37"}
index.html:217 Received JSON:  {t: "28.64", p: "996.64"}
index.html:217 Received JSON:  {t: "28.64", p: "995.83"}
index.html:217 Received JSON:  {t: "28.65", p: "996.10"}
index.html:217 Received JSON:  {t: "28.65", p: "995.83"}
index.html:217 Received JSON:  {t: "28.66", p: "996.11"}
index.html:217 Received JSON:  {t: "28.66", p: "996.93"}
index.html:217 Received JSON:  {t: "28.66", p: "997.21"}
index.html:217 Received JSON:  {t: "28.67", p: "996.39"}
index.html:217 Received JSON:  {t: "28.67", p: "997.49"}
index.html:217 Received JSON:  {t: "28.68", p: "997.22"}
index.html:217 Received JSON:  {t: "28.69", p: "997.23"}
index.html:217 Received JSON:  {t: "28.69", p: "996.95"}
index.html:217 Received JSON:  {t: "28.69", p: "997.23"}
index.html:174 MAX:
index.html:175 996.8300446024551
index.html:217 Received JSON:  {t: "28.69", p: "996.14"}
index.html:217 Received JSON:  {t: "28.69", p: "996.69"}
index.html:217 Received JSON:  {t: "28.70", p: "996.42"}
index.html:217 Received JSON:  {t: "28.70", p: "996.69"}
index.html:217 Received JSON:  {t: "28.70", p: "996.42"}
index.html:217 Received JSON:  {t: "28.71", p: "996.15"}
index.html:217 Received JSON:  {t: "28.72", p: "996.16"}
index.html:217 Received JSON:  {t: "28.72", p: "996.98"}
index.html:217 Received JSON:  {t: "28.72", p: "995.62"}
index.html:217 Received JSON:  {t: "28.73", p: "996.17"}
index.html:191 MAX:
index.html:192 997.3370526856651
index.html:217 Received JSON:  {t: "28.73", p: "995.89"}
index.html:217 Received JSON:  {t: "28.74", p: "995.90"}
index.html:217 Received JSON:  {t: "28.73", p: "996.72"}
index.html:217 Received JSON:  {t: "28.74", p: "996.45"}
index.html:217 Received JSON:  {t: "28.75", p: "995.91"}
index.html:217 Received JSON:  {t: "28.75", p: "995.91"}
index.html:217 Received JSON:  {t: "28.76", p: "995.64"}
index.html:217 Received JSON:  {t: "28.76", p: "995.09"}
index.html:217 Received JSON:  {t: "28.77", p: "995.65"}
index.html:217 Received JSON:  {t: "28.77", p: "995.65"}
index.html:217 Received JSON:  {t: "28.77", p: "995.11"}
index.html:217 Received JSON:  {t: "28.77", p: "995.66"}
index.html:217 Received JSON:  {t: "28.77", p: "995.66"}
index.html:217 Received JSON:  {t: "28.78", p: "995.66"}
index.html:217 Received JSON:  {t: "28.79", p: "995.67"}
index.html:217 Received JSON:  {t: "28.79", p: "996.22"}
index.html:217 Received JSON:  {t: "28.79", p: "996.49"}
index.html:217 Received JSON:  {t: "28.80", p: "995.68"}
index.html:217 Received JSON:  {t: "28.80", p: "995.96"}
index.html:217 Received JSON:  {t: "28.81", p: "995.96"}
index.html:217 Received JSON:  {t: "28.82", p: "996.79"}
index.html:217 Received JSON:  {t: "28.82", p: "996.51"}
index.html:217 Received JSON:  {t: "28.83", p: "996.79"}
index.html:217 Received JSON:  {t: "28.83", p: "996.25"}
index.html:217 Received JSON:  {t: "28.84", p: "996.26"}
index.html:217 Received JSON:  {t: "28.84", p: "996.81"}
index.html:217 Received JSON:  {t: "28.84", p: "996.54"}
index.html:217 Received JSON:  {t: "28.84", p: "995.99"}
index.html:217 Received JSON:  {t: "28.85", p: "996.27"}
index.html:217 Received JSON:  {t: "28.86", p: "995.73"}
index.html:217 Received JSON:  {t: "28.87", p: "996.56"}
index.html:217 Received JSON:  {t: "28.87", p: "996.29"}
index.html:217 Received JSON:  {t: "28.87", p: "996.83"}
index.html:217 Received JSON:  {t: "28.87", p: "996.29"}
index.html:217 Received JSON:  {t: "28.89", p: "995.48"}
index.html:217 Received JSON:  {t: "28.89", p: "995.21"}
index.html:217 Received JSON:  {t: "28.90", p: "994.67"}
index.html:191 MAX:
index.html:192 996.8331857896985
index.html:217 Received JSON:  {t: "28.89", p: "995.49"}
index.html:217 Received JSON:  {t: "28.91", p: "995.49"}
index.html:217 Received JSON:  {t: "28.92", p: "995.23"}
index.html:217 Received JSON:  {t: "28.92", p: "994.68"}
index.html:217 Received JSON:  {t: "28.92", p: "994.14"}
index.html:217 Received JSON:  {t: "28.93", p: "994.15"}
index.html:217 Received JSON:  {t: "28.94", p: "993.34"}
index.html:217 Received JSON:  {t: "28.95", p: "993.89"}
index.html:217 Received JSON:  {t: "28.95", p: "994.16"}
index.html:217 Received JSON:  {t: "28.95", p: "993.89"}
index.html:217 Received JSON:  {t: "28.97", p: "994.18"}
index.html:217 Received JSON:  {t: "28.97", p: "994.18"}
index.html:217 Received JSON:  {t: "28.97", p: "993.63"}
index.html:217 Received JSON:  {t: "28.98", p: "994.19"}
index.html:217 Received JSON:  {t: "28.98", p: "994.74"}
index.html:217 Received JSON:  {t: "28.99", p: "993.65"}
index.html:217 Received JSON:  {t: "29.00", p: "993.66"}
index.html:217 Received JSON:  {t: "29.01", p: "995.85"}
index.html:217 Received JSON:  {t: "29.01", p: "995.58"}
index.html:217 Received JSON:  {t: "29.01", p: "996.13"}
index.html:217 Received JSON:  {t: "29.02", p: "995.31"}
index.html:217 Received JSON:  {t: "29.03", p: "995.87"}
index.html:217 Received JSON:  {t: "29.04", p: "996.42"}
index.html:217 Received JSON:  {t: "29.05", p: "996.43"}
index.html:217 Received JSON:  {t: "29.04", p: "996.43"}
index.html:217 Received JSON:  {t: "29.05", p: "996.43"}
index.html:217 Received JSON:  {t: "29.06", p: "995.34"}
index.html:217 Received JSON:  {t: "29.07", p: "995.63"}
index.html:217 Received JSON:  {t: "29.07", p: "995.63"}
index.html:217 Received JSON:  {t: "29.07", p: "995.63"}
index.html:217 Received JSON:  {t: "29.08", p: "995.09"}
index.html:217 Received JSON:  {t: "29.09", p: "995.64"}
index.html:217 Received JSON:  {t: "29.09", p: "995.38"}
index.html:217 Received JSON:  {t: "29.10", p: "995.38"}
index.html:217 Received JSON:  {t: "29.11", p: "995.93"}
index.html:217 Received JSON:  {t: "29.12", p: "995.12"}
index.html:217 Received JSON:  {t: "29.12", p: "995.12"}
index.html:191 MAX:
index.html:192 996.3838798798599
index.html:217 Received JSON:  {t: "29.14", p: "995.68"}
index.html:217 Received JSON:  {t: "29.14", p: "995.14"}
index.html:217 Received JSON:  {t: "29.15", p: "993.51"}
index.html:217 Received JSON:  {t: "29.15", p: "993.23"}
index.html:217 Received JSON:  {t: "29.16", p: "994.06"}
index.html:217 Received JSON:  {t: "29.16", p: "992.97"}
index.html:217 Received JSON:  {t: "29.18", p: "992.98"}
index.html:217 Received JSON:  {t: "29.19", p: "993.26"}
index.html:217 Received JSON:  {t: "29.19", p: "993.54"}
index.html:217 Received JSON:  {t: "29.19", p: "994.09"}
index.html:217 Received JSON:  {t: "29.20", p: "993.82"}
index.html:217 Received JSON:  {t: "29.21", p: "994.10"}
index.html:217 Received JSON:  {t: "29.21", p: "993.28"}
index.html:217 Received JSON:  {t: "30.29", p: "2.53"}
index.html:217 Received JSON:  {t: "30.31", p: "2.54"}
index.html:217 Received JSON:  {t: "30.32", p: "2.55"}
index.html:191 MAX:
index.html:192 995.0323791407046
index.html:217 Received JSON:  {t: "30.32", p: "2.01"}
index.html:217 Received JSON:  {t: "30.33", p: "2.84"}
index.html:217 Received JSON:  {t: "30.34", p: "1.74"}
index.html:217 Received JSON:  {t: "30.35", p: "2.58"}
index.html:217 Received JSON:  {t: "30.35", p: "2.31"}
index.html:217 Received JSON:  {t: "30.36", p: "1.76"}
index.html:217 Received JSON:  {t: "30.38", p: "2.05"}
index.html:217 Received JSON:  {t: "30.38", p: "2.05"}
index.html:217 Received JSON:  {t: "30.38", p: "1.78"}
index.html:217 Received JSON:  {t: "30.39", p: "2.61"}
index.html:217 Received JSON:  {t: "30.40", p: "1.80"}
index.html:217 Received JSON:  {t: "30.40", p: "1.25"}
index.html:217 Received JSON:  {t: "30.41", p: "1.26"}
index.html:217 Received JSON:  {t: "30.42", p: "0.99"}
index.html:217 Received JSON:  {t: "30.42", p: "1.27"}
index.html:217 Received JSON:  {t: "30.43", p: "1.00"}
index.html:217 Received JSON:  {t: "30.45", p: "2.11"}
index.html:217 Received JSON:  {t: "30.46", p: "1.29"}
index.html:217 Received JSON:  {t: "30.45", p: "1.29"}
index.html:217 Received JSON:  {t: "30.46", p: "1.02"}
index.html:217 Received JSON:  {t: "30.47", p: "2.13"}
index.html:217 Received JSON:  {t: "30.47", p: "1.85"}
index.html:217 Received JSON:  {t: "30.48", p: "1.32"}
index.html:217 Received JSON:  {t: "30.49", p: "1.59"}
index.html:217 Received JSON:  {t: "30.49", p: "1.32"}
index.html:217 Received JSON:  {t: "30.50", p: "2.15"}
index.html:217 Received JSON:  {t: "30.52", p: "1.62"}
index.html:217 Received JSON:  {t: "30.52", p: "1.34"}
index.html:217 Received JSON:  {t: "30.52", p: "1.34"}
index.html:217 Received JSON:  {t: "30.53", p: "2.18"}
index.html:217 Received JSON:  {t: "30.53", p: "2.18"}
index.html:217 Received JSON:  {t: "30.54", p: "2.46"}
index.html:217 Received JSON:  {t: "30.55", p: "2.19"}
index.html:217 Received JSON:  {t: "30.55", p: "1.92"}
index.html:217 Received JSON:  {t: "30.56", p: "2.20"}
index.html:217 Received JSON:  {t: "30.56", p: "1.93"}
index.html:217 Received JSON:  {t: "30.57", p: "3.03"}
index.html:217 Received JSON:  {t: "30.58", p: "3.59"}
index.html:217 Received JSON:  {t: "30.59", p: "4.14"}
index.html:217 Received JSON:  {t: "30.59", p: "3.33"}
index.html:217 Received JSON:  {t: "30.60", p: "3.06"}
index.html:217 Received JSON:  {t: "30.61", p: "4.16"}
index.html:217 Received JSON:  {t: "30.61", p: "3.34"}
index.html:217 Received JSON:  {t: "30.62", p: "2.80"}
index.html:217 Received JSON:  {t: "30.63", p: "3.08"}
index.html:217 Received JSON:  {t: "30.63", p: "2.81"}
index.html:217 Received JSON:  {t: "30.64", p: "3.37"}
index.html:217 Received JSON:  {t: "30.64", p: "2.54"}
index.html:217 Received JSON:  {t: "30.66", p: "2.28"}
index.html:217 Received JSON:  {t: "30.66", p: "2.56"}
index.html:217 Received JSON:  {t: "30.67", p: "2.84"}
index.html:217 Received JSON:  {t: "30.67", p: "2.57"}
index.html:217 Received JSON:  {t: "30.68", p: "2.58"}
index.html:217 Received JSON:  {t: "30.69", p: "2.59"}
index.html:191 MAX:
index.html:192 3.270887008574358
index.html:217 Received JSON:  {t: "30.69", p: "2.59"}
index.html:217 Received JSON:  {t: "30.71", p: "2.60"}
index.html:217 Received JSON:  {t: "30.72", p: "2.06"}
index.html:217 Received JSON:  {t: "30.73", p: "2.06"}
index.html:217 Received JSON:  {t: "30.73", p: "1.52"}
index.html:217 Received JSON:  {t: "30.74", p: "2.08"}
index.html:217 Received JSON:  {t: "30.74", p: "1.53"}
index.html:217 Received JSON:  {t: "30.75", p: "1.81"}
index.html:217 Received JSON:  {t: "30.75", p: "1.26"}
index.html:217 Received JSON:  {t: "30.76", p: "1.27"}
index.html:217 Received JSON:  {t: "30.77", p: "1.00"}
index.html:217 Received JSON:  {t: "30.78", p: "1.01"}
index.html:217 Received JSON:  {t: "30.78", p: "1.29"}
index.html:217 Received JSON:  {t: "30.79", p: "1.02"}
index.html:217 Received JSON:  {t: "30.79", p: "0.47"}
index.html:217 Received JSON:  {t: "30.80", p: "1.85"}
index.html:217 Received JSON:  {t: "30.81", p: "1.58"}
index.html:217 Received JSON:  {t: "30.82", p: "1.59"}
index.html:217 Received JSON:  {t: "30.82", p: "0.77"}
index.html:217 Received JSON:  {t: "30.83", p: "1.32"}
index.html:217 Received JSON:  {t: "30.83", p: "1.33"}
index.html:217 Received JSON:  {t: "30.85", p: "1.61"}
index.html:217 Received JSON:  {t: "30.84", p: "1.06"}
index.html:217 Received JSON:  {t: "30.85", p: "1.07"}
index.html:217 Received JSON:  {t: "30.86", p: "1.07"}
index.html:217 Received JSON:  {t: "30.86", p: "2.18"}
index.html:217 Received JSON:  {t: "30.87", p: "1.09"}
index.html:217 Received JSON:  {t: "30.88", p: "1.64"}
index.html:217 Received JSON:  {t: "30.88", p: "1.37"}
index.html:217 Received JSON:  {t: "30.89", p: "1.93"}
index.html:217 Received JSON:  {t: "30.89", p: "2.21"}
index.html:217 Received JSON:  {t: "30.90", p: "1.66"}
index.html:217 Received JSON:  {t: "30.91", p: "3.04"}
index.html:217 Received JSON:  {t: "30.92", p: "3.59"}
index.html:217 Received JSON:  {t: "30.92", p: "3.04"}
index.html:217 Received JSON:  {t: "30.93", p: "3.33"}
index.html:217 Received JSON:  {t: "30.94", p: "3.89"}
index.html:217 Received JSON:  {t: "30.94", p: "4.16"}
index.html:217 Received JSON:  {t: "30.95", p: "3.35"}
index.html:217 Received JSON:  {t: "30.96", p: "4.18"}
index.html:217 Received JSON:  {t: "30.97", p: "3.91"}
index.html:217 Received JSON:  {t: "30.98", p: "3.37"}
index.html:217 Received JSON:  {t: "30.98", p: "3.92"}
index.html:217 Received JSON:  {t: "30.99", p: "2.83"}
index.html:217 Received JSON:  {t: "30.99", p: "3.66"}
index.html:217 Received JSON:  {t: "30.99", p: "2.84"}
index.html:217 Received JSON:  {t: "31.00", p: "3.39"}
index.html:217 Received JSON:  {t: "31.01", p: "2.58"}
index.html:217 Received JSON:  {t: "31.02", p: "2.86"}
index.html:217 Received JSON:  {t: "31.03", p: "2.31"}
index.html:217 Received JSON:  {t: "31.04", p: "2.05"}
index.html:217 Received JSON:  {t: "31.05", p: "2.60"}
index.html:191 MAX:
index.html:192 3.6214646066955583
index.html:217 Received JSON:  {t: "31.05", p: "2.88"}
index.html:217 Received JSON:  {t: "31.05", p: "2.89"}
index.html:217 Received JSON:  {t: "31.06", p: "2.34"}
index.html:217 Received JSON:  {t: "31.07", p: "2.07"}
index.html:217 Received JSON:  {t: "31.08", p: "1.81"}
index.html:217 Received JSON:  {t: "31.09", p: "2.09"}
index.html:217 Received JSON:  {t: "31.09", p: "2.09"}
index.html:217 Received JSON:  {t: "31.11", p: "1.28"}
index.html:217 Received JSON:  {t: "31.11", p: "1.83"}
index.html:217 Received JSON:  {t: "31.11", p: "1.56"}
index.html:217 Received JSON:  {t: "31.11", p: "1.29"}
index.html:217 Received JSON:  {t: "31.13", p: "1.02"}
index.html:217 Received JSON:  {t: "31.14", p: "1.31"}
index.html:217 Received JSON:  {t: "31.14", p: "1.59"}
index.html:217 Received JSON:  {t: "31.15", p: "1.86"}
index.html:217 Received JSON:  {t: "31.16", p: "1.87"}
index.html:217 Received JSON:  {t: "31.16", p: "1.33"}
index.html:217 Received JSON:  {t: "31.16", p: "1.88"}
index.html:217 Received JSON:  {t: "31.17", p: "1.33"}
index.html:217 Received JSON:  {t: "31.18", p: "1.61"}
index.html:217 Received JSON:  {t: "31.18", p: "2.44"}
index.html:217 Received JSON:  {t: "31.19", p: "1.90"}
index.html:217 Received JSON:  {t: "31.19", p: "1.62"}
index.html:217 Received JSON:  {t: "31.21", p: "1.64"}
index.html:217 Received JSON:  {t: "31.21", p: "1.91"}
index.html:217 Received JSON:  {t: "31.21", p: "2.46"}
index.html:217 Received JSON:  {t: "31.22", p: "2.20"}
index.html:217 Received JSON:  {t: "31.22", p: "2.47"}
index.html:217 Received JSON:  {t: "31.23", p: "2.76"}
index.html:217 Received JSON:  {t: "31.24", p: "2.76"}
index.html:217 Received JSON:  {t: "31.25", p: "2.77"}
index.html:217 Received JSON:  {t: "31.25", p: "3.04"}
index.html:217 Received JSON:  {t: "31.25", p: "3.33"}
index.html:217 Received JSON:  {t: "31.26", p: "3.61"}
index.html:217 Received JSON:  {t: "31.27", p: "3.07"}
index.html:217 Received JSON:  {t: "31.27", p: "3.34"}
index.html:217 Received JSON:  {t: "31.28", p: "3.62"}
index.html:217 Received JSON:  {t: "31.28", p: "2.25"}
index.html:217 Received JSON:  {t: "31.29", p: "2.53"}
index.html:217 Received JSON:  {t: "31.30", p: "2.81"}
index.html:217 Received JSON:  {t: "31.31", p: "2.82"}
index.html:217 Received JSON:  {t: "31.31", p: "3.10"}
index.html:217 Received JSON:  {t: "31.32", p: "2.28"}
index.html:217 Received JSON:  {t: "31.33", p: "2.57"}
index.html:217 Received JSON:  {t: "31.33", p: "2.57"}
index.html:217 Received JSON:  {t: "31.34", p: "2.57"}
index.html:217 Received JSON:  {t: "31.35", p: "2.30"}
index.html:191 MAX:
index.html:192 3.0645666207768514
index.html:217 Received JSON:  {t: "31.35", p: "2.03"}
index.html:217 Received JSON:  {t: "31.36", p: "2.31"}
index.html:217 Received JSON:  {t: "31.37", p: "2.05"}
index.html:217 Received JSON:  {t: "31.37", p: "1.78"}
index.html:217 Received JSON:  {t: "31.37", p: "2.33"}
index.html:217 Received JSON:  {t: "31.39", p: "2.07"}
index.html:217 Received JSON:  {t: "31.39", p: "2.34"}
index.html:217 Received JSON:  {t: "31.39", p: "1.80"}
index.html:217 Received JSON:  {t: "31.41", p: "1.81"}
index.html:217 Received JSON:  {t: "31.41", p: "1.81"}
index.html:217 Received JSON:  {t: "31.42", p: "1.54"}
index.html:217 Received JSON:  {t: "31.43", p: "1.27"}
index.html:217 Received JSON:  {t: "31.43", p: "1.54"}
index.html:217 Received JSON:  {t: "31.43", p: "1.83"}
index.html:217 Received JSON:  {t: "31.44", p: "1.56"}
index.html:217 Received JSON:  {t: "31.45", p: "1.84"}
index.html:217 Received JSON:  {t: "31.45", p: "2.39"}
index.html:217 Received JSON:  {t: "31.46", p: "1.57"}
index.html:217 Received JSON:  {t: "31.46", p: "1.57"}
index.html:217 Received JSON:  {t: "31.47", p: "1.31"}
index.html:217 Received JSON:  {t: "31.48", p: "1.59"}
index.html:217 Received JSON:  {t: "31.48", p: "1.04"}
index.html:217 Received JSON:  {t: "31.49", p: "1.60"}
index.html:217 Received JSON:  {t: "31.49", p: "1.33"}
index.html:217 Received JSON:  {t: "31.50", p: "2.16"}
index.html:217 Received JSON:  {t: "31.50", p: "1.88"}
index.html:217 Received JSON:  {t: "31.51", p: "2.17"}
index.html:217 Received JSON:  {t: "31.52", p: "2.72"}
index.html:217 Received JSON:  {t: "31.52", p: "2.44"}
index.html:217 Received JSON:  {t: "31.53", p: "1.91"}
index.html:217 Received JSON:  {t: "31.54", p: "2.74"}
index.html:217 Received JSON:  {t: "31.54", p: "2.19"}
index.html:217 Received JSON:  {t: "31.55", p: "2.47"}
index.html:217 Received JSON:  {t: "31.55", p: "2.47"}
index.html:217 Received JSON:  {t: "31.56", p: "2.20"}
index.html:217 Received JSON:  {t: "31.57", p: "2.76"}
index.html:217 Received JSON:  {t: "31.57", p: "3.04"}
index.html:217 Received JSON:  {t: "31.57", p: "3.59"}
index.html:217 Received JSON:  {t: "31.58", p: "3.60"}
index.html:217 Received JSON:  {t: "31.59", p: "3.06"}
index.html:217 Received JSON:  {t: "31.59", p: "3.06"}
index.html:217 Received JSON:  {t: "31.60", p: "2.24"}
index.html:217 Received JSON:  {t: "31.60", p: "2.79"}
index.html:217 Received JSON:  {t: "31.61", p: "2.52"}
index.html:217 Received JSON:  {t: "31.62", p: "2.80"}
index.html:217 Received JSON:  {t: "31.62", p: "2.80"}
index.html:217 Received JSON:  {t: "31.63", p: "2.53"}
index.html:217 Received JSON:  {t: "31.64", p: "2.82"}
index.html:217 Received JSON:  {t: "31.64", p: "2.82"}
index.html:217 Received JSON:  {t: "31.66", p: "2.01"}
index.html:217 Received JSON:  {t: "31.66", p: "2.01"}
index.html:217 Received JSON:  {t: "31.67", p: "2.29"}
index.html:191 MAX:
index.html:192 2.9304084580219065
index.html:217 Received JSON:  {t: "31.68", p: "2.30"}
index.html:217 Received JSON:  {t: "31.69", p: "2.31"}
index.html:217 Received JSON:  {t: "31.69", p: "2.59"}
index.html:217 Received JSON:  {t: "31.70", p: "2.32"}
index.html:217 Received JSON:  {t: "31.71", p: "2.33"}
index.html:217 Received JSON:  {t: "31.71", p: "1.51"}
index.html:217 Received JSON:  {t: "31.72", p: "1.24"}
index.html:217 Received JSON:  {t: "31.73", p: "1.79"}
index.html:217 Received JSON:  {t: "31.74", p: "1.80"}
index.html:217 Received JSON:  {t: "31.74", p: "1.25"}
index.html:217 Received JSON:  {t: "31.75", p: "2.08"}
index.html:217 Received JSON:  {t: "31.75", p: "0.72"}
index.html:217 Received JSON:  {t: "31.76", p: "1.00"}
index.html:217 Received JSON:  {t: "31.76", p: "1.00"}
index.html:217 Received JSON:  {t: "31.77", p: "0.73"}
index.html:217 Received JSON:  {t: "31.78", p: "1.29"}
index.html:217 Received JSON:  {t: "31.78", p: "1.29"}
index.html:217 Received JSON:  {t: "31.79", p: "1.57"}
index.html:217 Received JSON:  {t: "31.81", p: "1.86"}
index.html:217 Received JSON:  {t: "31.81", p: "1.31"}
index.html:217 Received JSON:  {t: "31.81", p: "1.31"}
index.html:217 Received JSON:  {t: "31.80", p: "1.58"}
index.html:217 Received JSON:  {t: "31.81", p: "1.86"}
index.html:217 Received JSON:  {t: "31.82", p: "2.14"}
index.html:217 Received JSON:  {t: "31.83", p: "1.05"}
index.html:217 Received JSON:  {t: "31.83", p: "1.61"}
index.html:217 Received JSON:  {t: "31.84", p: "1.89"}
index.html:217 Received JSON:  {t: "31.84", p: "2.44"}
index.html:217 Received JSON:  {t: "31.85", p: "2.44"}
index.html:217 Received JSON:  {t: "31.86", p: "1.90"}
index.html:217 Received JSON:  {t: "31.87", p: "2.46"}
index.html:217 Received JSON:  {t: "31.87", p: "2.46"}
index.html:217 Received JSON:  {t: "31.88", p: "2.74"}
index.html:217 Received JSON:  {t: "31.88", p: "3.57"}
index.html:217 Received JSON:  {t: "31.89", p: "3.58"}
index.html:217 Received JSON:  {t: "31.89", p: "3.31"}
index.html:217 Received JSON:  {t: "31.89", p: "3.59"}
index.html:217 Received JSON:  {t: "31.90", p: "2.76"}
index.html:217 Received JSON:  {t: "31.91", p: "3.04"}
index.html:217 Received JSON:  {t: "32.12", p: "2.67"}
index.html:217 Received JSON:  {t: "-552.75", p: "18384.09"}
index.html:217 Received JSON:  {t: "-552.75", p: "18384.09"}
index.html:191 MAX:
index.html:192 2.314428950448377
index.html:217 Received JSON:  {t: "-552.75", p: "18384.09"}
index.html:217 Received JSON:  {t: "-552.75", p: "18384.09"}
index.html:217 Received JSON:  {t: "-552.75", p: "18384.09"}
index.html:217 Received JSON:  {t: "-552.75", p: "18384.09"}
index.html:217 Received JSON:  {t: "-552.75", p: "18384.09"}
index.html:217 Received JSON:  {t: "-552.75", p: "18384.09"}
index.html:217 Received JSON:  {t: "-552.75", p: "18384.09"}
index.html:217 Received JSON:  {t: "-552.75", p: "18384.09"}
index.html:217 Received JSON:  {t: "-552.75", p: "18384.09"}
index.html:217 Received JSON:  {t: "-552.75", p: "18384.09"}
index.html:217 Received JSON:  {t: "-552.75", p: "18384.09"}
index.html:217 Received JSON:  {t: "-552.75", p: "18384.09"}
index.html:217 Received JSON:  {t: "-552.75", p: "18384.09"}
index.html:217 Received JSON:  {t: "-552.75", p: "18384.09"}
index.html:217 Received JSON:  {t: "-552.75", p: "18384.09"}
index.html:217 Received JSON:  {t: "-552.75", p: "18384.09"}
index.html:217 Received JSON:  {t: "-552.75", p: "18384.09"}
index.html:217 Received JSON:  {t: "-552.75", p: "18384.09"}
index.html:217 Received JSON:  {t: "-552.75", p: "18384.09"}
index.html:217 Received JSON:  {t: "-552.75", p: "18384.09"}
index.html:217 Received JSON:  {t: "-552.75", p: "18384.09"}
index.html:217 Received JSON:  {t: "-552.75", p: "18384.09"}
puck.js:371 <BLE> Disconnected (gattserverdisconnected)
