index.html:314 The specified value "age here" cannot be parsed, or is out of range.
index.html:238 
puck.js:392 <BLE> Device Name:       MDBT42Q 4b36
puck.js:392 <BLE> Device ID:         CHWSONW8maek+6VJLjqs8A==
puck.js:392 <BLE> Connected
index.html:217 Received JSON:  {t: "26.51", p: "0.30"}
index.html:217 Received JSON:  {t: "26.49", p: "0.29"}
index.html:217 Received JSON:  {t: "26.51", p: "-0.23"}
index.html:217 Received JSON:  {t: "26.51", p: "-0.23"}
index.html:217 Received JSON:  {t: "26.51", p: "0.57"}
index.html:217 Received JSON:  {t: "26.52", p: "0.31"}
index.html:217 Received JSON:  {t: "26.52", p: "0.04"}
index.html:217 Received JSON:  {t: "26.53", p: "0.32"}
index.html:217 Received JSON:  {t: "26.52", p: "-0.22"}
index.html:217 Received JSON:  {t: "26.53", p: "0.59"}
index.html:217 Received JSON:  {t: "26.53", p: "0.59"}
index.html:217 Received JSON:  {t: "26.54", p: "0.60"}
index.html:217 Received JSON:  {t: "26.54", p: "-0.20"}
index.html:217 Received JSON:  {t: "26.55", p: "0.07"}
index.html:217 Received JSON:  {t: "26.55", p: "0.33"}
index.html:217 Received JSON:  {t: "26.55", p: "0.61"}
index.html:217 Received JSON:  {t: "26.55", p: "-0.19"}
index.html:217 Received JSON:  {t: "26.56", p: "0.07"}
index.html:217 Received JSON:  {t: "26.56", p: "0.07"}
index.html:217 Received JSON:  {t: "26.57", p: "-0.45"}
index.html:217 Received JSON:  {t: "26.57", p: "-0.72"}
index.html:217 Received JSON:  {t: "26.58", p: "-0.44"}
index.html:217 Received JSON:  {t: "26.58", p: "-0.71"}
index.html:174 MAX:
index.html:175 0.25892212317749325
index.html:217 Received JSON:  {t: "26.59", p: "-0.43"}
index.html:217 Received JSON:  {t: "26.59", p: "-0.97"}
index.html:217 Received JSON:  {t: "26.59", p: "-0.43"}
index.html:217 Received JSON:  {t: "26.59", p: "0.11"}
index.html:217 Received JSON:  {t: "26.59", p: "-0.15"}
index.html:217 Received JSON:  {t: "26.61", p: "-0.68"}
index.html:217 Received JSON:  {t: "26.60", p: "-0.15"}
index.html:217 Received JSON:  {t: "26.61", p: "-0.41"}
index.html:217 Received JSON:  {t: "26.61", p: "0.12"}
index.html:217 Received JSON:  {t: "26.62", p: "0.12"}
index.html:217 Received JSON:  {t: "26.63", p: "0.13"}
index.html:217 Received JSON:  {t: "26.63", p: "-0.40"}
index.html:217 Received JSON:  {t: "26.63", p: "-0.12"}
index.html:217 Received JSON:  {t: "26.63", p: "-0.12"}
index.html:217 Received JSON:  {t: "26.64", p: "0.15"}
index.html:217 Received JSON:  {t: "26.64", p: "-0.11"}
index.html:217 Received JSON:  {t: "26.65", p: "0.42"}
index.html:217 Received JSON:  {t: "26.65", p: "0.42"}
index.html:217 Received JSON:  {t: "26.65", p: "-0.10"}
index.html:217 Received JSON:  {t: "26.66", p: "0.16"}
index.html:217 Received JSON:  {t: "26.66", p: "-0.09"}
index.html:217 Received JSON:  {t: "26.67", p: "0.44"}
index.html:217 Received JSON:  {t: "26.67", p: "0.17"}
index.html:217 Received JSON:  {t: "26.68", p: "0.45"}
index.html:217 Received JSON:  {t: "26.67", p: "0.18"}
index.html:217 Received JSON:  {t: "26.68", p: "0.18"}
index.html:217 Received JSON:  {t: "26.68", p: "0.72"}
index.html:217 Received JSON:  {t: "26.69", p: "0.46"}
index.html:217 Received JSON:  {t: "26.69", p: "0.19"}
index.html:217 Received JSON:  {t: "26.70", p: "0.20"}
index.html:217 Received JSON:  {t: "26.69", p: "-0.33"}
index.html:217 Received JSON:  {t: "26.71", p: "0.21"}
index.html:217 Received JSON:  {t: "26.71", p: "-0.05"}
index.html:217 Received JSON:  {t: "26.71", p: "0.49"}
index.html:217 Received JSON:  {t: "26.72", p: "0.22"}
index.html:217 Received JSON:  {t: "26.72", p: "-0.58"}
index.html:217 Received JSON:  {t: "26.73", p: "-0.03"}
index.html:217 Received JSON:  {t: "26.73", p: "-0.03"}
index.html:191 MAX:
index.html:192 0.27685483986810494
index.html:217 Received JSON:  {t: "26.74", p: "-0.30"}
index.html:217 Received JSON:  {t: "26.74", p: "-0.57"}
index.html:217 Received JSON:  {t: "26.75", p: "-0.29"}
index.html:217 Received JSON:  {t: "26.75", p: "-0.83"}
index.html:217 Received JSON:  {t: "26.76", p: "-0.28"}
index.html:217 Received JSON:  {t: "26.76", p: "-1.63"}
index.html:217 Received JSON:  {t: "26.76", p: "-0.81"}
index.html:217 Received JSON:  {t: "26.77", p: "-0.81"}
index.html:217 Received JSON:  {t: "26.77", p: "-0.27"}
index.html:217 Received JSON:  {t: "26.78", p: "-0.80"}
index.html:217 Received JSON:  {t: "26.78", p: "0.00"}
index.html:217 Received JSON:  {t: "26.78", p: "-0.26"}
index.html:217 Received JSON:  {t: "26.79", p: "-0.52"}
index.html:217 Received JSON:  {t: "26.79", p: "-0.51"}
index.html:217 Received JSON:  {t: "26.80", p: "0.29"}
index.html:217 Received JSON:  {t: "26.80", p: "-0.24"}
index.html:217 Received JSON:  {t: "26.80", p: "-0.24"}
index.html:217 Received JSON:  {t: "26.81", p: "0.03"}
index.html:217 Received JSON:  {t: "26.81", p: "-0.23"}
index.html:217 Received JSON:  {t: "26.82", p: "0.58"}
index.html:217 Received JSON:  {t: "26.82", p: "0.85"}
index.html:217 Received JSON:  {t: "26.83", p: "0.86"}
index.html:217 Received JSON:  {t: "26.83", p: "0.59"}
index.html:217 Received JSON:  {t: "26.84", p: "0.06"}
index.html:217 Received JSON:  {t: "26.84", p: "0.87"}
index.html:217 Received JSON:  {t: "26.84", p: "0.06"}
index.html:217 Received JSON:  {t: "26.85", p: "0.34"}
index.html:217 Received JSON:  {t: "26.85", p: "0.34"}
index.html:217 Received JSON:  {t: "26.86", p: "0.62"}
index.html:217 Received JSON:  {t: "26.86", p: "0.62"}
index.html:217 Received JSON:  {t: "26.86", p: "0.34"}
index.html:217 Received JSON:  {t: "26.87", p: "0.36"}
index.html:217 Received JSON:  {t: "26.88", p: "0.63"}
index.html:217 Received JSON:  {t: "26.88", p: "0.91"}
index.html:217 Received JSON:  {t: "26.88", p: "0.37"}
index.html:217 Received JSON:  {t: "26.88", p: "0.10"}
index.html:217 Received JSON:  {t: "26.89", p: "0.11"}
index.html:217 Received JSON:  {t: "26.89", p: "0.38"}
index.html:191 MAX:
index.html:192 0.4577007008988604
index.html:217 Received JSON:  {t: "26.90", p: "0.38"}
index.html:217 Received JSON:  {t: "26.91", p: "0.12"}
index.html:217 Received JSON:  {t: "26.92", p: "0.67"}
index.html:217 Received JSON:  {t: "26.92", p: "-0.13"}
index.html:217 Received JSON:  {t: "26.92", p: "0.13"}
index.html:191 MAX:
index.html:192 0.46308825151319966
index.html:217 Received JSON:  {t: "26.92", p: "0.13"}
index.html:217 Received JSON:  {t: "26.93", p: "-0.39"}
index.html:217 Received JSON:  {t: "26.93", p: "-0.12"}
index.html:217 Received JSON:  {t: "26.94", p: "-0.66"}
index.html:217 Received JSON:  {t: "26.94", p: "-0.38"}
index.html:217 Received JSON:  {t: "26.95", p: "-0.91"}
index.html:217 Received JSON:  {t: "26.95", p: "-0.37"}
index.html:217 Received JSON:  {t: "26.96", p: "-0.91"}
index.html:217 Received JSON:  {t: "26.96", p: "-1.18"}
index.html:217 Received JSON:  {t: "26.96", p: "-0.90"}
index.html:217 Received JSON:  {t: "26.97", p: "-0.62"}
index.html:217 Received JSON:  {t: "26.97", p: "-0.62"}
index.html:217 Received JSON:  {t: "26.98", p: "-0.08"}
index.html:217 Received JSON:  {t: "26.99", p: "-0.07"}
index.html:217 Received JSON:  {t: "26.99", p: "-0.34"}
index.html:217 Received JSON:  {t: "26.99", p: "-0.07"}
index.html:217 Received JSON:  {t: "27.00", p: "-0.33"}
puck.js:392 <BLE> ERROR: NotFoundError: User cancelled the requestDevice() chooser.
index.html:217 Received JSON:  {t: "27.00", p: "-0.33"}
index.html:217 Received JSON:  {t: "27.01", p: "-0.32"}
index.html:217 Received JSON:  {t: "27.01", p: "0.76"}
index.html:217 Received JSON:  {t: "27.01", p: "0.21"}
index.html:217 Received JSON:  {t: "27.02", p: "0.76"}
index.html:217 Received JSON:  {t: "27.03", p: "1.04"}
index.html:217 Received JSON:  {t: "27.03", p: "0.77"}
index.html:217 Received JSON:  {t: "27.03", p: "0.50"}
index.html:217 Received JSON:  {t: "27.04", p: "-0.02"}
index.html:217 Received JSON:  {t: "27.04", p: "-0.02"}
index.html:217 Received JSON:  {t: "27.04", p: "0.78"}
index.html:217 Received JSON:  {t: "27.04", p: "0.51"}
index.html:217 Received JSON:  {t: "27.06", p: "0.25"}
index.html:217 Received JSON:  {t: "27.06", p: "-0.01"}
index.html:217 Received JSON:  {t: "27.06", p: "0.80"}
index.html:217 Received JSON:  {t: "27.07", p: "0.00"}
index.html:217 Received JSON:  {t: "27.08", p: "-0.26"}
index.html:217 Received JSON:  {t: "27.08", p: "0.55"}
index.html:217 Received JSON:  {t: "27.08", p: "-0.26"}
index.html:217 Received JSON:  {t: "27.09", p: "-0.52"}
index.html:191 MAX:
index.html:192 0.45295243710091054
index.html:217 Received JSON:  {t: "27.09", p: "0.02"}
index.html:217 Received JSON:  {t: "27.09", p: "-0.78"}
index.html:217 Received JSON:  {t: "27.11", p: "-0.23"}
index.html:217 Received JSON:  {t: "27.11", p: "-0.23"}
index.html:217 Received JSON:  {t: "27.12", p: "-0.22"}
index.html:217 Received JSON:  {t: "27.12", p: "-0.22"}
index.html:217 Received JSON:  {t: "27.12", p: "-0.22"}
index.html:217 Received JSON:  {t: "27.13", p: "-0.76"}
index.html:217 Received JSON:  {t: "27.13", p: "-1.02"}
index.html:217 Received JSON:  {t: "27.14", p: "-0.75"}
index.html:217 Received JSON:  {t: "27.14", p: "-0.74"}
index.html:217 Received JSON:  {t: "27.14", p: "-0.47"}
index.html:217 Received JSON:  {t: "27.15", p: "-0.20"}
index.html:217 Received JSON:  {t: "27.15", p: "-0.19"}
index.html:217 Received JSON:  {t: "27.16", p: "0.61"}
index.html:217 Received JSON:  {t: "27.16", p: "0.89"}
index.html:217 Received JSON:  {t: "27.17", p: "0.89"}
index.html:217 Received JSON:  {t: "27.17", p: "0.90"}
index.html:217 Received JSON:  {t: "27.18", p: "0.63"}
index.html:217 Received JSON:  {t: "27.18", p: "0.37"}
index.html:217 Received JSON:  {t: "27.19", p: "0.91"}
index.html:217 Received JSON:  {t: "27.19", p: "0.11"}
index.html:217 Received JSON:  {t: "27.19", p: "0.37"}
index.html:217 Received JSON:  {t: "27.20", p: "0.65"}
index.html:217 Received JSON:  {t: "27.21", p: "0.39"}
index.html:217 Received JSON:  {t: "27.21", p: "0.12"}
index.html:217 Received JSON:  {t: "27.21", p: "0.67"}
index.html:217 Received JSON:  {t: "27.22", p: "0.40"}
index.html:217 Received JSON:  {t: "27.22", p: "0.40"}
index.html:217 Received JSON:  {t: "27.23", p: "0.41"}
index.html:217 Received JSON:  {t: "27.23", p: "0.14"}
index.html:217 Received JSON:  {t: "27.24", p: "-0.12"}
index.html:191 MAX:
index.html:192 0.559501095836646
index.html:217 Received JSON:  {t: "27.25", p: "0.15"}
index.html:217 Received JSON:  {t: "27.25", p: "-0.11"}
index.html:217 Received JSON:  {t: "27.25", p: "-0.10"}
index.html:217 Received JSON:  {t: "27.25", p: "0.16"}
index.html:217 Received JSON:  {t: "27.26", p: "-0.37"}
index.html:217 Received JSON:  {t: "27.26", p: "-0.09"}
index.html:217 Received JSON:  {t: "27.27", p: "-0.35"}
index.html:217 Received JSON:  {t: "27.27", p: "-0.08"}
index.html:217 Received JSON:  {t: "27.28", p: "-0.35"}
index.html:217 Received JSON:  {t: "27.29", p: "-0.34"}
index.html:217 Received JSON:  {t: "27.28", p: "-0.07"}
index.html:217 Received JSON:  {t: "27.29", p: "0.19"}
index.html:217 Received JSON:  {t: "27.29", p: "-0.07"}
index.html:217 Received JSON:  {t: "27.30", p: "-0.33"}
index.html:217 Received JSON:  {t: "27.31", p: "0.21"}
index.html:217 Received JSON:  {t: "27.31", p: "-0.59"}
index.html:217 Received JSON:  {t: "27.31", p: "-0.59"}
index.html:217 Received JSON:  {t: "27.32", p: "-0.85"}
index.html:217 Received JSON:  {t: "27.32", p: "-0.58"}
index.html:217 Received JSON:  {t: "27.33", p: "-0.85"}
index.html:217 Received JSON:  {t: "27.33", p: "-0.30"}
index.html:217 Received JSON:  {t: "27.33", p: "-0.57"}
index.html:217 Received JSON:  {t: "27.34", p: "-0.02"}
index.html:217 Received JSON:  {t: "27.34", p: "-0.29"}
index.html:217 Received JSON:  {t: "27.35", p: "-0.29"}
index.html:217 Received JSON:  {t: "27.35", p: "-0.01"}
index.html:217 Received JSON:  {t: "27.36", p: "-0.28"}
index.html:217 Received JSON:  {t: "27.36", p: "-0.27"}
index.html:217 Received JSON:  {t: "27.36", p: "-1.09"}
index.html:217 Received JSON:  {t: "27.37", p: "0.27"}
index.html:217 Received JSON:  {t: "27.37", p: "0.27"}
index.html:217 Received JSON:  {t: "27.38", p: "0.00"}
index.html:217 Received JSON:  {t: "27.39", p: "0.55"}
index.html:217 Received JSON:  {t: "27.39", p: "0.82"}
index.html:217 Received JSON:  {t: "27.39", p: "0.29"}
index.html:217 Received JSON:  {t: "27.40", p: "0.57"}
index.html:217 Received JSON:  {t: "27.40", p: "0.57"}
index.html:217 Received JSON:  {t: "27.40", p: "0.84"}
index.html:217 Received JSON:  {t: "27.41", p: "0.57"}
index.html:217 Received JSON:  {t: "27.41", p: "0.30"}
index.html:217 Received JSON:  {t: "27.42", p: "1.12"}
index.html:217 Received JSON:  {t: "27.42", p: "0.04"}
index.html:217 Received JSON:  {t: "27.43", p: "1.13"}
index.html:217 Received JSON:  {t: "27.43", p: "0.32"}
index.html:217 Received JSON:  {t: "27.44", p: "0.87"}
index.html:217 Received JSON:  {t: "27.44", p: "0.32"}
index.html:217 Received JSON:  {t: "27.44", p: "0.60"}
index.html:217 Received JSON:  {t: "27.45", p: "1.15"}
index.html:217 Received JSON:  {t: "27.45", p: "0.34"}
index.html:217 Received JSON:  {t: "27.45", p: "0.61"}
index.html:217 Received JSON:  {t: "27.45", p: "0.07"}
index.html:217 Received JSON:  {t: "27.46", p: "0.62"}
index.html:217 Received JSON:  {t: "27.46", p: "-0.18"}
index.html:217 Received JSON:  {t: "27.47", p: "0.90"}
index.html:217 Received JSON:  {t: "27.47", p: "0.09"}
index.html:191 MAX:
index.html:192 0.6183228281130853
index.html:217 Received JSON:  {t: "27.48", p: "0.64"}
index.html:217 Received JSON:  {t: "27.48", p: "0.37"}
index.html:217 Received JSON:  {t: "27.49", p: "0.10"}
index.html:217 Received JSON:  {t: "27.49", p: "-0.16"}
index.html:217 Received JSON:  {t: "27.50", p: "-0.15"}
index.html:217 Received JSON:  {t: "27.50", p: "0.12"}
index.html:217 Received JSON:  {t: "27.50", p: "0.65"}
index.html:217 Received JSON:  {t: "27.51", p: "-0.41"}
index.html:217 Received JSON:  {t: "27.51", p: "0.12"}
index.html:217 Received JSON:  {t: "27.52", p: "-0.13"}
index.html:217 Received JSON:  {t: "27.53", p: "-0.67"}
index.html:217 Received JSON:  {t: "27.53", p: "-0.67"}
index.html:217 Received JSON:  {t: "27.53", p: "-0.67"}
index.html:217 Received JSON:  {t: "27.53", p: "-0.39"}
index.html:217 Received JSON:  {t: "27.54", p: "-0.12"}
index.html:217 Received JSON:  {t: "27.54", p: "-0.38"}
index.html:217 Received JSON:  {t: "27.55", p: "-0.65"}
index.html:217 Received JSON:  {t: "27.55", p: "-0.10"}
index.html:217 Received JSON:  {t: "27.56", p: "-0.37"}
index.html:217 Received JSON:  {t: "27.55", p: "-0.37"}
index.html:217 Received JSON:  {t: "27.56", p: "-0.09"}
index.html:217 Received JSON:  {t: "27.56", p: "-0.37"}
index.html:217 Received JSON:  {t: "27.57", p: "0.44"}
index.html:217 Received JSON:  {t: "27.57", p: "-0.08"}
index.html:217 Received JSON:  {t: "27.57", p: "0.45"}
index.html:217 Received JSON:  {t: "27.58", p: "-0.08"}
index.html:217 Received JSON:  {t: "27.59", p: "-0.07"}
index.html:217 Received JSON:  {t: "27.58", p: "-0.34"}
index.html:217 Received JSON:  {t: "27.59", p: "0.20"}
index.html:217 Received JSON:  {t: "27.59", p: "0.47"}
index.html:217 Received JSON:  {t: "27.59", p: "0.20"}
index.html:217 Received JSON:  {t: "27.60", p: "0.48"}
index.html:217 Received JSON:  {t: "27.61", p: "0.48"}
index.html:217 Received JSON:  {t: "27.61", p: "0.21"}
index.html:217 Received JSON:  {t: "27.62", p: "0.76"}
index.html:217 Received JSON:  {t: "27.62", p: "1.31"}
index.html:217 Received JSON:  {t: "27.62", p: "1.03"}
index.html:217 Received JSON:  {t: "27.63", p: "0.78"}
index.html:217 Received JSON:  {t: "27.62", p: "1.04"}
index.html:217 Received JSON:  {t: "27.64", p: "0.51"}
index.html:217 Received JSON:  {t: "27.64", p: "-0.02"}
index.html:217 Received JSON:  {t: "27.64", p: "0.24"}
index.html:217 Received JSON:  {t: "27.65", p: "-0.02"}
index.html:217 Received JSON:  {t: "27.65", p: "0.25"}
index.html:217 Received JSON:  {t: "27.65", p: "0.25"}
index.html:217 Received JSON:  {t: "27.66", p: "0.52"}
index.html:217 Received JSON:  {t: "27.66", p: "0.26"}
index.html:217 Received JSON:  {t: "27.67", p: "0.00"}
index.html:217 Received JSON:  {t: "27.67", p: "0.27"}
index.html:191 MAX:
index.html:192 0.6675315228480967
index.html:217 Received JSON:  {t: "27.67", p: "0.00"}
index.html:217 Received JSON:  {t: "27.68", p: "0.00"}
index.html:217 Received JSON:  {t: "27.69", p: "0.28"}
index.html:217 Received JSON:  {t: "27.69", p: "0.29"}
index.html:217 Received JSON:  {t: "27.69", p: "-0.52"}
index.html:217 Received JSON:  {t: "27.69", p: "0.29"}
index.html:217 Received JSON:  {t: "27.70", p: "-0.78"}
index.html:217 Received JSON:  {t: "27.70", p: "-0.23"}
index.html:217 Received JSON:  {t: "27.71", p: "-0.50"}
index.html:217 Received JSON:  {t: "27.71", p: "-0.23"}
index.html:217 Received JSON:  {t: "27.71", p: "0.31"}
index.html:217 Received JSON:  {t: "27.72", p: "0.04"}
index.html:217 Received JSON:  {t: "27.72", p: "-0.22"}
index.html:217 Received JSON:  {t: "27.73", p: "0.32"}
index.html:217 Received JSON:  {t: "27.73", p: "0.59"}
index.html:217 Received JSON:  {t: "27.73", p: "-0.48"}
index.html:217 Received JSON:  {t: "27.74", p: "-0.21"}
index.html:217 Received JSON:  {t: "27.74", p: "0.06"}
index.html:217 Received JSON:  {t: "27.74", p: "0.06"}
index.html:217 Received JSON:  {t: "27.75", p: "-0.19"}
index.html:217 Received JSON:  {t: "27.75", p: "0.07"}
index.html:217 Received JSON:  {t: "27.76", p: "0.35"}
index.html:217 Received JSON:  {t: "27.77", p: "0.08"}
index.html:217 Received JSON:  {t: "27.76", p: "0.62"}
index.html:217 Received JSON:  {t: "27.77", p: "-0.44"}
index.html:217 Received JSON:  {t: "27.78", p: "0.36"}
index.html:217 Received JSON:  {t: "27.78", p: "0.10"}
index.html:217 Received JSON:  {t: "27.78", p: "0.10"}
index.html:217 Received JSON:  {t: "27.78", p: "0.37"}
index.html:217 Received JSON:  {t: "27.79", p: "0.11"}
index.html:217 Received JSON:  {t: "27.79", p: "0.65"}
index.html:217 Received JSON:  {t: "27.79", p: "0.11"}
index.html:217 Received JSON:  {t: "27.79", p: "0.65"}
index.html:217 Received JSON:  {t: "27.81", p: "0.39"}
index.html:217 Received JSON:  {t: "27.82", p: "0.13"}
index.html:217 Received JSON:  {t: "27.82", p: "0.13"}
index.html:217 Received JSON:  {t: "27.82", p: "-0.13"}
index.html:217 Received JSON:  {t: "27.82", p: "0.40"}
index.html:217 Received JSON:  {t: "27.82", p: "-0.12"}
index.html:217 Received JSON:  {t: "27.83", p: "0.14"}
index.html:217 Received JSON:  {t: "27.83", p: "0.14"}
index.html:217 Received JSON:  {t: "27.84", p: "0.15"}
index.html:217 Received JSON:  {t: "27.85", p: "0.16"}
index.html:217 Received JSON:  {t: "27.85", p: "-0.10"}
index.html:191 MAX:
index.html:192 0.2777633917064907
index.html:217 Received JSON:  {t: "27.85", p: "0.43"}
index.html:217 Received JSON:  {t: "27.86", p: "-0.37"}
index.html:217 Received JSON:  {t: "27.86", p: "-0.37"}
index.html:217 Received JSON:  {t: "27.86", p: "-0.36"}
index.html:217 Received JSON:  {t: "27.87", p: "-0.08"}
index.html:217 Received JSON:  {t: "27.87", p: "-0.35"}
index.html:217 Received JSON:  {t: "27.88", p: "-0.34"}
index.html:217 Received JSON:  {t: "27.88", p: "-0.35"}
index.html:217 Received JSON:  {t: "27.88", p: "0.19"}
index.html:217 Received JSON:  {t: "27.89", p: "0.19"}
index.html:217 Received JSON:  {t: "27.89", p: "-0.61"}
index.html:217 Received JSON:  {t: "27.89", p: "-0.06"}
index.html:217 Received JSON:  {t: "27.90", p: "-0.06"}
index.html:217 Received JSON:  {t: "27.90", p: "0.21"}
index.html:217 Received JSON:  {t: "27.91", p: "-0.32"}
index.html:217 Received JSON:  {t: "27.91", p: "-0.59"}
index.html:217 Received JSON:  {t: "27.91", p: "-0.59"}
index.html:217 Received JSON:  {t: "27.92", p: "-0.04"}
index.html:217 Received JSON:  {t: "27.92", p: "-0.04"}
index.html:217 Received JSON:  {t: "27.93", p: "-0.30"}
index.html:217 Received JSON:  {t: "27.94", p: "0.24"}
index.html:217 Received JSON:  {t: "27.94", p: "0.24"}
index.html:217 Received JSON:  {t: "27.94", p: "-0.57"}
index.html:191 MAX:
index.html:192 -0.16084802599223885
index.html:217 Received JSON:  {t: "27.95", p: "0.25"}
index.html:217 Received JSON:  {t: "27.95", p: "0.52"}
index.html:217 Received JSON:  {t: "27.95", p: "0.52"}
index.html:217 Received JSON:  {t: "27.95", p: "0.80"}
index.html:217 Received JSON:  {t: "27.95", p: "0.52"}
index.html:217 Received JSON:  {t: "27.96", p: "0.80"}
index.html:217 Received JSON:  {t: "27.96", p: "-0.00"}
index.html:217 Received JSON:  {t: "27.96", p: "0.26"}
index.html:217 Received JSON:  {t: "27.97", p: "0.27"}
index.html:217 Received JSON:  {t: "27.98", p: "0.00"}
index.html:217 Received JSON:  {t: "27.98", p: "0.28"}
index.html:217 Received JSON:  {t: "27.99", p: "0.55"}
index.html:217 Received JSON:  {t: "27.99", p: "0.28"}
index.html:217 Received JSON:  {t: "27.99", p: "0.29"}
index.html:217 Received JSON:  {t: "27.99", p: "0.29"}
index.html:217 Received JSON:  {t: "28.00", p: "0.30"}
index.html:217 Received JSON:  {t: "28.00", p: "0.30"}
index.html:217 Received JSON:  {t: "28.01", p: "-0.23"}
index.html:191 MAX:
index.html:192 0.3867606362701342
index.html:217 Received JSON:  {t: "28.01", p: "0.84"}
index.html:217 Received JSON:  {t: "28.02", p: "0.31"}
index.html:217 Received JSON:  {t: "28.02", p: "0.04"}
index.html:217 Received JSON:  {t: "28.02", p: "0.59"}
index.html:217 Received JSON:  {t: "28.03", p: "0.59"}
index.html:217 Received JSON:  {t: "28.03", p: "0.32"}
index.html:217 Received JSON:  {t: "28.04", p: "-0.20"}
index.html:217 Received JSON:  {t: "28.04", p: "-0.20"}
index.html:217 Received JSON:  {t: "28.04", p: "0.33"}
index.html:217 Received JSON:  {t: "28.05", p: "0.07"}
index.html:217 Received JSON:  {t: "28.05", p: "0.07"}
index.html:217 Received JSON:  {t: "28.06", p: "-0.73"}
index.html:217 Received JSON:  {t: "28.06", p: "-0.18"}
index.html:191 MAX:
index.html:192 0.30315881143924567
index.html:217 Received JSON:  {t: "28.06", p: "-0.45"}
index.html:217 Received JSON:  {t: "28.07", p: "-0.45"}
index.html:217 Received JSON:  {t: "28.07", p: "-0.72"}
index.html:217 Received JSON:  {t: "28.07", p: "-0.17"}
index.html:217 Received JSON:  {t: "28.08", p: "-0.17"}
index.html:217 Received JSON:  {t: "28.08", p: "-0.17"}
index.html:217 Received JSON:  {t: "28.09", p: "-0.43"}
index.html:217 Received JSON:  {t: "28.09", p: "0.10"}
index.html:217 Received JSON:  {t: "28.09", p: "-0.70"}
index.html:217 Received JSON:  {t: "28.09", p: "-0.15"}
index.html:217 Received JSON:  {t: "28.09", p: "-0.15"}
index.html:217 Received JSON:  {t: "28.11", p: "0.12"}
index.html:217 Received JSON:  {t: "28.11", p: "-0.41"}
index.html:217 Received JSON:  {t: "28.11", p: "-0.14"}
index.html:217 Received JSON:  {t: "28.11", p: "-0.40"}
index.html:217 Received JSON:  {t: "28.12", p: "-0.13"}
index.html:217 Received JSON:  {t: "28.12", p: "0.41"}
index.html:217 Received JSON:  {t: "28.12", p: "0.41"}
index.html:217 Received JSON:  {t: "28.12", p: "0.14"}
index.html:217 Received JSON:  {t: "28.13", p: "0.14"}
index.html:217 Received JSON:  {t: "28.13", p: "0.42"}
index.html:217 Received JSON:  {t: "28.14", p: "-0.11"}
index.html:217 Received JSON:  {t: "28.14", p: "0.15"}
index.html:217 Received JSON:  {t: "28.14", p: "-0.11"}
index.html:217 Received JSON:  {t: "28.15", p: "1.25"}
index.html:217 Received JSON:  {t: "28.15", p: "0.16"}
index.html:217 Received JSON:  {t: "28.16", p: "-0.37"}
index.html:217 Received JSON:  {t: "28.16", p: "0.17"}
index.html:217 Received JSON:  {t: "28.16", p: "0.71"}
index.html:217 Received JSON:  {t: "28.17", p: "-0.09"}
index.html:217 Received JSON:  {t: "28.17", p: "0.72"}
index.html:217 Received JSON:  {t: "28.17", p: "0.45"}
index.html:217 Received JSON:  {t: "28.18", p: "-0.35"}
index.html:217 Received JSON:  {t: "28.18", p: "0.19"}
index.html:217 Received JSON:  {t: "28.18", p: "0.46"}
index.html:217 Received JSON:  {t: "28.19", p: "0.74"}
index.html:217 Received JSON:  {t: "28.19", p: "0.74"}
index.html:217 Received JSON:  {t: "28.19", p: "0.20"}
index.html:217 Received JSON:  {t: "28.20", p: "0.48"}
index.html:217 Received JSON:  {t: "28.20", p: "0.21"}
index.html:217 Received JSON:  {t: "28.20", p: "0.48"}
index.html:217 Received JSON:  {t: "28.21", p: "0.49"}
index.html:217 Received JSON:  {t: "28.22", p: "0.49"}
index.html:217 Received JSON:  {t: "28.22", p: "0.50"}
index.html:217 Received JSON:  {t: "28.23", p: "0.22"}
index.html:217 Received JSON:  {t: "28.23", p: "0.23"}
index.html:217 Received JSON:  {t: "28.23", p: "0.23"}
index.html:217 Received JSON:  {t: "28.23", p: "0.51"}
index.html:217 Received JSON:  {t: "28.24", p: "-0.02"}
index.html:217 Received JSON:  {t: "28.24", p: "-0.83"}
index.html:217 Received JSON:  {t: "28.24", p: "0.24"}
index.html:217 Received JSON:  {t: "28.25", p: "0.25"}
index.html:191 MAX:
index.html:192 0.42336890606658706
index.html:217 Received JSON:  {t: "28.25", p: "0.25"}
index.html:217 Received JSON:  {t: "28.26", p: "-0.28"}
index.html:217 Received JSON:  {t: "28.26", p: "-0.00"}
index.html:217 Received JSON:  {t: "28.27", p: "0.27"}
index.html:217 Received JSON:  {t: "28.27", p: "0.00"}
index.html:217 Received JSON:  {t: "28.27", p: "-0.53"}
index.html:217 Received JSON:  {t: "28.27", p: "-0.26"}
index.html:217 Received JSON:  {t: "28.28", p: "0.01"}
index.html:217 Received JSON:  {t: "28.28", p: "0.01"}
index.html:217 Received JSON:  {t: "28.29", p: "-0.25"}
index.html:217 Received JSON:  {t: "28.29", p: "0.02"}
index.html:217 Received JSON:  {t: "28.29", p: "-0.51"}
index.html:217 Received JSON:  {t: "28.29", p: "0.02"}
index.html:217 Received JSON:  {t: "28.30", p: "-0.24"}
index.html:217 Received JSON:  {t: "28.31", p: "0.31"}
index.html:217 Received JSON:  {t: "28.31", p: "-0.23"}
index.html:217 Received JSON:  {t: "28.31", p: "-0.22"}
index.html:217 Received JSON:  {t: "28.32", p: "-0.49"}
index.html:217 Received JSON:  {t: "28.31", p: "-0.22"}
index.html:217 Received JSON:  {t: "28.33", p: "0.32"}
index.html:217 Received JSON:  {t: "28.32", p: "0.05"}
index.html:217 Received JSON:  {t: "28.33", p: "-0.21"}
index.html:217 Received JSON:  {t: "28.34", p: "0.06"}
index.html:217 Received JSON:  {t: "28.34", p: "-0.47"}
index.html:217 Received JSON:  {t: "28.34", p: "0.33"}
index.html:217 Received JSON:  {t: "28.35", p: "-0.19"}
index.html:217 Received JSON:  {t: "28.35", p: "0.34"}
index.html:217 Received JSON:  {t: "28.35", p: "-0.19"}
index.html:217 Received JSON:  {t: "28.35", p: "0.35"}
index.html:217 Received JSON:  {t: "28.36", p: "-0.18"}
index.html:217 Received JSON:  {t: "28.36", p: "0.08"}
index.html:217 Received JSON:  {t: "28.37", p: "0.90"}
index.html:217 Received JSON:  {t: "28.37", p: "0.36"}
index.html:217 Received JSON:  {t: "28.38", p: "0.64"}
index.html:217 Received JSON:  {t: "28.38", p: "0.64"}
index.html:217 Received JSON:  {t: "28.38", p: "0.37"}
index.html:217 Received JSON:  {t: "28.39", p: "0.10"}
index.html:217 Received JSON:  {t: "28.39", p: "0.65"}
index.html:217 Received JSON:  {t: "28.39", p: "0.38"}
index.html:217 Received JSON:  {t: "28.39", p: "0.38"}
index.html:217 Received JSON:  {t: "28.39", p: "0.92"}
index.html:217 Received JSON:  {t: "28.40", p: "1.20"}
index.html:217 Received JSON:  {t: "28.41", p: "0.94"}
index.html:217 Received JSON:  {t: "28.41", p: "0.67"}
index.html:217 Received JSON:  {t: "28.41", p: "0.12"}
index.html:217 Received JSON:  {t: "28.41", p: "0.67"}
index.html:217 Received JSON:  {t: "28.43", p: "0.95"}
index.html:217 Received JSON:  {t: "28.43", p: "0.14"}
index.html:217 Received JSON:  {t: "28.43", p: "0.95"}
index.html:217 Received JSON:  {t: "28.43", p: "0.41"}
index.html:217 Received JSON:  {t: "28.43", p: "0.15"}
index.html:217 Received JSON:  {t: "28.44", p: "0.42"}
index.html:217 Received JSON:  {t: "28.44", p: "0.69"}
index.html:217 Received JSON:  {t: "28.44", p: "0.42"}
index.html:217 Received JSON:  {t: "28.45", p: "0.16"}
index.html:217 Received JSON:  {t: "28.46", p: "0.17"}
index.html:191 MAX:
index.html:192 0.6637949956258745
index.html:217 Received JSON:  {t: "28.46", p: "0.44"}
index.html:217 Received JSON:  {t: "28.46", p: "0.44"}
index.html:217 Received JSON:  {t: "28.47", p: "0.18"}
index.html:217 Received JSON:  {t: "28.47", p: "0.45"}
index.html:217 Received JSON:  {t: "28.48", p: "-0.08"}
index.html:217 Received JSON:  {t: "28.48", p: "0.19"}
index.html:217 Received JSON:  {t: "28.48", p: "-0.07"}
index.html:217 Received JSON:  {t: "28.49", p: "-0.07"}
index.html:217 Received JSON:  {t: "28.48", p: "-0.07"}
index.html:217 Received JSON:  {t: "28.49", p: "-0.07"}
index.html:217 Received JSON:  {t: "28.49", p: "0.20"}
index.html:217 Received JSON:  {t: "28.51", p: "0.21"}
index.html:217 Received JSON:  {t: "28.51", p: "-0.32"}
index.html:217 Received JSON:  {t: "28.51", p: "-0.05"}
index.html:217 Received JSON:  {t: "28.52", p: "-0.31"}
index.html:217 Received JSON:  {t: "28.52", p: "-0.58"}
index.html:217 Received JSON:  {t: "28.52", p: "0.22"}
index.html:217 Received JSON:  {t: "28.52", p: "0.22"}
index.html:217 Received JSON:  {t: "28.53", p: "-0.30"}
index.html:217 Received JSON:  {t: "28.53", p: "-0.30"}
index.html:217 Received JSON:  {t: "28.54", p: "-0.29"}
index.html:217 Received JSON:  {t: "28.54", p: "-0.29"}
index.html:217 Received JSON:  {t: "28.54", p: "0.24"}
index.html:217 Received JSON:  {t: "28.55", p: "-0.01"}
index.html:217 Received JSON:  {t: "28.55", p: "0.52"}
index.html:217 Received JSON:  {t: "28.55", p: "0.25"}
index.html:217 Received JSON:  {t: "28.55", p: "0.25"}
index.html:217 Received JSON:  {t: "28.56", p: "0.53"}
index.html:217 Received JSON:  {t: "28.56", p: "0.26"}
index.html:217 Received JSON:  {t: "28.57", p: "0.00"}
index.html:217 Received JSON:  {t: "28.57", p: "0.27"}
index.html:217 Received JSON:  {t: "28.57", p: "0.00"}
index.html:217 Received JSON:  {t: "28.57", p: "0.00"}
index.html:217 Received JSON:  {t: "28.58", p: "0.28"}
index.html:217 Received JSON:  {t: "28.59", p: "0.28"}
index.html:217 Received JSON:  {t: "28.58", p: "0.55"}
index.html:217 Received JSON:  {t: "28.59", p: "0.56"}
index.html:217 Received JSON:  {t: "28.59", p: "0.29"}
index.html:217 Received JSON:  {t: "28.59", p: "0.29"}
index.html:217 Received JSON:  {t: "28.59", p: "0.56"}
index.html:217 Received JSON:  {t: "28.60", p: "0.30"}
index.html:217 Received JSON:  {t: "28.61", p: "0.03"}
index.html:217 Received JSON:  {t: "28.61", p: "1.12"}
index.html:217 Received JSON:  {t: "28.61", p: "0.58"}
index.html:217 Received JSON:  {t: "28.62", p: "-0.22"}
index.html:217 Received JSON:  {t: "28.62", p: "0.32"}
index.html:217 Received JSON:  {t: "28.63", p: "0.86"}
index.html:217 Received JSON:  {t: "28.63", p: "0.87"}
index.html:217 Received JSON:  {t: "28.63", p: "0.60"}
index.html:217 Received JSON:  {t: "28.64", p: "0.33"}
index.html:217 Received JSON:  {t: "28.64", p: "-0.20"}
index.html:217 Received JSON:  {t: "28.64", p: "0.33"}
index.html:217 Received JSON:  {t: "28.65", p: "0.61"}
index.html:217 Received JSON:  {t: "28.65", p: "0.62"}
index.html:217 Received JSON:  {t: "28.66", p: "0.89"}
index.html:217 Received JSON:  {t: "28.66", p: "0.62"}
index.html:217 Received JSON:  {t: "28.67", p: "0.09"}
index.html:217 Received JSON:  {t: "28.67", p: "0.09"}
index.html:217 Received JSON:  {t: "28.67", p: "0.63"}
index.html:191 MAX:
index.html:192 0.46274653476035194
index.html:217 Received JSON:  {t: "28.67", p: "0.09"}
index.html:217 Received JSON:  {t: "28.68", p: "0.37"}
index.html:217 Received JSON:  {t: "28.68", p: "0.37"}
index.html:217 Received JSON:  {t: "28.69", p: "0.11"}
index.html:217 Received JSON:  {t: "28.69", p: "0.11"}
index.html:217 Received JSON:  {t: "28.69", p: "0.11"}
index.html:217 Received JSON:  {t: "28.69", p: "0.38"}
index.html:217 Received JSON:  {t: "28.70", p: "0.66"}
index.html:217 Received JSON:  {t: "28.69", p: "0.11"}
index.html:217 Received JSON:  {t: "28.71", p: "0.40"}
index.html:217 Received JSON:  {t: "28.72", p: "0.13"}
index.html:217 Received JSON:  {t: "28.72", p: "-0.40"}
index.html:217 Received JSON:  {t: "28.72", p: "0.41"}
index.html:217 Received JSON:  {t: "28.72", p: "-0.40"}
index.html:217 Received JSON:  {t: "28.72", p: "-0.39"}
index.html:217 Received JSON:  {t: "28.73", p: "-0.11"}
index.html:217 Received JSON:  {t: "28.73", p: "-0.11"}
index.html:217 Received JSON:  {t: "28.74", p: "0.15"}
index.html:217 Received JSON:  {t: "28.74", p: "0.42"}
index.html:217 Received JSON:  {t: "28.75", p: "-0.37"}
index.html:217 Received JSON:  {t: "28.75", p: "-0.10"}
index.html:217 Received JSON:  {t: "28.76", p: "-0.09"}
index.html:217 Received JSON:  {t: "28.75", p: "-0.10"}
index.html:217 Received JSON:  {t: "28.76", p: "-0.37"}
index.html:217 Received JSON:  {t: "28.77", p: "-0.35"}
index.html:217 Received JSON:  {t: "28.76", p: "0.71"}
index.html:217 Received JSON:  {t: "28.77", p: "-0.35"}
index.html:217 Received JSON:  {t: "28.77", p: "-0.08"}
index.html:217 Received JSON:  {t: "28.78", p: "0.46"}
index.html:217 Received JSON:  {t: "28.78", p: "-0.07"}
index.html:217 Received JSON:  {t: "28.78", p: "-0.61"}
index.html:217 Received JSON:  {t: "28.79", p: "0.47"}
index.html:217 Received JSON:  {t: "28.79", p: "-0.06"}
index.html:217 Received JSON:  {t: "28.79", p: "0.20"}
index.html:217 Received JSON:  {t: "28.79", p: "-0.33"}
index.html:217 Received JSON:  {t: "28.80", p: "0.21"}
index.html:217 Received JSON:  {t: "28.80", p: "0.48"}
index.html:217 Received JSON:  {t: "28.80", p: "0.21"}
index.html:217 Received JSON:  {t: "28.81", p: "0.49"}
index.html:217 Received JSON:  {t: "28.81", p: "0.49"}
index.html:217 Received JSON:  {t: "28.82", p: "-0.03"}
index.html:217 Received JSON:  {t: "28.82", p: "0.22"}
index.html:217 Received JSON:  {t: "28.82", p: "-0.31"}
index.html:217 Received JSON:  {t: "28.82", p: "0.77"}
index.html:217 Received JSON:  {t: "28.83", p: "0.24"}
index.html:217 Received JSON:  {t: "28.83", p: "0.51"}
index.html:217 Received JSON:  {t: "28.84", p: "0.79"}
index.html:217 Received JSON:  {t: "28.85", p: "0.80"}
index.html:217 Received JSON:  {t: "28.84", p: "0.52"}
index.html:217 Received JSON:  {t: "28.84", p: "0.52"}
index.html:217 Received JSON:  {t: "28.85", p: "1.34"}
index.html:217 Received JSON:  {t: "28.85", p: "0.52"}
index.html:217 Received JSON:  {t: "28.86", p: "0.81"}
index.html:217 Received JSON:  {t: "28.87", p: "0.54"}
index.html:217 Received JSON:  {t: "28.87", p: "0.00"}
index.html:217 Received JSON:  {t: "28.87", p: "0.54"}
index.html:217 Received JSON:  {t: "28.87", p: "0.54"}
index.html:217 Received JSON:  {t: "28.88", p: "0.82"}
index.html:217 Received JSON:  {t: "28.88", p: "0.82"}
index.html:217 Received JSON:  {t: "28.88", p: "0.28"}
index.html:217 Received JSON:  {t: "28.89", p: "0.29"}
index.html:217 Received JSON:  {t: "28.89", p: "0.84"}
index.html:217 Received JSON:  {t: "28.89", p: "-0.24"}
index.html:191 MAX:
index.html:192 0.6508437539992143
index.html:217 Received JSON:  {t: "28.89", p: "0.56"}
index.html:217 Received JSON:  {t: "28.89", p: "0.30"}
index.html:217 Received JSON:  {t: "28.91", p: "0.03"}
index.html:217 Received JSON:  {t: "28.91", p: "-0.22"}
index.html:217 Received JSON:  {t: "28.92", p: "0.31"}
index.html:217 Received JSON:  {t: "28.92", p: "0.05"}
index.html:217 Received JSON:  {t: "28.92", p: "0.05"}
index.html:217 Received JSON:  {t: "28.93", p: "-0.21"}
index.html:217 Received JSON:  {t: "28.93", p: "-0.21"}
index.html:217 Received JSON:  {t: "28.94", p: "-0.47"}
index.html:217 Received JSON:  {t: "28.94", p: "-0.74"}
index.html:217 Received JSON:  {t: "28.95", p: "0.07"}
index.html:217 Received JSON:  {t: "28.95", p: "0.07"}
index.html:217 Received JSON:  {t: "28.95", p: "0.07"}
index.html:217 Received JSON:  {t: "28.95", p: "0.07"}
index.html:217 Received JSON:  {t: "28.95", p: "0.07"}
index.html:217 Received JSON:  {t: "28.96", p: "-0.18"}
index.html:217 Received JSON:  {t: "28.96", p: "0.35"}
index.html:217 Received JSON:  {t: "28.97", p: "-0.44"}
index.html:217 Received JSON:  {t: "28.97", p: "0.09"}
index.html:217 Received JSON:  {t: "28.97", p: "-0.17"}
index.html:217 Received JSON:  {t: "28.97", p: "-0.17"}
index.html:217 Received JSON:  {t: "28.98", p: "0.10"}
index.html:217 Received JSON:  {t: "28.99", p: "0.11"}
index.html:217 Received JSON:  {t: "28.99", p: "0.11"}
index.html:217 Received JSON:  {t: "28.99", p: "0.11"}
index.html:217 Received JSON:  {t: "28.99", p: "0.11"}
index.html:217 Received JSON:  {t: "29.00", p: "0.39"}
index.html:217 Received JSON:  {t: "29.00", p: "0.12"}
index.html:217 Received JSON:  {t: "29.00", p: "0.39"}
index.html:217 Received JSON:  {t: "29.01", p: "-0.14"}
index.html:217 Received JSON:  {t: "29.01", p: "-0.40"}
index.html:217 Received JSON:  {t: "29.01", p: "0.40"}
index.html:217 Received JSON:  {t: "29.02", p: "0.68"}
index.html:217 Received JSON:  {t: "29.02", p: "0.41"}
index.html:217 Received JSON:  {t: "29.03", p: "0.42"}
index.html:217 Received JSON:  {t: "29.02", p: "0.95"}
index.html:217 Received JSON:  {t: "29.03", p: "0.42"}
index.html:217 Received JSON:  {t: "29.04", p: "0.97"}
index.html:217 Received JSON:  {t: "29.04", p: "0.70"}
index.html:217 Received JSON:  {t: "29.04", p: "0.16"}
index.html:217 Received JSON:  {t: "29.05", p: "0.43"}
index.html:217 Received JSON:  {t: "29.05", p: "0.71"}
index.html:217 Received JSON:  {t: "29.06", p: "0.71"}
index.html:217 Received JSON:  {t: "29.06", p: "0.99"}
index.html:217 Received JSON:  {t: "29.06", p: "-0.09"}
index.html:217 Received JSON:  {t: "29.07", p: "0.45"}
index.html:217 Received JSON:  {t: "29.07", p: "0.72"}
index.html:217 Received JSON:  {t: "29.07", p: "0.99"}
index.html:217 Received JSON:  {t: "29.08", p: "0.73"}
index.html:217 Received JSON:  {t: "29.08", p: "0.46"}
index.html:217 Received JSON:  {t: "29.08", p: "1.01"}
index.html:217 Received JSON:  {t: "29.09", p: "0.74"}
index.html:191 MAX:
index.html:192 0.5866298724043029
index.html:217 Received JSON:  {t: "29.08", p: "0.74"}
index.html:217 Received JSON:  {t: "29.09", p: "0.47"}
index.html:217 Received JSON:  {t: "29.09", p: "-0.05"}
index.html:217 Received JSON:  {t: "29.10", p: "0.48"}
index.html:217 Received JSON:  {t: "29.11", p: "0.49"}
index.html:217 Received JSON:  {t: "29.11", p: "0.49"}
index.html:217 Received JSON:  {t: "29.11", p: "0.49"}
index.html:217 Received JSON:  {t: "29.11", p: "-0.04"}
index.html:217 Received JSON:  {t: "29.12", p: "0.22"}
index.html:217 Received JSON:  {t: "29.12", p: "0.23"}
index.html:191 MAX:
index.html:192 0.654776135934288
index.html:217 Received JSON:  {t: "29.13", p: "-0.84"}
index.html:217 Received JSON:  {t: "29.13", p: "0.24"}
index.html:217 Received JSON:  {t: "29.13", p: "0.24"}
index.html:217 Received JSON:  {t: "29.14", p: "-0.57"}
index.html:217 Received JSON:  {t: "29.14", p: "-0.02"}
index.html:217 Received JSON:  {t: "29.14", p: "-0.56"}
index.html:217 Received JSON:  {t: "29.15", p: "-0.55"}
index.html:217 Received JSON:  {t: "29.15", p: "0.26"}
index.html:217 Received JSON:  {t: "29.16", p: "-0.27"}
index.html:217 Received JSON:  {t: "29.16", p: "0.26"}
index.html:217 Received JSON:  {t: "29.16", p: "0.00"}
index.html:217 Received JSON:  {t: "29.17", p: "-0.26"}
index.html:217 Received JSON:  {t: "29.16", p: "0.00"}
index.html:217 Received JSON:  {t: "29.17", p: "0.27"}
index.html:217 Received JSON:  {t: "29.18", p: "0.28"}
index.html:217 Received JSON:  {t: "29.18", p: "0.28"}
index.html:217 Received JSON:  {t: "29.18", p: "0.01"}
index.html:217 Received JSON:  {t: "29.18", p: "0.28"}
index.html:217 Received JSON:  {t: "29.19", p: "0.29"}
index.html:217 Received JSON:  {t: "29.19", p: "0.84"}
index.html:217 Received JSON:  {t: "29.20", p: "0.02"}
index.html:217 Received JSON:  {t: "29.20", p: "0.30"}
index.html:217 Received JSON:  {t: "29.20", p: "0.02"}
index.html:217 Received JSON:  {t: "29.21", p: "0.04"}
index.html:217 Received JSON:  {t: "29.21", p: "0.85"}
index.html:217 Received JSON:  {t: "29.21", p: "0.58"}
index.html:217 Received JSON:  {t: "29.21", p: "0.85"}
index.html:217 Received JSON:  {t: "29.22", p: "0.86"}
index.html:217 Received JSON:  {t: "29.22", p: "0.59"}
index.html:217 Received JSON:  {t: "29.23", p: "0.32"}
index.html:217 Received JSON:  {t: "29.23", p: "-0.21"}
index.html:217 Received JSON:  {t: "29.24", p: "0.06"}
index.html:217 Received JSON:  {t: "29.23", p: "0.32"}
index.html:217 Received JSON:  {t: "29.24", p: "0.88"}
index.html:217 Received JSON:  {t: "29.24", p: "0.34"}
index.html:217 Received JSON:  {t: "29.25", p: "0.61"}
index.html:217 Received JSON:  {t: "29.25", p: "0.62"}
index.html:217 Received JSON:  {t: "29.25", p: "0.89"}
index.html:217 Received JSON:  {t: "29.25", p: "0.35"}
index.html:217 Received JSON:  {t: "29.26", p: "0.35"}
index.html:191 MAX:
index.html:192 0.4694957945542817
index.html:217 Received JSON:  {t: "29.26", p: "0.62"}
index.html:217 Received JSON:  {t: "29.27", p: "0.63"}
index.html:217 Received JSON:  {t: "29.27", p: "0.37"}
index.html:217 Received JSON:  {t: "29.27", p: "0.64"}
index.html:217 Received JSON:  {t: "29.28", p: "0.64"}
index.html:217 Received JSON:  {t: "29.28", p: "0.37"}
index.html:217 Received JSON:  {t: "29.28", p: "0.91"}
index.html:217 Received JSON:  {t: "29.28", p: "0.65"}
index.html:217 Received JSON:  {t: "29.29", p: "-0.15"}
index.html:217 Received JSON:  {t: "29.29", p: "0.11"}
index.html:217 Received JSON:  {t: "29.29", p: "0.11"}
index.html:217 Received JSON:  {t: "29.30", p: "0.39"}
index.html:217 Received JSON:  {t: "29.29", p: "-0.14"}
index.html:191 MAX:
index.html:192 0.5510205485103651
index.html:217 Received JSON:  {t: "29.31", p: "0.12"}
index.html:217 Received JSON:  {t: "29.31", p: "0.13"}
index.html:217 Received JSON:  {t: "29.31", p: "-0.41"}
index.html:217 Received JSON:  {t: "29.32", p: "0.13"}
index.html:217 Received JSON:  {t: "29.31", p: "-0.40"}
index.html:217 Received JSON:  {t: "29.33", p: "-0.12"}
index.html:217 Received JSON:  {t: "29.33", p: "-0.39"}
index.html:217 Received JSON:  {t: "29.33", p: "-0.12"}
index.html:217 Received JSON:  {t: "29.33", p: "-0.38"}
index.html:217 Received JSON:  {t: "29.33", p: "0.42"}
index.html:217 Received JSON:  {t: "29.34", p: "-0.10"}
index.html:217 Received JSON:  {t: "29.34", p: "-0.10"}
index.html:217 Received JSON:  {t: "29.35", p: "-0.64"}
index.html:217 Received JSON:  {t: "29.35", p: "-0.37"}
index.html:217 Received JSON:  {t: "29.35", p: "0.44"}
index.html:217 Received JSON:  {t: "29.35", p: "0.17"}
index.html:217 Received JSON:  {t: "29.36", p: "0.17"}
index.html:217 Received JSON:  {t: "29.36", p: "0.17"}
index.html:217 Received JSON:  {t: "29.37", p: "0.18"}
index.html:217 Received JSON:  {t: "29.37", p: "0.18"}
index.html:217 Received JSON:  {t: "29.37", p: "0.18"}
index.html:217 Received JSON:  {t: "29.38", p: "-0.07"}
index.html:217 Received JSON:  {t: "29.38", p: "0.19"}
index.html:217 Received JSON:  {t: "29.38", p: "-0.07"}
index.html:217 Received JSON:  {t: "29.38", p: "0.19"}
index.html:217 Received JSON:  {t: "29.38", p: "0.47"}
index.html:217 Received JSON:  {t: "29.38", p: "0.46"}
index.html:217 Received JSON:  {t: "29.39", p: "0.74"}
index.html:217 Received JSON:  {t: "29.39", p: "0.75"}
index.html:217 Received JSON:  {t: "29.39", p: "0.20"}
index.html:217 Received JSON:  {t: "29.39", p: "0.48"}
index.html:217 Received JSON:  {t: "29.41", p: "1.03"}
index.html:217 Received JSON:  {t: "29.41", p: "0.76"}
index.html:217 Received JSON:  {t: "29.41", p: "0.76"}
index.html:217 Received JSON:  {t: "29.42", p: "0.50"}
index.html:217 Received JSON:  {t: "29.42", p: "1.04"}
index.html:217 Received JSON:  {t: "29.42", p: "-0.04"}
index.html:217 Received JSON:  {t: "29.42", p: "0.50"}
index.html:217 Received JSON:  {t: "29.42", p: "0.77"}
index.html:217 Received JSON:  {t: "29.43", p: "-0.30"}
index.html:217 Received JSON:  {t: "29.43", p: "0.51"}
index.html:217 Received JSON:  {t: "29.43", p: "0.24"}
index.html:217 Received JSON:  {t: "29.44", p: "0.51"}
index.html:217 Received JSON:  {t: "29.44", p: "0.79"}
index.html:217 Received JSON:  {t: "29.44", p: "0.52"}
index.html:191 MAX:
index.html:192 0.6214479422543635
index.html:198 Respiratory rate:
index.html:199 21
index.html:217 Received JSON:  {t: "29.45", p: "0.52"}
index.html:217 Received JSON:  {t: "29.45", p: "0.26"}
index.html:217 Received JSON:  {t: "29.45", p: "0.26"}
index.html:217 Received JSON:  {t: "29.46", p: "0.27"}
index.html:217 Received JSON:  {t: "29.46", p: "-0.54"}
index.html:217 Received JSON:  {t: "29.47", p: "0.27"}
index.html:217 Received JSON:  {t: "29.46", p: "-0.54"}
index.html:217 Received JSON:  {t: "29.47", p: "-0.26"}
index.html:217 Received JSON:  {t: "29.48", p: "-0.25"}
index.html:217 Received JSON:  {t: "29.48", p: "-0.25"}
index.html:217 Received JSON:  {t: "29.47", p: "-0.26"}
index.html:217 Received JSON:  {t: "29.48", p: "0.01"}
index.html:217 Received JSON:  {t: "29.49", p: "-0.25"}
index.html:217 Received JSON:  {t: "29.49", p: "-0.51"}
index.html:217 Received JSON:  {t: "29.49", p: "-0.23"}
index.html:217 Received JSON:  {t: "29.49", p: "-0.51"}
index.html:217 Received JSON:  {t: "29.49", p: "-0.23"}
index.html:217 Received JSON:  {t: "29.49", p: "0.30"}
index.html:217 Received JSON:  {t: "29.51", p: "-0.50"}
index.html:217 Received JSON:  {t: "29.50", p: "0.03"}
index.html:217 Received JSON:  {t: "29.51", p: "0.04"}
index.html:217 Received JSON:  {t: "29.51", p: "0.04"}
index.html:217 Received JSON:  {t: "29.52", p: "0.32"}
index.html:217 Received JSON:  {t: "29.52", p: "0.59"}
index.html:217 Received JSON:  {t: "29.52", p: "-0.22"}
index.html:217 Received JSON:  {t: "29.53", p: "1.14"}
index.html:217 Received JSON:  {t: "29.53", p: "0.60"}
index.html:217 Received JSON:  {t: "29.53", p: "1.14"}
index.html:217 Received JSON:  {t: "29.53", p: "0.88"}
index.html:217 Received JSON:  {t: "29.53", p: "1.15"}
index.html:217 Received JSON:  {t: "29.54", p: "0.61"}
index.html:217 Received JSON:  {t: "29.54", p: "-0.19"}
index.html:217 Received JSON:  {t: "29.54", p: "0.88"}
index.html:217 Received JSON:  {t: "29.55", p: "0.62"}
index.html:217 Received JSON:  {t: "29.55", p: "1.44"}
index.html:217 Received JSON:  {t: "29.55", p: "0.35"}
index.html:217 Received JSON:  {t: "29.56", p: "0.62"}
index.html:217 Received JSON:  {t: "29.56", p: "0.62"}
index.html:217 Received JSON:  {t: "29.56", p: "0.90"}
index.html:217 Received JSON:  {t: "29.57", p: "0.36"}
index.html:217 Received JSON:  {t: "29.57", p: "0.36"}
index.html:217 Received JSON:  {t: "29.57", p: "0.36"}
index.html:217 Received JSON:  {t: "29.57", p: "0.36"}
index.html:174 MAX:
index.html:175 0.7189493053617272
index.html:217 Received JSON:  {t: "29.57", p: "0.37"}
index.html:217 Received JSON:  {t: "29.58", p: "0.64"}
index.html:217 Received JSON:  {t: "29.58", p: "0.64"}
index.html:217 Received JSON:  {t: "29.58", p: "-0.43"}
index.html:217 Received JSON:  {t: "29.58", p: "-0.16"}
index.html:217 Received JSON:  {t: "29.59", p: "-0.15"}
index.html:217 Received JSON:  {t: "29.59", p: "0.12"}
index.html:217 Received JSON:  {t: "29.59", p: "0.38"}
index.html:217 Received JSON:  {t: "29.59", p: "0.12"}
index.html:217 Received JSON:  {t: "29.60", p: "0.12"}
index.html:217 Received JSON:  {t: "29.60", p: "-0.14"}
index.html:217 Received JSON:  {t: "29.61", p: "0.40"}
index.html:217 Received JSON:  {t: "29.61", p: "-0.13"}
index.html:217 Received JSON:  {t: "29.61", p: "0.67"}
index.html:217 Received JSON:  {t: "29.61", p: "0.41"}
index.html:217 Received JSON:  {t: "29.62", p: "0.14"}
index.html:217 Received JSON:  {t: "29.62", p: "-0.40"}
index.html:217 Received JSON:  {t: "29.62", p: "-0.12"}
index.html:217 Received JSON:  {t: "29.63", p: "-0.39"}
index.html:217 Received JSON:  {t: "29.63", p: "-0.12"}
index.html:217 Received JSON:  {t: "29.63", p: "-0.11"}
index.html:217 Received JSON:  {t: "29.64", p: "0.15"}
index.html:217 Received JSON:  {t: "29.64", p: "0.43"}
index.html:217 Received JSON:  {t: "29.65", p: "-0.10"}
index.html:191 MAX:
index.html:192 0.14225514267731162
index.html:217 Received JSON:  {t: "29.64", p: "0.16"}
index.html:217 Received JSON:  {t: "29.65", p: "0.43"}
index.html:217 Received JSON:  {t: "29.65", p: "0.71"}
index.html:217 Received JSON:  {t: "29.65", p: "0.71"}
index.html:217 Received JSON:  {t: "29.65", p: "0.98"}
index.html:217 Received JSON:  {t: "29.65", p: "0.17"}
index.html:217 Received JSON:  {t: "29.66", p: "0.18"}
index.html:217 Received JSON:  {t: "29.65", p: "0.99"}
index.html:217 Received JSON:  {t: "29.66", p: "0.72"}
index.html:217 Received JSON:  {t: "29.66", p: "0.99"}
index.html:217 Received JSON:  {t: "29.67", p: "0.73"}
index.html:217 Received JSON:  {t: "29.67", p: "0.72"}
index.html:217 Received JSON:  {t: "29.67", p: "0.73"}
index.html:217 Received JSON:  {t: "29.67", p: "0.19"}
index.html:217 Received JSON:  {t: "29.68", p: "1.01"}
index.html:217 Received JSON:  {t: "29.68", p: "1.01"}
index.html:217 Received JSON:  {t: "29.68", p: "0.73"}
index.html:217 Received JSON:  {t: "29.69", p: "0.47"}
index.html:217 Received JSON:  {t: "29.69", p: "-0.06"}
index.html:217 Received JSON:  {t: "29.69", p: "-0.06"}
index.html:217 Received JSON:  {t: "29.69", p: "0.48"}
index.html:217 Received JSON:  {t: "29.69", p: "0.75"}
index.html:217 Received JSON:  {t: "29.70", p: "0.76"}
index.html:217 Received JSON:  {t: "29.70", p: "0.21"}
index.html:191 MAX:
index.html:192 0.7026607882883771
index.html:217 Received JSON:  {t: "29.71", p: "0.22"}
index.html:217 Received JSON:  {t: "29.71", p: "0.77"}
index.html:217 Received JSON:  {t: "29.71", p: "-0.04"}
index.html:217 Received JSON:  {t: "29.72", p: "-0.04"}
index.html:217 Received JSON:  {t: "29.72", p: "-0.03"}
index.html:217 Received JSON:  {t: "29.72", p: "0.23"}
index.html:217 Received JSON:  {t: "29.73", p: "0.23"}
index.html:217 Received JSON:  {t: "29.73", p: "-0.57"}
index.html:217 Received JSON:  {t: "29.73", p: "0.23"}
index.html:217 Received JSON:  {t: "29.73", p: "-0.29"}
index.html:217 Received JSON:  {t: "29.73", p: "-0.29"}
index.html:217 Received JSON:  {t: "29.74", p: "0.25"}
index.html:217 Received JSON:  {t: "29.74", p: "0.25"}
index.html:217 Received JSON:  {t: "29.74", p: "-0.29"}
index.html:217 Received JSON:  {t: "29.75", p: "-0.28"}
index.html:217 Received JSON:  {t: "29.74", p: "0.52"}
index.html:217 Received JSON:  {t: "29.75", p: "-0.01"}
index.html:217 Received JSON:  {t: "29.75", p: "-0.28"}
index.html:217 Received JSON:  {t: "29.75", p: "-0.55"}
index.html:217 Received JSON:  {t: "29.76", p: "0.26"}
index.html:217 Received JSON:  {t: "29.77", p: "0.00"}
index.html:217 Received JSON:  {t: "29.76", p: "0.54"}
index.html:217 Received JSON:  {t: "29.76", p: "-0.00"}
index.html:217 Received JSON:  {t: "29.77", p: "0.54"}
index.html:217 Received JSON:  {t: "29.77", p: "0.54"}
index.html:217 Received JSON:  {t: "29.77", p: "0.27"}
index.html:217 Received JSON:  {t: "29.78", p: "0.28"}
index.html:217 Received JSON:  {t: "29.78", p: "1.10"}
index.html:217 Received JSON:  {t: "29.78", p: "0.56"}
index.html:217 Received JSON:  {t: "29.78", p: "0.29"}
index.html:217 Received JSON:  {t: "29.78", p: "-0.25"}
index.html:217 Received JSON:  {t: "29.79", p: "0.56"}
index.html:217 Received JSON:  {t: "29.79", p: "0.56"}
index.html:217 Received JSON:  {t: "29.79", p: "0.84"}
index.html:217 Received JSON:  {t: "29.79", p: "0.84"}
index.html:217 Received JSON:  {t: "29.79", p: "0.57"}
index.html:217 Received JSON:  {t: "29.79", p: "0.57"}
index.html:217 Received JSON:  {t: "29.80", p: "1.12"}
index.html:217 Received JSON:  {t: "29.81", p: "0.04"}
index.html:217 Received JSON:  {t: "29.81", p: "0.04"}
index.html:217 Received JSON:  {t: "29.81", p: "0.04"}
index.html:217 Received JSON:  {t: "29.81", p: "0.59"}
index.html:217 Received JSON:  {t: "29.82", p: "0.32"}
index.html:217 Received JSON:  {t: "29.82", p: "0.32"}
index.html:217 Received JSON:  {t: "29.82", p: "0.59"}
index.html:217 Received JSON:  {t: "29.83", p: "0.32"}
index.html:217 Received JSON:  {t: "29.82", p: "0.32"}
index.html:191 MAX:
index.html:192 0.5463226332254028
index.html:217 Received JSON:  {t: "29.83", p: "0.06"}
index.html:217 Received JSON:  {t: "29.83", p: "0.60"}
index.html:217 Received JSON:  {t: "29.83", p: "0.06"}
index.html:217 Received JSON:  {t: "29.84", p: "-0.20"}
index.html:217 Received JSON:  {t: "29.84", p: "-0.19"}
index.html:217 Received JSON:  {t: "29.83", p: "0.60"}
index.html:217 Received JSON:  {t: "29.85", p: "-0.47"}
index.html:217 Received JSON:  {t: "29.85", p: "-0.19"}
index.html:217 Received JSON:  {t: "29.85", p: "-0.46"}
index.html:217 Received JSON:  {t: "29.85", p: "-0.74"}
index.html:217 Received JSON:  {t: "29.85", p: "-0.18"}
index.html:217 Received JSON:  {t: "29.86", p: "-0.18"}
index.html:217 Received JSON:  {t: "29.86", p: "-0.45"}
index.html:217 Received JSON:  {t: "29.86", p: "0.09"}
index.html:217 Received JSON:  {t: "29.86", p: "0.36"}
index.html:217 Received JSON:  {t: "29.87", p: "-0.44"}
index.html:217 Received JSON:  {t: "29.87", p: "-0.44"}
index.html:217 Received JSON:  {t: "29.87", p: "0.36"}
index.html:217 Received JSON:  {t: "29.88", p: "0.10"}
index.html:217 Received JSON:  {t: "29.88", p: "0.64"}
index.html:217 Received JSON:  {t: "29.88", p: "0.10"}
index.html:217 Received JSON:  {t: "29.88", p: "0.64"}
index.html:217 Received JSON:  {t: "29.88", p: "0.65"}
index.html:217 Received JSON:  {t: "29.88", p: "-0.16"}
index.html:217 Received JSON:  {t: "29.89", p: "0.11"}
index.html:217 Received JSON:  {t: "29.89", p: "0.66"}
index.html:217 Received JSON:  {t: "29.89", p: "0.66"}
index.html:217 Received JSON:  {t: "29.89", p: "0.39"}
index.html:217 Received JSON:  {t: "29.90", p: "0.67"}
index.html:217 Received JSON:  {t: "29.89", p: "0.66"}
index.html:217 Received JSON:  {t: "29.90", p: "0.94"}
index.html:217 Received JSON:  {t: "29.89", p: "0.39"}
index.html:217 Received JSON:  {t: "29.90", p: "0.94"}
index.html:217 Received JSON:  {t: "29.90", p: "0.67"}
index.html:217 Received JSON:  {t: "29.91", p: "1.22"}
index.html:217 Received JSON:  {t: "29.91", p: "0.68"}
index.html:217 Received JSON:  {t: "29.91", p: "0.68"}
index.html:217 Received JSON:  {t: "29.91", p: "0.95"}
index.html:217 Received JSON:  {t: "29.92", p: "0.14"}
index.html:217 Received JSON:  {t: "29.92", p: "0.69"}
index.html:217 Received JSON:  {t: "29.92", p: "0.14"}
index.html:217 Received JSON:  {t: "29.93", p: "0.14"}
index.html:217 Received JSON:  {t: "29.93", p: "0.69"}
index.html:217 Received JSON:  {t: "29.93", p: "0.69"}
index.html:217 Received JSON:  {t: "29.93", p: "-0.11"}
index.html:217 Received JSON:  {t: "29.93", p: "0.69"}
index.html:191 MAX:
index.html:192 0.7344083826347773
index.html:217 Received JSON:  {t: "29.93", p: "0.15"}
index.html:217 Received JSON:  {t: "29.94", p: "0.71"}
index.html:217 Received JSON:  {t: "29.94", p: "0.71"}
index.html:217 Received JSON:  {t: "29.95", p: "0.16"}
index.html:217 Received JSON:  {t: "29.95", p: "0.44"}
index.html:217 Received JSON:  {t: "29.95", p: "0.44"}
index.html:217 Received JSON:  {t: "29.95", p: "0.17"}
index.html:217 Received JSON:  {t: "29.95", p: "0.16"}
index.html:217 Received JSON:  {t: "29.96", p: "0.45"}
index.html:217 Received JSON:  {t: "29.96", p: "0.17"}
index.html:217 Received JSON:  {t: "29.97", p: "-0.08"}
index.html:217 Received JSON:  {t: "29.97", p: "-0.35"}
index.html:217 Received JSON:  {t: "29.97", p: "-0.08"}
index.html:191 MAX:
index.html:192 0.4219608972619532
index.html:217 Received JSON:  {t: "29.97", p: "-0.08"}
index.html:217 Received JSON:  {t: "29.97", p: "-0.08"}
index.html:217 Received JSON:  {t: "29.97", p: "-0.62"}
index.html:217 Received JSON:  {t: "29.98", p: "-0.34"}
index.html:217 Received JSON:  {t: "29.98", p: "0.19"}
index.html:217 Received JSON:  {t: "29.98", p: "-0.07"}
index.html:217 Received JSON:  {t: "29.99", p: "-0.33"}
index.html:217 Received JSON:  {t: "29.99", p: "-0.33"}
index.html:217 Received JSON:  {t: "29.99", p: "-0.06"}
index.html:217 Received JSON:  {t: "29.99", p: "0.20"}
index.html:217 Received JSON:  {t: "30.00", p: "-0.59"}
index.html:217 Received JSON:  {t: "29.99", p: "-0.06"}
index.html:217 Received JSON:  {t: "30.00", p: "-0.32"}
index.html:217 Received JSON:  {t: "30.01", p: "0.22"}
index.html:217 Received JSON:  {t: "30.01", p: "-0.32"}
index.html:217 Received JSON:  {t: "30.01", p: "0.22"}
index.html:217 Received JSON:  {t: "30.01", p: "0.22"}
index.html:217 Received JSON:  {t: "30.01", p: "0.22"}
index.html:217 Received JSON:  {t: "30.01", p: "0.49"}
index.html:217 Received JSON:  {t: "30.01", p: "0.22"}
index.html:217 Received JSON:  {t: "30.02", p: "0.23"}
index.html:217 Received JSON:  {t: "30.02", p: "1.05"}
index.html:217 Received JSON:  {t: "30.02", p: "0.50"}
index.html:217 Received JSON:  {t: "30.02", p: "0.77"}
index.html:217 Received JSON:  {t: "30.02", p: "0.51"}
index.html:217 Received JSON:  {t: "30.03", p: "0.78"}
index.html:217 Received JSON:  {t: "30.03", p: "0.78"}
index.html:217 Received JSON:  {t: "30.03", p: "-0.02"}
index.html:217 Received JSON:  {t: "30.03", p: "1.32"}
index.html:217 Received JSON:  {t: "30.03", p: "1.05"}
index.html:217 Received JSON:  {t: "30.03", p: "0.24"}
index.html:217 Received JSON:  {t: "30.04", p: "1.07"}
index.html:217 Received JSON:  {t: "30.03", p: "0.51"}
index.html:217 Received JSON:  {t: "30.05", p: "-0.01"}
index.html:217 Received JSON:  {t: "30.04", p: "0.52"}
index.html:217 Received JSON:  {t: "30.05", p: "0.52"}
index.html:217 Received JSON:  {t: "30.05", p: "0.80"}
index.html:217 Received JSON:  {t: "30.05", p: "0.52"}
index.html:217 Received JSON:  {t: "30.05", p: "0.53"}
index.html:217 Received JSON:  {t: "30.05", p: "0.53"}
index.html:191 MAX:
index.html:192 0.6727632025745297
index.html:217 Received JSON:  {t: "30.05", p: "0.26"}
index.html:217 Received JSON:  {t: "30.06", p: "1.08"}
index.html:217 Received JSON:  {t: "30.06", p: "0.27"}
index.html:217 Received JSON:  {t: "30.06", p: "0.54"}
index.html:217 Received JSON:  {t: "30.06", p: "0.54"}
index.html:217 Received JSON:  {t: "30.06", p: "0.27"}
index.html:217 Received JSON:  {t: "30.07", p: "0.28"}
index.html:217 Received JSON:  {t: "30.07", p: "0.01"}
index.html:217 Received JSON:  {t: "30.08", p: "0.28"}
index.html:217 Received JSON:  {t: "30.07", p: "0.55"}
index.html:217 Received JSON:  {t: "30.08", p: "0.01"}
index.html:217 Received JSON:  {t: "30.08", p: "0.28"}
index.html:217 Received JSON:  {t: "30.08", p: "0.28"}
index.html:217 Received JSON:  {t: "30.08", p: "0.01"}
index.html:217 Received JSON:  {t: "30.09", p: "0.84"}
index.html:217 Received JSON:  {t: "30.08", p: "0.29"}
index.html:217 Received JSON:  {t: "30.09", p: "0.29"}
index.html:217 Received JSON:  {t: "30.09", p: "0.84"}
index.html:217 Received JSON:  {t: "30.09", p: "0.02"}
index.html:217 Received JSON:  {t: "30.09", p: "0.57"}
index.html:217 Received JSON:  {t: "30.09", p: "0.57"}
index.html:217 Received JSON:  {t: "30.09", p: "0.84"}
index.html:217 Received JSON:  {t: "30.09", p: "0.57"}
index.html:217 Received JSON:  {t: "30.10", p: "0.85"}
index.html:217 Received JSON:  {t: "30.10", p: "0.58"}
index.html:217 Received JSON:  {t: "30.10", p: "0.58"}
index.html:217 Received JSON:  {t: "30.10", p: "0.58"}
index.html:217 Received JSON:  {t: "30.10", p: "1.12"}
index.html:217 Received JSON:  {t: "30.11", p: "1.40"}
index.html:217 Received JSON:  {t: "30.11", p: "0.86"}
index.html:217 Received JSON:  {t: "30.10", p: "0.58"}
index.html:217 Received JSON:  {t: "30.11", p: "1.13"}
index.html:217 Received JSON:  {t: "30.12", p: "0.59"}
index.html:217 Received JSON:  {t: "30.11", p: "0.31"}
index.html:217 Received JSON:  {t: "30.12", p: "0.59"}
index.html:217 Received JSON:  {t: "30.11", p: "1.13"}
index.html:217 Received JSON:  {t: "30.13", p: "0.32"}
index.html:217 Received JSON:  {t: "30.13", p: "0.60"}
index.html:217 Received JSON:  {t: "30.13", p: "0.05"}
index.html:217 Received JSON:  {t: "30.13", p: "0.32"}
index.html:217 Received JSON:  {t: "30.13", p: "0.32"}
index.html:217 Received JSON:  {t: "30.13", p: "0.87"}
index.html:191 MAX:
index.html:192 0.8196774713297765
index.html:217 Received JSON:  {t: "30.13", p: "0.87"}
index.html:217 Received JSON:  {t: "30.13", p: "0.34"}
index.html:217 Received JSON:  {t: "30.13", p: "0.34"}
index.html:217 Received JSON:  {t: "30.14", p: "0.07"}
index.html:217 Received JSON:  {t: "30.14", p: "0.61"}
index.html:217 Received JSON:  {t: "30.14", p: "-0.20"}
index.html:217 Received JSON:  {t: "30.14", p: "-0.47"}
index.html:217 Received JSON:  {t: "30.15", p: "0.35"}
index.html:217 Received JSON:  {t: "30.15", p: "0.07"}
index.html:217 Received JSON:  {t: "30.15", p: "0.35"}
index.html:217 Received JSON:  {t: "30.15", p: "0.62"}
index.html:217 Received JSON:  {t: "30.15", p: "-0.46"}
index.html:217 Received JSON:  {t: "30.16", p: "-0.18"}
index.html:217 Received JSON:  {t: "30.16", p: "-0.72"}
index.html:217 Received JSON:  {t: "30.17", p: "-0.17"}
index.html:217 Received JSON:  {t: "30.16", p: "0.36"}
index.html:217 Received JSON:  {t: "30.16", p: "0.36"}
index.html:217 Received JSON:  {t: "30.17", p: "0.09"}
index.html:217 Received JSON:  {t: "30.17", p: "-0.17"}
index.html:217 Received JSON:  {t: "30.17", p: "0.09"}
index.html:217 Received JSON:  {t: "30.17", p: "0.09"}
index.html:217 Received JSON:  {t: "30.17", p: "-0.17"}
index.html:217 Received JSON:  {t: "30.17", p: "0.64"}
index.html:217 Received JSON:  {t: "30.17", p: "0.37"}
index.html:217 Received JSON:  {t: "30.17", p: "0.64"}
index.html:217 Received JSON:  {t: "30.17", p: "0.10"}
index.html:217 Received JSON:  {t: "30.17", p: "0.64"}
index.html:217 Received JSON:  {t: "30.17", p: "0.64"}
index.html:217 Received JSON:  {t: "30.18", p: "0.38"}
index.html:217 Received JSON:  {t: "30.18", p: "0.10"}
index.html:217 Received JSON:  {t: "30.18", p: "-0.16"}
index.html:217 Received JSON:  {t: "30.19", p: "0.38"}
index.html:217 Received JSON:  {t: "30.18", p: "0.65"}
index.html:217 Received JSON:  {t: "30.19", p: "0.66"}
index.html:217 Received JSON:  {t: "30.19", p: "0.11"}
index.html:217 Received JSON:  {t: "30.19", p: "0.38"}
index.html:217 Received JSON:  {t: "30.19", p: "0.66"}
index.html:217 Received JSON:  {t: "30.19", p: "0.66"}
index.html:217 Received JSON:  {t: "30.19", p: "0.66"}
index.html:217 Received JSON:  {t: "30.19", p: "0.39"}
index.html:191 MAX:
index.html:192 0.36564525246297763
index.html:217 Received JSON:  {t: "30.19", p: "0.93"}
index.html:217 Received JSON:  {t: "30.19", p: "0.39"}
index.html:217 Received JSON:  {t: "30.20", p: "0.67"}
index.html:217 Received JSON:  {t: "30.19", p: "0.66"}
index.html:217 Received JSON:  {t: "30.21", p: "0.40"}
index.html:217 Received JSON:  {t: "30.21", p: "0.40"}
index.html:217 Received JSON:  {t: "30.20", p: "0.94"}
index.html:217 Received JSON:  {t: "30.21", p: "0.68"}
index.html:217 Received JSON:  {t: "30.21", p: "1.22"}
index.html:217 Received JSON:  {t: "30.21", p: "0.68"}
index.html:217 Received JSON:  {t: "30.21", p: "0.68"}
index.html:217 Received JSON:  {t: "30.21", p: "0.68"}
index.html:217 Received JSON:  {t: "30.21", p: "0.68"}
index.html:217 Received JSON:  {t: "30.21", p: "0.68"}
index.html:217 Received JSON:  {t: "30.22", p: "0.14"}
index.html:217 Received JSON:  {t: "30.22", p: "0.42"}
index.html:217 Received JSON:  {t: "30.22", p: "0.42"}
index.html:217 Received JSON:  {t: "30.23", p: "0.15"}
index.html:217 Received JSON:  {t: "30.22", p: "0.42"}
index.html:217 Received JSON:  {t: "30.23", p: "-0.11"}
index.html:217 Received JSON:  {t: "30.24", p: "0.16"}
index.html:191 MAX:
index.html:192 0.70502344962399
index.html:217 Received JSON:  {t: "30.23", p: "0.15"}
index.html:217 Received JSON:  {t: "30.24", p: "0.16"}
index.html:217 Received JSON:  {t: "30.24", p: "0.43"}
index.html:217 Received JSON:  {t: "30.23", p: "-0.11"}
index.html:217 Received JSON:  {t: "30.24", p: "0.43"}
index.html:217 Received JSON:  {t: "30.24", p: "0.16"}
index.html:217 Received JSON:  {t: "30.24", p: "0.16"}
index.html:217 Received JSON:  {t: "30.25", p: "0.71"}
index.html:217 Received JSON:  {t: "30.25", p: "-0.10"}
index.html:217 Received JSON:  {t: "30.25", p: "-0.10"}
index.html:217 Received JSON:  {t: "30.25", p: "0.16"}
index.html:217 Received JSON:  {t: "30.25", p: "0.16"}
index.html:217 Received JSON:  {t: "30.25", p: "0.99"}
index.html:217 Received JSON:  {t: "30.25", p: "0.71"}
index.html:217 Received JSON:  {t: "30.25", p: "-0.09"}
index.html:217 Received JSON:  {t: "30.25", p: "0.71"}
index.html:217 Received JSON:  {t: "30.25", p: "0.17"}
index.html:217 Received JSON:  {t: "30.25", p: "0.99"}
index.html:217 Received JSON:  {t: "30.25", p: "0.72"}
index.html:217 Received JSON:  {t: "30.26", p: "0.99"}
index.html:217 Received JSON:  {t: "30.26", p: "0.72"}
index.html:217 Received JSON:  {t: "30.26", p: "-0.35"}
index.html:217 Received JSON:  {t: "30.26", p: "0.45"}
index.html:217 Received JSON:  {t: "30.26", p: "0.72"}
index.html:217 Received JSON:  {t: "30.26", p: "0.45"}
index.html:217 Received JSON:  {t: "30.26", p: "0.72"}
index.html:217 Received JSON:  {t: "30.27", p: "1.27"}
index.html:217 Received JSON:  {t: "30.27", p: "0.73"}
index.html:217 Received JSON:  {t: "30.27", p: "0.73"}
index.html:217 Received JSON:  {t: "30.27", p: "0.73"}
index.html:217 Received JSON:  {t: "30.28", p: "0.19"}
index.html:217 Received JSON:  {t: "30.28", p: "0.47"}
index.html:217 Received JSON:  {t: "30.27", p: "0.46"}
index.html:217 Received JSON:  {t: "30.28", p: "0.74"}
index.html:217 Received JSON:  {t: "30.28", p: "0.20"}
index.html:217 Received JSON:  {t: "30.29", p: "0.20"}
index.html:217 Received JSON:  {t: "30.29", p: "1.29"}
index.html:217 Received JSON:  {t: "30.29", p: "0.48"}
index.html:217 Received JSON:  {t: "30.29", p: "0.75"}
index.html:217 Received JSON:  {t: "30.29", p: "0.47"}
index.html:191 MAX:
index.html:192 0.6493560592879402
index.html:217 Received JSON:  {t: "30.29", p: "0.20"}
index.html:217 Received JSON:  {t: "30.29", p: "0.48"}
index.html:217 Received JSON:  {t: "30.29", p: "0.21"}
index.html:217 Received JSON:  {t: "30.29", p: "0.48"}
index.html:217 Received JSON:  {t: "30.29", p: "0.48"}
index.html:217 Received JSON:  {t: "30.30", p: "-0.05"}
index.html:217 Received JSON:  {t: "30.30", p: "-0.05"}
index.html:217 Received JSON:  {t: "30.31", p: "0.49"}
index.html:217 Received JSON:  {t: "30.30", p: "0.22"}
index.html:217 Received JSON:  {t: "30.30", p: "0.22"}
index.html:217 Received JSON:  {t: "30.31", p: "-0.31"}
index.html:217 Received JSON:  {t: "30.31", p: "0.49"}
index.html:217 Received JSON:  {t: "30.31", p: "0.22"}
index.html:217 Received JSON:  {t: "30.31", p: "-0.04"}
index.html:217 Received JSON:  {t: "30.32", p: "0.77"}
index.html:217 Received JSON:  {t: "30.32", p: "0.23"}
index.html:217 Received JSON:  {t: "30.32", p: "-0.03"}
index.html:217 Received JSON:  {t: "30.32", p: "0.23"}
index.html:217 Received JSON:  {t: "30.32", p: "0.23"}
index.html:217 Received JSON:  {t: "30.32", p: "0.23"}
index.html:217 Received JSON:  {t: "30.33", p: "0.24"}
index.html:217 Received JSON:  {t: "30.32", p: "0.23"}
index.html:217 Received JSON:  {t: "30.33", p: "0.24"}
index.html:217 Received JSON:  {t: "30.33", p: "0.24"}
index.html:217 Received JSON:  {t: "30.33", p: "0.24"}
index.html:217 Received JSON:  {t: "30.33", p: "0.79"}
index.html:217 Received JSON:  {t: "30.33", p: "0.79"}
index.html:217 Received JSON:  {t: "30.33", p: "0.51"}
index.html:217 Received JSON:  {t: "30.33", p: "0.25"}
index.html:217 Received JSON:  {t: "30.33", p: "0.25"}
index.html:217 Received JSON:  {t: "30.33", p: "0.79"}
index.html:217 Received JSON:  {t: "30.34", p: "0.79"}
index.html:217 Received JSON:  {t: "30.33", p: "0.52"}
index.html:217 Received JSON:  {t: "30.34", p: "-0.01"}
index.html:217 Received JSON:  {t: "30.34", p: "0.25"}
index.html:217 Received JSON:  {t: "30.34", p: "0.52"}
index.html:217 Received JSON:  {t: "30.34", p: "-0.29"}
index.html:217 Received JSON:  {t: "30.34", p: "0.25"}
index.html:217 Received JSON:  {t: "30.34", p: "-0.01"}
index.html:217 Received JSON:  {t: "30.35", p: "0.80"}
index.html:217 Received JSON:  {t: "30.34", p: "0.25"}
index.html:191 MAX:
index.html:192 0.4786500100167728
index.html:217 Received JSON:  {t: "30.35", p: "0.80"}
index.html:217 Received JSON:  {t: "30.35", p: "0.81"}
index.html:217 Received JSON:  {t: "30.35", p: "0.80"}
index.html:217 Received JSON:  {t: "30.35", p: "0.26"}
index.html:217 Received JSON:  {t: "30.36", p: "0.81"}
index.html:217 Received JSON:  {t: "30.36", p: "1.08"}
index.html:217 Received JSON:  {t: "30.36", p: "0.81"}
index.html:217 Received JSON:  {t: "30.35", p: "0.81"}
index.html:217 Received JSON:  {t: "30.36", p: "0.81"}
index.html:217 Received JSON:  {t: "30.36", p: "1.36"}
index.html:217 Received JSON:  {t: "30.36", p: "0.81"}
index.html:217 Received JSON:  {t: "30.37", p: "0.55"}
index.html:217 Received JSON:  {t: "30.37", p: "0.28"}
index.html:217 Received JSON:  {t: "30.37", p: "0.27"}
index.html:217 Received JSON:  {t: "30.37", p: "1.10"}
index.html:217 Received JSON:  {t: "30.37", p: "0.82"}
index.html:217 Received JSON:  {t: "30.37", p: "0.55"}
index.html:217 Received JSON:  {t: "30.37", p: "0.28"}
index.html:217 Received JSON:  {t: "30.38", p: "0.56"}
index.html:217 Received JSON:  {t: "30.37", p: "0.55"}
index.html:191 MAX:
index.html:192 0.8047708539568705
index.html:217 Received JSON:  {t: "30.38", p: "0.56"}
index.html:217 Received JSON:  {t: "30.39", p: "0.84"}
index.html:217 Received JSON:  {t: "30.38", p: "0.84"}
index.html:217 Received JSON:  {t: "30.39", p: "0.29"}
index.html:217 Received JSON:  {t: "30.39", p: "0.57"}
index.html:217 Received JSON:  {t: "30.39", p: "0.30"}
index.html:217 Received JSON:  {t: "30.39", p: "0.30"}
index.html:217 Received JSON:  {t: "30.39", p: "0.57"}
index.html:217 Received JSON:  {t: "30.39", p: "0.02"}
index.html:217 Received JSON:  {t: "30.39", p: "-0.23"}
index.html:217 Received JSON:  {t: "30.40", p: "0.03"}
index.html:217 Received JSON:  {t: "30.41", p: "0.04"}
index.html:217 Received JSON:  {t: "30.40", p: "0.03"}
index.html:217 Received JSON:  {t: "30.41", p: "0.31"}
index.html:217 Received JSON:  {t: "30.40", p: "0.03"}
index.html:217 Received JSON:  {t: "30.41", p: "0.86"}
index.html:217 Received JSON:  {t: "30.41", p: "-0.22"}
index.html:217 Received JSON:  {t: "30.41", p: "0.31"}
index.html:217 Received JSON:  {t: "30.41", p: "-0.22"}
index.html:217 Received JSON:  {t: "30.41", p: "0.59"}
index.html:217 Received JSON:  {t: "30.42", p: "0.32"}
index.html:217 Received JSON:  {t: "30.41", p: "0.86"}
index.html:217 Received JSON:  {t: "30.42", p: "0.05"}
index.html:217 Received JSON:  {t: "30.42", p: "0.32"}
index.html:217 Received JSON:  {t: "30.41", p: "0.59"}
index.html:217 Received JSON:  {t: "30.42", p: "0.32"}
index.html:217 Received JSON:  {t: "30.42", p: "-0.21"}
index.html:217 Received JSON:  {t: "30.42", p: "0.60"}
index.html:217 Received JSON:  {t: "30.42", p: "0.60"}
index.html:217 Received JSON:  {t: "30.43", p: "0.88"}
index.html:217 Received JSON:  {t: "30.43", p: "0.06"}
index.html:217 Received JSON:  {t: "30.43", p: "0.06"}
index.html:217 Received JSON:  {t: "30.43", p: "0.60"}
index.html:217 Received JSON:  {t: "30.43", p: "0.06"}
index.html:217 Received JSON:  {t: "30.43", p: "0.61"}
index.html:217 Received JSON:  {t: "30.44", p: "0.34"}
index.html:217 Received JSON:  {t: "30.44", p: "0.61"}
index.html:217 Received JSON:  {t: "30.44", p: "0.34"}
index.html:217 Received JSON:  {t: "30.44", p: "0.88"}
index.html:217 Received JSON:  {t: "30.44", p: "0.34"}
index.html:217 Received JSON:  {t: "30.44", p: "0.34"}
index.html:217 Received JSON:  {t: "30.44", p: "0.07"}
index.html:217 Received JSON:  {t: "30.44", p: "0.62"}
index.html:217 Received JSON:  {t: "30.45", p: "0.62"}
index.html:217 Received JSON:  {t: "30.45", p: "0.62"}
index.html:217 Received JSON:  {t: "30.45", p: "0.62"}
index.html:217 Received JSON:  {t: "30.45", p: "1.16"}
index.html:217 Received JSON:  {t: "30.45", p: "0.90"}
index.html:217 Received JSON:  {t: "30.46", p: "0.63"}
index.html:217 Received JSON:  {t: "30.46", p: "0.90"}
index.html:217 Received JSON:  {t: "30.46", p: "0.36"}
index.html:217 Received JSON:  {t: "30.46", p: "0.90"}
index.html:217 Received JSON:  {t: "30.46", p: "0.63"}
index.html:217 Received JSON:  {t: "30.46", p: "1.18"}
index.html:217 Received JSON:  {t: "30.47", p: "0.37"}
index.html:217 Received JSON:  {t: "30.47", p: "0.91"}
index.html:217 Received JSON:  {t: "30.47", p: "0.37"}
index.html:217 Received JSON:  {t: "30.47", p: "0.37"}
index.html:217 Received JSON:  {t: "30.47", p: "0.64"}
index.html:217 Received JSON:  {t: "30.48", p: "0.38"}
index.html:217 Received JSON:  {t: "30.48", p: "0.65"}
index.html:217 Received JSON:  {t: "30.48", p: "0.65"}
index.html:191 MAX:
index.html:192 0.7484875589471276
index.html:217 Received JSON:  {t: "30.49", p: "0.66"}
index.html:217 Received JSON:  {t: "30.49", p: "0.92"}
index.html:217 Received JSON:  {t: "30.49", p: "0.39"}
index.html:217 Received JSON:  {t: "30.49", p: "0.66"}
index.html:217 Received JSON:  {t: "-461.51", p: "-13323.18"}
index.html:217 Received JSON:  {t: "-461.51", p: "-1196.18"}
index.html:217 Received JSON:  {t: "-461.51", p: "11663.44"}
index.html:191 MAX:
index.html:192 6.4644378591826985
index.html:217 Received JSON:  {t: "-461.51", p: "11663.44"}
index.html:217 Received JSON:  {t: "-461.51", p: "11663.44"}
index.html:217 Received JSON:  {t: "30.51", p: "-8830.01"}
index.html:217 Received JSON:  {t: "-461.51", p: "11663.44"}
index.html:217 Received JSON:  {t: "-461.51", p: "11663.44"}
index.html:217 Received JSON:  {t: "-461.51", p: "-13325.17"}
index.html:217 Received JSON:  {t: "-461.51", p: "-13327.15"}
index.html:217 Received JSON:  {t: "30.54", p: "-8830.58"}
index.html:217 Received JSON:  {t: "-461.51", p: "11663.44"}
index.html:217 Received JSON:  {t: "-461.51", p: "-13326.75"}
index.html:217 Received JSON:  {t: "-461.51", p: "11663.44"}
index.html:217 Received JSON:  {t: "-461.51", p: "11663.44"}
index.html:217 Received JSON:  {t: "-461.51", p: "11663.44"}
index.html:217 Received JSON:  {t: "-461.51", p: "-13326.75"}
index.html:191 MAX:
index.html:192 2567.103701166229
index.html:217 Received JSON:  {t: "-461.51", p: "11663.44"}
index.html:217 Received JSON:  {t: "-461.51", p: "11663.44"}
index.html:217 Received JSON:  {t: "-461.51", p: "11663.44"}
index.html:217 Received JSON:  {t: "-461.51", p: "11663.44"}
index.html:217 Received JSON:  {t: "-461.51", p: "-13326.75"}
index.html:217 Received JSON:  {t: "-461.51", p: "-1196.57"}
index.html:217 Received JSON:  {t: "-461.51", p: "11663.44"}
index.html:217 Received JSON:  {t: "-461.51", p: "11663.44"}
index.html:217 Received JSON:  {t: "-461.51", p: "11663.44"}
index.html:217 Received JSON:  {t: "-461.51", p: "11663.44"}
index.html:217 Received JSON:  {t: "-461.51", p: "11663.44"}
index.html:217 Received JSON:  {t: "30.55", p: "-8830.83"}
index.html:217 Received JSON:  {t: "30.56", p: "0.18"}
index.html:217 Received JSON:  {t: "-151.84", p: "-3811.63"}
index.html:217 Received JSON:  {t: "30.55", p: "-0.09"}
index.html:217 Received JSON:  {t: "30.55", p: "0.17"}
index.html:217 Received JSON:  {t: "30.56", p: "0.99"}
index.html:217 Received JSON:  {t: "30.57", p: "1.00"}
index.html:217 Received JSON:  {t: "30.57", p: "8331.89"}
index.html:191 MAX:
index.html:192 5996.912954537462
index.html:217 Received JSON:  {t: "-461.51", p: "11663.44"}
index.html:217 Received JSON:  {t: "-461.51", p: "-13328.74"}
index.html:217 Received JSON:  {t: "-461.51", p: "-1196.57"}
index.html:217 Received JSON:  {t: "-461.51", p: "11663.44"}
index.html:217 Received JSON:  {t: "30.57", p: "0.18"}
index.html:217 Received JSON:  {t: "30.57", p: "0.46"}
index.html:217 Received JSON:  {t: "30.57", p: "0.19"}
index.html:217 Received JSON:  {t: "30.58", p: "0.74"}
index.html:217 Received JSON:  {t: "30.57", p: "0.19"}
index.html:217 Received JSON:  {t: "30.57", p: "0.19"}
index.html:217 Received JSON:  {t: "30.58", p: "0.47"}
index.html:217 Received JSON:  {t: "30.58", p: "0.20"}
index.html:217 Received JSON:  {t: "30.58", p: "0.20"}
index.html:217 Received JSON:  {t: "30.59", p: "0.20"}
index.html:191 MAX:
index.html:192 1539.3691150329273
index.html:217 Received JSON:  {t: "30.59", p: "0.48"}
index.html:217 Received JSON:  {t: "30.59", p: "-0.33"}
index.html:217 Received JSON:  {t: "30.59", p: "0.21"}
index.html:217 Received JSON:  {t: "30.59", p: "0.48"}
index.html:217 Received JSON:  {t: "30.59", p: "1.03"}
index.html:217 Received JSON:  {t: "30.60", p: "-0.05"}
index.html:217 Received JSON:  {t: "30.59", p: "0.49"}
index.html:217 Received JSON:  {t: "30.60", p: "0.22"}
index.html:217 Received JSON:  {t: "30.60", p: "0.49"}
index.html:217 Received JSON:  {t: "30.60", p: "0.49"}
index.html:217 Received JSON:  {t: "30.61", p: "0.50"}
index.html:217 Received JSON:  {t: "30.61", p: "0.22"}
index.html:217 Received JSON:  {t: "30.61", p: "0.50"}
index.html:217 Received JSON:  {t: "30.61", p: "0.22"}
index.html:217 Received JSON:  {t: "30.62", p: "0.23"}
index.html:217 Received JSON:  {t: "30.62", p: "0.51"}
index.html:217 Received JSON:  {t: "30.62", p: "0.51"}
index.html:217 Received JSON:  {t: "30.63", p: "0.52"}
index.html:217 Received JSON:  {t: "30.63", p: "0.79"}
index.html:217 Received JSON:  {t: "30.63", p: "1.06"}
index.html:217 Received JSON:  {t: "30.63", p: "0.79"}
index.html:217 Received JSON:  {t: "30.63", p: "0.52"}
index.html:217 Received JSON:  {t: "30.64", p: "0.52"}
index.html:217 Received JSON:  {t: "30.64", p: "0.52"}
index.html:217 Received JSON:  {t: "30.64", p: "0.25"}
index.html:217 Received JSON:  {t: "30.65", p: "-0.01"}
index.html:217 Received JSON:  {t: "30.64", p: "0.25"}
index.html:217 Received JSON:  {t: "30.65", p: "0.80"}
index.html:217 Received JSON:  {t: "30.65", p: "0.26"}
index.html:217 Received JSON:  {t: "30.65", p: "-0.27"}
index.html:217 Received JSON:  {t: "30.65", p: "0.26"}
index.html:217 Received JSON:  {t: "30.65", p: "0.54"}
index.html:191 MAX:
index.html:192 0.591580695565492
index.html:217 Received JSON:  {t: "30.66", p: "0.27"}
index.html:217 Received JSON:  {t: "30.66", p: "0.82"}
index.html:217 Received JSON:  {t: "30.66", p: "0.81"}
index.html:217 Received JSON:  {t: "30.66", p: "-0.54"}
index.html:217 Received JSON:  {t: "30.66", p: "0.00"}
index.html:217 Received JSON:  {t: "30.66", p: "0.27"}
index.html:217 Received JSON:  {t: "30.66", p: "1.09"}
index.html:217 Received JSON:  {t: "30.67", p: "0.82"}
index.html:217 Received JSON:  {t: "30.66", p: "0.55"}
index.html:217 Received JSON:  {t: "30.67", p: "0.28"}
index.html:217 Received JSON:  {t: "30.67", p: "0.82"}
index.html:217 Received JSON:  {t: "30.67", p: "1.37"}
index.html:217 Received JSON:  {t: "30.67", p: "0.82"}
index.html:217 Received JSON:  {t: "30.69", p: "0.02"}
index.html:217 Received JSON:  {t: "30.68", p: "0.01"}
index.html:217 Received JSON:  {t: "30.68", p: "0.29"}
index.html:217 Received JSON:  {t: "30.69", p: "0.29"}
index.html:217 Received JSON:  {t: "30.68", p: "0.83"}
index.html:217 Received JSON:  {t: "30.69", p: "0.57"}
index.html:217 Received JSON:  {t: "30.69", p: "0.29"}
index.html:217 Received JSON:  {t: "30.69", p: "0.84"}
index.html:217 Received JSON:  {t: "30.69", p: "0.57"}
index.html:217 Received JSON:  {t: "30.69", p: "0.57"}
index.html:191 MAX:
index.html:192 0.5976541606288122
index.html:217 Received JSON:  {t: "30.70", p: "0.86"}
index.html:217 Received JSON:  {t: "30.70", p: "0.31"}
index.html:217 Received JSON:  {t: "30.70", p: "0.58"}
index.html:217 Received JSON:  {t: "30.69", p: "0.30"}
index.html:217 Received JSON:  {t: "30.69", p: "0.85"}
index.html:217 Received JSON:  {t: "30.70", p: "0.31"}
index.html:217 Received JSON:  {t: "30.70", p: "1.12"}
index.html:217 Received JSON:  {t: "30.70", p: "0.58"}
index.html:217 Received JSON:  {t: "30.70", p: "0.85"}
index.html:217 Received JSON:  {t: "30.71", p: "0.59"}
index.html:217 Received JSON:  {t: "30.71", p: "0.31"}
index.html:217 Received JSON:  {t: "30.71", p: "0.31"}
index.html:217 Received JSON:  {t: "30.71", p: "0.32"}
index.html:217 Received JSON:  {t: "30.72", p: "0.87"}
index.html:217 Received JSON:  {t: "30.72", p: "0.32"}
index.html:217 Received JSON:  {t: "30.72", p: "0.32"}
index.html:217 Received JSON:  {t: "30.72", p: "0.05"}
index.html:217 Received JSON:  {t: "30.72", p: "0.32"}
index.html:217 Received JSON:  {t: "30.72", p: "0.32"}
index.html:191 MAX:
index.html:192 0.6092740853058156
index.html:217 Received JSON:  {t: "30.73", p: "0.60"}
index.html:217 Received JSON:  {t: "30.73", p: "0.33"}
index.html:217 Received JSON:  {t: "30.73", p: "0.06"}
index.html:217 Received JSON:  {t: "30.73", p: "0.34"}
index.html:217 Received JSON:  {t: "30.73", p: "0.07"}
index.html:217 Received JSON:  {t: "30.74", p: "0.07"}
index.html:217 Received JSON:  {t: "30.73", p: "0.34"}
index.html:217 Received JSON:  {t: "30.74", p: "0.07"}
index.html:217 Received JSON:  {t: "30.75", p: "0.62"}
index.html:217 Received JSON:  {t: "30.74", p: "0.35"}
index.html:217 Received JSON:  {t: "30.74", p: "0.35"}
index.html:217 Received JSON:  {t: "30.75", p: "0.08"}
index.html:217 Received JSON:  {t: "30.75", p: "0.08"}
index.html:217 Received JSON:  {t: "30.75", p: "0.35"}
index.html:217 Received JSON:  {t: "30.75", p: "0.62"}
index.html:217 Received JSON:  {t: "30.76", p: "0.90"}
index.html:217 Received JSON:  {t: "30.75", p: "0.35"}
index.html:217 Received JSON:  {t: "30.76", p: "0.36"}
index.html:217 Received JSON:  {t: "30.75", p: "0.35"}
index.html:217 Received JSON:  {t: "30.76", p: "0.36"}
index.html:217 Received JSON:  {t: "30.76", p: "0.64"}
index.html:217 Received JSON:  {t: "30.76", p: "0.64"}
index.html:217 Received JSON:  {t: "30.77", p: "0.37"}
index.html:217 Received JSON:  {t: "30.76", p: "-0.17"}
index.html:217 Received JSON:  {t: "30.77", p: "0.37"}
index.html:217 Received JSON:  {t: "30.77", p: "0.37"}
index.html:217 Received JSON:  {t: "30.77", p: "-0.17"}
index.html:217 Received JSON:  {t: "30.77", p: "0.10"}
index.html:217 Received JSON:  {t: "30.77", p: "1.19"}
index.html:217 Received JSON:  {t: "30.77", p: "0.37"}
index.html:191 MAX:
index.html:192 0.4398085089049431
index.html:217 Received JSON:  {t: "30.77", p: "0.91"}
index.html:217 Received JSON:  {t: "30.77", p: "0.10"}
index.html:217 Received JSON:  {t: "30.77", p: "0.10"}
index.html:217 Received JSON:  {t: "30.77", p: "0.92"}
index.html:217 Received JSON:  {t: "30.77", p: "0.37"}
index.html:217 Received JSON:  {t: "30.78", p: "0.65"}
index.html:217 Received JSON:  {t: "30.78", p: "0.65"}
index.html:217 Received JSON:  {t: "30.77", p: "0.65"}
index.html:217 Received JSON:  {t: "30.78", p: "0.92"}
index.html:217 Received JSON:  {t: "30.78", p: "0.66"}
index.html:217 Received JSON:  {t: "30.78", p: "0.92"}
index.html:217 Received JSON:  {t: "30.78", p: "0.11"}
index.html:217 Received JSON:  {t: "30.79", p: "0.39"}
index.html:217 Received JSON:  {t: "30.79", p: "0.39"}
index.html:217 Received JSON:  {t: "30.78", p: "0.66"}
index.html:217 Received JSON:  {t: "30.79", p: "0.66"}
index.html:217 Received JSON:  {t: "30.79", p: "0.40"}
index.html:217 Received JSON:  {t: "30.79", p: "0.12"}
index.html:217 Received JSON:  {t: "30.79", p: "0.66"}
index.html:217 Received JSON:  {t: "30.79", p: "0.40"}
index.html:217 Received JSON:  {t: "30.80", p: "0.40"}
index.html:191 MAX:
index.html:192 0.6118392040918827
index.html:217 Received JSON:  {t: "30.81", p: "0.40"}
index.html:217 Received JSON:  {t: "30.80", p: "0.12"}
index.html:217 Received JSON:  {t: "30.81", p: "-0.13"}
index.html:217 Received JSON:  {t: "30.81", p: "0.40"}
index.html:217 Received JSON:  {t: "30.81", p: "0.41"}
index.html:217 Received JSON:  {t: "30.81", p: "0.41"}
index.html:217 Received JSON:  {t: "30.81", p: "0.68"}
index.html:217 Received JSON:  {t: "30.81", p: "-0.12"}
index.html:217 Received JSON:  {t: "30.81", p: "0.96"}
index.html:217 Received JSON:  {t: "30.82", p: "0.42"}
index.html:217 Received JSON:  {t: "30.84", p: "8354.27"}
index.html:217 Received JSON:  {t: "-461.51", p: "11663.44"}
index.html:217 Received JSON:  {t: "-461.51", p: "-13354.16"}
index.html:217 Received JSON:  {t: "-461.51", p: "11663.44"}
index.html:217 Received JSON:  {t: "-461.51", p: "11663.44"}
index.html:217 Received JSON:  {t: "-461.51", p: "11663.44"}
index.html:217 Received JSON:  {t: "30.85", p: "-8836.22"}
index.html:217 Received JSON:  {t: "-461.51", p: "11663.44"}
index.html:217 Received JSON:  {t: "-461.51", p: "11663.44"}
index.html:217 Received JSON:  {t: "-461.51", p: "11663.44"}
index.html:217 Received JSON:  {t: "-461.51", p: "-13355.75"}
index.html:217 Received JSON:  {t: "-461.51", p: "11663.44"}
index.html:217 Received JSON:  {t: "-461.51", p: "11663.44"}
index.html:217 Received JSON:  {t: "-461.51", p: "11663.44"}
index.html:217 Received JSON:  {t: "-461.51", p: "11663.44"}
index.html:217 Received JSON:  {t: "-461.51", p: "11663.44"}
index.html:217 Received JSON:  {t: "-461.51", p: "11663.44"}
index.html:217 Received JSON:  {t: "-461.51", p: "11663.44"}
index.html:217 Received JSON:  {t: "-461.51", p: "11663.44"}
index.html:217 Received JSON:  {t: "-461.51", p: "-1196.97"}
index.html:217 Received JSON:  {t: "-461.51", p: "11663.44"}
index.html:217 Received JSON:  {t: "-461.51", p: "11663.44"}
index.html:217 Received JSON:  {t: "-461.51", p: "11663.44"}
index.html:217 Received JSON:  {t: "-461.51", p: "11663.44"}
index.html:217 Received JSON:  {t: "-461.51", p: "11663.44"}
index.html:217 Received JSON:  {t: "-461.51", p: "11663.44"}
index.html:217 Received JSON:  {t: "-461.51", p: "11663.44"}
index.html:217 Received JSON:  {t: "-461.51", p: "11663.44"}
index.html:217 Received JSON:  {t: "-461.51", p: "11663.44"}
index.html:217 Received JSON:  {t: "-461.51", p: "11663.44"}
index.html:217 Received JSON:  {t: "-461.51", p: "11663.44"}
index.html:217 Received JSON:  {t: "-461.51", p: "11663.44"}
index.html:217 Received JSON:  {t: "-461.51", p: "11663.44"}
index.html:217 Received JSON:  {t: "-461.51", p: "11663.44"}
index.html:217 Received JSON:  {t: "-461.51", p: "11663.44"}
index.html:217 Received JSON:  {t: "-461.51", p: "11663.44"}
puck.js:392 <BLE> Disconnected (gattserverdisconnected)
