28.31	3.58
28.31	4.17
28.31	3.87
28.32	3.88
28.32	3.59
28.32	3.88
28.32	4.17
28.32	3.30
28.32	3.59
28.32	4.17
28.33	3.89
28.33	3.60
28.33	4.18
28.33	3.89
28.34	3.90
28.34	3.90
28.34	3.61
28.35	3.91
28.35	4.20
28.35	3.61
28.35	3.33
28.35	3.04
28.36	3.34
28.36	3.34
28.36	2.76
28.36	3.05
28.55	3.52
28.56	3.82
28.56	3.82
28.56	3.53
28.57	3.54
28.58	3.84
28.58	3.55
28.58	4.14
28.59	2.98
28.59	3.28
28.60	3.57
28.60	3.86
28.61	3.87
28.62	4.17
28.63	3.60
28.63	3.60
28.63	3.60
28.64	3.32
28.64	3.90
28.65	3.91
28.66	3.92
28.66	3.34
28.66	3.92
28.67	4.22
28.68	3.94
28.69	3.65
28.69	3.37
28.69	3.37
28.70	4.54
28.71	3.39
28.72	3.98
28.72	3.69
28.73	3.11
28.74	3.71
28.74	3.71
28.74	4.29
28.75	4.59
28.76	4.02
28.77	4.02
28.77	4.03
28.78	3.45
28.78	3.17
28.79	3.76
28.79	3.47
28.81	3.77
28.81	3.78
28.82	3.49
28.82	3.49
28.83	3.80
28.84	4.09
28.85	3.81
28.85	4.69
28.86	3.82
28.87	4.71
28.87	4.70
28.88	4.14
28.89	3.85
28.89	4.15
28.91	3.00
28.91	3.00
28.91	3.88
28.92	4.18
28.93	7.68
28.94	5.65
28.94	2.45
28.95	3.91
28.96	4.21
28.96	3.34
28.97	3.64
28.99	3.65
28.99	3.65
28.99	3.66
29.00	3.09
29.02	3.98
29.02	3.40
29.03	3.70
29.04	3.70
29.04	3.13
29.05	3.43
29.05	3.14
29.07	4.32
29.07	3.15
29.08	3.45
29.09	3.17
29.09	4.05
29.09	3.47
29.11	4.65
29.11	3.78
29.12	3.78
29.13	4.09
29.14	3.51
29.14	4.39
29.16	4.12
29.16	4.70
29.17	3.83
29.17	4.13
29.19	4.73
29.19	4.15
29.19	3.86
29.21	4.45
29.21	3.88
29.22	3.89
29.23	4.47
29.24	4.19
29.24	5.07
29.25	3.91
29.25	4.21
29.27	4.81
29.28	3.65
29.28	4.24
29.30	4.84
29.30	3.67
29.30	3.97
29.31	4.55
29.32	4.27
29.33	3.99
29.33	3.99
29.34	4.30
29.35	4.30
29.36	3.73
29.36	4.02
29.37	4.32
29.38	4.04
29.38	4.34
29.39	4.05
29.39	4.64
29.41	3.19
29.41	4.07
29.43	3.79
29.43	4.09
29.44	4.10
29.45	3.52
29.45	4.11
29.46	3.82
29.47	4.41
29.47	4.71
29.48	4.72
29.49	5.32
29.49	4.15
29.51	4.75
29.51	4.17
29.52	4.75
29.53	3.89
29.54	4.48
29.54	5.36
29.55	4.21
29.55	4.21
29.57	4.81
29.57	4.52
29.58	4.82
29.59	4.24
29.59	4.25
29.60	4.25
29.61	4.26
29.62	4.56
29.63	4.86
29.64	5.16
29.64	4.29
29.65	4.89
29.65	4.89
29.66	4.02
29.67	4.62
29.68	4.62
29.68	4.62
29.69	4.64
29.70	3.48
29.71	4.65
29.72	4.37
29.73	4.67
29.73	4.97
29.74	3.81
29.74	4.39
29.75	3.82
29.77	4.42
29.77	4.42
29.77	3.55
29.78	4.14
29.79	4.44
29.80	4.16
29.80	4.16
29.81	4.17
29.82	4.76
29.83	4.48
29.84	4.49
29.84	4.49
29.85	4.50
29.85	4.50
29.86	4.80
29.87	4.52
29.87	3.94
29.88	4.82
29.89	4.54
29.90	4.84
29.91	4.85
29.92	5.15
29.93	4.87
29.94	4.58
29.94	4.58
29.94	5.17
29.96	4.60
29.96	4.61
29.97	4.33
29.98	5.21
29.98	4.92
29.99	5.51
29.99	4.93
30.01	4.94
30.01	4.36
30.02	4.95
30.02	4.67
30.03	4.67
30.04	4.97
30.05	4.99
30.05	5.57
30.07	5.29
30.07	4.71
30.07	5.30
30.09	5.31
30.09	5.02
30.10	5.33
30.11	5.04
30.11	5.05
30.11	5.92
30.13	4.77
30.13	4.48
30.14	4.20
30.15	4.79
30.15	5.09
30.15	3.92
30.17	4.52
30.17	4.52
30.18	4.82
30.19	4.54
30.19	4.54
30.20	4.25
30.21	3.68
30.21	4.27
30.23	4.28
30.24	4.88
30.24	4.29
30.24	4.00
30.25	4.01
30.26	4.61
30.26	4.03
30.27	4.03
30.28	4.33
30.28	3.75
30.29	3.76
30.29	4.35
30.31	3.78
30.32	4.37
30.32	4.08
30.32	4.38
30.33	4.39
30.33	4.10
30.35	4.99
30.36	4.99
30.36	4.71
30.36	4.12
30.37	4.72
30.38	4.72
30.39	5.02
30.39	4.44
30.40	4.75
30.40	5.04
30.41	4.75
30.42	5.05
30.42	5.05
30.44	5.07
30.44	4.78
30.45	5.09
30.45	5.09
30.45	5.38
30.46	5.10
30.46	5.39
30.48	4.82
30.48	5.12
30.49	4.83
30.50	4.84
30.50	4.84
30.50	5.43
30.51	4.85
30.52	5.44
30.52	4.86
30.53	4.87
30.54	4.59
30.54	4.89
30.55	5.18
30.55	4.60
30.56	4.90
30.57	5.49
30.57	5.50
30.58	4.34
30.58	5.22
30.59	4.93
30.60	4.35
30.60	5.53
30.61	4.95
30.61	5.54
30.62	4.95
30.63	4.39
30.63	4.97
30.64	4.10
30.65	4.11
30.66	3.83
30.66	4.41
30.66	4.13
30.67	4.42
30.67	4.42
30.67	4.14
30.68	5.02
30.69	4.15
30.69	4.45
30.71	4.75
30.71	4.75
30.71	3.30
30.72	4.47
30.72	4.19
30.73	4.78
30.74	4.49
30.74	4.20
30.75	3.91
30.75	3.92
30.75	3.92
30.76	3.93
30.77	3.94
30.77	3.94
30.79	3.37
30.79	3.95
30.79	4.25
30.79	4.55
30.81	4.85
30.81	4.56
30.81	3.98
30.82	3.70
30.83	3.42
30.83	4.29
30.83	4.59
30.85	4.02
30.85	4.31
30.86	4.90
30.87	4.33
30.87	5.20
30.87	4.33
30.88	4.05
30.88	4.05
30.88	3.75
30.89	4.35
30.91	4.95
30.91	4.95
30.91	3.78
30.92	5.25
30.92	4.67
30.93	4.09
30.94	3.52
30.94	4.69
30.95	5.28
30.95	3.82
30.95	4.12
30.96	4.41
30.97	4.13
30.97	3.55
30.97	2.67
30.98	3.85
30.99	3.85
30.99	4.74
31.00	4.45
31.00	3.58
31.01	3.59
31.01	4.18
31.02	3.30
31.02	3.60
31.03	3.32
31.03	4.20
31.04	4.50
31.04	4.50
31.05	4.51
31.05	3.92
31.06	4.51
31.06	4.52
31.07	4.82
31.07	4.23
31.09	5.13
31.09	4.83
31.09	5.71
31.09	4.25
31.11	5.15
31.11	4.57
31.11	4.57
31.12	4.86
31.12	5.16
31.13	4.58
31.13	4.29
31.14	4.89
31.14	4.89
31.15	4.89
31.15	4.31
31.16	4.61
31.16	3.73
31.17	4.91
31.17	4.92
31.17	5.80
31.18	4.63
31.18	4.63
31.18	4.64
31.19	5.23
31.19	5.81
31.19	4.65
31.20	5.53
31.21	5.25
31.21	5.84
31.21	4.67
31.22	5.55
31.22	5.85
31.23	5.55
31.23	5.56
31.24	5.57
31.24	5.57
31.25	6.16
31.26	6.46
31.26	5.59
31.26	5.59
31.26	5.30
31.27	6.48
31.27	5.89
31.28	5.31
31.28	5.61
31.29	5.91
31.29	5.91
31.29	5.62
31.29	5.33
31.30	4.75
31.31	4.76
31.30	4.17
31.31	4.47
31.31	4.18
31.32	5.07
31.33	4.48
31.34	4.49
31.34	5.08
31.34	4.79
31.34	4.79
31.35	5.09
31.35	4.51
31.36	5.10
31.36	4.81
31.37	4.82
31.37	5.41
31.38	5.70
31.38	5.71
31.38	5.71
31.38	5.42
31.38	5.13
31.39	5.13
31.40	4.85
31.39	5.14
31.41	4.85
31.41	5.15
31.42	5.15
31.42	4.87
31.42	5.16
31.42	4.29
31.43	4.88
31.43	5.18
31.43	4.88
31.44	5.47
31.44	4.89
31.44	5.48
31.45	5.49
31.45	5.19
31.46	5.20
31.46	6.67
31.46	5.20
31.47	4.92
31.47	4.62
31.47	4.63
31.47	4.34
31.48	4.93
31.48	4.93
31.49	4.06
31.49	4.65
31.49	5.24
31.49	5.23
31.50	5.24
31.51	5.54
31.51	4.95
31.51	4.96
31.51	5.25
31.52	4.97
31.52	5.55
31.53	5.56
31.53	6.15
31.53	4.69
31.53	4.68
31.53	4.69
31.54	5.57
31.54	5.28
31.55	5.58
31.55	5.87
31.55	5.58
31.55	5.29
31.56	5.01
31.56	4.13
31.57	3.84
31.56	4.42
31.57	4.43
31.58	4.44
31.58	4.44
31.58	3.85
31.59	4.45
31.59	3.86
31.60	4.46
31.59	4.45
31.60	4.17
31.60	4.46
31.60	4.17
31.60	4.46
31.61	5.35
31.62	5.06
31.61	4.77
31.62	5.36
31.62	5.35
31.63	5.65
31.63	5.37
31.64	5.08
31.64	5.37
31.64	5.37
31.64	5.38
31.64	5.09
31.64	5.38
31.65	5.68
31.65	4.22
31.66	5.69
31.66	5.40
31.65	5.10
31.66	5.40
31.66	5.40
31.67	4.82
31.67	4.53
31.67	4.53
31.67	5.41
31.68	4.83
31.68	4.83
31.68	5.12
31.68	5.42
31.68	5.13
31.69	5.13
31.69	4.84
31.68	4.54
31.69	4.55
31.69	4.55
31.68	4.84
31.69	4.55
31.70	4.85
31.70	5.15
31.70	4.27
31.70	4.56
31.71	5.15
31.71	4.85
31.71	4.56
31.71	5.15
31.71	5.45
31.72	4.87
31.72	4.87
31.72	4.87
31.72	5.17
31.72	5.17
31.72	4.58
31.73	4.00
31.73	5.17
31.72	5.17
31.73	4.59
31.74	4.60
31.74	4.89
31.74	4.60
31.74	4.89
31.74	5.48
31.75	4.02
31.75	5.19
31.76	4.91
31.75	5.19
31.75	4.90
31.76	5.49
31.76	5.49
31.76	5.79
31.76	4.62
31.76	5.79
31.76	4.91
31.76	5.21
31.77	5.51
31.77	5.80
31.77	5.22
31.77	5.51
31.77	5.22
31.78	5.22
31.78	4.93
31.78	5.51
31.78	4.64
31.78	5.52
31.79	5.52
31.79	5.52
31.79	5.53
31.79	5.23
31.79	5.24
31.79	5.82
31.80	5.24
31.80	5.24
31.80	5.24
31.80	4.95
31.80	4.95
31.80	4.95
31.80	5.25
31.80	4.37
31.81	5.25
31.81	4.67
31.81	5.55
31.81	4.67
31.81	4.67
31.82	5.55
31.82	4.68
31.82	4.97
31.82	4.68
31.83	4.39
31.83	4.10
31.83	4.39
31.84	4.40
31.83	4.98
31.84	4.11
31.84	4.40
31.84	4.99
31.85	4.70
31.85	4.41
31.85	4.41
31.85	5.00
31.85	4.42
31.85	3.83
31.85	4.12
31.86	5.01
31.86	5.01
31.86	4.71
31.86	4.72
31.87	4.43
31.87	5.31
31.87	4.14
31.88	5.02
31.87	5.02
31.87	4.73
31.88	5.32
31.88	4.44
31.88	5.03
31.88	4.73
31.89	5.33
31.89	4.74
31.89	5.33
31.89	4.45
31.89	5.34
31.89	5.63
31.89	5.62
31.90	5.34
31.89	5.34
31.90	5.34
31.90	5.05
31.90	5.93
31.91	5.35
31.91	5.64
31.90	5.64
31.91	5.35
31.92	5.35
31.92	5.65
31.92	5.06
31.92	5.35
31.92	5.94
31.92	5.06
31.93	5.95
31.92	5.07
31.93	4.49
31.93	4.78
31.93	5.37
31.93	4.20
31.93	4.20
31.93	4.79
31.93	5.08
31.94	4.21
31.93	4.50
31.94	5.09
31.95	4.80
31.94	4.21
31.95	4.80
31.95	5.10
31.95	4.51
31.96	4.81
31.95	4.81
31.96	5.11
31.97	4.82
31.96	4.52
31.97	5.11
31.97	6.28
31.96	5.40
31.97	5.41
31.97	4.82
31.97	5.41
31.97	5.71
31.98	4.84
31.97	5.41
31.98	5.42
31.98	5.42
31.98	5.42
31.98	5.71
31.98	5.13
31.98	5.42
31.99	6.02
31.99	5.73
32.00	5.44
31.99	4.85
31.99	5.44
31.99	5.14
32.01	5.45
32.01	5.45
32.00	5.15
32.01	5.45
32.01	5.45
32.01	5.45
32.01	5.45
32.01	4.87
32.01	5.16
32.01	5.16
32.01	5.45
32.02	4.87
32.01	4.86
32.02	5.17
32.02	4.88
32.03	4.59
32.02	4.29
32.03	4.59
32.02	4.58
32.03	4.59
32.03	4.30
32.04	4.89
32.04	4.30
32.04	4.01
32.04	3.72
32.04	4.31
32.04	4.31
32.04	4.31
32.05	4.02
32.05	4.61
32.05	4.02
32.04	4.89
32.06	4.62
32.06	4.61
32.06	4.62
32.06	4.62
32.06	5.20
32.06	5.49
32.06	5.21
32.07	4.92
32.06	5.50
32.06	4.62
32.08	5.52
32.07	4.93
32.08	5.52
32.08	6.10
32.08	5.52
32.08	4.64
32.08	4.93
32.08	4.93
32.08	4.64
32.08	4.64
32.08	4.93
32.09	5.23
32.09	4.35
32.09	4.65
32.09	5.24
32.09	5.24
32.09	4.36
32.10	5.54
32.09	4.95
32.09	5.53
32.10	4.95
32.10	4.66
32.10	4.66
32.10	4.95
32.10	4.66
32.10	4.66
32.11	4.37
32.11	5.25
32.10	4.66
32.12	4.68
32.11	4.67
32.12	4.97
32.12	4.68
32.12	4.38
32.11	4.67
32.12	5.26
32.12	4.38
32.12	4.39
32.12	4.39
32.13	5.27
32.12	4.09
32.13	5.27
32.14	4.69
32.13	4.40
32.13	4.10
32.14	4.99
32.13	4.69
32.14	4.69
32.14	4.69
32.14	5.28
32.14	4.41
32.14	4.70
32.14	4.70
32.14	4.70
32.15	4.71
32.14	5.00
32.15	5.00
32.15	5.00
32.15	5.00
32.15	5.30
32.16	5.60
32.16	5.30
32.15	5.59
32.17	5.31
32.16	5.31
32.16	5.01
32.17	5.90
32.16	5.31
32.16	5.89
32.17	5.60
32.17	5.60
32.17	4.73
32.17	5.32
32.17	5.32
32.18	5.03
32.17	5.61
32.17	4.72
32.17	5.31
32.18	5.03
32.17	5.61
32.17	4.44
32.18	5.62
32.18	5.03
32.18	5.61
32.18	5.62
32.18	5.32
32.18	5.33
32.18	5.91
32.18	5.91
32.18	5.33
32.18	5.03
32.18	5.04
32.19	5.33
32.19	5.92
32.19	5.04
32.18	5.33
32.19	5.34
32.19	5.63
32.19	5.04
32.19	5.34
32.19	5.34
32.19	4.75
32.19	5.63
32.19	4.75
32.20	4.76
32.21	4.47
32.21	4.47
32.21	4.47
32.21	5.06
32.21	5.05
32.22	4.48
32.21	4.76
32.22	4.19
32.22	3.89
32.21	4.77
32.22	4.19
32.22	4.48
32.22	5.07
32.22	4.78
32.22	4.78
32.22	5.07
32.22	4.48
32.23	4.20
32.23	4.79
32.23	4.49
32.23	5.08
32.23	5.08
32.24	4.21
32.24	4.50
32.24	5.09
32.24	4.80
32.24	5.38
32.25	4.80
32.24	5.38
32.24	5.09
32.24	5.09
32.24	4.79
32.24	4.80
32.24	4.80
32.24	4.80
32.24	4.80
32.25	5.10
32.25	5.39
32.25	4.80
32.25	5.68
32.25	5.98
32.25	5.39
32.25	5.39
32.26	5.40
32.26	6.28
32.26	5.69
32.26	5.40
32.27	5.99
32.26	5.40
32.26	4.52
32.26	5.40
32.27	5.99
32.27	5.41
32.27	5.99
32.26	5.11
32.27	5.12
32.27	4.83
32.27	5.41
32.27	5.70
32.27	4.23
32.27	5.12
32.27	5.12
32.27	4.24
32.27	4.83
32.27	3.95
32.27	4.24
32.27	3.65
32.27	4.24
32.28	4.25
32.27	5.12
32.28	4.54
32.28	4.55
32.29	4.84
32.28	4.83
32.29	4.55
32.28	4.25
32.28	4.25
32.29	4.55
32.29	4.84
32.29	4.84
32.29	4.85
32.29	4.85
32.29	4.55
32.29	5.14
32.29	4.85
32.29	5.15
32.29	5.44
32.29	5.15
32.30	5.15
32.30	5.15
32.31	5.45
32.30	5.74
32.31	5.74
32.31	5.45
32.31	5.45
32.31	4.57
32.31	5.45
32.31	5.15
32.31	5.16
32.31	4.87
32.31	5.75
32.32	5.75
32.31	4.87
32.31	5.45
32.31	5.45
32.32	5.46
32.32	5.17
32.31	5.45
32.32	5.17
32.32	5.17
32.32	5.17
32.32	5.47
32.32	5.46
32.32	5.75
32.32	5.75
32.32	5.17
32.32	4.58
32.33	5.47
32.33	4.88
32.33	6.05
32.33	5.77
32.32	5.17
32.33	6.05
32.33	4.59
32.34	4.89
32.33	5.18
32.34	4.60
32.33	4.59
32.33	4.01
32.33	4.01
32.34	4.60
32.34	4.31
32.34	4.31
32.34	4.90
32.34	4.31
32.34	4.60
32.34	3.72
32.35	4.61
32.34	4.60
32.35	4.61
32.34	4.60
32.35	4.61
32.35	4.03
32.35	4.32
32.35	5.20
32.35	5.49
32.35	4.91
32.35	5.20
32.35	4.91
32.36	5.21
32.36	5.50
32.36	5.21
32.36	5.50
32.36	4.62
32.36	4.92
32.36	5.21
32.37	4.34
32.36	5.21
32.37	5.51
32.37	5.22
32.37	5.22
32.37	5.51
32.37	5.80
32.37	4.92
32.37	4.93
32.37	5.80
32.38	5.22
32.37	5.22
32.37	4.92
32.37	5.22
32.37	5.22
32.38	5.52
32.37	5.22
32.38	4.93
32.38	5.22
32.38	5.81
32.37	5.22
32.38	5.22
32.38	5.23
32.38	4.64
32.37	4.63
32.37	4.63
32.39	4.94
32.38	4.94
32.38	5.52
32.39	4.94
32.37	4.63
32.38	4.94
32.38	4.64
32.39	4.65
32.38	4.64
32.39	5.23
32.38	4.94
32.38	4.94
32.39	4.94
32.39	4.94
32.38	4.64
32.39	4.35
32.39	4.65
32.39	4.65
32.39	4.94
32.39	4.65
32.40	4.66
32.40	4.66
32.40	4.66
32.39	4.95
32.40	4.95
32.40	5.25
32.40	4.66
32.39	5.24
32.40	4.95
32.40	4.66
32.39	5.24
32.40	4.95
32.40	5.25
32.41	4.38
32.40	4.95
32.41	5.55
32.41	5.25
32.42	5.26
32.41	5.25
32.41	5.55
32.41	4.97
32.40	5.84
32.41	4.96
32.41	4.97
32.41	4.97
32.41	5.26
32.41	5.26
32.41	5.25
32.42	5.26
32.42	5.26
32.41	5.55
32.42	5.55
32.41	5.25
32.41	4.97
32.42	5.85
32.42	4.98
32.42	4.98
32.42	5.26
32.41	4.67
32.42	4.68
32.42	5.26
32.42	4.97
32.42	4.39
32.43	4.69
32.43	4.98
32.42	4.98
32.43	4.98
32.43	5.27
32.43	4.69
32.42	4.68
32.43	4.69
32.43	4.98
32.42	4.98
32.43	4.10
32.43	5.28
32.43	5.28
32.43	4.40
32.44	5.87
32.43	4.40
32.43	4.11
32.43	4.40
32.44	4.70
32.43	4.69
32.44	4.11
32.43	4.40
32.43	4.40
32.43	4.99
32.44	4.99
32.44	4.41
32.44	5.58
32.44	5.29
32.44	4.70
32.44	5.29
32.44	5.87
32.44	5.29
32.44	5.58
32.44	5.00
32.44	5.58
32.44	5.29
32.44	4.70
32.44	5.00
32.45	5.00
32.44	5.58
32.45	5.88
32.45	5.00
32.45	5.88
32.45	5.30
32.44	5.87
32.45	5.30
32.45	5.88
32.45	5.59
32.45	5.88
32.44	5.58
32.45	5.59
32.45	5.30
32.45	5.59
32.45	5.30
32.45	5.88
32.45	5.89
32.45	5.30
32.46	5.30
32.46	5.01
32.45	5.00
32.45	5.01
32.45	5.01
32.46	5.01
32.46	4.72
32.46	5.31
32.46	4.72
32.46	5.01
32.46	4.72
32.46	4.72
32.47	5.61
32.46	4.72
32.46	4.43
32.46	4.72
32.47	5.02
32.47	4.73
32.47	5.02
32.47	4.14
32.47	4.73
32.47	5.32
32.47	4.73
32.47	4.73
32.47	4.73
32.47	5.02
32.47	4.14
32.47	4.73
32.48	5.33
32.48	5.33
32.48	5.62
32.48	5.03
32.48	5.62
32.48	5.03
32.48	5.62
32.48	5.62
32.48	5.04
32.48	5.92
32.48	5.92
32.49	5.63
32.49	5.63
32.49	6.21
32.49	5.63
32.49	5.92
32.49	5.34
32.49	5.93
32.49	5.93
32.49	5.05
32.49	5.05
32.49	5.63
32.49	5.34
32.49	5.93
32.49	5.34
32.49	5.34
32.50	5.05
32.49	5.34
32.49	5.34
32.49	5.64
32.51	5.05
32.51	5.94
32.50	4.76
32.50	5.05
32.49	5.34
32.50	5.05
32.51	5.35
32.51	5.65
32.50	5.05
32.51	5.06
32.51	5.35
32.52	5.36
32.51	5.65
32.51	4.48
32.51	5.35
32.52	5.07
32.52	5.36
32.51	5.65
32.52	4.77
32.52	5.37
32.52	4.78
32.52	5.36
32.52	5.37
32.52	5.07
32.52	5.08
32.52	5.08
32.53	5.37
32.52	5.37
32.52	5.37
32.52	5.95
32.53	5.38
32.53	5.67
32.52	5.37
32.52	5.95
32.53	5.08
32.52	5.37
32.53	5.67
32.53	5.67
32.53	5.37
32.54	5.68
32.53	5.67
32.53	5.38
32.54	5.38
32.54	5.68
32.53	5.38
32.54	5.97
32.53	5.67
32.53	5.67
32.54	5.68
32.54	5.68
32.54	6.27
32.54	5.97
32.54	5.68
32.54	5.68
32.55	5.69
32.54	5.68
32.54	5.68
32.54	5.09
32.55	5.10
32.54	5.39
32.54	5.09
32.55	5.40
32.55	5.40
32.55	5.40
32.55	4.52
32.55	4.52
32.55	5.69
32.55	5.40
32.55	5.10
32.55	4.81
32.56	4.81
32.55	5.40
32.55	4.81
32.56	5.11
32.56	4.81
32.56	5.41
32.56	5.12
32.56	5.41
32.56	5.41
32.56	4.82
32.56	5.41
32.57	5.71
32.56	6.29
32.57	5.41
32.56	5.70
32.56	5.41
32.57	6.00
32.56	5.70
32.57	5.12
32.57	5.71
32.57	5.41
32.56	5.12
32.57	6.30
32.57	6.01
32.57	5.42
32.57	6.01
32.58	5.72
32.57	6.29
32.57	6.01
32.58	5.42
32.58	5.42
32.58	6.01
32.58	5.42
32.58	5.72
32.58	6.01
32.58	5.72
32.58	5.72
32.58	5.42
32.58	5.72
32.58	5.42
32.58	6.01
32.59	5.14
32.58	5.43
32.58	5.43
32.59	5.73
32.59	4.84
32.59	4.85
32.59	5.73
32.59	5.14
32.59	5.44
32.59	5.14
32.59	5.14
32.59	5.15
32.59	4.85
32.59	5.73
32.59	5.14
32.59	4.85
32.60	5.44
32.60	5.44
32.60	5.44
32.59	5.15
32.60	5.44
32.60	5.45
32.60	5.44
32.60	5.15
32.60	6.04
32.61	6.04
32.60	5.74
32.61	5.75
32.61	5.45
32.61	6.04
32.61	5.45
32.61	5.45
32.61	5.45
32.61	5.45
32.62	6.05
32.62	6.05
32.61	6.04
32.62	5.75
32.62	5.76
32.62	6.05
32.62	5.75
32.62	6.05
32.62	6.35
32.63	5.47
32.63	6.65
32.62	6.64
32.63	5.76
32.63	5.76
32.63	5.47
32.62	5.17
32.63	5.47
32.63	5.76
32.63	6.06
32.63	6.06
32.64	5.19
32.63	5.48
32.63	6.35
32.63	5.77
32.64	6.95
32.63	5.18
32.63	5.48
32.63	5.48
32.64	5.48
32.64	5.78
32.64	5.19
32.64	5.48
32.64	4.89
32.64	4.90
32.64	4.90
32.64	5.19
32.64	5.48
32.65	5.49
32.64	5.20
32.64	4.90
32.65	5.50
32.64	5.48
32.65	5.20
32.65	4.91
32.65	4.61
32.65	4.91
32.65	4.62
32.66	5.50
32.66	5.21
32.65	4.91
32.66	5.21
32.66	5.50
32.66	4.62
32.66	5.50
32.67	5.80
32.66	5.50
32.66	5.80
32.67	5.80
32.67	5.51
32.67	5.22
32.67	4.93
32.66	5.51
32.67	5.81
32.67	6.10
32.68	6.11
32.67	5.52
32.68	5.23
32.67	5.81
32.67	6.10
32.67	6.40
32.67	6.10
32.68	5.81
32.68	6.99
32.67	6.10
32.68	6.40
32.68	6.99
32.68	6.40
32.68	6.40
32.68	6.40
32.68	7.29
32.68	7.28
32.68	6.70
32.68	7.29
32.68	6.70
32.68	7.58
32.68	7.00
32.68	6.70
32.68	7.00
32.68	7.00
32.68	6.41
32.68	6.99
32.68	6.99
32.68	6.70
32.68	6.70
32.68	6.70
32.69	6.42
32.69	6.42
32.69	6.41
32.69	6.71
32.69	6.71
32.69	6.42
32.69	6.42
32.69	6.12
32.69	6.72
32.69	7.30
32.69	6.42
32.69	6.72
32.69	6.13
32.69	6.71
32.69	7.01
32.69	7.01
32.69	6.72
32.70	7.01
32.69	6.72
32.70	7.01
32.69	6.13
32.71	7.31
32.70	7.01
32.71	6.72
32.69	6.72
32.70	7.01
32.71	7.02
32.70	6.72
32.71	6.72
32.71	7.02
32.71	7.90
32.70	7.01
32.71	7.02
32.70	7.01
32.71	7.90
32.69	7.30
32.71	7.61
32.71	7.02
32.71	7.31
32.71	7.61
32.70	7.60
32.71	7.90
32.71	7.31
32.71	8.19
32.72	7.61
32.71	7.90
32.71	7.32
32.71	7.90
32.72	8.20
32.71	7.31
32.71	7.61
32.71	7.90
32.71	7.90
32.72	7.61
32.71	7.90
32.72	7.91
32.72	7.91
32.72	7.03
32.72	7.62
32.73	7.62
32.72	7.03
32.72	7.62
32.73	7.92
32.72	7.03
32.73	6.74
32.73	7.33
32.72	7.62
32.73	7.04
32.73	7.04
32.73	7.04
32.73	7.33
32.73	7.04
32.73	6.75
32.73	7.04
32.73	7.62
32.73	6.45
32.74	7.93
32.73	7.04
32.73	7.34
32.73	7.63
32.73	7.34
32.74	7.34
32.73	7.34
32.74	7.93
32.74	7.35
32.73	7.93
32.74	7.93
32.74	7.64
32.74	7.35
32.74	7.93
32.74	8.52
32.75	7.94
32.74	7.64
32.75	8.23
32.75	8.53
32.75	8.23
32.74	7.64
32.75	8.24
32.75	7.65
32.75	8.53
32.75	7.94
32.76	8.24
32.75	7.94
32.76	8.53
32.75	8.82
32.76	8.83
32.76	8.24
32.76	7.65
32.76	8.24
32.76	8.83
32.76	7.95
32.76	7.95
32.76	7.36
32.77	7.95
32.76	7.95
32.76	8.25
32.77	7.37
32.77	8.55
32.77	7.67
32.77	7.67
32.76	8.25
32.77	7.67
32.77	7.38
32.77	7.96
32.77	7.96
32.77	7.97
32.78	7.68
32.78	7.09
32.77	7.97
32.78	7.68
32.78	7.68
32.78	8.85
32.78	8.27
32.78	7.97
32.78	7.97
32.78	7.68
32.78	8.56
32.78	8.27
32.78	8.27
32.79	8.57
32.79	8.86
32.79	8.27
32.78	7.68
32.79	7.98
32.79	8.57
32.79	8.27
32.79	8.28
32.79	7.69
32.79	7.98
32.79	8.87
32.80	8.58
32.79	8.28
32.79	8.28
32.79	8.87
32.79	7.99
32.81	8.00
32.79	8.28
32.80	8.58
32.80	8.29
32.80	8.29
32.80	8.58
32.81	8.29
32.81	8.88
32.80	7.70
32.81	8.88
32.81	8.58
32.81	8.00
32.81	8.29
32.81	8.29
32.82	8.60
32.81	7.71
32.82	8.30
32.81	8.01
32.81	8.29
32.81	8.01
32.82	8.31
32.82	8.01
32.82	8.01
32.82	8.01
32.82	8.30
32.83	8.31
32.82	8.01
32.82	8.60
32.83	8.31
32.83	8.32
32.84	7.73
32.83	8.32
32.84	8.32
32.84	8.03
32.84	8.32
32.84	8.32
32.84	8.33
32.83	8.90
32.84	8.62
32.84	8.03
32.84	8.62
32.85	8.33
32.85	8.92
32.84	8.62
32.85	8.92
32.84	7.74
32.84	8.91
32.85	9.21
32.85	8.63
32.85	8.92
32.85	8.92
32.84	8.62
32.85	9.22
32.85	8.63
32.85	9.81
32.85	9.51
32.85	9.22
32.85	9.81
32.85	9.81
32.86	9.52
32.86	9.52
32.86	9.22
32.86	10.10
32.86	9.52
32.86	8.93
32.86	8.64
32.86	8.93
32.87	8.65
32.87	8.05
32.86	8.64
32.87	8.35
32.87	8.94
32.87	8.35
32.87	7.77
32.87	8.35
32.88	7.48
32.87	8.06
32.88	7.77
32.88	7.48
32.88	7.48
32.89	8.08
32.88	7.48
32.89	7.49
32.89	7.20
32.89	7.79
32.89	8.08
32.89	7.79
32.89	7.79
32.89	7.79
32.89	7.79
32.89	8.67
32.89	7.79
32.89	7.79
32.89	7.79
32.90	7.50
32.90	8.09
32.90	7.80
32.90	8.38
32.91	8.69
32.90	8.09
32.91	8.39
32.90	8.09
32.91	8.39
32.91	8.10
32.91	8.10
32.91	8.39
32.91	8.10
32.91	8.40
32.91	8.40
32.91	7.81
32.92	8.69
32.92	7.82
32.92	8.99
32.91	8.40
32.91	8.69
32.91	8.69
32.92	8.69
32.92	8.70
32.92	9.58
32.92	8.41
32.93	8.41
32.92	8.11
32.92	8.11
32.93	8.12
32.93	8.71
32.93	8.70
32.93	8.70
32.93	8.41
32.93	8.42
32.93	8.12
32.93	8.41
32.93	8.12
32.93	8.12
32.93	8.41
32.93	8.12
32.93	7.83
32.93	8.12
32.93	7.83
32.95	7.55
32.94	8.43
32.94	7.84
32.94	7.84
32.94	8.43
32.94	8.13
32.94	7.25
32.94	7.84
32.94	8.13
32.95	7.25
32.95	7.84
32.95	6.97
32.96	6.98
32.95	7.26
32.96	7.27
32.95	7.26
32.96	6.97
32.95	7.26
32.95	7.55
32.96	7.27
32.96	7.85
32.96	7.27
32.96	7.56
32.97	7.27
32.96	7.56
32.97	7.86
32.96	7.56
32.97	7.86
32.97	7.27
32.97	7.57
32.96	7.56
32.97	7.57
32.97	7.28
32.97	7.28
32.97	7.87
32.97	7.86
32.97	7.28
32.97	7.27
32.97	7.28
32.97	7.28
32.97	7.57
32.97	7.57
32.97	7.87
32.97	7.87
32.98	7.29
32.98	7.58
32.98	7.58
32.98	7.88
32.98	7.58
32.98	7.87
32.97	7.28
32.98	6.99
32.98	7.29
32.98	6.70
32.98	7.28
32.98	6.41
32.98	7.29
32.98	7.29
32.98	7.00
32.98	7.58
32.98	7.00
32.98	6.71
32.98	6.71
32.98	6.71
32.99	6.12
32.99	6.42
32.99	7.01
32.99	7.01
32.99	6.71
32.99	6.71
32.99	7.01
32.99	6.42
32.99	6.42
32.99	6.13
32.99	6.72
32.99	7.01
33.00	6.72
33.00	6.72
33.00	6.72
33.00	7.02
32.99	7.31
33.00	7.02
33.01	7.31
33.00	7.02
33.01	7.31
33.00	7.90
33.00	6.72
33.01	7.31
33.00	7.02
33.01	7.61
33.01	7.31
33.01	6.73
33.01	7.61
33.00	7.90
33.01	6.73
33.01	6.43
33.01	7.61
33.01	7.02
33.01	7.03
33.01	6.73
33.01	6.73
33.01	7.31
33.01	7.61
33.01	7.03
33.01	6.44
33.01	7.32
33.02	7.32
33.02	7.33
33.02	6.74
33.02	6.74
33.02	7.32
33.02	7.03
33.02	6.74
33.02	7.32
33.02	6.74
33.02	7.32
33.02	6.75
33.02	6.74
33.02	7.33
33.02	7.03
33.02	6.74
33.02	7.04
33.02	6.75
33.02	7.04
33.03	7.04
33.02	7.33
33.03	7.04
33.02	7.03
33.03	7.34
33.02	7.04
33.02	7.33
33.03	6.75
33.03	6.75
33.03	6.45
33.03	6.75
33.03	7.05
33.03	7.34
33.03	7.34
33.03	7.05
33.03	6.75
33.04	7.05
33.02	6.75
33.03	6.75
33.03	7.34
33.04	7.35
33.03	7.34
33.03	7.92
33.04	7.35
33.03	7.34
33.03	7.34
33.04	7.35
33.03	7.04
33.04	7.64
33.03	7.34
33.04	7.35
33.04	7.94
33.04	7.64
33.04	7.94
33.05	7.35
33.04	7.64
33.04	7.64
33.04	7.64
33.04	7.94
33.04	7.35
33.04	7.64
33.05	7.36
33.04	7.35
33.04	7.05
33.04	6.76
33.05	7.35
33.04	7.05
33.04	7.05
33.05	6.77
33.05	6.77
33.05	6.77
33.05	7.65
33.05	7.65
33.05	6.77
33.05	7.35
33.05	7.07
33.05	6.47
33.05	6.48
33.05	7.07
33.06	7.36
33.05	6.77
33.06	6.19
33.06	6.48
33.06	6.48
33.06	5.61
33.06	5.89
33.06	5.89
33.05	5.01
33.06	5.60
33.06	5.31
33.06	4.72
33.06	4.73
33.06	5.89
33.06	6.49
33.06	5.60
33.06	6.49
33.06	7.07
33.07	6.50
33.06	7.08
33.06	7.37
33.06	7.08
33.06	6.78
33.06	7.37
33.06	6.49
33.06	6.48
33.06	7.37
33.06	7.67
33.06	7.37
33.06	6.78
33.06	6.78
33.07	7.67
33.06	7.37
33.06	6.20
33.06	7.37
33.07	7.38
33.06	6.78
33.06	6.49
33.06	7.08
33.07	6.50
33.07	6.20
33.07	6.20
33.06	6.49
33.07	7.08
33.06	6.49
33.06	6.49
33.07	6.79
33.07	6.50
33.07	6.50
33.07	6.79
33.07	6.79
33.07	7.09
33.07	6.50
33.08	6.21
33.07	7.09
33.08	6.80
33.08	6.80
33.07	6.21
33.07	5.91
33.08	7.09
33.08	6.50
33.07	6.79
33.08	6.80
33.08	6.50
33.08	6.50
33.08	6.80
33.08	6.51
33.09	7.10
33.08	7.10
33.07	6.79
33.08	7.68
33.08	7.10
33.08	7.68
33.08	7.98
33.08	7.68
33.08	7.68
33.08	7.39
33.08	7.98
33.08	7.39
33.09	6.81
33.08	7.09
33.08	7.39
33.08	5.92
33.08	5.92
33.08	5.04
33.08	5.33
33.09	5.04
33.09	4.17
33.09	3.87
33.08	4.45
33.09	4.45
33.08	4.75
33.08	4.45
33.09	4.16
33.09	4.45
33.09	4.17
33.09	4.75
33.09	3.88
33.09	4.45
33.09	4.47
33.09	4.45
33.09	3.87
33.09	3.87
33.10	3.59
33.09	4.47
33.09	4.17
33.10	3.88
33.09	4.46
33.10	3.59
33.10	4.18
33.10	3.59
33.10	3.88
33.10	4.18
33.10	3.89
33.10	3.30
33.10	4.18
33.10	4.47
33.10	4.18
33.10	4.18
33.11	4.48
33.11	4.48
33.11	4.77
33.11	4.48
33.11	4.77
33.11	5.07
33.11	4.48
33.11	5.36
33.11	4.48
33.12	5.08
33.12	4.78
33.11	4.78
33.11	5.07
33.12	5.08
33.11	4.78
33.11	4.78
33.12	5.95
33.12	5.08
33.13	5.97
33.12	4.78
33.12	5.08
33.12	5.08
33.11	5.36
33.12	4.78
33.12	5.08
33.12	5.67
33.13	5.38
33.12	4.78
33.12	5.08
33.13	5.08
33.12	4.49
33.12	4.49
33.12	4.49
33.13	5.38
33.13	4.20
33.13	4.20
33.13	4.50
33.13	3.91
33.12	3.90
33.13	5.08
33.12	4.79
33.13	4.21
33.12	3.90
33.13	4.79
33.13	4.21
33.12	4.79
33.13	4.50
33.13	3.91
33.13	3.91
33.13	4.21
33.14	4.21
33.14	3.62
33.14	3.62
33.13	4.21
33.14	4.21
33.14	4.51
33.14	4.51
33.14	4.51
33.14	5.09
33.14	4.80
33.14	4.21
33.13	4.50
33.14	4.80
33.14	4.80
33.14	5.09
33.14	4.51
33.14	4.51
33.14	5.39
33.14	4.80
33.14	5.39
33.14	4.80
33.13	5.68
33.14	4.80
33.14	4.80
33.14	4.81
33.14	4.51
33.14	5.09
33.14	5.10
33.14	4.80
33.14	4.51
33.14	5.10
33.13	5.09
33.14	5.09
33.14	4.80
33.14	4.80
33.14	5.10
33.13	5.09
33.14	5.39
33.14	5.09
33.14	5.97
33.14	4.80
33.14	5.10
33.14	4.51
33.14	4.51
33.13	5.09
33.14	4.80
33.14	5.68
33.14	4.80
33.13	4.79
33.14	4.80
33.14	4.80
33.14	5.10
33.14	4.81
33.13	4.50
33.14	4.51
33.14	3.92
33.14	3.92
33.14	4.51
33.14	4.80
33.14	4.51
33.14	4.80
33.14	4.81
33.14	4.80
33.14	4.22
33.14	4.51
33.14	4.51
33.14	4.51
33.14	4.51
33.14	4.51
33.14	4.51
33.14	4.51
33.14	4.22
33.14	5.39
33.14	5.10
33.14	4.51
33.14	4.51
33.14	3.93
33.14	4.80
33.14	4.81
33.14	4.81
33.14	5.69
33.14	4.81
33.15	4.81
33.14	4.81
33.14	5.10
33.14	5.10
33.14	5.40
33.14	5.69
33.14	5.40
33.14	5.39
33.14	5.69
33.14	5.69
33.14	5.10
33.14	5.39
33.14	5.39
33.14	5.69
33.14	5.10
33.14	5.10
33.14	5.10
33.14	5.40
33.14	5.40
33.14	5.68
33.14	4.80
33.14	4.80
33.15	5.40
33.14	5.10
33.14	5.69
33.14	5.39
33.14	5.39
33.14	4.51
33.14	5.10
33.14	5.10
33.14	4.51
33.14	4.80
33.14	4.80
33.14	4.51
33.15	4.22
33.15	4.22
33.14	4.81
33.14	5.10
33.14	4.51
33.14	4.22
33.15	4.52
33.14	4.81
33.15	4.52
33.15	5.11
33.15	4.22
33.15	4.81
33.16	4.23
33.15	4.52
33.15	4.23
33.15	4.81
33.15	3.93
33.14	4.51
33.15	4.52
33.15	4.82
33.15	4.81
33.15	4.52
33.15	4.81
33.15	4.82
33.16	5.41
33.16	4.23
33.15	5.11
33.15	5.11
33.15	5.11
33.16	5.12
33.16	5.12
33.15	4.82
33.15	5.40
33.16	5.12
33.16	5.12
33.16	5.70
33.15	5.40
33.15	5.11
33.15	5.11
33.15	5.40
33.15	5.40
33.15	4.23
33.15	5.40
33.15	5.40
33.15	4.82
33.16	5.41
33.15	4.52
33.15	5.69
33.15	5.11
33.15	5.40
33.15	5.40
33.14	4.81
33.15	5.40
33.15	5.11
33.14	5.10
33.15	5.40
33.15	5.11
33.15	4.81
33.15	4.22
33.15	4.23
33.15	5.11
33.15	4.52
33.15	4.52
33.15	4.52
33.15	4.82
33.15	4.22
33.15	4.52
33.15	4.23
33.15	4.52
33.15	4.52
33.15	5.69
33.15	4.23
33.15	4.52
33.14	4.22
33.15	4.52
33.15	4.81
33.15	4.23
33.15	4.52
33.15	4.52
33.15	5.11
33.15	5.11
33.15	4.52
33.15	5.11
33.15	4.82
33.15	5.11
33.16	5.12
33.15	4.82
33.15	4.81
33.15	5.40
33.15	5.40
33.15	5.11
33.15	5.11
33.15	4.81
33.15	5.40
33.15	5.11
33.14	5.10
33.15	4.81
33.14	5.40
33.14	5.10
33.14	5.10
33.14	5.98
33.15	5.11
33.14	5.69
33.14	5.69
33.14	6.28
33.15	5.11
33.14	5.69
33.14	5.09
33.14	5.40
33.14	5.39
33.14	5.69
33.14	5.68
33.14	6.28
33.14	6.28
33.14	5.68
33.14	5.98
33.14	5.97
33.14	5.68
33.14	5.68
33.14	4.81
33.14	5.98
33.14	5.98
33.14	5.40
33.14	5.10
33.14	5.39
33.14	5.10
33.14	5.68
33.14	5.10
33.14	5.10
33.14	4.21
33.14	4.80
33.14	4.80
33.14	5.39
33.14	5.09
33.14	5.39
33.13	5.09
33.13	4.79
33.13	5.08
33.13	4.50
33.12	5.08
33.12	5.08
33.12	5.08
33.12	4.49
33.12	4.78
33.12	5.08
33.11	4.78
33.11	5.36
33.11	5.36
33.11	5.36
33.11	5.07
33.11	5.36
33.11	5.36
33.11	4.19
33.11	5.07
33.11	4.77
33.11	5.65
33.11	5.07
33.10	5.35
33.10	5.35
33.10	5.06
33.11	5.36
33.11	4.48
33.11	5.65
33.11	5.65
33.10	5.35
33.11	4.78
33.11	5.65
33.11	4.77
33.11	5.07
33.11	5.65
33.11	5.07
33.11	5.36
33.11	5.36
33.10	5.94
33.11	5.36
33.11	5.95
33.10	5.35
33.11	6.25
33.11	5.36
33.11	5.07
33.11	5.07
33.11	5.65
33.12	5.66
33.12	5.66
33.11	5.36
33.11	5.36
33.12	5.08
33.12	4.19
33.12	4.78
33.12	5.08
33.12	5.08
33.11	5.36
33.11	5.07
33.11	5.36
33.11	4.48
33.11	4.78
33.11	5.36
33.11	5.36
33.11	5.07
33.10	4.77
33.11	5.36
33.10	5.65
33.11	5.07
33.11	4.48
33.11	5.07
33.10	5.94
33.10	5.06
33.10	5.06
33.10	4.47
33.10	5.65
33.10	5.65
33.10	4.77
33.10	5.06
33.10	4.76
33.10	5.05
33.11	5.07
33.10	5.35
33.10	5.35
33.10	5.35
33.10	5.35
33.11	5.95
33.10	5.94
33.10	5.94
33.10	5.35
33.11	5.07
33.11	5.95
33.10	5.65
33.10	5.65
33.10	5.06
33.11	5.95
33.10	5.94
33.11	5.65
33.10	6.24
33.11	6.25
33.10	5.65
33.10	5.35
33.11	5.65
33.11	5.36
33.11	5.36
33.12	5.08
33.11	5.36
33.11	5.65
33.11	5.07
33.10	5.06
33.11	5.36
33.11	5.65
33.10	5.35
33.10	4.47
33.10	5.05
33.10	5.35
33.10	5.05
33.09	5.64
33.09	4.76
33.09	5.35
33.09	4.47
33.09	5.34
33.09	4.45
33.09	4.76
33.09	4.75
33.09	4.75
33.09	5.34
33.09	5.34
33.08	5.04
33.08	5.33
33.08	5.92
33.08	5.33
33.08	5.33
33.08	4.74
33.08	5.62
33.08	5.33
33.07	5.62
33.08	4.75
33.08	5.62
33.08	5.04
33.08	5.04
33.08	5.04
33.08	5.33
33.07	5.33
33.08	5.33
33.08	5.04
33.07	5.62
33.07	5.33
33.07	5.33
33.08	5.33
33.07	5.62
33.08	5.92
33.08	5.33
33.07	5.03
33.08	5.92
33.07	5.32
33.08	5.04
33.07	5.03
33.08	4.74
33.08	5.33
33.08	5.33
33.08	7.39
33.07	7.97
33.07	7.67
33.08	7.09
33.08	3.57
33.08	3.27
33.08	4.15
33.08	3.57
33.08	4.74
33.08	5.92
33.08	3.57
