index.html:314 The specified value "age here" cannot be parsed, or is out of range.
index.html:238 
puck.js:371 <BLE> Device Name:       MDBT42Q 8c7b
puck.js:371 <BLE> Device ID:         eQramo90V2OCP6sx1FX3dQ==
puck.js:371 <BLE> Connected
puck.js:371 <BLE> ERROR: NotFoundError: User cancelled the requestDevice() chooser.
index.html:217 Received JSON:  {t: "25.86", p: "1002.25"}
index.html:217 Received JSON:  {t: "25.86", p: "1002.26"}
index.html:217 Received JSON:  {t: "25.87", p: "1001.70"}
index.html:217 Received JSON:  {t: "25.87", p: "1001.69"}
index.html:217 Received JSON:  {t: "25.88", p: "1001.99"}
index.html:217 Received JSON:  {t: "25.89", p: "1002.02"}
index.html:217 Received JSON:  {t: "25.89", p: "1001.44"}
index.html:217 Received JSON:  {t: "25.91", p: "1001.46"}
index.html:217 Received JSON:  {t: "25.91", p: "1001.18"}
index.html:217 Received JSON:  {t: "25.92", p: "1001.19"}
index.html:217 Received JSON:  {t: "25.92", p: "1000.62"}
index.html:217 Received JSON:  {t: "25.93", p: "1000.64"}
index.html:217 Received JSON:  {t: "25.94", p: "1000.07"}
index.html:217 Received JSON:  {t: "25.94", p: "999.79"}
index.html:217 Received JSON:  {t: "25.95", p: "998.93"}
index.html:217 Received JSON:  {t: "25.96", p: "998.95"}
index.html:217 Received JSON:  {t: "25.97", p: "999.25"}
index.html:217 Received JSON:  {t: "25.97", p: "999.54"}
index.html:217 Received JSON:  {t: "25.97", p: "999.54"}
index.html:217 Received JSON:  {t: "25.98", p: "999.84"}
index.html:217 Received JSON:  {t: "25.99", p: "1000.72"}
index.html:217 Received JSON:  {t: "25.99", p: "1000.44"}
index.html:217 Received JSON:  {t: "26.00", p: "1000.73"}
index.html:174 MAX:
index.html:175 1001.1826176602295
index.html:217 Received JSON:  {t: "26.01", p: "1000.75"}
index.html:217 Received JSON:  {t: "26.01", p: "1000.75"}
index.html:217 Received JSON:  {t: "26.03", p: "1000.77"}
index.html:217 Received JSON:  {t: "26.03", p: "1001.06"}
index.html:217 Received JSON:  {t: "26.04", p: "1001.07"}
index.html:217 Received JSON:  {t: "26.04", p: "1001.65"}
index.html:217 Received JSON:  {t: "26.05", p: "1001.66"}
index.html:217 Received JSON:  {t: "26.06", p: "1002.24"}
index.html:217 Received JSON:  {t: "26.06", p: "1001.96"}
index.html:217 Received JSON:  {t: "26.07", p: "1001.69"}
index.html:217 Received JSON:  {t: "26.08", p: "1002.27"}
index.html:217 Received JSON:  {t: "26.08", p: "1001.70"}
index.html:217 Received JSON:  {t: "26.09", p: "1001.72"}
index.html:217 Received JSON:  {t: "26.09", p: "1002.01"}
index.html:217 Received JSON:  {t: "26.10", p: "1002.02"}
index.html:217 Received JSON:  {t: "26.11", p: "1002.03"}
index.html:217 Received JSON:  {t: "26.12", p: "1002.04"}
index.html:217 Received JSON:  {t: "26.12", p: "1002.05"}
index.html:217 Received JSON:  {t: "26.13", p: "1001.19"}
index.html:217 Received JSON:  {t: "26.13", p: "1001.20"}
index.html:217 Received JSON:  {t: "26.14", p: "1001.49"}
index.html:217 Received JSON:  {t: "26.15", p: "1001.80"}
index.html:217 Received JSON:  {t: "26.16", p: "1001.23"}
index.html:217 Received JSON:  {t: "26.17", p: "1001.82"}
index.html:217 Received JSON:  {t: "26.17", p: "1001.25"}
index.html:191 MAX:
index.html:192 1002.3381007697603
index.html:217 Received JSON:  {t: "26.17", p: "1001.54"}
index.html:217 Received JSON:  {t: "26.18", p: "1000.98"}
index.html:217 Received JSON:  {t: "26.19", p: "1001.57"}
index.html:217 Received JSON:  {t: "26.19", p: "1000.71"}
index.html:217 Received JSON:  {t: "26.20", p: "1000.72"}
index.html:217 Received JSON:  {t: "26.21", p: "1000.44"}
index.html:217 Received JSON:  {t: "26.21", p: "1000.16"}
index.html:217 Received JSON:  {t: "26.22", p: "1000.46"}
index.html:217 Received JSON:  {t: "26.23", p: "999.32"}
index.html:217 Received JSON:  {t: "26.24", p: "999.33"}
index.html:217 Received JSON:  {t: "26.25", p: "999.63"}
index.html:217 Received JSON:  {t: "26.25", p: "999.06"}
index.html:217 Received JSON:  {t: "26.26", p: "999.66"}
index.html:217 Received JSON:  {t: "26.27", p: "999.66"}
index.html:217 Received JSON:  {t: "26.27", p: "999.66"}
index.html:217 Received JSON:  {t: "26.28", p: "999.96"}
index.html:217 Received JSON:  {t: "26.28", p: "999.97"}
index.html:217 Received JSON:  {t: "26.29", p: "999.98"}
index.html:217 Received JSON:  {t: "26.29", p: "1000.28"}
index.html:217 Received JSON:  {t: "26.30", p: "1000.00"}
index.html:217 Received JSON:  {t: "26.31", p: "1000.58"}
index.html:217 Received JSON:  {t: "26.32", p: "1000.89"}
index.html:217 Received JSON:  {t: "26.33", p: "1001.75"}
index.html:217 Received JSON:  {t: "26.33", p: "1002.34"}
index.html:217 Received JSON:  {t: "26.34", p: "1002.35"}
index.html:217 Received JSON:  {t: "26.35", p: "1002.94"}
index.html:217 Received JSON:  {t: "26.36", p: "1002.95"}
index.html:217 Received JSON:  {t: "26.36", p: "1002.95"}
index.html:217 Received JSON:  {t: "26.36", p: "1002.09"}
index.html:217 Received JSON:  {t: "26.37", p: "1002.97"}
index.html:217 Received JSON:  {t: "26.38", p: "1002.40"}
index.html:217 Received JSON:  {t: "26.38", p: "1002.98"}
index.html:217 Received JSON:  {t: "26.39", p: "1002.13"}
index.html:217 Received JSON:  {t: "26.39", p: "1001.85"}
index.html:217 Received JSON:  {t: "26.41", p: "1002.44"}
index.html:217 Received JSON:  {t: "26.41", p: "1002.73"}
index.html:217 Received JSON:  {t: "26.42", p: "1002.75"}
index.html:217 Received JSON:  {t: "26.43", p: "1002.47"}
index.html:217 Received JSON:  {t: "26.43", p: "1001.90"}
index.html:217 Received JSON:  {t: "26.44", p: "1001.91"}
index.html:217 Received JSON:  {t: "26.45", p: "1003.07"}
index.html:217 Received JSON:  {t: "26.46", p: "1001.94"}
index.html:191 MAX:
index.html:192 1002.9949870608128
index.html:217 Received JSON:  {t: "26.46", p: "1002.23"}
index.html:217 Received JSON:  {t: "26.47", p: "1002.53"}
index.html:217 Received JSON:  {t: "26.48", p: "1002.25"}
index.html:217 Received JSON:  {t: "26.48", p: "1002.54"}
index.html:217 Received JSON:  {t: "26.48", p: "1001.68"}
index.html:217 Received JSON:  {t: "26.49", p: "1001.41"}
index.html:217 Received JSON:  {t: "26.50", p: "1000.85"}
index.html:217 Received JSON:  {t: "26.51", p: "1001.15"}
index.html:217 Received JSON:  {t: "26.51", p: "1000.29"}
index.html:217 Received JSON:  {t: "26.53", p: "1000.02"}
index.html:217 Received JSON:  {t: "26.53", p: "1000.03"}
index.html:217 Received JSON:  {t: "26.54", p: "1000.04"}
index.html:217 Received JSON:  {t: "26.55", p: "999.76"}
index.html:217 Received JSON:  {t: "26.55", p: "1000.06"}
index.html:217 Received JSON:  {t: "26.56", p: "999.49"}
index.html:217 Received JSON:  {t: "26.56", p: "998.63"}
index.html:217 Received JSON:  {t: "26.57", p: "999.22"}
index.html:217 Received JSON:  {t: "26.58", p: "999.80"}
index.html:217 Received JSON:  {t: "26.58", p: "999.81"}
index.html:217 Received JSON:  {t: "26.59", p: "1000.11"}
index.html:217 Received JSON:  {t: "26.60", p: "998.98"}
index.html:217 Received JSON:  {t: "26.61", p: "999.85"}
index.html:217 Received JSON:  {t: "26.61", p: "999.85"}
index.html:217 Received JSON:  {t: "26.62", p: "1000.44"}
index.html:217 Received JSON:  {t: "26.62", p: "999.87"}
index.html:217 Received JSON:  {t: "26.63", p: "1001.32"}
index.html:217 Received JSON:  {t: "26.64", p: "1000.76"}
index.html:217 Received JSON:  {t: "26.65", p: "1001.91"}
index.html:217 Received JSON:  {t: "26.66", p: "1002.50"}
index.html:217 Received JSON:  {t: "26.66", p: "1003.08"}
index.html:217 Received JSON:  {t: "27.68", p: "2.13"}
index.html:217 Received JSON:  {t: "27.68", p: "1.85"}
index.html:217 Received JSON:  {t: "27.69", p: "1.28"}
index.html:191 MAX:
index.html:192 1000.6680012744357
index.html:217 Received JSON:  {t: "27.70", p: "1.58"}
index.html:217 Received JSON:  {t: "27.70", p: "1.58"}
index.html:217 Received JSON:  {t: "27.71", p: "1.29"}
index.html:217 Received JSON:  {t: "27.72", p: "1.33"}
index.html:217 Received JSON:  {t: "27.72", p: "1.33"}
index.html:217 Received JSON:  {t: "27.74", p: "1.35"}
index.html:217 Received JSON:  {t: "27.74", p: "1.63"}
index.html:217 Received JSON:  {t: "27.75", p: "0.49"}
index.html:217 Received JSON:  {t: "27.75", p: "0.79"}
index.html:217 Received JSON:  {t: "27.76", p: "0.81"}
index.html:217 Received JSON:  {t: "27.77", p: "0.23"}
index.html:217 Received JSON:  {t: "27.78", p: "0.54"}
index.html:217 Received JSON:  {t: "27.78", p: "0.25"}
index.html:217 Received JSON:  {t: "27.79", p: "1.13"}
index.html:217 Received JSON:  {t: "27.79", p: "0.86"}
index.html:217 Received JSON:  {t: "27.80", p: "0.86"}
index.html:217 Received JSON:  {t: "27.81", p: "1.45"}
index.html:217 Received JSON:  {t: "27.82", p: "0.89"}
index.html:217 Received JSON:  {t: "27.82", p: "0.89"}
index.html:217 Received JSON:  {t: "27.83", p: "0.91"}
index.html:217 Received JSON:  {t: "27.84", p: "0.91"}
index.html:217 Received JSON:  {t: "27.84", p: "1.19"}
index.html:217 Received JSON:  {t: "27.85", p: "1.51"}
index.html:217 Received JSON:  {t: "27.86", p: "1.81"}
index.html:217 Received JSON:  {t: "27.87", p: "1.53"}
index.html:217 Received JSON:  {t: "27.87", p: "2.11"}
index.html:217 Received JSON:  {t: "27.87", p: "2.11"}
index.html:217 Received JSON:  {t: "27.88", p: "1.83"}
index.html:217 Received JSON:  {t: "27.89", p: "2.13"}
index.html:217 Received JSON:  {t: "27.89", p: "2.14"}
index.html:217 Received JSON:  {t: "27.91", p: "2.45"}
index.html:217 Received JSON:  {t: "27.91", p: "2.75"}
index.html:217 Received JSON:  {t: "27.92", p: "3.05"}
index.html:217 Received JSON:  {t: "27.93", p: "3.05"}
index.html:217 Received JSON:  {t: "27.93", p: "3.05"}
index.html:217 Received JSON:  {t: "27.94", p: "2.78"}
index.html:217 Received JSON:  {t: "27.95", p: "2.79"}
index.html:217 Received JSON:  {t: "27.96", p: "2.52"}
index.html:217 Received JSON:  {t: "27.96", p: "2.53"}
index.html:217 Received JSON:  {t: "27.97", p: "2.24"}
index.html:217 Received JSON:  {t: "27.98", p: "1.97"}
index.html:217 Received JSON:  {t: "27.98", p: "1.97"}
index.html:217 Received JSON:  {t: "27.99", p: "1.99"}
index.html:217 Received JSON:  {t: "27.99", p: "2.57"}
index.html:217 Received JSON:  {t: "28.00", p: "1.99"}
index.html:217 Received JSON:  {t: "28.01", p: "2.01"}
index.html:217 Received JSON:  {t: "28.02", p: "1.45"}
index.html:191 MAX:
index.html:192 2.6903750933931025
index.html:217 Received JSON:  {t: "28.02", p: "2.32"}
index.html:217 Received JSON:  {t: "28.03", p: "1.75"}
index.html:217 Received JSON:  {t: "28.04", p: "2.05"}
index.html:217 Received JSON:  {t: "28.04", p: "1.48"}
index.html:217 Received JSON:  {t: "28.05", p: "1.21"}
index.html:217 Received JSON:  {t: "28.06", p: "1.79"}
index.html:217 Received JSON:  {t: "28.06", p: "1.21"}
index.html:217 Received JSON:  {t: "28.07", p: "1.23"}
index.html:217 Received JSON:  {t: "28.08", p: "2.11"}
index.html:217 Received JSON:  {t: "28.08", p: "1.54"}
index.html:217 Received JSON:  {t: "28.09", p: "1.26"}
index.html:217 Received JSON:  {t: "28.09", p: "0.68"}
index.html:217 Received JSON:  {t: "28.11", p: "0.71"}
index.html:217 Received JSON:  {t: "28.11", p: "0.71"}
index.html:217 Received JSON:  {t: "28.11", p: "0.99"}
index.html:217 Received JSON:  {t: "28.12", p: "0.73"}
index.html:217 Received JSON:  {t: "28.13", p: "1.02"}
index.html:217 Received JSON:  {t: "28.13", p: "1.61"}
index.html:217 Received JSON:  {t: "28.15", p: "0.76"}
index.html:217 Received JSON:  {t: "28.16", p: "1.35"}
index.html:217 Received JSON:  {t: "28.16", p: "0.78"}
index.html:217 Received JSON:  {t: "28.16", p: "1.07"}
index.html:217 Received JSON:  {t: "28.17", p: "1.66"}
index.html:217 Received JSON:  {t: "28.18", p: "1.96"}
index.html:217 Received JSON:  {t: "28.19", p: "2.26"}
index.html:217 Received JSON:  {t: "28.19", p: "1.98"}
index.html:217 Received JSON:  {t: "28.20", p: "1.41"}
index.html:217 Received JSON:  {t: "28.20", p: "2.28"}
index.html:217 Received JSON:  {t: "28.21", p: "2.58"}
index.html:217 Received JSON:  {t: "28.21", p: "2.87"}
index.html:217 Received JSON:  {t: "28.23", p: "2.89"}
index.html:217 Received JSON:  {t: "28.23", p: "3.47"}
index.html:217 Received JSON:  {t: "28.24", p: "3.48"}
index.html:217 Received JSON:  {t: "28.24", p: "2.92"}
index.html:217 Received JSON:  {t: "28.25", p: "3.21"}
index.html:217 Received JSON:  {t: "28.26", p: "3.51"}
index.html:217 Received JSON:  {t: "28.26", p: "2.65"}
index.html:217 Received JSON:  {t: "28.27", p: "2.95"}
index.html:217 Received JSON:  {t: "28.28", p: "2.96"}
index.html:217 Received JSON:  {t: "28.28", p: "1.82"}
index.html:217 Received JSON:  {t: "28.29", p: "2.11"}
index.html:217 Received JSON:  {t: "28.29", p: "2.12"}
index.html:217 Received JSON:  {t: "28.31", p: "2.13"}
index.html:217 Received JSON:  {t: "28.32", p: "2.15"}
index.html:217 Received JSON:  {t: "28.32", p: "2.73"}
index.html:217 Received JSON:  {t: "28.32", p: "1.87"}
index.html:217 Received JSON:  {t: "28.33", p: "2.46"}
index.html:191 MAX:
index.html:192 2.9998841749562843
index.html:217 Received JSON:  {t: "28.34", p: "2.19"}
index.html:217 Received JSON:  {t: "28.34", p: "2.19"}
index.html:217 Received JSON:  {t: "28.35", p: "1.91"}
index.html:217 Received JSON:  {t: "28.36", p: "2.21"}
index.html:217 Received JSON:  {t: "28.37", p: "2.22"}
index.html:217 Received JSON:  {t: "28.37", p: "2.22"}
index.html:217 Received JSON:  {t: "28.38", p: "1.37"}
index.html:217 Received JSON:  {t: "28.38", p: "1.67"}
index.html:217 Received JSON:  {t: "28.39", p: "1.67"}
index.html:217 Received JSON:  {t: "28.40", p: "1.39"}
index.html:217 Received JSON:  {t: "28.41", p: "0.83"}
index.html:217 Received JSON:  {t: "28.41", p: "0.83"}
index.html:217 Received JSON:  {t: "28.42", p: "0.56"}
index.html:217 Received JSON:  {t: "28.43", p: "1.16"}
index.html:217 Received JSON:  {t: "28.43", p: "0.87"}
index.html:217 Received JSON:  {t: "28.44", p: "1.16"}
index.html:217 Received JSON:  {t: "28.45", p: "2.04"}
index.html:217 Received JSON:  {t: "28.45", p: "1.47"}
index.html:217 Received JSON:  {t: "28.46", p: "1.77"}
index.html:217 Received JSON:  {t: "28.46", p: "1.48"}
index.html:217 Received JSON:  {t: "28.47", p: "1.49"}
index.html:217 Received JSON:  {t: "28.48", p: "1.51"}
index.html:217 Received JSON:  {t: "28.49", p: "2.67"}
index.html:217 Received JSON:  {t: "28.49", p: "2.68"}
index.html:217 Received JSON:  {t: "28.49", p: "2.98"}
index.html:217 Received JSON:  {t: "28.50", p: "2.41"}
index.html:217 Received JSON:  {t: "28.51", p: "3.57"}
index.html:217 Received JSON:  {t: "28.52", p: "3.01"}
index.html:217 Received JSON:  {t: "28.53", p: "3.31"}
index.html:217 Received JSON:  {t: "28.53", p: "2.73"}
index.html:217 Received JSON:  {t: "28.53", p: "2.45"}
index.html:217 Received JSON:  {t: "28.55", p: "2.18"}
index.html:217 Received JSON:  {t: "28.55", p: "2.19"}
index.html:217 Received JSON:  {t: "28.56", p: "2.49"}
index.html:217 Received JSON:  {t: "28.57", p: "2.49"}
index.html:217 Received JSON:  {t: "28.57", p: "3.09"}
index.html:217 Received JSON:  {t: "28.57", p: "2.51"}
index.html:217 Received JSON:  {t: "28.58", p: "2.79"}
index.html:217 Received JSON:  {t: "28.59", p: "1.96"}
index.html:217 Received JSON:  {t: "28.60", p: "1.68"}
index.html:217 Received JSON:  {t: "28.60", p: "2.26"}
index.html:191 MAX:
index.html:192 2.761958892247335
index.html:217 Received JSON:  {t: "28.61", p: "1.97"}
index.html:217 Received JSON:  {t: "28.62", p: "2.28"}
index.html:217 Received JSON:  {t: "28.62", p: "1.42"}
index.html:217 Received JSON:  {t: "28.64", p: "2.31"}
index.html:217 Received JSON:  {t: "28.64", p: "2.02"}
index.html:217 Received JSON:  {t: "28.64", p: "2.31"}
index.html:217 Received JSON:  {t: "28.65", p: "1.46"}
index.html:217 Received JSON:  {t: "28.66", p: "1.18"}
index.html:217 Received JSON:  {t: "28.66", p: "1.18"}
index.html:217 Received JSON:  {t: "28.67", p: "0.91"}
index.html:217 Received JSON:  {t: "28.68", p: "0.92"}
index.html:217 Received JSON:  {t: "28.68", p: "1.49"}
index.html:217 Received JSON:  {t: "28.69", p: "0.93"}
index.html:217 Received JSON:  {t: "28.69", p: "1.23"}
index.html:217 Received JSON:  {t: "28.71", p: "0.97"}
index.html:217 Received JSON:  {t: "28.71", p: "1.55"}
index.html:217 Received JSON:  {t: "28.71", p: "1.55"}
index.html:217 Received JSON:  {t: "28.72", p: "1.27"}
index.html:217 Received JSON:  {t: "28.73", p: "2.43"}
index.html:217 Received JSON:  {t: "28.74", p: "1.58"}
index.html:217 Received JSON:  {t: "28.74", p: "2.73"}
index.html:217 Received JSON:  {t: "28.75", p: "3.04"}
index.html:217 Received JSON:  {t: "28.75", p: "3.04"}
index.html:217 Received JSON:  {t: "28.76", p: "2.19"}
index.html:217 Received JSON:  {t: "28.77", p: "3.07"}
index.html:217 Received JSON:  {t: "28.77", p: "3.07"}
index.html:217 Received JSON:  {t: "28.78", p: "3.37"}
index.html:217 Received JSON:  {t: "28.79", p: "2.81"}
index.html:217 Received JSON:  {t: "28.79", p: "3.11"}
index.html:217 Received JSON:  {t: "28.80", p: "3.11"}
index.html:217 Received JSON:  {t: "28.80", p: "2.83"}
index.html:217 Received JSON:  {t: "28.81", p: "3.13"}
index.html:217 Received JSON:  {t: "28.82", p: "3.13"}
index.html:217 Received JSON:  {t: "28.82", p: "3.14"}
index.html:217 Received JSON:  {t: "28.83", p: "2.57"}
index.html:217 Received JSON:  {t: "28.84", p: "3.16"}
index.html:217 Received JSON:  {t: "28.84", p: "2.59"}
index.html:217 Received JSON:  {t: "28.85", p: "2.32"}
index.html:217 Received JSON:  {t: "28.86", p: "2.62"}
index.html:217 Received JSON:  {t: "28.86", p: "2.04"}
index.html:217 Received JSON:  {t: "28.87", p: "1.76"}
index.html:217 Received JSON:  {t: "28.88", p: "1.78"}
index.html:191 MAX:
index.html:192 3.014615423800314
index.html:217 Received JSON:  {t: "28.88", p: "2.06"}
index.html:217 Received JSON:  {t: "28.89", p: "2.37"}
index.html:217 Received JSON:  {t: "28.89", p: "1.79"}
index.html:217 Received JSON:  {t: "28.90", p: "1.23"}
index.html:217 Received JSON:  {t: "28.90", p: "1.81"}
index.html:217 Received JSON:  {t: "28.91", p: "1.53"}
index.html:217 Received JSON:  {t: "28.92", p: "0.68"}
index.html:217 Received JSON:  {t: "28.93", p: "1.55"}
index.html:217 Received JSON:  {t: "28.94", p: "0.99"}
index.html:217 Received JSON:  {t: "28.94", p: "0.69"}
index.html:217 Received JSON:  {t: "28.94", p: "0.42"}
index.html:217 Received JSON:  {t: "28.95", p: "1.01"}
index.html:217 Received JSON:  {t: "28.96", p: "1.02"}
index.html:217 Received JSON:  {t: "28.96", p: "1.89"}
index.html:217 Received JSON:  {t: "28.97", p: "2.19"}
index.html:217 Received JSON:  {t: "28.97", p: "1.62"}
index.html:217 Received JSON:  {t: "28.98", p: "1.63"}
index.html:217 Received JSON:  {t: "28.99", p: "1.35"}
index.html:217 Received JSON:  {t: "28.99", p: "1.94"}
index.html:217 Received JSON:  {t: "28.99", p: "2.51"}
index.html:217 Received JSON:  {t: "29.01", p: "2.53"}
index.html:217 Received JSON:  {t: "29.01", p: "2.82"}
index.html:217 Received JSON:  {t: "29.02", p: "3.12"}
index.html:217 Received JSON:  {t: "29.03", p: "3.43"}
index.html:217 Received JSON:  {t: "29.02", p: "3.13"}
index.html:217 Received JSON:  {t: "29.04", p: "3.15"}
index.html:217 Received JSON:  {t: "29.05", p: "3.74"}
index.html:217 Received JSON:  {t: "29.05", p: "3.75"}
index.html:217 Received JSON:  {t: "29.06", p: "3.47"}
index.html:217 Received JSON:  {t: "29.06", p: "3.18"}
index.html:217 Received JSON:  {t: "29.07", p: "2.63"}
index.html:217 Received JSON:  {t: "29.07", p: "2.91"}
index.html:217 Received JSON:  {t: "29.08", p: "2.93"}
index.html:217 Received JSON:  {t: "29.09", p: "3.23"}
index.html:217 Received JSON:  {t: "29.09", p: "3.23"}
index.html:217 Received JSON:  {t: "29.10", p: "2.67"}
index.html:217 Received JSON:  {t: "29.11", p: "1.81"}
index.html:217 Received JSON:  {t: "29.11", p: "2.68"}
index.html:217 Received JSON:  {t: "29.12", p: "2.11"}
index.html:217 Received JSON:  {t: "29.12", p: "2.69"}
index.html:191 MAX:
index.html:192 3.2507617284853385
index.html:217 Received JSON:  {t: "29.13", p: "1.84"}
index.html:217 Received JSON:  {t: "29.14", p: "2.42"}
index.html:217 Received JSON:  {t: "29.15", p: "2.15"}
index.html:217 Received JSON:  {t: "29.15", p: "1.57"}
index.html:217 Received JSON:  {t: "29.15", p: "2.73"}
index.html:217 Received JSON:  {t: "29.16", p: "1.88"}
index.html:217 Received JSON:  {t: "29.17", p: "2.18"}
index.html:217 Received JSON:  {t: "29.18", p: "1.89"}
index.html:217 Received JSON:  {t: "29.18", p: "2.19"}
index.html:217 Received JSON:  {t: "29.19", p: "1.91"}
index.html:217 Received JSON:  {t: "29.19", p: "1.92"}
index.html:217 Received JSON:  {t: "29.19", p: "1.35"}
index.html:217 Received JSON:  {t: "29.19", p: "1.06"}
index.html:217 Received JSON:  {t: "29.21", p: "0.79"}
index.html:217 Received JSON:  {t: "29.21", p: "1.66"}
index.html:217 Received JSON:  {t: "29.22", p: "0.81"}
index.html:217 Received JSON:  {t: "29.23", p: "0.81"}
index.html:217 Received JSON:  {t: "29.23", p: "1.69"}
index.html:217 Received JSON:  {t: "29.23", p: "1.98"}
index.html:217 Received JSON:  {t: "29.25", p: "1.99"}
index.html:217 Received JSON:  {t: "29.25", p: "2.01"}
index.html:217 Received JSON:  {t: "29.26", p: "2.31"}
index.html:217 Received JSON:  {t: "29.27", p: "1.73"}
index.html:217 Received JSON:  {t: "29.27", p: "2.33"}
index.html:217 Received JSON:  {t: "29.28", p: "2.33"}
index.html:217 Received JSON:  {t: "29.29", p: "2.34"}
index.html:217 Received JSON:  {t: "29.29", p: "2.92"}
index.html:217 Received JSON:  {t: "29.29", p: "3.51"}
index.html:217 Received JSON:  {t: "29.30", p: "3.52"}
index.html:217 Received JSON:  {t: "29.31", p: "3.24"}
index.html:217 Received JSON:  {t: "29.31", p: "3.25"}
index.html:217 Received JSON:  {t: "29.32", p: "3.54"}
index.html:217 Received JSON:  {t: "29.32", p: "3.55"}
index.html:217 Received JSON:  {t: "29.33", p: "2.69"}
index.html:217 Received JSON:  {t: "29.34", p: "3.29"}
index.html:217 Received JSON:  {t: "29.35", p: "2.99"}
index.html:217 Received JSON:  {t: "29.35", p: "2.43"}
index.html:217 Received JSON:  {t: "29.35", p: "2.73"}
index.html:217 Received JSON:  {t: "29.36", p: "2.16"}
index.html:217 Received JSON:  {t: "29.36", p: "1.87"}
index.html:217 Received JSON:  {t: "29.37", p: "3.04"}
index.html:217 Received JSON:  {t: "29.38", p: "1.89"}
index.html:217 Received JSON:  {t: "29.38", p: "2.48"}
index.html:217 Received JSON:  {t: "29.39", p: "1.61"}
index.html:191 MAX:
index.html:192 3.168394458147624
index.html:217 Received JSON:  {t: "29.40", p: "2.49"}
index.html:217 Received JSON:  {t: "29.40", p: "2.51"}
index.html:217 Received JSON:  {t: "29.40", p: "2.79"}
index.html:217 Received JSON:  {t: "29.41", p: "1.94"}
index.html:217 Received JSON:  {t: "29.42", p: "1.95"}
index.html:217 Received JSON:  {t: "29.42", p: "1.66"}
index.html:217 Received JSON:  {t: "29.43", p: "1.39"}
index.html:217 Received JSON:  {t: "29.43", p: "1.97"}
index.html:217 Received JSON:  {t: "29.44", p: "1.11"}
index.html:217 Received JSON:  {t: "29.45", p: "0.83"}
index.html:217 Received JSON:  {t: "29.45", p: "1.42"}
index.html:217 Received JSON:  {t: "29.46", p: "1.42"}
index.html:217 Received JSON:  {t: "29.46", p: "1.42"}
index.html:217 Received JSON:  {t: "29.47", p: "1.43"}
index.html:217 Received JSON:  {t: "29.47", p: "2.03"}
index.html:217 Received JSON:  {t: "29.47", p: "2.03"}
index.html:217 Received JSON:  {t: "29.48", p: "2.04"}
index.html:217 Received JSON:  {t: "29.49", p: "1.76"}
index.html:217 Received JSON:  {t: "29.49", p: "2.63"}
index.html:217 Received JSON:  {t: "29.50", p: "2.35"}
index.html:217 Received JSON:  {t: "29.51", p: "2.93"}
index.html:217 Received JSON:  {t: "29.51", p: "2.94"}
index.html:217 Received JSON:  {t: "29.51", p: "3.82"}
index.html:217 Received JSON:  {t: "29.52", p: "2.96"}
index.html:217 Received JSON:  {t: "29.53", p: "2.68"}
index.html:217 Received JSON:  {t: "29.53", p: "3.84"}
index.html:217 Received JSON:  {t: "29.54", p: "3.85"}
index.html:217 Received JSON:  {t: "29.54", p: "3.28"}
index.html:217 Received JSON:  {t: "29.55", p: "3.01"}
index.html:217 Received JSON:  {t: "29.56", p: "3.29"}
index.html:217 Received JSON:  {t: "29.56", p: "3.89"}
index.html:217 Received JSON:  {t: "29.57", p: "3.02"}
index.html:217 Received JSON:  {t: "29.57", p: "2.16"}
index.html:217 Received JSON:  {t: "29.58", p: "2.46"}
index.html:217 Received JSON:  {t: "29.59", p: "3.33"}
index.html:217 Received JSON:  {t: "29.59", p: "3.35"}
index.html:217 Received JSON:  {t: "29.59", p: "2.77"}
index.html:217 Received JSON:  {t: "29.60", p: "2.49"}
index.html:217 Received JSON:  {t: "29.61", p: "2.49"}
index.html:217 Received JSON:  {t: "29.61", p: "2.22"}
index.html:191 MAX:
index.html:192 3.2779564876939045
index.html:217 Received JSON:  {t: "29.62", p: "2.52"}
index.html:217 Received JSON:  {t: "29.63", p: "2.24"}
index.html:217 Received JSON:  {t: "29.63", p: "1.66"}
index.html:217 Received JSON:  {t: "29.64", p: "2.26"}
index.html:217 Received JSON:  {t: "29.64", p: "2.26"}
index.html:217 Received JSON:  {t: "29.64", p: "2.55"}
index.html:217 Received JSON:  {t: "29.65", p: "1.98"}
index.html:217 Received JSON:  {t: "29.65", p: "1.99"}
index.html:217 Received JSON:  {t: "29.66", p: "1.69"}
index.html:217 Received JSON:  {t: "29.67", p: "2.29"}
index.html:217 Received JSON:  {t: "29.68", p: "1.73"}
index.html:217 Received JSON:  {t: "29.68", p: "1.16"}
index.html:217 Received JSON:  {t: "29.68", p: "1.74"}
index.html:217 Received JSON:  {t: "29.68", p: "0.87"}
index.html:217 Received JSON:  {t: "29.69", p: "1.17"}
index.html:217 Received JSON:  {t: "29.70", p: "1.76"}
index.html:217 Received JSON:  {t: "29.70", p: "1.19"}
index.html:217 Received JSON:  {t: "29.71", p: "1.78"}
index.html:217 Received JSON:  {t: "29.72", p: "1.49"}
index.html:217 Received JSON:  {t: "29.72", p: "1.79"}
index.html:217 Received JSON:  {t: "29.72", p: "1.22"}
index.html:217 Received JSON:  {t: "29.73", p: "1.52"}
index.html:217 Received JSON:  {t: "29.74", p: "2.09"}
index.html:217 Received JSON:  {t: "29.74", p: "1.81"}
index.html:217 Received JSON:  {t: "29.75", p: "2.41"}
index.html:217 Received JSON:  {t: "29.76", p: "2.13"}
index.html:217 Received JSON:  {t: "29.76", p: "2.13"}
index.html:217 Received JSON:  {t: "29.76", p: "2.13"}
index.html:217 Received JSON:  {t: "29.77", p: "2.15"}
index.html:217 Received JSON:  {t: "29.77", p: "2.15"}
index.html:217 Received JSON:  {t: "29.78", p: "2.45"}
index.html:217 Received JSON:  {t: "29.79", p: "2.46"}
index.html:217 Received JSON:  {t: "29.79", p: "3.05"}
index.html:217 Received JSON:  {t: "29.79", p: "3.05"}
index.html:217 Received JSON:  {t: "29.81", p: "2.78"}
index.html:217 Received JSON:  {t: "29.81", p: "3.07"}
index.html:217 Received JSON:  {t: "29.81", p: "3.37"}
index.html:217 Received JSON:  {t: "29.82", p: "3.38"}
index.html:217 Received JSON:  {t: "29.82", p: "3.66"}
index.html:217 Received JSON:  {t: "29.83", p: "3.67"}
index.html:217 Received JSON:  {t: "29.83", p: "3.68"}
index.html:217 Received JSON:  {t: "29.84", p: "3.39"}
index.html:217 Received JSON:  {t: "29.84", p: "3.41"}
index.html:217 Received JSON:  {t: "29.85", p: "3.42"}
index.html:217 Received JSON:  {t: "29.85", p: "3.71"}
index.html:217 Received JSON:  {t: "29.86", p: "3.13"}
index.html:217 Received JSON:  {t: "29.87", p: "2.86"}
index.html:217 Received JSON:  {t: "29.87", p: "3.16"}
index.html:217 Received JSON:  {t: "29.87", p: "3.45"}
index.html:217 Received JSON:  {t: "29.88", p: "2.58"}
index.html:217 Received JSON:  {t: "29.88", p: "3.47"}
index.html:217 Received JSON:  {t: "29.89", p: "3.47"}
index.html:217 Received JSON:  {t: "29.89", p: "2.61"}
index.html:217 Received JSON:  {t: "29.89", p: "2.62"}
index.html:191 MAX:
index.html:192 3.4409866906974345
index.html:217 Received JSON:  {t: "29.90", p: "2.33"}
index.html:217 Received JSON:  {t: "29.91", p: "2.92"}
index.html:217 Received JSON:  {t: "29.92", p: "2.07"}
index.html:217 Received JSON:  {t: "29.92", p: "2.06"}
index.html:217 Received JSON:  {t: "29.93", p: "2.37"}
index.html:217 Received JSON:  {t: "29.93", p: "2.38"}
index.html:217 Received JSON:  {t: "29.94", p: "2.09"}
index.html:217 Received JSON:  {t: "29.95", p: "2.39"}
index.html:217 Received JSON:  {t: "29.95", p: "1.53"}
index.html:217 Received JSON:  {t: "29.96", p: "0.96"}
index.html:217 Received JSON:  {t: "29.96", p: "1.25"}
index.html:217 Received JSON:  {t: "29.96", p: "1.25"}
index.html:217 Received JSON:  {t: "29.97", p: "1.56"}
index.html:217 Received JSON:  {t: "29.98", p: "0.99"}
index.html:217 Received JSON:  {t: "29.97", p: "1.85"}
index.html:217 Received JSON:  {t: "29.98", p: "1.58"}
index.html:217 Received JSON:  {t: "30.00", p: "10624.42"}
index.html:217 Received JSON:  {t: "-531.03", p: "-1377.41"}
index.html:217 Received JSON:  {t: "-531.03", p: "15398.84"}
index.html:217 Received JSON:  {t: "-531.03", p: "15398.84"}
index.html:217 Received JSON:  {t: "-531.03", p: "15398.84"}
index.html:217 Received JSON:  {t: "-531.03", p: "-20606.72"}
index.html:217 Received JSON:  {t: "-531.03", p: "-20607.77"}
index.html:217 Received JSON:  {t: "-531.03", p: "-1377.41"}
index.html:217 Received JSON:  {t: "-531.03", p: "15398.84"}
index.html:217 Received JSON:  {t: "30.04", p: "1.95"}
index.html:217 Received JSON:  {t: "-531.03", p: "15398.84"}
index.html:217 Received JSON:  {t: "30.18", p: "2.43"}
index.html:217 Received JSON:  {t: "-531.03", p: "15398.84"}
index.html:217 Received JSON:  {t: "-531.03", p: "15398.84"}
index.html:191 MAX:
index.html:192 3571.379221126606
index.html:217 Received JSON:  {t: "-531.03", p: "15398.84"}
index.html:217 Received JSON:  {t: "-531.03", p: "15398.84"}
index.html:217 Received JSON:  {t: "-531.03", p: "15398.84"}
index.html:217 Received JSON:  {t: "-531.03", p: "15398.84"}
index.html:217 Received JSON:  {t: "-531.03", p: "15398.84"}
index.html:217 Received JSON:  {t: "-531.03", p: "15398.84"}
index.html:217 Received JSON:  {t: "-531.03", p: "15398.84"}
index.html:217 Received JSON:  {t: "-531.03", p: "15398.84"}
index.html:217 Received JSON:  {t: "-531.03", p: "15398.84"}
index.html:217 Received JSON:  {t: "-531.03", p: "15398.84"}
index.html:217 Received JSON:  {t: "-531.03", p: "15398.84"}
index.html:217 Received JSON:  {t: "-531.03", p: "15398.84"}
index.html:217 Received JSON:  {t: "-531.03", p: "15398.84"}
index.html:217 Received JSON:  {t: "-531.03", p: "15398.84"}
index.html:217 Received JSON:  {t: "-531.03", p: "15398.84"}
index.html:217 Received JSON:  {t: "-531.03", p: "15398.84"}
index.html:217 Received JSON:  {t: "-531.03", p: "15398.84"}
index.html:217 Received JSON:  {t: "-531.03", p: "15398.84"}
index.html:217 Received JSON:  {t: "-531.03", p: "15398.84"}
index.html:217 Received JSON:  {t: "-531.03", p: "15398.84"}
index.html:217 Received JSON:  {t: "-531.03", p: "15398.84"}
index.html:217 Received JSON:  {t: "-531.03", p: "15398.84"}
index.html:217 Received JSON:  {t: "-531.03", p: "15398.84"}p: "15398.84"t: "-531.03"__proto__: Object
