index.html:314 The specified value "age here" cannot be parsed, or is out of range.
index.html:238 
puck.js:392 <BLE> Device Name:       MDBT42Q 4b36
puck.js:392 <BLE> Device ID:         3/qXJTtjP8dbTM6EvVeJCA==
puck.js:392 <BLE> Connected
index.html:227 Received:  >
index.html:228 SyntaxError: Unexpected token > in JSON at position 0
    at JSON.parse (<anonymous>)
    at onLine (index.html:216)
    at Object.ondata (index.html:253)
    at Object.emit (puck.js:131)
    at BluetoothRemoteGATTCharacteristic.<anonymous> (puck.js:262)
index.html:217 Received JSON:  {t: "30.38", p: "0.69"}
index.html:217 Received JSON:  {t: "30.38", p: "1.23"}
index.html:217 Received JSON:  {t: "30.39", p: "1.51"}
index.html:217 Received JSON:  {t: "30.39", p: "0.69"}
index.html:217 Received JSON:  {t: "30.38", p: "0.41"}
index.html:217 Received JSON:  {t: "30.39", p: "0.69"}
index.html:217 Received JSON:  {t: "30.39", p: "0.69"}
index.html:217 Received JSON:  {t: "30.38", p: "0.41"}
index.html:217 Received JSON:  {t: "30.39", p: "0.43"}
index.html:217 Received JSON:  {t: "30.39", p: "0.15"}
index.html:217 Received JSON:  {t: "30.39", p: "0.43"}
puck.js:392 <BLE> ERROR: NotFoundError: User cancelled the requestDevice() chooser.
index.html:217 Received JSON:  {t: "30.39", p: "-0.40"}
index.html:217 Received JSON:  {t: "30.39", p: "0.69"}
index.html:217 Received JSON:  {t: "30.39", p: "0.42"}
index.html:217 Received JSON:  {t: "30.39", p: "0.69"}
index.html:217 Received JSON:  {t: "30.39", p: "0.15"}
index.html:217 Received JSON:  {t: "30.39", p: "0.42"}
index.html:174 MAX:
index.html:175 0.6479409657151592
index.html:217 Received JSON:  {t: "30.39", p: "0.15"}
index.html:217 Received JSON:  {t: "30.39", p: "-0.39"}
index.html:217 Received JSON:  {t: "30.39", p: "-0.12"}
index.html:217 Received JSON:  {t: "30.39", p: "-0.93"}
index.html:217 Received JSON:  {t: "30.39", p: "-1.48"}
index.html:217 Received JSON:  {t: "30.39", p: "-2.30"}
index.html:217 Received JSON:  {t: "30.40", p: "-2.29"}
index.html:217 Received JSON:  {t: "30.40", p: "-2.84"}
index.html:217 Received JSON:  {t: "30.40", p: "-2.57"}
index.html:217 Received JSON:  {t: "30.40", p: "-3.11"}
index.html:217 Received JSON:  {t: "30.39", p: "-2.30"}
index.html:217 Received JSON:  {t: "30.40", p: "-2.29"}
index.html:217 Received JSON:  {t: "30.40", p: "-2.84"}
index.html:217 Received JSON:  {t: "30.40", p: "-1.75"}
index.html:217 Received JSON:  {t: "30.41", p: "-2.02"}
index.html:217 Received JSON:  {t: "30.40", p: "-1.75"}
index.html:217 Received JSON:  {t: "30.41", p: "-2.02"}
index.html:217 Received JSON:  {t: "30.41", p: "-1.74"}
index.html:217 Received JSON:  {t: "30.41", p: "-2.02"}
index.html:217 Received JSON:  {t: "30.41", p: "-2.01"}
index.html:217 Received JSON:  {t: "30.41", p: "-1.47"}
index.html:217 Received JSON:  {t: "30.42", p: "-1.73"}
index.html:217 Received JSON:  {t: "30.41", p: "-1.46"}
index.html:217 Received JSON:  {t: "30.41", p: "-0.92"}
index.html:217 Received JSON:  {t: "30.41", p: "-1.46"}
index.html:217 Received JSON:  {t: "30.42", p: "0.18"}
index.html:217 Received JSON:  {t: "30.42", p: "0.73"}
index.html:217 Received JSON:  {t: "30.42", p: "1.81"}
index.html:217 Received JSON:  {t: "30.42", p: "2.36"}
index.html:217 Received JSON:  {t: "30.43", p: "1.82"}
index.html:217 Received JSON:  {t: "30.42", p: "1.27"}
index.html:217 Received JSON:  {t: "30.43", p: "1.55"}
index.html:217 Received JSON:  {t: "30.43", p: "1.28"}
index.html:217 Received JSON:  {t: "30.43", p: "1.55"}
index.html:217 Received JSON:  {t: "30.44", p: "2.09"}
index.html:217 Received JSON:  {t: "30.44", p: "1.28"}
index.html:217 Received JSON:  {t: "30.44", p: "1.28"}
index.html:217 Received JSON:  {t: "30.44", p: "1.56"}
index.html:217 Received JSON:  {t: "30.44", p: "1.28"}
index.html:217 Received JSON:  {t: "30.44", p: "0.74"}
index.html:217 Received JSON:  {t: "30.44", p: "1.29"}
index.html:217 Received JSON:  {t: "30.44", p: "0.74"}
index.html:217 Received JSON:  {t: "30.44", p: "1.01"}
index.html:217 Received JSON:  {t: "30.45", p: "1.02"}
index.html:217 Received JSON:  {t: "30.45", p: "0.75"}
index.html:217 Received JSON:  {t: "30.45", p: "0.75"}
index.html:191 MAX:
index.html:192 1.510676722552689
index.html:217 Received JSON:  {t: "30.45", p: "0.75"}
index.html:217 Received JSON:  {t: "30.46", p: "0.21"}
index.html:217 Received JSON:  {t: "30.46", p: "0.76"}
index.html:217 Received JSON:  {t: "30.45", p: "0.48"}
index.html:217 Received JSON:  {t: "30.46", p: "0.49"}
index.html:217 Received JSON:  {t: "30.47", p: "0.22"}
index.html:217 Received JSON:  {t: "30.47", p: "0.22"}
index.html:217 Received JSON:  {t: "30.47", p: "-0.05"}
index.html:217 Received JSON:  {t: "30.48", p: "-0.59"}
index.html:217 Received JSON:  {t: "30.47", p: "-0.59"}
index.html:217 Received JSON:  {t: "30.48", p: "-1.95"}
index.html:217 Received JSON:  {t: "30.47", p: "-2.50"}
index.html:217 Received JSON:  {t: "30.48", p: "-3.04"}
index.html:217 Received JSON:  {t: "30.49", p: "-2.76"}
index.html:217 Received JSON:  {t: "30.48", p: "-2.50"}
index.html:217 Received JSON:  {t: "30.48", p: "-2.22"}
index.html:217 Received JSON:  {t: "30.49", p: "-2.76"}
index.html:217 Received JSON:  {t: "30.49", p: "-2.21"}
index.html:217 Received JSON:  {t: "30.49", p: "-2.49"}
index.html:217 Received JSON:  {t: "30.49", p: "-1.66"}
index.html:217 Received JSON:  {t: "30.49", p: "-1.94"}
index.html:217 Received JSON:  {t: "30.50", p: "-1.39"}
index.html:217 Received JSON:  {t: "30.50", p: "-1.93"}
index.html:217 Received JSON:  {t: "30.51", p: "-1.92"}
index.html:217 Received JSON:  {t: "30.51", p: "-1.65"}
index.html:217 Received JSON:  {t: "30.51", p: "-2.46"}
index.html:217 Received JSON:  {t: "30.52", p: "-1.92"}
index.html:217 Received JSON:  {t: "30.51", p: "-1.37"}
index.html:217 Received JSON:  {t: "30.52", p: "-1.92"}
index.html:217 Received JSON:  {t: "30.52", p: "-1.92"}
index.html:217 Received JSON:  {t: "30.52", p: "-1.37"}
index.html:217 Received JSON:  {t: "30.53", p: "-1.36"}
index.html:217 Received JSON:  {t: "30.53", p: "-1.09"}
index.html:217 Received JSON:  {t: "30.53", p: "-1.09"}
index.html:217 Received JSON:  {t: "30.53", p: "0.01"}
index.html:217 Received JSON:  {t: "30.53", p: "0.82"}
index.html:217 Received JSON:  {t: "30.54", p: "1.09"}
index.html:217 Received JSON:  {t: "30.54", p: "1.92"}
index.html:217 Received JSON:  {t: "30.54", p: "2.19"}
index.html:217 Received JSON:  {t: "30.55", p: "1.93"}
index.html:217 Received JSON:  {t: "30.54", p: "1.38"}
index.html:217 Received JSON:  {t: "30.56", p: "1.94"}
index.html:217 Received JSON:  {t: "30.56", p: "1.94"}
index.html:217 Received JSON:  {t: "30.55", p: "1.39"}
index.html:217 Received JSON:  {t: "30.56", p: "1.67"}
index.html:217 Received JSON:  {t: "30.56", p: "0.85"}
index.html:217 Received JSON:  {t: "30.56", p: "1.67"}
index.html:217 Received JSON:  {t: "30.57", p: "1.67"}
index.html:217 Received JSON:  {t: "30.57", p: "1.13"}
index.html:217 Received JSON:  {t: "30.57", p: "1.14"}
index.html:217 Received JSON:  {t: "30.57", p: "1.41"}
index.html:217 Received JSON:  {t: "30.58", p: "1.14"}
index.html:217 Received JSON:  {t: "30.58", p: "1.14"}
index.html:217 Received JSON:  {t: "30.58", p: "0.59"}
index.html:217 Received JSON:  {t: "30.58", p: "1.14"}
index.html:191 MAX:
index.html:192 1.6111528832176274
index.html:217 Received JSON:  {t: "30.59", p: "1.16"}
index.html:217 Received JSON:  {t: "30.59", p: "0.88"}
index.html:217 Received JSON:  {t: "30.59", p: "0.61"}
index.html:217 Received JSON:  {t: "30.59", p: "0.88"}
index.html:217 Received JSON:  {t: "30.60", p: "0.34"}
index.html:217 Received JSON:  {t: "30.59", p: "1.16"}
index.html:217 Received JSON:  {t: "30.61", p: "0.07"}
index.html:217 Received JSON:  {t: "30.61", p: "-0.19"}
index.html:217 Received JSON:  {t: "30.61", p: "0.08"}
index.html:217 Received JSON:  {t: "30.62", p: "-1.28"}
index.html:217 Received JSON:  {t: "30.62", p: "-1.82"}
index.html:217 Received JSON:  {t: "30.62", p: "-2.09"}
index.html:217 Received JSON:  {t: "30.62", p: "-2.09"}
index.html:217 Received JSON:  {t: "30.63", p: "-2.09"}
index.html:217 Received JSON:  {t: "30.63", p: "-1.81"}
index.html:217 Received JSON:  {t: "30.64", p: "-1.26"}
index.html:217 Received JSON:  {t: "30.64", p: "-1.26"}
index.html:217 Received JSON:  {t: "30.64", p: "-1.26"}
index.html:217 Received JSON:  {t: "30.65", p: "-1.80"}
index.html:217 Received JSON:  {t: "30.65", p: "-1.79"}
index.html:217 Received JSON:  {t: "30.65", p: "-1.52"}
index.html:217 Received JSON:  {t: "30.66", p: "-1.79"}
index.html:217 Received JSON:  {t: "30.66", p: "-1.24"}
index.html:217 Received JSON:  {t: "30.66", p: "-0.96"}
index.html:217 Received JSON:  {t: "30.67", p: "-1.23"}
index.html:217 Received JSON:  {t: "30.67", p: "-0.96"}
index.html:217 Received JSON:  {t: "30.67", p: "-0.69"}
index.html:217 Received JSON:  {t: "30.67", p: "-0.41"}
index.html:217 Received JSON:  {t: "30.68", p: "-0.40"}
index.html:217 Received JSON:  {t: "30.69", p: "0.15"}
index.html:217 Received JSON:  {t: "30.69", p: "-1.49"}
index.html:217 Received JSON:  {t: "30.69", p: "-1.76"}
index.html:217 Received JSON:  {t: "30.69", p: "-2.57"}
index.html:217 Received JSON:  {t: "30.70", p: "-0.39"}
index.html:217 Received JSON:  {t: "30.70", p: "-0.11"}
index.html:217 Received JSON:  {t: "30.71", p: "-2.02"}
index.html:217 Received JSON:  {t: "30.71", p: "-2.02"}
index.html:217 Received JSON:  {t: "30.71", p: "-0.37"}
index.html:217 Received JSON:  {t: "30.71", p: "0.17"}
index.html:217 Received JSON:  {t: "30.72", p: "0.45"}
index.html:217 Received JSON:  {t: "30.72", p: "0.72"}
index.html:191 MAX:
index.html:192 -0.906488700073629
index.html:217 Received JSON:  {t: "30.72", p: "0.45"}
index.html:217 Received JSON:  {t: "30.73", p: "0.46"}
index.html:217 Received JSON:  {t: "30.73", p: "0.19"}
index.html:217 Received JSON:  {t: "30.73", p: "0.46"}
index.html:217 Received JSON:  {t: "30.74", p: "-0.35"}
index.html:217 Received JSON:  {t: "30.74", p: "0.47"}
index.html:217 Received JSON:  {t: "30.74", p: "0.75"}
index.html:217 Received JSON:  {t: "30.75", p: "0.48"}
index.html:217 Received JSON:  {t: "30.76", p: "0.76"}
index.html:217 Received JSON:  {t: "30.76", p: "-0.06"}
index.html:217 Received JSON:  {t: "30.76", p: "0.21"}
index.html:217 Received JSON:  {t: "30.77", p: "-0.05"}
index.html:217 Received JSON:  {t: "30.77", p: "-0.59"}
index.html:217 Received JSON:  {t: "30.77", p: "-1.14"}
index.html:217 Received JSON:  {t: "30.78", p: "-1.41"}
index.html:217 Received JSON:  {t: "30.78", p: "-1.95"}
index.html:217 Received JSON:  {t: "30.78", p: "-1.95"}
index.html:191 MAX:
index.html:192 0.3437685684675985
index.html:217 Received JSON:  {t: "30.79", p: "-2.76"}
index.html:217 Received JSON:  {t: "30.79", p: "-1.94"}
index.html:217 Received JSON:  {t: "30.79", p: "-2.21"}
index.html:217 Received JSON:  {t: "30.80", p: "-2.20"}
index.html:217 Received JSON:  {t: "30.80", p: "-1.66"}
index.html:217 Received JSON:  {t: "30.81", p: "-2.20"}
index.html:217 Received JSON:  {t: "30.81", p: "-1.65"}
index.html:217 Received JSON:  {t: "30.81", p: "-0.83"}
index.html:217 Received JSON:  {t: "30.82", p: "-1.10"}
index.html:217 Received JSON:  {t: "30.82", p: "-1.36"}
index.html:217 Received JSON:  {t: "30.83", p: "-1.09"}
index.html:217 Received JSON:  {t: "30.83", p: "-1.09"}
index.html:217 Received JSON:  {t: "30.83", p: "-0.54"}
index.html:217 Received JSON:  {t: "30.83", p: "-0.27"}
index.html:217 Received JSON:  {t: "30.84", p: "-0.53"}
index.html:217 Received JSON:  {t: "30.85", p: "1.11"}
index.html:217 Received JSON:  {t: "30.85", p: "1.93"}
index.html:217 Received JSON:  {t: "30.85", p: "1.94"}
index.html:217 Received JSON:  {t: "30.85", p: "1.67"}
index.html:217 Received JSON:  {t: "30.85", p: "1.94"}
index.html:217 Received JSON:  {t: "30.86", p: "1.13"}
index.html:217 Received JSON:  {t: "30.87", p: "0.86"}
index.html:217 Received JSON:  {t: "30.87", p: "1.39"}
index.html:217 Received JSON:  {t: "30.88", p: "1.14"}
index.html:217 Received JSON:  {t: "30.88", p: "1.14"}
index.html:217 Received JSON:  {t: "30.89", p: "1.42"}
index.html:217 Received JSON:  {t: "30.89", p: "1.15"}
index.html:217 Received JSON:  {t: "30.89", p: "1.69"}
index.html:217 Received JSON:  {t: "30.89", p: "0.88"}
index.html:217 Received JSON:  {t: "30.90", p: "1.43"}
index.html:217 Received JSON:  {t: "30.91", p: "0.89"}
index.html:217 Received JSON:  {t: "30.91", p: "0.89"}
index.html:217 Received JSON:  {t: "30.91", p: "1.17"}
index.html:217 Received JSON:  {t: "30.92", p: "0.63"}
index.html:191 MAX:
index.html:192 1.3382188447253285
index.html:217 Received JSON:  {t: "30.92", p: "0.91"}
index.html:217 Received JSON:  {t: "30.92", p: "0.91"}
index.html:217 Received JSON:  {t: "30.92", p: "0.91"}
index.html:217 Received JSON:  {t: "30.93", p: "-0.17"}
index.html:217 Received JSON:  {t: "30.94", p: "0.92"}
index.html:217 Received JSON:  {t: "30.94", p: "0.65"}
index.html:217 Received JSON:  {t: "30.94", p: "0.09"}
index.html:217 Received JSON:  {t: "30.95", p: "0.11"}
index.html:217 Received JSON:  {t: "30.95", p: "-0.97"}
index.html:217 Received JSON:  {t: "30.95", p: "-1.79"}
index.html:217 Received JSON:  {t: "30.97", p: "-2.33"}
index.html:217 Received JSON:  {t: "30.97", p: "-2.05"}
index.html:217 Received JSON:  {t: "30.97", p: "-2.59"}
index.html:217 Received JSON:  {t: "30.97", p: "-2.33"}
index.html:217 Received JSON:  {t: "30.97", p: "-1.50"}
index.html:217 Received JSON:  {t: "30.98", p: "-2.04"}
index.html:217 Received JSON:  {t: "30.98", p: "-1.49"}
index.html:217 Received JSON:  {t: "30.99", p: "-2.03"}
index.html:217 Received JSON:  {t: "30.99", p: "-2.03"}
index.html:217 Received JSON:  {t: "30.99", p: "-1.48"}
index.html:217 Received JSON:  {t: "31.01", p: "-0.93"}
index.html:217 Received JSON:  {t: "31.01", p: "-2.02"}
index.html:217 Received JSON:  {t: "31.01", p: "-1.47"}
index.html:217 Received JSON:  {t: "31.01", p: "-1.19"}
index.html:217 Received JSON:  {t: "31.01", p: "-1.19"}
index.html:217 Received JSON:  {t: "31.02", p: "-0.91"}
index.html:217 Received JSON:  {t: "31.03", p: "-0.63"}
index.html:217 Received JSON:  {t: "31.03", p: "-0.91"}
index.html:217 Received JSON:  {t: "31.03", p: "-0.90"}
index.html:217 Received JSON:  {t: "31.04", p: "-0.08"}
index.html:217 Received JSON:  {t: "31.04", p: "-0.08"}
index.html:217 Received JSON:  {t: "31.05", p: "0.19"}
index.html:217 Received JSON:  {t: "31.05", p: "1.03"}
index.html:217 Received JSON:  {t: "31.06", p: "2.39"}
index.html:217 Received JSON:  {t: "31.05", p: "2.39"}
index.html:217 Received JSON:  {t: "31.06", p: "1.85"}
index.html:217 Received JSON:  {t: "31.07", p: "1.86"}
index.html:217 Received JSON:  {t: "31.07", p: "1.86"}
index.html:217 Received JSON:  {t: "31.08", p: "1.87"}
index.html:217 Received JSON:  {t: "31.08", p: "2.14"}
index.html:217 Received JSON:  {t: "31.08", p: "1.33"}
index.html:217 Received JSON:  {t: "31.09", p: "0.78"}
index.html:217 Received JSON:  {t: "31.09", p: "1.33"}
index.html:217 Received JSON:  {t: "31.10", p: "1.34"}
index.html:217 Received JSON:  {t: "31.10", p: "1.07"}
index.html:217 Received JSON:  {t: "31.10", p: "0.79"}
index.html:217 Received JSON:  {t: "31.11", p: "0.79"}
index.html:217 Received JSON:  {t: "31.11", p: "1.35"}
index.html:217 Received JSON:  {t: "31.12", p: "0.81"}
index.html:217 Received JSON:  {t: "31.12", p: "0.81"}
index.html:191 MAX:
index.html:192 1.6780352288601008
index.html:217 Received JSON:  {t: "31.13", p: "0.55"}
index.html:217 Received JSON:  {t: "31.13", p: "0.01"}
index.html:217 Received JSON:  {t: "31.14", p: "0.01"}
index.html:217 Received JSON:  {t: "31.14", p: "-5.17"}
index.html:217 Received JSON:  {t: "31.14", p: "-10.63"}
index.html:217 Received JSON:  {t: "31.15", p: "-11.45"}
index.html:217 Received JSON:  {t: "31.15", p: "-11.17"}
index.html:217 Received JSON:  {t: "31.16", p: "-11.44"}
index.html:217 Received JSON:  {t: "31.17", p: "-11.70"}
index.html:217 Received JSON:  {t: "31.17", p: "-12.25"}
index.html:217 Received JSON:  {t: "31.17", p: "-12.79"}
index.html:217 Received JSON:  {t: "31.17", p: "-13.06"}
index.html:217 Received JSON:  {t: "31.18", p: "-13.60"}
index.html:217 Received JSON:  {t: "31.18", p: "-12.78"}
index.html:217 Received JSON:  {t: "31.19", p: "-12.77"}
index.html:217 Received JSON:  {t: "31.19", p: "-12.23"}
index.html:217 Received JSON:  {t: "31.19", p: "-12.22"}
index.html:217 Received JSON:  {t: "31.20", p: "-12.22"}
index.html:217 Received JSON:  {t: "31.19", p: "-12.22"}
index.html:217 Received JSON:  {t: "31.21", p: "-13.03"}
index.html:217 Received JSON:  {t: "31.21", p: "-12.48"}
index.html:217 Received JSON:  {t: "31.22", p: "-10.56"}
index.html:217 Received JSON:  {t: "31.22", p: "-7.01"}
index.html:217 Received JSON:  {t: "31.22", p: "-2.09"}
index.html:217 Received JSON:  {t: "31.22", p: "4.19"}
index.html:217 Received JSON:  {t: "31.23", p: "15.94"}
index.html:217 Received JSON:  {t: "31.24", p: "17.58"}
index.html:217 Received JSON:  {t: "31.24", p: "16.49"}
index.html:217 Received JSON:  {t: "31.25", p: "16.49"}
index.html:217 Received JSON:  {t: "31.25", p: "15.68"}
index.html:217 Received JSON:  {t: "31.25", p: "14.05"}
index.html:217 Received JSON:  {t: "31.26", p: "13.78"}
index.html:217 Received JSON:  {t: "31.26", p: "14.05"}
index.html:217 Received JSON:  {t: "31.27", p: "12.69"}
index.html:217 Received JSON:  {t: "31.27", p: "11.59"}
index.html:217 Received JSON:  {t: "31.27", p: "11.88"}
index.html:217 Received JSON:  {t: "31.28", p: "11.06"}
index.html:217 Received JSON:  {t: "31.28", p: "11.34"}
index.html:217 Received JSON:  {t: "31.29", p: "11.08"}
index.html:217 Received JSON:  {t: "31.29", p: "11.63"}
index.html:217 Received JSON:  {t: "31.29", p: "11.89"}
index.html:217 Received JSON:  {t: "31.30", p: "11.09"}
index.html:217 Received JSON:  {t: "31.30", p: "10.27"}
index.html:217 Received JSON:  {t: "31.31", p: "9.19"}
index.html:191 MAX:
index.html:192 13.837153866576962
index.html:217 Received JSON:  {t: "31.31", p: "8.37"}
index.html:217 Received JSON:  {t: "31.32", p: "7.28"}
index.html:217 Received JSON:  {t: "31.33", p: "7.01"}
index.html:217 Received JSON:  {t: "31.33", p: "6.75"}
index.html:217 Received JSON:  {t: "31.33", p: "5.93"}
index.html:217 Received JSON:  {t: "31.34", p: "4.57"}
index.html:217 Received JSON:  {t: "31.34", p: "4.57"}
index.html:217 Received JSON:  {t: "31.35", p: "4.85"}
index.html:217 Received JSON:  {t: "31.35", p: "5.67"}
index.html:217 Received JSON:  {t: "31.35", p: "5.39"}
index.html:217 Received JSON:  {t: "31.36", p: "5.95"}
index.html:217 Received JSON:  {t: "31.37", p: "5.14"}
index.html:217 Received JSON:  {t: "31.37", p: "5.69"}
index.html:217 Received JSON:  {t: "31.37", p: "3.78"}
index.html:217 Received JSON:  {t: "31.38", p: "3.78"}
index.html:217 Received JSON:  {t: "31.38", p: "3.78"}
index.html:217 Received JSON:  {t: "31.38", p: "2.42"}
index.html:217 Received JSON:  {t: "31.39", p: "1.88"}
index.html:217 Received JSON:  {t: "31.39", p: "2.69"}
index.html:217 Received JSON:  {t: "31.40", p: "2.17"}
index.html:217 Received JSON:  {t: "31.41", p: "0.53"}
index.html:217 Received JSON:  {t: "31.40", p: "-0.29"}
index.html:217 Received JSON:  {t: "31.42", p: "-0.55"}
index.html:217 Received JSON:  {t: "31.41", p: "-1.10"}
index.html:217 Received JSON:  {t: "31.42", p: "-2.46"}
index.html:217 Received JSON:  {t: "31.42", p: "-3.55"}
index.html:217 Received JSON:  {t: "31.43", p: "-4.37"}
index.html:217 Received JSON:  {t: "31.44", p: "-3.54"}
index.html:217 Received JSON:  {t: "31.44", p: "-3.54"}
index.html:217 Received JSON:  {t: "31.44", p: "-3.81"}
index.html:217 Received JSON:  {t: "31.45", p: "-4.07"}
index.html:217 Received JSON:  {t: "31.45", p: "-3.25"}
index.html:217 Received JSON:  {t: "31.45", p: "-3.52"}
index.html:217 Received JSON:  {t: "31.46", p: "-3.52"}
index.html:217 Received JSON:  {t: "31.46", p: "-3.79"}
index.html:217 Received JSON:  {t: "31.47", p: "-3.23"}
index.html:217 Received JSON:  {t: "31.48", p: "-3.23"}
index.html:217 Received JSON:  {t: "31.48", p: "-3.50"}
index.html:217 Received JSON:  {t: "31.49", p: "-3.22"}
index.html:217 Received JSON:  {t: "31.49", p: "-3.49"}
index.html:217 Received JSON:  {t: "31.49", p: "-3.49"}
index.html:217 Received JSON:  {t: "31.50", p: "-3.48"}
index.html:217 Received JSON:  {t: "31.51", p: "-3.20"}
index.html:217 Received JSON:  {t: "31.51", p: "-2.93"}
index.html:217 Received JSON:  {t: "31.51", p: "-3.47"}
index.html:217 Received JSON:  {t: "31.51", p: "-2.39"}
index.html:217 Received JSON:  {t: "31.52", p: "-2.37"}
index.html:217 Received JSON:  {t: "31.52", p: "-2.10"}
index.html:217 Received JSON:  {t: "31.53", p: "-2.09"}
index.html:217 Received JSON:  {t: "31.53", p: "-2.36"}
index.html:217 Received JSON:  {t: "31.54", p: "-2.08"}
index.html:217 Received JSON:  {t: "31.54", p: "-1.80"}
index.html:217 Received JSON:  {t: "31.54", p: "-1.26"}
index.html:217 Received JSON:  {t: "31.55", p: "-2.07"}
index.html:217 Received JSON:  {t: "31.55", p: "-0.98"}
index.html:217 Received JSON:  {t: "31.56", p: "-0.42"}
index.html:217 Received JSON:  {t: "31.57", p: "1.77"}
index.html:217 Received JSON:  {t: "31.56", p: "2.04"}
index.html:217 Received JSON:  {t: "31.58", p: "2.06"}
index.html:217 Received JSON:  {t: "31.57", p: "2.05"}
index.html:217 Received JSON:  {t: "31.58", p: "2.06"}
index.html:217 Received JSON:  {t: "31.59", p: "2.34"}
index.html:217 Received JSON:  {t: "31.59", p: "1.79"}
index.html:217 Received JSON:  {t: "31.59", p: "2.07"}
index.html:217 Received JSON:  {t: "31.60", p: "1.79"}
index.html:217 Received JSON:  {t: "31.60", p: "1.79"}
index.html:217 Received JSON:  {t: "31.61", p: "0.99"}
index.html:217 Received JSON:  {t: "31.61", p: "1.27"}
index.html:217 Received JSON:  {t: "31.61", p: "1.54"}
index.html:217 Received JSON:  {t: "31.62", p: "0.73"}
index.html:217 Received JSON:  {t: "31.62", p: "0.99"}
index.html:217 Received JSON:  {t: "31.63", p: "1.56"}
index.html:217 Received JSON:  {t: "31.64", p: "0.74"}
index.html:217 Received JSON:  {t: "31.64", p: "0.47"}
index.html:217 Received JSON:  {t: "31.64", p: "0.47"}
index.html:191 MAX:
index.html:192 1.8128823124313964
index.html:217 Received JSON:  {t: "31.65", p: "0.75"}
index.html:217 Received JSON:  {t: "31.65", p: "0.75"}
index.html:217 Received JSON:  {t: "31.65", p: "0.48"}
index.html:217 Received JSON:  {t: "31.66", p: "0.49"}
index.html:217 Received JSON:  {t: "31.66", p: "-0.06"}
index.html:217 Received JSON:  {t: "31.67", p: "0.23"}
index.html:217 Received JSON:  {t: "31.68", p: "-0.04"}
index.html:217 Received JSON:  {t: "31.68", p: "-0.32"}
index.html:217 Received JSON:  {t: "31.68", p: "-1.13"}
index.html:217 Received JSON:  {t: "31.69", p: "-1.67"}
index.html:217 Received JSON:  {t: "31.69", p: "-2.76"}
index.html:217 Received JSON:  {t: "31.69", p: "-3.03"}
index.html:217 Received JSON:  {t: "31.69", p: "-3.30"}
index.html:217 Received JSON:  {t: "31.71", p: "-3.02"}
index.html:217 Received JSON:  {t: "31.71", p: "-3.29"}
index.html:217 Received JSON:  {t: "31.72", p: "-2.47"}
index.html:217 Received JSON:  {t: "31.72", p: "-2.74"}
index.html:217 Received JSON:  {t: "31.72", p: "-2.46"}
index.html:217 Received JSON:  {t: "31.73", p: "-2.19"}
index.html:217 Received JSON:  {t: "31.73", p: "-2.18"}
index.html:217 Received JSON:  {t: "31.74", p: "-2.17"}
index.html:217 Received JSON:  {t: "31.74", p: "-2.44"}
index.html:217 Received JSON:  {t: "31.75", p: "-2.16"}
index.html:217 Received JSON:  {t: "31.75", p: "-2.71"}
index.html:217 Received JSON:  {t: "31.76", p: "-1.61"}
index.html:217 Received JSON:  {t: "31.76", p: "-2.43"}
index.html:217 Received JSON:  {t: "31.76", p: "-2.15"}
index.html:217 Received JSON:  {t: "31.77", p: "-1.60"}
index.html:217 Received JSON:  {t: "31.77", p: "-1.32"}
index.html:217 Received JSON:  {t: "31.78", p: "-1.86"}
index.html:217 Received JSON:  {t: "31.78", p: "-1.86"}
index.html:217 Received JSON:  {t: "31.79", p: "-1.59"}
index.html:217 Received JSON:  {t: "31.79", p: "-1.03"}
index.html:217 Received JSON:  {t: "31.79", p: "-1.03"}
index.html:217 Received JSON:  {t: "31.80", p: "-1.57"}
index.html:217 Received JSON:  {t: "31.79", p: "-1.85"}
index.html:217 Received JSON:  {t: "31.81", p: "-1.01"}
index.html:217 Received JSON:  {t: "31.81", p: "-0.47"}
index.html:217 Received JSON:  {t: "31.81", p: "-0.46"}
index.html:217 Received JSON:  {t: "31.82", p: "0.09"}
index.html:217 Received JSON:  {t: "31.82", p: "1.19"}
index.html:217 Received JSON:  {t: "31.83", p: "2.56"}
index.html:217 Received JSON:  {t: "31.84", p: "3.39"}
index.html:217 Received JSON:  {t: "31.84", p: "3.11"}
index.html:217 Received JSON:  {t: "31.85", p: "3.12"}
index.html:217 Received JSON:  {t: "31.85", p: "2.29"}
index.html:217 Received JSON:  {t: "31.85", p: "2.57"}
index.html:217 Received JSON:  {t: "31.86", p: "2.04"}
index.html:217 Received JSON:  {t: "31.86", p: "2.31"}
index.html:217 Received JSON:  {t: "31.86", p: "2.31"}
index.html:217 Received JSON:  {t: "31.87", p: "2.32"}
index.html:217 Received JSON:  {t: "31.88", p: "1.78"}
index.html:217 Received JSON:  {t: "31.88", p: "1.51"}
index.html:217 Received JSON:  {t: "31.88", p: "1.51"}
index.html:217 Received JSON:  {t: "31.89", p: "1.25"}
index.html:217 Received JSON:  {t: "31.89", p: "0.69"}
index.html:217 Received JSON:  {t: "31.89", p: "1.25"}
index.html:217 Received JSON:  {t: "31.90", p: "1.81"}
index.html:217 Received JSON:  {t: "31.91", p: "1.26"}
index.html:191 MAX:
index.html:192 2.4024955501126435
index.html:217 Received JSON:  {t: "31.91", p: "1.81"}
index.html:217 Received JSON:  {t: "31.91", p: "0.99"}
index.html:217 Received JSON:  {t: "31.91", p: "1.27"}
index.html:217 Received JSON:  {t: "31.93", p: "1.01"}
index.html:217 Received JSON:  {t: "31.93", p: "0.46"}
index.html:217 Received JSON:  {t: "31.93", p: "0.46"}
index.html:217 Received JSON:  {t: "31.94", p: "0.19"}
index.html:217 Received JSON:  {t: "31.94", p: "1.29"}
index.html:217 Received JSON:  {t: "31.94", p: "1.02"}
index.html:217 Received JSON:  {t: "31.95", p: "0.76"}
index.html:217 Received JSON:  {t: "31.96", p: "0.49"}
index.html:217 Received JSON:  {t: "31.96", p: "0.49"}
index.html:217 Received JSON:  {t: "31.96", p: "-0.88"}
index.html:217 Received JSON:  {t: "31.97", p: "-0.87"}
index.html:217 Received JSON:  {t: "31.97", p: "-1.69"}
index.html:217 Received JSON:  {t: "31.97", p: "-2.51"}
index.html:217 Received JSON:  {t: "31.98", p: "-2.77"}
index.html:217 Received JSON:  {t: "31.98", p: "-2.22"}
index.html:217 Received JSON:  {t: "31.99", p: "-2.77"}
index.html:217 Received JSON:  {t: "31.99", p: "-1.94"}
index.html:217 Received JSON:  {t: "31.99", p: "-2.22"}
index.html:217 Received JSON:  {t: "32.00", p: "-2.21"}
index.html:217 Received JSON:  {t: "32.00", p: "-2.21"}
index.html:217 Received JSON:  {t: "32.01", p: "-2.47"}
index.html:217 Received JSON:  {t: "32.02", p: "-2.47"}
index.html:217 Received JSON:  {t: "32.02", p: "-2.19"}
index.html:217 Received JSON:  {t: "32.03", p: "-1.64"}
index.html:217 Received JSON:  {t: "32.03", p: "-2.19"}
index.html:217 Received JSON:  {t: "32.03", p: "-2.18"}
index.html:217 Received JSON:  {t: "32.04", p: "-2.45"}
index.html:217 Received JSON:  {t: "32.04", p: "-1.35"}
index.html:217 Received JSON:  {t: "32.05", p: "-1.89"}
index.html:217 Received JSON:  {t: "32.05", p: "-1.61"}
index.html:217 Received JSON:  {t: "32.06", p: "-1.33"}
index.html:217 Received JSON:  {t: "32.06", p: "0.03"}
index.html:217 Received JSON:  {t: "32.06", p: "0.86"}
index.html:217 Received JSON:  {t: "32.07", p: "2.49"}
index.html:217 Received JSON:  {t: "32.07", p: "2.78"}
index.html:217 Received JSON:  {t: "32.08", p: "2.79"}
index.html:217 Received JSON:  {t: "32.08", p: "2.24"}
index.html:217 Received JSON:  {t: "32.09", p: "2.52"}
index.html:217 Received JSON:  {t: "32.09", p: "1.98"}
index.html:217 Received JSON:  {t: "32.09", p: "1.43"}
index.html:217 Received JSON:  {t: "32.10", p: "1.71"}
index.html:217 Received JSON:  {t: "32.10", p: "1.99"}
index.html:217 Received JSON:  {t: "32.11", p: "2.27"}
index.html:217 Received JSON:  {t: "32.12", p: "1.45"}
index.html:217 Received JSON:  {t: "32.12", p: "1.18"}
index.html:217 Received JSON:  {t: "32.12", p: "1.46"}
index.html:217 Received JSON:  {t: "32.12", p: "1.74"}
index.html:217 Received JSON:  {t: "32.13", p: "1.74"}
index.html:217 Received JSON:  {t: "32.13", p: "1.74"}
index.html:217 Received JSON:  {t: "32.14", p: "1.19"}
index.html:217 Received JSON:  {t: "32.14", p: "0.65"}
index.html:191 MAX:
index.html:192 2.0063004449043453
index.html:217 Received JSON:  {t: "32.15", p: "1.21"}
index.html:217 Received JSON:  {t: "32.15", p: "0.94"}
index.html:217 Received JSON:  {t: "32.16", p: "1.22"}
index.html:217 Received JSON:  {t: "32.16", p: "0.67"}
index.html:217 Received JSON:  {t: "32.16", p: "0.95"}
index.html:217 Received JSON:  {t: "32.17", p: "0.41"}
index.html:217 Received JSON:  {t: "32.17", p: "0.41"}
index.html:217 Received JSON:  {t: "32.18", p: "0.42"}
index.html:217 Received JSON:  {t: "32.18", p: "-0.13"}
index.html:217 Received JSON:  {t: "32.19", p: "-0.94"}
index.html:217 Received JSON:  {t: "32.19", p: "-0.66"}
index.html:217 Received JSON:  {t: "32.20", p: "-1.20"}
index.html:217 Received JSON:  {t: "32.20", p: "-2.02"}
index.html:217 Received JSON:  {t: "32.21", p: "-1.47"}
index.html:217 Received JSON:  {t: "32.21", p: "-2.57"}
index.html:217 Received JSON:  {t: "32.21", p: "-2.56"}
index.html:217 Received JSON:  {t: "32.22", p: "-2.83"}
index.html:217 Received JSON:  {t: "32.22", p: "-2.29"}
index.html:217 Received JSON:  {t: "32.22", p: "-2.01"}
index.html:217 Received JSON:  {t: "32.23", p: "-2.27"}
index.html:217 Received JSON:  {t: "32.24", p: "-2.82"}
index.html:217 Received JSON:  {t: "32.24", p: "-2.81"}
index.html:217 Received JSON:  {t: "32.24", p: "-2.26"}
index.html:217 Received JSON:  {t: "32.25", p: "-1.71"}
index.html:217 Received JSON:  {t: "32.25", p: "-1.71"}
index.html:217 Received JSON:  {t: "32.25", p: "-1.70"}
index.html:217 Received JSON:  {t: "32.26", p: "-1.97"}
index.html:217 Received JSON:  {t: "32.27", p: "-1.14"}
index.html:217 Received JSON:  {t: "32.27", p: "-0.87"}
index.html:217 Received JSON:  {t: "32.28", p: "-1.14"}
index.html:217 Received JSON:  {t: "32.28", p: "-1.13"}
index.html:217 Received JSON:  {t: "32.28", p: "-0.59"}
index.html:217 Received JSON:  {t: "32.28", p: "-0.85"}
index.html:217 Received JSON:  {t: "32.29", p: "0.51"}
index.html:217 Received JSON:  {t: "32.29", p: "1.07"}
index.html:217 Received JSON:  {t: "32.30", p: "2.45"}
index.html:217 Received JSON:  {t: "32.30", p: "1.89"}
index.html:217 Received JSON:  {t: "32.31", p: "1.91"}
index.html:217 Received JSON:  {t: "32.31", p: "1.63"}
index.html:217 Received JSON:  {t: "32.32", p: "2.19"}
index.html:217 Received JSON:  {t: "32.32", p: "1.91"}
index.html:217 Received JSON:  {t: "32.33", p: "1.65"}
index.html:217 Received JSON:  {t: "32.33", p: "1.93"}
index.html:217 Received JSON:  {t: "32.33", p: "1.38"}
index.html:217 Received JSON:  {t: "32.34", p: "1.66"}
index.html:217 Received JSON:  {t: "32.35", p: "1.67"}
index.html:217 Received JSON:  {t: "32.35", p: "1.39"}
index.html:217 Received JSON:  {t: "32.35", p: "1.12"}
index.html:217 Received JSON:  {t: "32.36", p: "1.13"}
index.html:217 Received JSON:  {t: "32.36", p: "1.39"}
index.html:217 Received JSON:  {t: "32.36", p: "1.13"}
index.html:217 Received JSON:  {t: "32.37", p: "1.96"}
index.html:217 Received JSON:  {t: "32.37", p: "0.87"}
index.html:191 MAX:
index.html:192 1.7474167700729486
index.html:217 Received JSON:  {t: "32.38", p: "0.88"}
index.html:217 Received JSON:  {t: "32.38", p: "0.59"}
index.html:217 Received JSON:  {t: "32.38", p: "1.15"}
index.html:217 Received JSON:  {t: "32.39", p: "0.07"}
index.html:217 Received JSON:  {t: "32.40", p: "0.89"}
index.html:217 Received JSON:  {t: "32.40", p: "-0.47"}
index.html:217 Received JSON:  {t: "32.41", p: "-0.47"}
index.html:217 Received JSON:  {t: "32.41", p: "-0.74"}
index.html:217 Received JSON:  {t: "32.41", p: "-1.29"}
index.html:217 Received JSON:  {t: "32.42", p: "-1.83"}
index.html:217 Received JSON:  {t: "32.42", p: "-2.10"}
index.html:217 Received JSON:  {t: "32.42", p: "-1.82"}
index.html:217 Received JSON:  {t: "32.43", p: "-2.09"}
index.html:217 Received JSON:  {t: "32.44", p: "-1.54"}
index.html:217 Received JSON:  {t: "32.44", p: "-1.54"}
index.html:217 Received JSON:  {t: "32.44", p: "-1.53"}
index.html:217 Received JSON:  {t: "32.45", p: "-0.98"}
index.html:217 Received JSON:  {t: "32.45", p: "-0.98"}
index.html:217 Received JSON:  {t: "32.45", p: "-2.07"}
index.html:217 Received JSON:  {t: "32.45", p: "-0.97"}
index.html:217 Received JSON:  {t: "32.46", p: "-1.24"}
index.html:217 Received JSON:  {t: "32.47", p: "-1.51"}
index.html:217 Received JSON:  {t: "32.47", p: "-1.23"}
index.html:217 Received JSON:  {t: "32.48", p: "-0.68"}
index.html:217 Received JSON:  {t: "32.48", p: "-0.67"}
index.html:217 Received JSON:  {t: "32.48", p: "-1.22"}
index.html:217 Received JSON:  {t: "32.49", p: "-0.39"}
index.html:217 Received JSON:  {t: "32.49", p: "0.16"}
index.html:217 Received JSON:  {t: "32.49", p: "-0.66"}
index.html:217 Received JSON:  {t: "32.51", p: "-0.38"}
index.html:217 Received JSON:  {t: "32.51", p: "0.45"}
index.html:217 Received JSON:  {t: "32.51", p: "-0.10"}
index.html:217 Received JSON:  {t: "32.51", p: "0.72"}
index.html:217 Received JSON:  {t: "32.52", p: "1.28"}
index.html:217 Received JSON:  {t: "32.52", p: "1.56"}
index.html:217 Received JSON:  {t: "32.53", p: "1.83"}
index.html:217 Received JSON:  {t: "32.53", p: "1.84"}
index.html:217 Received JSON:  {t: "32.53", p: "1.56"}
index.html:217 Received JSON:  {t: "32.53", p: "2.11"}
index.html:217 Received JSON:  {t: "32.54", p: "1.02"}
index.html:217 Received JSON:  {t: "32.55", p: "1.85"}
index.html:217 Received JSON:  {t: "32.56", p: "1.31"}
index.html:217 Received JSON:  {t: "32.56", p: "1.31"}
index.html:217 Received JSON:  {t: "32.56", p: "1.04"}
index.html:217 Received JSON:  {t: "32.56", p: "1.31"}
index.html:217 Received JSON:  {t: "32.57", p: "1.05"}
index.html:217 Received JSON:  {t: "32.57", p: "0.23"}
index.html:217 Received JSON:  {t: "32.57", p: "0.49"}
index.html:217 Received JSON:  {t: "32.58", p: "0.51"}
index.html:217 Received JSON:  {t: "32.58", p: "0.79"}
index.html:217 Received JSON:  {t: "32.59", p: "0.52"}
index.html:191 MAX:
index.html:192 1.4943692575007759
index.html:217 Received JSON:  {t: "32.59", p: "0.52"}
index.html:217 Received JSON:  {t: "32.60", p: "0.79"}
index.html:217 Received JSON:  {t: "32.60", p: "0.53"}
index.html:217 Received JSON:  {t: "32.61", p: "-0.01"}
index.html:217 Received JSON:  {t: "32.61", p: "-0.01"}
index.html:217 Received JSON:  {t: "32.62", p: "-0.28"}
index.html:217 Received JSON:  {t: "32.62", p: "-0.00"}
index.html:217 Received JSON:  {t: "32.62", p: "0.55"}
index.html:217 Received JSON:  {t: "32.62", p: "-0.00"}
index.html:217 Received JSON:  {t: "32.63", p: "-0.26"}
index.html:217 Received JSON:  {t: "32.64", p: "0.01"}
index.html:217 Received JSON:  {t: "32.64", p: "-0.26"}
index.html:217 Received JSON:  {t: "32.64", p: "-0.53"}
index.html:217 Received JSON:  {t: "32.64", p: "-1.07"}
index.html:217 Received JSON:  {t: "32.65", p: "-0.80"}
index.html:217 Received JSON:  {t: "32.65", p: "-1.89"}
index.html:217 Received JSON:  {t: "32.66", p: "-1.61"}
index.html:217 Received JSON:  {t: "32.66", p: "-1.61"}
index.html:217 Received JSON:  {t: "32.67", p: "-1.60"}
index.html:217 Received JSON:  {t: "32.68", p: "-1.32"}
index.html:217 Received JSON:  {t: "32.68", p: "-1.87"}
index.html:217 Received JSON:  {t: "32.68", p: "-1.32"}
index.html:217 Received JSON:  {t: "32.68", p: "-1.59"}
index.html:217 Received JSON:  {t: "32.69", p: "-1.59"}
index.html:217 Received JSON:  {t: "32.69", p: "-1.85"}
index.html:217 Received JSON:  {t: "32.69", p: "-1.58"}
index.html:217 Received JSON:  {t: "32.69", p: "-1.30"}
index.html:217 Received JSON:  {t: "32.70", p: "-1.02"}
index.html:217 Received JSON:  {t: "32.71", p: "-1.84"}
index.html:217 Received JSON:  {t: "32.71", p: "-0.20"}
index.html:217 Received JSON:  {t: "32.72", p: "0.91"}
index.html:217 Received JSON:  {t: "32.72", p: "0.09"}
index.html:217 Received JSON:  {t: "32.72", p: "0.09"}
index.html:217 Received JSON:  {t: "32.73", p: "0.37"}
index.html:217 Received JSON:  {t: "32.73", p: "1.75"}
index.html:217 Received JSON:  {t: "32.73", p: "-1.27"}
index.html:217 Received JSON:  {t: "32.74", p: "-3.19"}
index.html:217 Received JSON:  {t: "32.75", p: "-1.52"}
index.html:217 Received JSON:  {t: "32.75", p: "-0.15"}
index.html:217 Received JSON:  {t: "32.76", p: "-2.89"}
index.html:217 Received JSON:  {t: "32.76", p: "-3.71"}
index.html:217 Received JSON:  {t: "32.76", p: "0.39"}
index.html:217 Received JSON:  {t: "32.76", p: "0.41"}
index.html:217 Received JSON:  {t: "32.77", p: "0.41"}
index.html:217 Received JSON:  {t: "32.77", p: "0.68"}
index.html:191 MAX:
index.html:192 -0.3301642288909136
index.html:217 Received JSON:  {t: "32.77", p: "0.69"}
index.html:217 Received JSON:  {t: "32.78", p: "0.69"}
index.html:217 Received JSON:  {t: "32.78", p: "-0.13"}
index.html:217 Received JSON:  {t: "32.79", p: "1.52"}
index.html:217 Received JSON:  {t: "32.79", p: "0.43"}
index.html:217 Received JSON:  {t: "32.79", p: "0.98"}
index.html:217 Received JSON:  {t: "32.80", p: "-0.11"}
index.html:217 Received JSON:  {t: "32.80", p: "0.17"}
index.html:217 Received JSON:  {t: "32.81", p: "-1.47"}
index.html:217 Received JSON:  {t: "32.81", p: "-1.47"}
index.html:217 Received JSON:  {t: "32.81", p: "-1.47"}
puck.js:392 <BLE> Disconnected (gattserverdisconnected)
