index.html:314 The specified value "age here" cannot be parsed, or is out of range.
index.html:238 
puck.js:371 <BLE> Device Name:       MDBT42Q 51da
puck.js:371 <BLE> Device ID:         5hCdXYp5pTFNmybqlkNNIQ==
puck.js:371 <BLE> Connected
puck.js:371 <BLE> ERROR: NotFoundError: User cancelled the requestDevice() chooser.
index.html:217 Received JSON:  {t: "33.32", p: "1010.09"}
index.html:217 Received JSON:  {t: "33.32", p: "1010.10"}
index.html:217 Received JSON:  {t: "33.33", p: "1010.11"}
index.html:217 Received JSON:  {t: "33.33", p: "1010.40"}
index.html:217 Received JSON:  {t: "33.33", p: "1009.24"}
index.html:217 Received JSON:  {t: "33.34", p: "1009.25"}
index.html:217 Received JSON:  {t: "33.34", p: "1009.54"}
index.html:217 Received JSON:  {t: "33.34", p: "1009.55"}
index.html:217 Received JSON:  {t: "33.35", p: "1009.26"}
index.html:217 Received JSON:  {t: "33.35", p: "1008.68"}
index.html:217 Received JSON:  {t: "33.35", p: "1008.69"}
index.html:217 Received JSON:  {t: "33.35", p: "1008.98"}
index.html:217 Received JSON:  {t: "33.36", p: "1009.28"}
index.html:217 Received JSON:  {t: "33.36", p: "1008.41"}
index.html:217 Received JSON:  {t: "33.37", p: "1008.12"}
index.html:217 Received JSON:  {t: "33.37", p: "1008.42"}
index.html:217 Received JSON:  {t: "33.37", p: "1008.12"}
index.html:217 Received JSON:  {t: "33.37", p: "1008.13"}
index.html:217 Received JSON:  {t: "33.37", p: "1007.84"}
index.html:217 Received JSON:  {t: "33.37", p: "1007.84"}
index.html:217 Received JSON:  {t: "33.38", p: "1007.85"}
index.html:217 Received JSON:  {t: "33.39", p: "1007.28"}
index.html:217 Received JSON:  {t: "33.38", p: "1007.56"}
index.html:174 MAX:
index.html:175 1009.4357853217624
index.html:217 Received JSON:  {t: "33.39", p: "1007.28"}
index.html:217 Received JSON:  {t: "33.39", p: "1006.99"}
index.html:217 Received JSON:  {t: "33.39", p: "1006.99"}
index.html:217 Received JSON:  {t: "33.39", p: "1007.28"}
index.html:217 Received JSON:  {t: "33.39", p: "1007.29"}
index.html:217 Received JSON:  {t: "33.39", p: "1007.29"}
index.html:217 Received JSON:  {t: "33.40", p: "1007.88"}
index.html:217 Received JSON:  {t: "33.39", p: "1008.16"}
index.html:217 Received JSON:  {t: "33.40", p: "1007.29"}
index.html:217 Received JSON:  {t: "33.41", p: "1008.76"}
index.html:217 Received JSON:  {t: "33.41", p: "1008.77"}
index.html:217 Received JSON:  {t: "33.41", p: "1008.48"}
index.html:217 Received JSON:  {t: "33.42", p: "1008.78"}
index.html:217 Received JSON:  {t: "33.42", p: "1009.07"}
index.html:217 Received JSON:  {t: "33.42", p: "1009.36"}
index.html:217 Received JSON:  {t: "33.42", p: "1009.66"}
index.html:217 Received JSON:  {t: "33.42", p: "1010.54"}
index.html:217 Received JSON:  {t: "33.42", p: "1010.54"}
index.html:217 Received JSON:  {t: "33.43", p: "1011.72"}
index.html:217 Received JSON:  {t: "33.43", p: "1010.84"}
index.html:217 Received JSON:  {t: "33.44", p: "1010.26"}
index.html:217 Received JSON:  {t: "33.44", p: "1009.97"}
index.html:217 Received JSON:  {t: "33.44", p: "1009.98"}
index.html:217 Received JSON:  {t: "33.45", p: "1010.28"}
index.html:217 Received JSON:  {t: "33.45", p: "1010.28"}
index.html:217 Received JSON:  {t: "33.45", p: "1009.69"}
index.html:217 Received JSON:  {t: "33.45", p: "1008.82"}
index.html:217 Received JSON:  {t: "33.45", p: "1009.41"}
index.html:217 Received JSON:  {t: "33.46", p: "1009.13"}
index.html:217 Received JSON:  {t: "33.45", p: "1009.41"}
index.html:217 Received JSON:  {t: "33.46", p: "1009.13"}
index.html:217 Received JSON:  {t: "33.47", p: "1009.14"}
index.html:217 Received JSON:  {t: "33.47", p: "1008.56"}
index.html:191 MAX:
index.html:192 1010.7560189991387
index.html:217 Received JSON:  {t: "33.47", p: "1008.85"}
index.html:217 Received JSON:  {t: "33.47", p: "1009.73"}
index.html:217 Received JSON:  {t: "33.47", p: "1008.85"}
index.html:217 Received JSON:  {t: "33.48", p: "1008.86"}
index.html:217 Received JSON:  {t: "33.48", p: "1007.99"}
index.html:217 Received JSON:  {t: "33.48", p: "1007.99"}
index.html:217 Received JSON:  {t: "33.48", p: "1008.58"}
index.html:217 Received JSON:  {t: "33.49", p: "1008.00"}
index.html:217 Received JSON:  {t: "33.49", p: "1008.00"}
index.html:217 Received JSON:  {t: "33.49", p: "1007.71"}
index.html:217 Received JSON:  {t: "33.49", p: "1007.43"}
index.html:217 Received JSON:  {t: "33.49", p: "1008.30"}
index.html:217 Received JSON:  {t: "33.49", p: "1007.43"}
index.html:217 Received JSON:  {t: "33.50", p: "1007.43"}
index.html:217 Received JSON:  {t: "33.50", p: "1008.31"}
index.html:217 Received JSON:  {t: "33.51", p: "1007.74"}
index.html:217 Received JSON:  {t: "33.51", p: "1007.45"}
index.html:217 Received JSON:  {t: "33.51", p: "1008.03"}
index.html:217 Received JSON:  {t: "33.51", p: "1007.16"}
index.html:217 Received JSON:  {t: "33.52", p: "1008.04"}
index.html:217 Received JSON:  {t: "33.52", p: "1008.04"}
index.html:217 Received JSON:  {t: "33.53", p: "1008.35"}
index.html:217 Received JSON:  {t: "33.52", p: "1008.63"}
index.html:217 Received JSON:  {t: "33.53", p: "1008.93"}
index.html:217 Received JSON:  {t: "33.52", p: "1009.22"}
index.html:217 Received JSON:  {t: "33.53", p: "1009.23"}
index.html:217 Received JSON:  {t: "33.53", p: "1009.23"}
index.html:217 Received JSON:  {t: "33.54", p: "1009.82"}
index.html:217 Received JSON:  {t: "33.54", p: "1010.99"}
index.html:217 Received JSON:  {t: "33.54", p: "1010.12"}
index.html:217 Received JSON:  {t: "33.54", p: "1010.71"}
index.html:217 Received JSON:  {t: "33.54", p: "1010.70"}
index.html:217 Received JSON:  {t: "33.55", p: "1010.13"}
index.html:217 Received JSON:  {t: "33.55", p: "1010.13"}
index.html:217 Received JSON:  {t: "33.55", p: "1009.55"}
index.html:217 Received JSON:  {t: "33.56", p: "1009.27"}
index.html:217 Received JSON:  {t: "33.56", p: "1009.56"}
index.html:217 Received JSON:  {t: "33.56", p: "1009.56"}
index.html:217 Received JSON:  {t: "33.57", p: "1008.99"}
index.html:217 Received JSON:  {t: "33.57", p: "1008.99"}
index.html:217 Received JSON:  {t: "33.57", p: "1008.99"}
index.html:217 Received JSON:  {t: "33.57", p: "1008.70"}
index.html:217 Received JSON:  {t: "33.57", p: "1008.41"}
index.html:217 Received JSON:  {t: "33.58", p: "1009.29"}
index.html:191 MAX:
index.html:192 1010.5194813805116
index.html:217 Received JSON:  {t: "33.58", p: "1008.71"}
index.html:217 Received JSON:  {t: "33.58", p: "1008.72"}
index.html:217 Received JSON:  {t: "33.58", p: "1008.72"}
index.html:217 Received JSON:  {t: "33.58", p: "1008.13"}
index.html:217 Received JSON:  {t: "33.59", p: "1008.15"}
index.html:217 Received JSON:  {t: "33.59", p: "1008.14"}
index.html:217 Received JSON:  {t: "33.59", p: "1008.15"}
index.html:217 Received JSON:  {t: "33.59", p: "1007.86"}
index.html:217 Received JSON:  {t: "33.59", p: "1007.57"}
index.html:217 Received JSON:  {t: "33.60", p: "1007.29"}
index.html:217 Received JSON:  {t: "33.61", p: "1008.17"}
index.html:217 Received JSON:  {t: "33.61", p: "1007.58"}
index.html:217 Received JSON:  {t: "33.61", p: "1006.71"}
index.html:217 Received JSON:  {t: "33.61", p: "1007.30"}
index.html:217 Received JSON:  {t: "33.61", p: "1007.01"}
index.html:217 Received JSON:  {t: "33.61", p: "1007.01"}
index.html:217 Received JSON:  {t: "33.62", p: "1007.60"}
index.html:217 Received JSON:  {t: "33.62", p: "1007.61"}
index.html:217 Received JSON:  {t: "33.63", p: "1007.91"}
index.html:217 Received JSON:  {t: "33.62", p: "1008.19"}
index.html:217 Received JSON:  {t: "33.96", p: "1.55"}
index.html:217 Received JSON:  {t: "33.97", p: "1.27"}
index.html:217 Received JSON:  {t: "33.97", p: "1.86"}
index.html:191 MAX:
index.html:192 1008.4888616602177
index.html:217 Received JSON:  {t: "33.97", p: "1.27"}
index.html:217 Received JSON:  {t: "33.97", p: "1.57"}
index.html:217 Received JSON:  {t: "33.98", p: "1.87"}
index.html:217 Received JSON:  {t: "33.98", p: "0.99"}
index.html:217 Received JSON:  {t: "33.98", p: "1.88"}
index.html:217 Received JSON:  {t: "33.99", p: "10976.81"}
index.html:217 Received JSON:  {t: "-531.03", p: "-21083.99"}
index.html:217 Received JSON:  {t: "-531.03", p: "15391.19"}
index.html:217 Received JSON:  {t: "-531.03", p: "15391.19"}
index.html:217 Received JSON:  {t: "-531.03", p: "15391.19"}
index.html:217 Received JSON:  {t: "-531.03", p: "15391.19"}
index.html:217 Received JSON:  {t: "-531.03", p: "-21090.81"}
index.html:217 Received JSON:  {t: "34.06", p: "-9350.54"}
index.html:217 Received JSON:  {t: "34.03", p: "10981.91"}
index.html:217 Received JSON:  {t: "-531.03", p: "15391.19"}
index.html:217 Received JSON:  {t: "-531.03", p: "15391.19"}
index.html:217 Received JSON:  {t: "-531.03", p: "15391.19"}
index.html:217 Received JSON:  {t: "-531.03", p: "-21091.33"}
index.html:217 Received JSON:  {t: "-531.03", p: "15391.19"}
index.html:217 Received JSON:  {t: "-531.03", p: "15391.19"}
index.html:217 Received JSON:  {t: "-531.03", p: "15391.19"}
index.html:217 Received JSON:  {t: "-531.03", p: "15391.19"}
index.html:217 Received JSON:  {t: "-531.03", p: "-21094.48"}
index.html:217 Received JSON:  {t: "-531.03", p: "15391.19"}
index.html:217 Received JSON:  {t: "-531.03", p: "15391.19"}
index.html:217 Received JSON:  {t: "-531.03", p: "15391.19"}
index.html:217 Received JSON:  {t: "-531.03", p: "15391.19"}
index.html:217 Received JSON:  {t: "-531.03", p: "15391.19"}
index.html:217 Received JSON:  {t: "-531.03", p: "15391.19"}
index.html:217 Received JSON:  {t: "-531.03", p: "15391.19"}
index.html:217 Received JSON:  {t: "-531.03", p: "15391.19"}
index.html:217 Received JSON:  {t: "-531.03", p: "15391.19"}
index.html:217 Received JSON:  {t: "-531.03", p: "15391.19"}
index.html:217 Received JSON:  {t: "-531.03", p: "15391.19"}
index.html:217 Received JSON:  {t: "-531.03", p: "15391.19"}
index.html:217 Received JSON:  {t: "-531.03", p: "15391.19"}
index.html:217 Received JSON:  {t: "-531.03", p: "15391.19"}
index.html:217 Received JSON:  {t: "-531.03", p: "15391.19"}
index.html:217 Received JSON:  {t: "-531.03", p: "15391.19"}
index.html:217 Received JSON:  {t: "-531.03", p: "15391.19"}
index.html:217 Received JSON:  {t: "-531.03", p: "15391.19"}
index.html:217 Received JSON:  {t: "-531.03", p: "15391.19"}
index.html:217 Received JSON:  {t: "-531.03", p: "-1386.09"}
index.html:217 Received JSON:  {t: "-531.03", p: "15391.19"}
index.html:217 Received JSON:  {t: "-531.03", p: "15391.19"}
index.html:217 Received JSON:  {t: "-531.03", p: "15391.19"}
index.html:191 MAX:
index.html:192 15387.732836376936
index.html:217 Received JSON:  {t: "-531.03", p: "15391.19"}
index.html:217 Received JSON:  {t: "-531.03", p: "15391.19"}
