index.html:314 The specified value "age here" cannot be parsed, or is out of range.
index.html:238 
puck.js:371 <BLE> Device Name:       MDBT42Q 8c7b
puck.js:371 <BLE> Device ID:         qsteUHqQZxxrDseUgn09Mg==
puck.js:371 <BLE> Connected
puck.js:371 <BLE> ERROR: NotFoundError: User cancelled the requestDevice() chooser.
index.html:217 Received JSON:  {t: "31.13", p: "1004.74"}
index.html:217 Received JSON:  {t: "31.13", p: "1004.47"}
index.html:217 Received JSON:  {t: "31.14", p: "1004.74"}
index.html:217 Received JSON:  {t: "31.14", p: "1005.02"}
index.html:217 Received JSON:  {t: "31.15", p: "1004.75"}
index.html:217 Received JSON:  {t: "31.15", p: "1004.48"}
index.html:217 Received JSON:  {t: "31.16", p: "1004.21"}
index.html:217 Received JSON:  {t: "31.16", p: "1004.49"}
index.html:217 Received JSON:  {t: "31.17", p: "1004.77"}
index.html:217 Received JSON:  {t: "31.17", p: "1003.95"}
index.html:217 Received JSON:  {t: "31.18", p: "1003.68"}
index.html:217 Received JSON:  {t: "31.18", p: "1004.23"}
index.html:217 Received JSON:  {t: "31.18", p: "1003.69"}
index.html:217 Received JSON:  {t: "31.18", p: "1003.96"}
index.html:217 Received JSON:  {t: "31.19", p: "1003.14"}
index.html:217 Received JSON:  {t: "31.19", p: "1003.14"}
index.html:217 Received JSON:  {t: "31.20", p: "1002.88"}
index.html:217 Received JSON:  {t: "31.20", p: "1001.78"}
index.html:217 Received JSON:  {t: "31.21", p: "1001.79"}
index.html:217 Received JSON:  {t: "31.21", p: "1001.24"}
index.html:217 Received JSON:  {t: "31.23", p: "1001.52"}
index.html:217 Received JSON:  {t: "31.23", p: "1002.35"}
index.html:217 Received JSON:  {t: "31.23", p: "1002.08"}
index.html:174 MAX:
index.html:175 1004.4886694363762
index.html:217 Received JSON:  {t: "31.24", p: "1001.81"}
index.html:217 Received JSON:  {t: "31.24", p: "1001.26"}
index.html:217 Received JSON:  {t: "31.25", p: "1002.37"}
index.html:217 Received JSON:  {t: "31.26", p: "1001.82"}
index.html:217 Received JSON:  {t: "31.25", p: "1001.82"}
index.html:217 Received JSON:  {t: "31.26", p: "1002.65"}
index.html:217 Received JSON:  {t: "31.27", p: "1002.11"}
index.html:217 Received JSON:  {t: "31.27", p: "1002.94"}
index.html:217 Received JSON:  {t: "31.27", p: "1003.76"}
index.html:217 Received JSON:  {t: "31.28", p: "1004.04"}
index.html:217 Received JSON:  {t: "31.29", p: "1005.15"}
index.html:217 Received JSON:  {t: "31.29", p: "1004.59"}
index.html:217 Received JSON:  {t: "31.29", p: "1005.42"}
index.html:217 Received JSON:  {t: "31.30", p: "1004.88"}
index.html:217 Received JSON:  {t: "31.31", p: "1004.89"}
index.html:217 Received JSON:  {t: "31.31", p: "1004.06"}
index.html:217 Received JSON:  {t: "31.31", p: "1004.62"}
index.html:217 Received JSON:  {t: "31.32", p: "1004.62"}
index.html:217 Received JSON:  {t: "31.33", p: "1004.63"}
index.html:217 Received JSON:  {t: "31.33", p: "1004.08"}
index.html:217 Received JSON:  {t: "31.33", p: "1004.63"}
index.html:217 Received JSON:  {t: "31.34", p: "1004.36"}
index.html:217 Received JSON:  {t: "31.34", p: "1004.64"}
index.html:217 Received JSON:  {t: "31.34", p: "1004.09"}
index.html:217 Received JSON:  {t: "31.35", p: "1004.10"}
index.html:217 Received JSON:  {t: "31.36", p: "1004.10"}
index.html:217 Received JSON:  {t: "31.36", p: "1003.83"}
index.html:217 Received JSON:  {t: "31.36", p: "1003.83"}
index.html:191 MAX:
index.html:192 1005.0602608893865
index.html:217 Received JSON:  {t: "31.37", p: "1003.85"}
index.html:217 Received JSON:  {t: "31.38", p: "1004.12"}
index.html:217 Received JSON:  {t: "31.39", p: "1003.31"}
index.html:217 Received JSON:  {t: "31.38", p: "1003.30"}
index.html:217 Received JSON:  {t: "31.39", p: "1002.76"}
index.html:217 Received JSON:  {t: "31.40", p: "1003.59"}
index.html:217 Received JSON:  {t: "31.41", p: "1002.77"}
index.html:217 Received JSON:  {t: "31.41", p: "1003.05"}
index.html:217 Received JSON:  {t: "31.42", p: "1002.23"}
index.html:217 Received JSON:  {t: "31.42", p: "1001.96"}
index.html:217 Received JSON:  {t: "31.42", p: "1001.96"}
index.html:217 Received JSON:  {t: "31.43", p: "1001.97"}
index.html:217 Received JSON:  {t: "31.43", p: "1002.24"}
index.html:217 Received JSON:  {t: "31.43", p: "1002.25"}
index.html:217 Received JSON:  {t: "31.45", p: "1001.98"}
index.html:217 Received JSON:  {t: "31.45", p: "1002.26"}
index.html:217 Received JSON:  {t: "31.46", p: "1002.54"}
index.html:217 Received JSON:  {t: "31.46", p: "1001.72"}
index.html:217 Received JSON:  {t: "31.47", p: "1002.55"}
index.html:217 Received JSON:  {t: "31.47", p: "1002.00"}
index.html:217 Received JSON:  {t: "31.48", p: "1002.28"}
index.html:217 Received JSON:  {t: "31.48", p: "1002.28"}
index.html:217 Received JSON:  {t: "31.49", p: "1002.84"}
index.html:217 Received JSON:  {t: "31.49", p: "1002.85"}
index.html:217 Received JSON:  {t: "31.50", p: "1002.58"}
index.html:217 Received JSON:  {t: "31.50", p: "1002.58"}
index.html:217 Received JSON:  {t: "31.50", p: "1002.03"}
index.html:217 Received JSON:  {t: "31.51", p: "1002.86"}
index.html:217 Received JSON:  {t: "31.51", p: "1002.59"}
index.html:217 Received JSON:  {t: "31.52", p: "1002.59"}
index.html:217 Received JSON:  {t: "31.53", p: "1002.87"}
index.html:217 Received JSON:  {t: "31.53", p: "1003.42"}
index.html:217 Received JSON:  {t: "31.53", p: "1003.98"}
index.html:217 Received JSON:  {t: "31.55", p: "1003.99"}
index.html:217 Received JSON:  {t: "31.54", p: "1004.81"}
index.html:217 Received JSON:  {t: "31.55", p: "1004.54"}
index.html:217 Received JSON:  {t: "31.55", p: "1004.81"}
index.html:217 Received JSON:  {t: "31.56", p: "1004.27"}
index.html:217 Received JSON:  {t: "31.56", p: "1004.28"}
index.html:217 Received JSON:  {t: "31.56", p: "1003.73"}
index.html:217 Received JSON:  {t: "31.56", p: "1004.28"}
index.html:217 Received JSON:  {t: "31.58", p: "1004.57"}
index.html:217 Received JSON:  {t: "31.58", p: "1003.74"}
index.html:217 Received JSON:  {t: "31.58", p: "1004.29"}
index.html:217 Received JSON:  {t: "31.59", p: "1004.30"}
index.html:217 Received JSON:  {t: "31.59", p: "1004.30"}
index.html:217 Received JSON:  {t: "31.59", p: "1003.76"}
index.html:217 Received JSON:  {t: "31.59", p: "1004.03"}
index.html:217 Received JSON:  {t: "31.61", p: "1003.49"}
index.html:217 Received JSON:  {t: "31.61", p: "1003.22"}
index.html:217 Received JSON:  {t: "31.61", p: "1003.49"}
index.html:191 MAX:
index.html:192 1004.7112151333122
index.html:217 Received JSON:  {t: "31.62", p: "1003.23"}
index.html:217 Received JSON:  {t: "31.62", p: "1002.68"}
index.html:217 Received JSON:  {t: "31.63", p: "1002.69"}
index.html:217 Received JSON:  {t: "31.63", p: "1002.41"}
index.html:217 Received JSON:  {t: "31.64", p: "1002.42"}
index.html:217 Received JSON:  {t: "31.64", p: "1002.42"}
index.html:217 Received JSON:  {t: "31.65", p: "1002.16"}
index.html:217 Received JSON:  {t: "31.65", p: "1002.43"}
index.html:217 Received JSON:  {t: "31.66", p: "1002.16"}
index.html:217 Received JSON:  {t: "31.67", p: "1002.72"}
index.html:217 Received JSON:  {t: "31.68", p: "1002.17"}
index.html:217 Received JSON:  {t: "31.68", p: "1002.45"}
index.html:217 Received JSON:  {t: "31.68", p: "1001.90"}
index.html:217 Received JSON:  {t: "31.68", p: "1002.73"}
index.html:217 Received JSON:  {t: "31.68", p: "1003.28"}
index.html:217 Received JSON:  {t: "31.69", p: "1001.91"}
index.html:217 Received JSON:  {t: "31.70", p: "1002.75"}
index.html:217 Received JSON:  {t: "31.70", p: "1002.74"}
index.html:217 Received JSON:  {t: "32.26", p: "1.77"}
index.html:217 Received JSON:  {t: "32.27", p: "0.95"}
index.html:217 Received JSON:  {t: "32.28", p: "1.49"}
index.html:191 MAX:
index.html:192 1003.2733727220864
index.html:217 Received JSON:  {t: "32.28", p: "1.78"}
index.html:217 Received JSON:  {t: "32.29", p: "1.24"}
index.html:217 Received JSON:  {t: "32.30", p: "1.25"}
index.html:217 Received JSON:  {t: "32.31", p: "1.53"}
index.html:217 Received JSON:  {t: "32.32", p: "1.26"}
index.html:217 Received JSON:  {t: "32.32", p: "0.43"}
index.html:217 Received JSON:  {t: "32.33", p: "0.44"}
index.html:217 Received JSON:  {t: "32.33", p: "0.44"}
index.html:217 Received JSON:  {t: "32.34", p: "0.18"}
index.html:217 Received JSON:  {t: "32.34", p: "-0.09"}
index.html:217 Received JSON:  {t: "32.35", p: "-0.09"}
index.html:217 Received JSON:  {t: "32.36", p: "-0.09"}
index.html:217 Received JSON:  {t: "32.36", p: "-0.35"}
index.html:217 Received JSON:  {t: "32.38", p: "-0.34"}
index.html:217 Received JSON:  {t: "32.38", p: "-0.34"}
index.html:217 Received JSON:  {t: "32.39", p: "-0.61"}
index.html:217 Received JSON:  {t: "32.39", p: "-0.61"}
index.html:217 Received JSON:  {t: "32.39", p: "-0.88"}
index.html:217 Received JSON:  {t: "32.40", p: "-0.59"}
index.html:217 Received JSON:  {t: "32.41", p: "-0.32"}
index.html:217 Received JSON:  {t: "32.41", p: "-0.59"}
index.html:217 Received JSON:  {t: "32.42", p: "-0.03"}
index.html:217 Received JSON:  {t: "32.43", p: "0.81"}
index.html:217 Received JSON:  {t: "32.43", p: "0.25"}
index.html:217 Received JSON:  {t: "32.44", p: "-0.01"}
index.html:217 Received JSON:  {t: "32.45", p: "0.27"}
index.html:217 Received JSON:  {t: "32.45", p: "-0.28"}
index.html:217 Received JSON:  {t: "32.45", p: "0.55"}
index.html:217 Received JSON:  {t: "32.46", p: "0.55"}
index.html:217 Received JSON:  {t: "32.47", p: "0.56"}
index.html:217 Received JSON:  {t: "32.47", p: "0.84"}
index.html:217 Received JSON:  {t: "32.48", p: "0.57"}
index.html:217 Received JSON:  {t: "32.48", p: "0.29"}
index.html:217 Received JSON:  {t: "32.48", p: "1.39"}
index.html:217 Received JSON:  {t: "32.49", p: "0.85"}
index.html:217 Received JSON:  {t: "32.49", p: "1.69"}
index.html:217 Received JSON:  {t: "32.50", p: "1.69"}
index.html:217 Received JSON:  {t: "32.51", p: "1.97"}
index.html:217 Received JSON:  {t: "32.50", p: "1.97"}
index.html:217 Received JSON:  {t: "32.51", p: "1.42"}
index.html:217 Received JSON:  {t: "32.52", p: "1.43"}
index.html:217 Received JSON:  {t: "32.52", p: "1.43"}
index.html:217 Received JSON:  {t: "32.52", p: "1.43"}
index.html:217 Received JSON:  {t: "32.52", p: "1.43"}
index.html:217 Received JSON:  {t: "32.53", p: "1.71"}
index.html:217 Received JSON:  {t: "32.53", p: "1.44"}
index.html:217 Received JSON:  {t: "32.54", p: "0.62"}
index.html:217 Received JSON:  {t: "32.54", p: "1.72"}
index.html:217 Received JSON:  {t: "32.55", p: "0.91"}
index.html:217 Received JSON:  {t: "32.55", p: "0.91"}
index.html:217 Received JSON:  {t: "32.55", p: "0.91"}
index.html:217 Received JSON:  {t: "32.56", p: "0.64"}
index.html:217 Received JSON:  {t: "32.57", p: "0.65"}
index.html:191 MAX:
index.html:192 1.5356222000321014
index.html:217 Received JSON:  {t: "32.57", p: "0.37"}
index.html:217 Received JSON:  {t: "32.58", p: "1.19"}
index.html:217 Received JSON:  {t: "32.57", p: "0.92"}
index.html:217 Received JSON:  {t: "32.58", p: "0.93"}
index.html:217 Received JSON:  {t: "32.58", p: "0.66"}
index.html:217 Received JSON:  {t: "32.58", p: "0.38"}
index.html:217 Received JSON:  {t: "32.58", p: "0.11"}
index.html:217 Received JSON:  {t: "32.59", p: "-0.16"}
index.html:217 Received JSON:  {t: "32.59", p: "-0.16"}
index.html:217 Received JSON:  {t: "32.59", p: "0.11"}
index.html:217 Received JSON:  {t: "32.60", p: "0.12"}
index.html:217 Received JSON:  {t: "32.61", p: "-0.42"}
index.html:217 Received JSON:  {t: "32.61", p: "-0.42"}
index.html:217 Received JSON:  {t: "32.62", p: "0.69"}
index.html:217 Received JSON:  {t: "32.62", p: "0.41"}
index.html:217 Received JSON:  {t: "32.63", p: "-0.69"}
index.html:217 Received JSON:  {t: "32.62", p: "0.69"}
index.html:217 Received JSON:  {t: "32.62", p: "0.41"}
index.html:217 Received JSON:  {t: "32.63", p: "-0.13"}
index.html:217 Received JSON:  {t: "32.63", p: "0.15"}
index.html:217 Received JSON:  {t: "32.64", p: "0.43"}
index.html:217 Received JSON:  {t: "32.64", p: "0.43"}
index.html:217 Received JSON:  {t: "32.64", p: "0.43"}
index.html:217 Received JSON:  {t: "32.64", p: "0.71"}
index.html:217 Received JSON:  {t: "32.65", p: "0.71"}
index.html:217 Received JSON:  {t: "32.65", p: "0.99"}
index.html:217 Received JSON:  {t: "32.66", p: "1.27"}
index.html:217 Received JSON:  {t: "32.65", p: "0.99"}
index.html:217 Received JSON:  {t: "32.66", p: "1.28"}
index.html:217 Received JSON:  {t: "32.67", p: "1.56"}
index.html:217 Received JSON:  {t: "32.67", p: "1.84"}
index.html:217 Received JSON:  {t: "32.67", p: "1.84"}
index.html:217 Received JSON:  {t: "32.67", p: "1.56"}
index.html:217 Received JSON:  {t: "32.68", p: "2.12"}
index.html:217 Received JSON:  {t: "32.68", p: "2.12"}
index.html:217 Received JSON:  {t: "32.68", p: "1.84"}
index.html:217 Received JSON:  {t: "32.69", p: "2.13"}
index.html:217 Received JSON:  {t: "32.69", p: "2.39"}
index.html:217 Received JSON:  {t: "32.69", p: "1.86"}
index.html:217 Received JSON:  {t: "32.70", p: "2.13"}
index.html:217 Received JSON:  {t: "32.71", p: "1.31"}
index.html:217 Received JSON:  {t: "32.70", p: "1.58"}
index.html:217 Received JSON:  {t: "32.71", p: "2.15"}
index.html:217 Received JSON:  {t: "32.71", p: "1.32"}
index.html:217 Received JSON:  {t: "32.72", p: "1.88"}
index.html:217 Received JSON:  {t: "32.72", p: "1.59"}
index.html:217 Received JSON:  {t: "32.73", p: "1.61"}
index.html:217 Received JSON:  {t: "32.73", p: "2.16"}
index.html:217 Received JSON:  {t: "32.73", p: "1.34"}
index.html:191 MAX:
index.html:192 1.9422239460353186
index.html:217 Received JSON:  {t: "32.74", p: "1.06"}
index.html:217 Received JSON:  {t: "32.74", p: "1.89"}
index.html:217 Received JSON:  {t: "32.74", p: "0.51"}
index.html:217 Received JSON:  {t: "32.76", p: "0.53"}
index.html:217 Received JSON:  {t: "32.76", p: "0.79"}
index.html:217 Received JSON:  {t: "32.76", p: "0.53"}
index.html:217 Received JSON:  {t: "32.76", p: "-0.02"}
index.html:217 Received JSON:  {t: "32.77", p: "-0.84"}
index.html:217 Received JSON:  {t: "32.77", p: "-0.01"}
index.html:217 Received JSON:  {t: "32.77", p: "-0.01"}
index.html:217 Received JSON:  {t: "32.77", p: "-0.56"}
index.html:217 Received JSON:  {t: "32.78", p: "-0.55"}
index.html:217 Received JSON:  {t: "32.78", p: "-0.55"}
index.html:217 Received JSON:  {t: "32.79", p: "-0.27"}
index.html:217 Received JSON:  {t: "32.81", p: "-0.53"}
index.html:217 Received JSON:  {t: "-552.75", p: "18376.46"}
index.html:217 Received JSON:  {t: "-552.75", p: "18376.46"}
index.html:217 Received JSON:  {t: "32.83", p: "-8690.82"}
index.html:217 Received JSON:  {t: "-552.75", p: "-24661.86"}
index.html:217 Received JSON:  {t: "-552.75", p: "18376.46"}
index.html:217 Received JSON:  {t: "-552.75", p: "18376.46"}
index.html:217 Received JSON:  {t: "-552.75", p: "18376.46"}
index.html:217 Received JSON:  {t: "-552.75", p: "-24663.09"}
index.html:217 Received JSON:  {t: "32.84", p: "-8691.07"}
index.html:217 Received JSON:  {t: "-552.75", p: "-1025.51"}
index.html:217 Received JSON:  {t: "-552.75", p: "18376.46"}
index.html:217 Received JSON:  {t: "-552.75", p: "18376.46"}
index.html:217 Received JSON:  {t: "32.84", p: "0.87"}
index.html:217 Received JSON:  {t: "32.85", p: "1.16"}
index.html:217 Received JSON:  {t: "32.85", p: "1.71"}
index.html:191 MAX:
index.html:192 3467.700405184315
index.html:217 Received JSON:  {t: "32.85", p: "2.54"}
index.html:217 Received JSON:  {t: "32.86", p: "2.27"}
index.html:217 Received JSON:  {t: "32.87", p: "2.83"}
index.html:217 Received JSON:  {t: "32.86", p: "3.65"}
index.html:217 Received JSON:  {t: "32.87", p: "3.09"}
index.html:217 Received JSON:  {t: "32.88", p: "3.11"}
index.html:217 Received JSON:  {t: "32.88", p: "2.01"}
index.html:217 Received JSON:  {t: "32.88", p: "2.84"}
index.html:217 Received JSON:  {t: "32.88", p: "2.01"}
index.html:191 MAX:
index.html:192 3205.4232345211317
index.html:217 Received JSON:  {t: "32.88", p: "2.29"}
index.html:217 Received JSON:  {t: "32.89", p: "3.12"}
index.html:217 Received JSON:  {t: "32.89", p: "2.29"}
index.html:217 Received JSON:  {t: "32.90", p: "1.76"}
index.html:217 Received JSON:  {t: "32.90", p: "1.19"}
index.html:217 Received JSON:  {t: "32.90", p: "1.21"}
index.html:217 Received JSON:  {t: "32.91", p: "0.66"}
index.html:217 Received JSON:  {t: "32.91", p: "-0.72"}
index.html:217 Received JSON:  {t: "32.92", p: "-1.26"}
index.html:217 Received JSON:  {t: "32.93", p: "-0.98"}
index.html:217 Received JSON:  {t: "32.92", p: "-0.43"}
index.html:217 Received JSON:  {t: "32.93", p: "-0.98"}
index.html:217 Received JSON:  {t: "32.94", p: "-0.97"}
index.html:217 Received JSON:  {t: "32.94", p: "-0.15"}
index.html:217 Received JSON:  {t: "32.94", p: "0.13"}
index.html:217 Received JSON:  {t: "32.95", p: "0.14"}
index.html:217 Received JSON:  {t: "32.96", p: "-1.51"}
index.html:217 Received JSON:  {t: "32.96", p: "-1.51"}
index.html:217 Received JSON:  {t: "32.96", p: "-1.79"}
index.html:217 Received JSON:  {t: "32.96", p: "-1.23"}
index.html:217 Received JSON:  {t: "32.96", p: "-1.23"}
index.html:217 Received JSON:  {t: "32.97", p: "-0.67"}
index.html:217 Received JSON:  {t: "32.97", p: "-0.94"}
index.html:217 Received JSON:  {t: "32.97", p: "-0.94"}
index.html:217 Received JSON:  {t: "32.97", p: "-1.49"}
index.html:217 Received JSON:  {t: "32.98", p: "-1.21"}
index.html:217 Received JSON:  {t: "32.98", p: "-1.49"}
index.html:217 Received JSON:  {t: "32.99", p: "-1.49"}
index.html:217 Received JSON:  {t: "32.99", p: "-0.65"}
index.html:217 Received JSON:  {t: "32.99", p: "-1.20"}
index.html:217 Received JSON:  {t: "32.99", p: "-1.47"}
index.html:217 Received JSON:  {t: "33.00", p: "-0.92"}
index.html:217 Received JSON:  {t: "33.01", p: "-0.91"}
index.html:217 Received JSON:  {t: "33.02", p: "-1.73"}
index.html:217 Received JSON:  {t: "33.01", p: "-0.63"}
index.html:217 Received JSON:  {t: "33.02", p: "0.19"}
index.html:217 Received JSON:  {t: "33.02", p: "0.19"}
index.html:217 Received JSON:  {t: "33.02", p: "0.75"}
index.html:217 Received JSON:  {t: "33.02", p: "0.76"}
index.html:217 Received JSON:  {t: "33.03", p: "1.04"}
index.html:217 Received JSON:  {t: "33.03", p: "2.69"}
index.html:217 Received JSON:  {t: "33.03", p: "2.97"}
index.html:217 Received JSON:  {t: "33.04", p: "2.97"}
index.html:217 Received JSON:  {t: "33.04", p: "3.79"}
index.html:217 Received JSON:  {t: "33.04", p: "4.08"}
index.html:217 Received JSON:  {t: "33.05", p: "3.26"}
index.html:217 Received JSON:  {t: "33.05", p: "3.54"}
index.html:217 Received JSON:  {t: "33.05", p: "3.54"}
index.html:217 Received JSON:  {t: "33.06", p: "3.26"}
index.html:217 Received JSON:  {t: "33.06", p: "3.81"}
index.html:217 Received JSON:  {t: "33.07", p: "3.83"}
index.html:217 Received JSON:  {t: "33.07", p: "3.82"}
index.html:217 Received JSON:  {t: "33.07", p: "2.99"}
index.html:217 Received JSON:  {t: "33.07", p: "3.55"}
index.html:217 Received JSON:  {t: "33.08", p: "2.73"}
index.html:217 Received JSON:  {t: "33.08", p: "3.01"}
index.html:217 Received JSON:  {t: "33.08", p: "2.46"}
index.html:217 Received JSON:  {t: "33.09", p: "3.29"}
index.html:217 Received JSON:  {t: "33.09", p: "2.47"}
index.html:217 Received JSON:  {t: "33.09", p: "2.74"}
index.html:217 Received JSON:  {t: "33.10", p: "2.48"}
index.html:191 MAX:
index.html:192 3.5133503602464167
index.html:217 Received JSON:  {t: "33.10", p: "2.48"}
index.html:217 Received JSON:  {t: "33.11", p: "2.48"}
index.html:217 Received JSON:  {t: "33.10", p: "2.48"}
index.html:217 Received JSON:  {t: "33.11", p: "1.11"}
index.html:217 Received JSON:  {t: "33.12", p: "1.39"}
index.html:217 Received JSON:  {t: "33.12", p: "1.39"}
index.html:217 Received JSON:  {t: "33.13", p: "1.39"}
index.html:217 Received JSON:  {t: "33.13", p: "1.39"}
index.html:217 Received JSON:  {t: "33.13", p: "0.57"}
index.html:217 Received JSON:  {t: "33.13", p: "0.85"}
index.html:217 Received JSON:  {t: "33.14", p: "-0.25"}
index.html:217 Received JSON:  {t: "33.14", p: "-0.25"}
index.html:217 Received JSON:  {t: "33.15", p: "-1.07"}
index.html:217 Received JSON:  {t: "33.15", p: "0.59"}
index.html:217 Received JSON:  {t: "33.15", p: "-0.24"}
index.html:217 Received JSON:  {t: "33.15", p: "-0.24"}
index.html:217 Received JSON:  {t: "33.16", p: "0.05"}
index.html:217 Received JSON:  {t: "33.16", p: "-0.51"}
index.html:217 Received JSON:  {t: "33.17", p: "0.05"}
index.html:217 Received JSON:  {t: "33.17", p: "-0.23"}
index.html:217 Received JSON:  {t: "33.17", p: "-0.77"}
index.html:217 Received JSON:  {t: "33.18", p: "0.06"}
index.html:217 Received JSON:  {t: "33.18", p: "-0.49"}
index.html:217 Received JSON:  {t: "33.19", p: "0.34"}
index.html:217 Received JSON:  {t: "33.18", p: "-0.21"}
index.html:217 Received JSON:  {t: "33.19", p: "-0.49"}
index.html:217 Received JSON:  {t: "33.19", p: "0.06"}
index.html:217 Received JSON:  {t: "33.19", p: "0.07"}
index.html:217 Received JSON:  {t: "33.21", p: "0.63"}
index.html:217 Received JSON:  {t: "33.21", p: "0.63"}
index.html:217 Received JSON:  {t: "33.21", p: "0.08"}
index.html:217 Received JSON:  {t: "33.21", p: "0.64"}
index.html:217 Received JSON:  {t: "33.21", p: "0.64"}
index.html:217 Received JSON:  {t: "33.22", p: "0.64"}
index.html:217 Received JSON:  {t: "33.21", p: "1.19"}
index.html:217 Received JSON:  {t: "33.22", p: "1.48"}
index.html:217 Received JSON:  {t: "33.22", p: "2.29"}
index.html:217 Received JSON:  {t: "33.22", p: "2.03"}
index.html:217 Received JSON:  {t: "33.23", p: "2.58"}
index.html:217 Received JSON:  {t: "33.23", p: "2.59"}
index.html:217 Received JSON:  {t: "33.24", p: "2.59"}
index.html:217 Received JSON:  {t: "33.24", p: "2.04"}
index.html:217 Received JSON:  {t: "33.24", p: "2.31"}
index.html:217 Received JSON:  {t: "33.24", p: "2.04"}
index.html:217 Received JSON:  {t: "33.25", p: "2.05"}
index.html:217 Received JSON:  {t: "33.25", p: "2.59"}
index.html:217 Received JSON:  {t: "33.25", p: "2.05"}
index.html:217 Received JSON:  {t: "33.26", p: "2.05"}
index.html:217 Received JSON:  {t: "33.26", p: "2.05"}
index.html:217 Received JSON:  {t: "33.26", p: "2.33"}
index.html:217 Received JSON:  {t: "33.27", p: "1.51"}
index.html:217 Received JSON:  {t: "33.27", p: "2.06"}
index.html:217 Received JSON:  {t: "33.27", p: "1.79"}
index.html:217 Received JSON:  {t: "33.27", p: "2.07"}
index.html:217 Received JSON:  {t: "33.27", p: "1.51"}
index.html:191 MAX:
index.html:192 2.2465146635868134
index.html:217 Received JSON:  {t: "33.28", p: "2.07"}
index.html:217 Received JSON:  {t: "33.27", p: "2.07"}
index.html:217 Received JSON:  {t: "33.28", p: "1.52"}
index.html:217 Received JSON:  {t: "33.29", p: "1.53"}
index.html:217 Received JSON:  {t: "33.29", p: "1.25"}
index.html:217 Received JSON:  {t: "33.29", p: "1.26"}
index.html:217 Received JSON:  {t: "33.29", p: "1.26"}
index.html:217 Received JSON:  {t: "33.29", p: "1.54"}
index.html:217 Received JSON:  {t: "33.29", p: "0.71"}
index.html:217 Received JSON:  {t: "33.29", p: "1.26"}
index.html:217 Received JSON:  {t: "33.30", p: "0.99"}
index.html:217 Received JSON:  {t: "33.31", p: "-0.93"}
index.html:217 Received JSON:  {t: "33.31", p: "-0.66"}
index.html:217 Received JSON:  {t: "33.31", p: "-0.39"}
index.html:217 Received JSON:  {t: "33.32", p: "-0.10"}
index.html:217 Received JSON:  {t: "33.32", p: "-0.38"}
index.html:217 Received JSON:  {t: "33.32", p: "-0.37"}
index.html:217 Received JSON:  {t: "33.33", p: "-0.65"}
index.html:217 Received JSON:  {t: "33.33", p: "-0.92"}
index.html:217 Received JSON:  {t: "33.34", p: "-1.19"}
index.html:217 Received JSON:  {t: "33.33", p: "-0.92"}
index.html:217 Received JSON:  {t: "33.34", p: "-0.64"}
index.html:217 Received JSON:  {t: "33.34", p: "-0.91"}
index.html:217 Received JSON:  {t: "33.34", p: "-1.47"}
index.html:217 Received JSON:  {t: "33.34", p: "-0.91"}
index.html:217 Received JSON:  {t: "33.34", p: "-0.63"}
index.html:217 Received JSON:  {t: "33.35", p: "-0.63"}
index.html:217 Received JSON:  {t: "33.35", p: "-1.17"}
index.html:217 Received JSON:  {t: "33.36", p: "-0.07"}
index.html:217 Received JSON:  {t: "33.36", p: "0.21"}
index.html:217 Received JSON:  {t: "33.36", p: "0.49"}
index.html:217 Received JSON:  {t: "33.37", p: "0.77"}
index.html:217 Received JSON:  {t: "33.36", p: "1.04"}
index.html:217 Received JSON:  {t: "33.37", p: "0.49"}
index.html:217 Received JSON:  {t: "33.37", p: "1.33"}
index.html:217 Received JSON:  {t: "33.37", p: "0.77"}
index.html:217 Received JSON:  {t: "33.38", p: "0.78"}
index.html:217 Received JSON:  {t: "33.38", p: "0.49"}
index.html:217 Received JSON:  {t: "33.39", p: "1.06"}
index.html:217 Received JSON:  {t: "33.38", p: "1.06"}
index.html:217 Received JSON:  {t: "33.39", p: "1.61"}
index.html:217 Received JSON:  {t: "33.39", p: "1.61"}
index.html:217 Received JSON:  {t: "33.39", p: "1.62"}
index.html:217 Received JSON:  {t: "33.39", p: "2.17"}
index.html:217 Received JSON:  {t: "33.40", p: "2.18"}
index.html:217 Received JSON:  {t: "33.39", p: "2.45"}
index.html:217 Received JSON:  {t: "33.40", p: "1.62"}
index.html:217 Received JSON:  {t: "33.40", p: "1.35"}
index.html:217 Received JSON:  {t: "33.41", p: "1.91"}
index.html:217 Received JSON:  {t: "33.41", p: "2.18"}
index.html:217 Received JSON:  {t: "33.40", p: "1.35"}
index.html:217 Received JSON:  {t: "33.41", p: "1.91"}
index.html:217 Received JSON:  {t: "33.42", p: "1.64"}
index.html:217 Received JSON:  {t: "33.42", p: "1.64"}
index.html:217 Received JSON:  {t: "33.42", p: "1.09"}
index.html:217 Received JSON:  {t: "33.42", p: "1.37"}
index.html:217 Received JSON:  {t: "33.42", p: "1.64"}
index.html:217 Received JSON:  {t: "33.43", p: "0.27"}
index.html:217 Received JSON:  {t: "33.43", p: "1.09"}
index.html:191 MAX:
index.html:192 1.8375701241904503
index.html:217 Received JSON:  {t: "33.43", p: "1.09"}
index.html:217 Received JSON:  {t: "33.44", p: "0.83"}
index.html:217 Received JSON:  {t: "33.44", p: "1.09"}
index.html:217 Received JSON:  {t: "33.44", p: "1.38"}
index.html:217 Received JSON:  {t: "33.45", p: "1.11"}
index.html:217 Received JSON:  {t: "33.45", p: "0.84"}
index.html:217 Received JSON:  {t: "33.45", p: "1.11"}
index.html:217 Received JSON:  {t: "33.46", p: "0.84"}
index.html:217 Received JSON:  {t: "33.45", p: "0.56"}
index.html:217 Received JSON:  {t: "33.46", p: "0.85"}
index.html:217 Received JSON:  {t: "33.46", p: "1.12"}
index.html:217 Received JSON:  {t: "33.46", p: "0.84"}
index.html:217 Received JSON:  {t: "33.46", p: "0.57"}
index.html:217 Received JSON:  {t: "33.47", p: "-0.25"}
index.html:217 Received JSON:  {t: "33.47", p: "-0.80"}
index.html:217 Received JSON:  {t: "33.47", p: "-0.24"}
index.html:217 Received JSON:  {t: "33.47", p: "-0.24"}
index.html:217 Received JSON:  {t: "33.47", p: "-0.24"}
index.html:217 Received JSON:  {t: "33.48", p: "-0.51"}
index.html:217 Received JSON:  {t: "33.48", p: "-0.51"}
index.html:217 Received JSON:  {t: "33.47", p: "-0.80"}
index.html:217 Received JSON:  {t: "33.49", p: "-0.23"}
index.html:217 Received JSON:  {t: "33.49", p: "-0.23"}
index.html:217 Received JSON:  {t: "33.49", p: "-0.23"}
index.html:217 Received JSON:  {t: "33.49", p: "-0.23"}
index.html:217 Received JSON:  {t: "33.49", p: "-0.23"}
index.html:217 Received JSON:  {t: "33.49", p: "-0.23"}
index.html:217 Received JSON:  {t: "33.50", p: "-0.50"}
index.html:217 Received JSON:  {t: "33.51", p: "-0.49"}
index.html:217 Received JSON:  {t: "33.50", p: "-0.77"}
index.html:217 Received JSON:  {t: "33.51", p: "0.06"}
index.html:217 Received JSON:  {t: "33.51", p: "-0.22"}
index.html:217 Received JSON:  {t: "33.51", p: "-0.21"}
index.html:217 Received JSON:  {t: "33.52", p: "0.34"}
index.html:217 Received JSON:  {t: "33.52", p: "0.07"}
index.html:217 Received JSON:  {t: "33.52", p: "0.61"}
index.html:217 Received JSON:  {t: "33.52", p: "1.17"}
index.html:217 Received JSON:  {t: "33.52", p: "1.45"}
index.html:217 Received JSON:  {t: "33.52", p: "2.28"}
index.html:217 Received JSON:  {t: "33.53", p: "2.56"}
index.html:217 Received JSON:  {t: "33.53", p: "3.67"}
index.html:217 Received JSON:  {t: "33.54", p: "3.39"}
index.html:217 Received JSON:  {t: "33.53", p: "3.95"}
index.html:217 Received JSON:  {t: "33.54", p: "3.13"}
index.html:217 Received JSON:  {t: "33.54", p: "2.85"}
index.html:217 Received JSON:  {t: "33.54", p: "2.02"}
index.html:217 Received JSON:  {t: "33.55", p: "1.48"}
index.html:217 Received JSON:  {t: "33.55", p: "2.31"}
index.html:217 Received JSON:  {t: "33.55", p: "2.31"}
index.html:217 Received JSON:  {t: "33.55", p: "2.58"}
index.html:217 Received JSON:  {t: "33.56", p: "2.86"}
index.html:217 Received JSON:  {t: "33.56", p: "2.59"}
index.html:217 Received JSON:  {t: "33.56", p: "2.31"}
index.html:217 Received JSON:  {t: "33.56", p: "2.31"}
index.html:217 Received JSON:  {t: "33.57", p: "2.31"}
index.html:217 Received JSON:  {t: "33.57", p: "2.05"}
index.html:191 MAX:
index.html:192 2.756383937588185
index.html:217 Received JSON:  {t: "33.57", p: "2.32"}
index.html:217 Received JSON:  {t: "33.58", p: "2.59"}
index.html:217 Received JSON:  {t: "33.58", p: "1.23"}
index.html:217 Received JSON:  {t: "33.59", p: "1.51"}
index.html:217 Received JSON:  {t: "33.59", p: "1.79"}
index.html:217 Received JSON:  {t: "33.59", p: "2.06"}
index.html:217 Received JSON:  {t: "33.59", p: "1.24"}
index.html:217 Received JSON:  {t: "33.60", p: "1.51"}
index.html:217 Received JSON:  {t: "33.59", p: "1.51"}
index.html:217 Received JSON:  {t: "33.61", p: "0.42"}
index.html:217 Received JSON:  {t: "33.61", p: "0.14"}
index.html:217 Received JSON:  {t: "33.61", p: "0.69"}
index.html:217 Received JSON:  {t: "33.61", p: "0.43"}
index.html:217 Received JSON:  {t: "33.62", p: "0.43"}
index.html:217 Received JSON:  {t: "33.62", p: "-0.12"}
index.html:217 Received JSON:  {t: "33.63", p: "-0.12"}
index.html:217 Received JSON:  {t: "33.63", p: "-0.11"}
index.html:217 Received JSON:  {t: "33.63", p: "0.44"}
index.html:217 Received JSON:  {t: "33.64", p: "-0.66"}
index.html:217 Received JSON:  {t: "33.64", p: "0.17"}
index.html:217 Received JSON:  {t: "33.64", p: "-0.38"}
index.html:217 Received JSON:  {t: "33.65", p: "-0.10"}
index.html:217 Received JSON:  {t: "33.65", p: "-0.37"}
index.html:217 Received JSON:  {t: "33.65", p: "0.18"}
index.html:217 Received JSON:  {t: "33.65", p: "0.18"}
index.html:217 Received JSON:  {t: "33.66", p: "0.74"}
index.html:217 Received JSON:  {t: "33.66", p: "0.19"}
index.html:217 Received JSON:  {t: "33.67", p: "0.19"}
index.html:217 Received JSON:  {t: "33.67", p: "-0.08"}
index.html:217 Received JSON:  {t: "33.67", p: "0.75"}
index.html:217 Received JSON:  {t: "33.67", p: "-0.08"}
index.html:217 Received JSON:  {t: "33.68", p: "0.48"}
index.html:217 Received JSON:  {t: "33.68", p: "0.48"}
index.html:217 Received JSON:  {t: "33.68", p: "0.76"}
index.html:217 Received JSON:  {t: "33.68", p: "1.04"}
index.html:217 Received JSON:  {t: "33.69", p: "1.59"}
index.html:217 Received JSON:  {t: "33.69", p: "1.32"}
index.html:217 Received JSON:  {t: "33.69", p: "1.87"}
index.html:217 Received JSON:  {t: "33.69", p: "1.87"}
index.html:217 Received JSON:  {t: "33.69", p: "2.15"}
index.html:217 Received JSON:  {t: "33.69", p: "2.42"}
index.html:217 Received JSON:  {t: "33.70", p: "2.43"}
index.html:217 Received JSON:  {t: "33.71", p: "2.71"}
index.html:217 Received JSON:  {t: "33.71", p: "2.16"}
index.html:217 Received JSON:  {t: "33.71", p: "2.16"}
index.html:217 Received JSON:  {t: "33.71", p: "2.16"}
index.html:217 Received JSON:  {t: "33.71", p: "1.61"}
index.html:217 Received JSON:  {t: "33.71", p: "1.61"}
index.html:217 Received JSON:  {t: "33.71", p: "0.79"}
index.html:217 Received JSON:  {t: "33.71", p: "0.51"}
index.html:217 Received JSON:  {t: "33.73", p: "0.25"}
index.html:217 Received JSON:  {t: "33.73", p: "-0.03"}
index.html:217 Received JSON:  {t: "33.73", p: "-0.59"}
index.html:217 Received JSON:  {t: "33.73", p: "-0.03"}
index.html:217 Received JSON:  {t: "33.73", p: "-0.85"}
index.html:191 MAX:
index.html:192 2.098420461273727
index.html:217 Received JSON:  {t: "33.74", p: "-0.57"}
index.html:217 Received JSON:  {t: "33.74", p: "-0.85"}
index.html:217 Received JSON:  {t: "33.74", p: "0.25"}
index.html:217 Received JSON:  {t: "33.75", p: "0.26"}
index.html:217 Received JSON:  {t: "33.76", p: "0.27"}
index.html:217 Received JSON:  {t: "33.75", p: "-0.29"}
index.html:217 Received JSON:  {t: "33.76", p: "0.55"}
index.html:217 Received JSON:  {t: "33.77", p: "0.56"}
index.html:217 Received JSON:  {t: "33.77", p: "0.83"}
index.html:217 Received JSON:  {t: "33.77", p: "1.39"}
index.html:217 Received JSON:  {t: "33.78", p: "1.39"}
index.html:217 Received JSON:  {t: "33.78", p: "1.39"}
index.html:217 Received JSON:  {t: "33.78", p: "2.49"}
index.html:217 Received JSON:  {t: "33.78", p: "3.06"}
index.html:217 Received JSON:  {t: "33.79", p: "3.06"}
index.html:217 Received JSON:  {t: "33.78", p: "3.06"}
index.html:217 Received JSON:  {t: "33.79", p: "2.51"}
index.html:217 Received JSON:  {t: "33.79", p: "2.51"}
index.html:217 Received JSON:  {t: "33.79", p: "2.24"}
index.html:217 Received JSON:  {t: "33.80", p: "2.24"}
index.html:217 Received JSON:  {t: "33.80", p: "1.97"}
index.html:217 Received JSON:  {t: "33.81", p: "1.41"}
index.html:217 Received JSON:  {t: "33.82", p: "2.25"}
index.html:217 Received JSON:  {t: "33.81", p: "1.69"}
index.html:217 Received JSON:  {t: "33.82", p: "1.43"}
index.html:217 Received JSON:  {t: "33.82", p: "1.71"}
index.html:217 Received JSON:  {t: "33.83", p: "1.16"}
index.html:217 Received JSON:  {t: "33.83", p: "1.44"}
index.html:217 Received JSON:  {t: "33.84", p: "1.17"}
index.html:191 MAX:
index.html:192 2.4185225655682507
index.html:217 Received JSON:  {t: "33.84", p: "1.45"}
index.html:217 Received JSON:  {t: "33.84", p: "1.45"}
index.html:217 Received JSON:  {t: "33.84", p: "1.45"}
index.html:217 Received JSON:  {t: "33.85", p: "0.91"}
index.html:217 Received JSON:  {t: "33.85", p: "1.18"}
index.html:217 Received JSON:  {t: "33.86", p: "0.63"}
index.html:217 Received JSON:  {t: "33.86", p: "0.36"}
index.html:217 Received JSON:  {t: "33.86", p: "0.36"}
index.html:217 Received JSON:  {t: "33.87", p: "0.36"}
index.html:217 Received JSON:  {t: "33.86", p: "-0.47"}
index.html:217 Received JSON:  {t: "33.87", p: "-1.01"}
index.html:217 Received JSON:  {t: "33.88", p: "-1.01"}
index.html:217 Received JSON:  {t: "33.88", p: "-0.45"}
index.html:217 Received JSON:  {t: "33.88", p: "-0.18"}
index.html:217 Received JSON:  {t: "33.89", p: "-1.00"}
index.html:217 Received JSON:  {t: "33.89", p: "-0.72"}
index.html:217 Received JSON:  {t: "33.89", p: "-0.16"}
index.html:217 Received JSON:  {t: "33.89", p: "-0.99"}
index.html:217 Received JSON:  {t: "33.89", p: "-0.16"}
index.html:217 Received JSON:  {t: "33.89", p: "-0.72"}
index.html:217 Received JSON:  {t: "33.91", p: "0.12"}
index.html:217 Received JSON:  {t: "33.91", p: "-1.26"}
index.html:217 Received JSON:  {t: "33.91", p: "-0.99"}
index.html:217 Received JSON:  {t: "33.91", p: "-0.15"}
index.html:217 Received JSON:  {t: "33.91", p: "-0.99"}
index.html:217 Received JSON:  {t: "33.92", p: "-0.42"}
index.html:217 Received JSON:  {t: "33.91", p: "0.13"}
index.html:217 Received JSON:  {t: "33.92", p: "0.41"}
index.html:217 Received JSON:  {t: "33.92", p: "0.14"}
index.html:217 Received JSON:  {t: "33.93", p: "0.41"}
index.html:217 Received JSON:  {t: "33.93", p: "0.97"}
index.html:217 Received JSON:  {t: "33.93", p: "1.52"}
index.html:217 Received JSON:  {t: "33.93", p: "0.97"}
index.html:217 Received JSON:  {t: "33.93", p: "0.97"}
index.html:217 Received JSON:  {t: "33.93", p: "1.25"}
index.html:217 Received JSON:  {t: "33.94", p: "2.91"}
index.html:217 Received JSON:  {t: "33.94", p: "4.01"}
index.html:217 Received JSON:  {t: "33.94", p: "2.91"}
index.html:217 Received JSON:  {t: "33.94", p: "2.91"}
index.html:217 Received JSON:  {t: "33.95", p: "3.47"}
index.html:217 Received JSON:  {t: "33.95", p: "3.19"}
index.html:217 Received JSON:  {t: "33.94", p: "2.91"}
index.html:217 Received JSON:  {t: "33.95", p: "2.91"}
index.html:217 Received JSON:  {t: "33.95", p: "2.92"}
index.html:217 Received JSON:  {t: "33.96", p: "2.37"}
index.html:217 Received JSON:  {t: "33.96", p: "2.09"}
index.html:217 Received JSON:  {t: "33.96", p: "2.38"}
index.html:217 Received JSON:  {t: "33.96", p: "2.09"}
index.html:217 Received JSON:  {t: "33.97", p: "2.38"}
index.html:217 Received JSON:  {t: "33.97", p: "2.11"}
index.html:217 Received JSON:  {t: "33.97", p: "1.83"}
index.html:217 Received JSON:  {t: "33.97", p: "1.28"}
index.html:217 Received JSON:  {t: "33.97", p: "1.56"}
index.html:191 MAX:
index.html:192 2.898870845695836
index.html:198 Respiratory rate:
index.html:199 15
index.html:217 Received JSON:  {t: "33.97", p: "1.84"}
index.html:217 Received JSON:  {t: "33.98", p: "1.29"}
index.html:217 Received JSON:  {t: "33.99", p: "1.57"}
index.html:217 Received JSON:  {t: "33.99", p: "1.57"}
index.html:217 Received JSON:  {t: "33.99", p: "1.57"}
index.html:217 Received JSON:  {t: "33.99", p: "1.58"}
index.html:217 Received JSON:  {t: "34.00", p: "1.03"}
index.html:217 Received JSON:  {t: "34.01", p: "0.76"}
index.html:217 Received JSON:  {t: "34.00", p: "1.03"}
index.html:217 Received JSON:  {t: "34.01", p: "1.04"}
index.html:217 Received JSON:  {t: "34.02", p: "1.31"}
index.html:217 Received JSON:  {t: "34.01", p: "1.04"}
index.html:217 Received JSON:  {t: "34.02", p: "-0.06"}
index.html:217 Received JSON:  {t: "34.02", p: "0.77"}
index.html:217 Received JSON:  {t: "34.02", p: "0.22"}
index.html:217 Received JSON:  {t: "34.02", p: "0.77"}
index.html:217 Received JSON:  {t: "34.02", p: "1.05"}
index.html:217 Received JSON:  {t: "34.03", p: "0.51"}
index.html:217 Received JSON:  {t: "34.03", p: "0.78"}
index.html:217 Received JSON:  {t: "34.04", p: "1.34"}
index.html:217 Received JSON:  {t: "34.04", p: "1.06"}
index.html:217 Received JSON:  {t: "34.04", p: "0.79"}
index.html:217 Received JSON:  {t: "34.04", p: "0.51"}
index.html:217 Received JSON:  {t: "34.04", p: "0.79"}
index.html:217 Received JSON:  {t: "34.05", p: "10691.89"}
index.html:217 Received JSON:  {t: "-552.75", p: "18376.46"}
index.html:217 Received JSON:  {t: "-552.75", p: "-24825.52"}
index.html:217 Received JSON:  {t: "-552.75", p: "-24825.52"}
index.html:217 Received JSON:  {t: "-552.75", p: "18376.46"}
index.html:217 Received JSON:  {t: "-552.75", p: "-24825.52"}
index.html:217 Received JSON:  {t: "-552.75", p: "-24827.37"}
index.html:217 Received JSON:  {t: "-552.75", p: "-24826.75"}
index.html:217 Received JSON:  {t: "-552.75", p: "18376.46"}
index.html:174 MAX:
index.html:175 538.6956019071106
index.html:217 Received JSON:  {t: "-552.75", p: "18376.46"}
index.html:217 Received JSON:  {t: "-552.75", p: "18376.46"}
index.html:217 Received JSON:  {t: "-552.75", p: "-24827.37"}
index.html:217 Received JSON:  {t: "-552.75", p: "-24829.22"}
index.html:217 Received JSON:  {t: "-552.75", p: "-1022.43"}
index.html:217 Received JSON:  {t: "-552.75", p: "18376.46"}
index.html:217 Received JSON:  {t: "-552.75", p: "18376.46"}
index.html:217 Received JSON:  {t: "-552.75", p: "18376.46"}
index.html:217 Received JSON:  {t: "-552.75", p: "18376.46"}
index.html:217 Received JSON:  {t: "-552.75", p: "-24829.83"}
index.html:217 Received JSON:  {t: "-552.75", p: "18376.46"}
index.html:217 Received JSON:  {t: "-552.75", p: "18376.46"}
index.html:217 Received JSON:  {t: "-552.75", p: "18376.46"}
index.html:217 Received JSON:  {t: "-552.75", p: "-24832.91"}
index.html:217 Received JSON:  {t: "-552.75", p: "-24834.14"}
index.html:217 Received JSON:  {t: "-552.75", p: "18376.46"}
index.html:217 Received JSON:  {t: "34.13", p: "-8714.32"}
index.html:217 Received JSON:  {t: "-552.75", p: "18376.46"}
index.html:217 Received JSON:  {t: "-552.75", p: "-24834.14"}
index.html:217 Received JSON:  {t: "-552.75", p: "18376.46"}
index.html:217 Received JSON:  {t: "-552.75", p: "18376.46"}
index.html:191 MAX:
index.html:192 6370.52911644251
index.html:217 Received JSON:  {t: "-552.75", p: "18376.46"}
index.html:217 Received JSON:  {t: "-552.75", p: "18376.46"}
index.html:217 Received JSON:  {t: "-552.75", p: "18376.46"}
index.html:217 Received JSON:  {t: "-552.75", p: "18376.46"}
index.html:217 Received JSON:  {t: "-552.75", p: "18376.46"}
index.html:217 Received JSON:  {t: "-552.75", p: "-24837.21"}
index.html:217 Received JSON:  {t: "-552.75", p: "18376.46"}
index.html:217 Received JSON:  {t: "-552.75", p: "18376.46"}
index.html:217 Received JSON:  {t: "-552.75", p: "18376.46"}
index.html:217 Received JSON:  {t: "-552.75", p: "18376.46"}
index.html:217 Received JSON:  {t: "-552.75", p: "18376.46"}
index.html:217 Received JSON:  {t: "-552.75", p: "18376.46"}
index.html:217 Received JSON:  {t: "-552.75", p: "18376.46"}
index.html:217 Received JSON:  {t: "-552.75", p: "18376.46"}
index.html:217 Received JSON:  {t: "-552.75", p: "18376.46"}
index.html:217 Received JSON:  {t: "-552.75", p: "18376.46"}
index.html:217 Received JSON:  {t: "-552.75", p: "-1021.20"}
index.html:217 Received JSON:  {t: "-552.75", p: "18376.46"}
index.html:217 Received JSON:  {t: "-552.75", p: "18376.46"}
index.html:217 Received JSON:  {t: "-552.75", p: "18376.46"}
index.html:217 Received JSON:  {t: "-552.75", p: "18376.46"}
index.html:217 Received JSON:  {t: "-552.75", p: "18376.46"}
index.html:217 Received JSON:  {t: "-552.75", p: "18376.46"}
index.html:217 Received JSON:  {t: "-552.75", p: "18376.46"}
index.html:217 Received JSON:  {t: "-552.75", p: "18376.46"}
index.html:217 Received JSON:  {t: "-552.75", p: "18376.46"}
index.html:191 MAX:
index.html:192 16607.22337204093
index.html:217 Received JSON:  {t: "-552.75", p: "18376.46"}
index.html:217 Received JSON:  {t: "-552.75", p: "18376.46"}
index.html:217 Received JSON:  {t: "-552.75", p: "18376.46"}
index.html:217 Received JSON:  {t: "-552.75", p: "18376.46"}
index.html:217 Received JSON:  {t: "-552.75", p: "18376.46"}
puck.js:371 <BLE> Disconnected (gattserverdisconnected)
