index.html:314 The specified value "age here" cannot be parsed, or is out of range.
index.html:238 
puck.js:371 <BLE> Device Name:       MDBT42Q 51da
puck.js:371 <BLE> Device ID:         5hCdXYp5pTFNmybqlkNNIQ==
puck.js:371 <BLE> Connected
puck.js:371 <BLE> ERROR: NotFoundError: User cancelled the requestDevice() chooser.
index.html:217 Received JSON:  {t: "36.85", p: "1006.01"}
index.html:217 Received JSON:  {t: "36.85", p: "1006.30"}
index.html:217 Received JSON:  {t: "36.85", p: "1006.31"}
index.html:217 Received JSON:  {t: "36.85", p: "1006.30"}
index.html:217 Received JSON:  {t: "36.85", p: "1006.61"}
index.html:217 Received JSON:  {t: "36.85", p: "1006.90"}
index.html:217 Received JSON:  {t: "36.85", p: "1007.19"}
index.html:217 Received JSON:  {t: "36.85", p: "1006.02"}
index.html:217 Received JSON:  {t: "36.84", p: "1006.89"}
index.html:217 Received JSON:  {t: "36.85", p: "1006.30"}
index.html:217 Received JSON:  {t: "36.85", p: "1006.59"}
index.html:217 Received JSON:  {t: "36.84", p: "1006.29"}
index.html:217 Received JSON:  {t: "36.84", p: "1006.89"}
index.html:217 Received JSON:  {t: "36.84", p: "1006.00"}
index.html:217 Received JSON:  {t: "36.83", p: "1005.99"}
index.html:217 Received JSON:  {t: "36.84", p: "1006.89"}
index.html:217 Received JSON:  {t: "36.84", p: "1006.29"}
index.html:217 Received JSON:  {t: "36.84", p: "1006.29"}
index.html:217 Received JSON:  {t: "36.84", p: "1006.29"}
index.html:217 Received JSON:  {t: "36.84", p: "1006.89"}
index.html:217 Received JSON:  {t: "36.84", p: "1006.88"}
index.html:217 Received JSON:  {t: "36.84", p: "1006.59"}
index.html:217 Received JSON:  {t: "36.83", p: "1006.58"}
index.html:174 MAX:
index.html:175 1006.9513585461978
index.html:217 Received JSON:  {t: "36.84", p: "1006.59"}
index.html:217 Received JSON:  {t: "36.83", p: "1006.87"}
index.html:217 Received JSON:  {t: "36.83", p: "1006.57"}
index.html:217 Received JSON:  {t: "36.83", p: "1006.28"}
index.html:217 Received JSON:  {t: "36.83", p: "1006.87"}
index.html:217 Received JSON:  {t: "36.83", p: "1005.99"}
index.html:217 Received JSON:  {t: "36.83", p: "1006.57"}
index.html:217 Received JSON:  {t: "36.83", p: "1006.28"}
index.html:217 Received JSON:  {t: "36.82", p: "1006.27"}
index.html:217 Received JSON:  {t: "36.83", p: "1006.28"}
index.html:217 Received JSON:  {t: "36.82", p: "1006.56"}
index.html:217 Received JSON:  {t: "36.82", p: "1006.85"}
index.html:191 MAX:
index.html:192 1007.0445528595129
index.html:217 Received JSON:  {t: "36.82", p: "1006.57"}
index.html:217 Received JSON:  {t: "36.82", p: "1007.15"}
index.html:217 Received JSON:  {t: "36.82", p: "1005.98"}
index.html:217 Received JSON:  {t: "36.82", p: "1006.86"}
index.html:217 Received JSON:  {t: "36.82", p: "1005.97"}
index.html:217 Received JSON:  {t: "36.82", p: "1006.85"}
index.html:217 Received JSON:  {t: "36.82", p: "1005.97"}
index.html:217 Received JSON:  {t: "36.82", p: "1006.85"}
index.html:217 Received JSON:  {t: "36.82", p: "1006.85"}
index.html:217 Received JSON:  {t: "36.82", p: "1006.55"}
index.html:217 Received JSON:  {t: "36.82", p: "1006.86"}
index.html:217 Received JSON:  {t: "36.82", p: "1005.97"}
index.html:217 Received JSON:  {t: "36.82", p: "1006.55"}
index.html:217 Received JSON:  {t: "36.81", p: "1006.54"}
index.html:217 Received JSON:  {t: "36.81", p: "1006.25"}
index.html:191 MAX:
index.html:192 1006.9827718379992
index.html:217 Received JSON:  {t: "36.81", p: "1006.55"}
index.html:217 Received JSON:  {t: "36.81", p: "1006.25"}
index.html:217 Received JSON:  {t: "36.81", p: "1005.66"}
index.html:217 Received JSON:  {t: "36.81", p: "1006.55"}
index.html:217 Received JSON:  {t: "36.81", p: "1005.96"}
index.html:217 Received JSON:  {t: "36.81", p: "1006.25"}
index.html:217 Received JSON:  {t: "36.80", p: "1006.24"}
index.html:217 Received JSON:  {t: "36.81", p: "1005.67"}
index.html:217 Received JSON:  {t: "36.80", p: "1006.24"}
index.html:217 Received JSON:  {t: "36.80", p: "1005.65"}
index.html:217 Received JSON:  {t: "36.80", p: "1006.24"}
index.html:217 Received JSON:  {t: "36.81", p: "1006.25"}
index.html:217 Received JSON:  {t: "36.80", p: "1006.54"}
index.html:217 Received JSON:  {t: "36.79", p: "1006.24"}
index.html:217 Received JSON:  {t: "36.80", p: "1006.54"}
index.html:217 Received JSON:  {t: "36.79", p: "1005.65"}
index.html:217 Received JSON:  {t: "36.80", p: "1006.54"}
index.html:217 Received JSON:  {t: "36.80", p: "1006.54"}
index.html:217 Received JSON:  {t: "36.79", p: "1006.53"}
index.html:217 Received JSON:  {t: "36.79", p: "1006.82"}
index.html:217 Received JSON:  {t: "36.79", p: "1006.23"}
index.html:217 Received JSON:  {t: "36.80", p: "1006.83"}
index.html:217 Received JSON:  {t: "36.79", p: "1006.23"}
index.html:217 Received JSON:  {t: "36.79", p: "1006.22"}
index.html:217 Received JSON:  {t: "36.79", p: "1006.52"}
index.html:217 Received JSON:  {t: "36.79", p: "1006.81"}
index.html:217 Received JSON:  {t: "36.79", p: "1006.22"}
index.html:217 Received JSON:  {t: "36.79", p: "1006.23"}
index.html:217 Received JSON:  {t: "36.78", p: "1006.22"}
index.html:217 Received JSON:  {t: "36.78", p: "1006.22"}
index.html:217 Received JSON:  {t: "36.79", p: "1006.52"}
index.html:217 Received JSON:  {t: "36.78", p: "1006.22"}
index.html:217 Received JSON:  {t: "36.79", p: "1006.22"}
index.html:217 Received JSON:  {t: "36.79", p: "1006.22"}
index.html:191 MAX:
index.html:192 1006.9053596988637
index.html:217 Received JSON:  {t: "36.78", p: "1006.50"}
index.html:217 Received JSON:  {t: "36.78", p: "1006.21"}
index.html:217 Received JSON:  {t: "36.78", p: "1006.51"}
index.html:217 Received JSON:  {t: "36.78", p: "1006.22"}
index.html:217 Received JSON:  {t: "36.78", p: "1006.79"}
index.html:217 Received JSON:  {t: "36.78", p: "1006.21"}
index.html:217 Received JSON:  {t: "36.78", p: "1006.79"}
index.html:217 Received JSON:  {t: "36.78", p: "1005.62"}
index.html:217 Received JSON:  {t: "36.78", p: "1006.50"}
index.html:217 Received JSON:  {t: "36.78", p: "1006.49"}
index.html:217 Received JSON:  {t: "36.77", p: "1006.79"}
index.html:217 Received JSON:  {t: "36.77", p: "1006.19"}
index.html:217 Received JSON:  {t: "36.78", p: "1005.62"}
index.html:217 Received JSON:  {t: "36.78", p: "1005.92"}
index.html:217 Received JSON:  {t: "36.78", p: "1005.91"}
index.html:217 Received JSON:  {t: "36.78", p: "1006.21"}
index.html:217 Received JSON:  {t: "36.78", p: "1006.20"}
index.html:191 MAX:
index.html:192 1006.818589030047
index.html:217 Received JSON:  {t: "36.78", p: "1005.91"}
index.html:217 Received JSON:  {t: "36.77", p: "1006.49"}
index.html:217 Received JSON:  {t: "36.77", p: "1006.49"}
index.html:217 Received JSON:  {t: "36.77", p: "1006.49"}
index.html:217 Received JSON:  {t: "36.77", p: "1006.19"}
index.html:217 Received JSON:  {t: "36.77", p: "1006.19"}
index.html:217 Received JSON:  {t: "36.77", p: "1006.19"}
index.html:217 Received JSON:  {t: "36.77", p: "1006.19"}
index.html:217 Received JSON:  {t: "36.77", p: "1005.90"}
index.html:217 Received JSON:  {t: "36.77", p: "1006.49"}
index.html:217 Received JSON:  {t: "36.77", p: "1006.19"}
index.html:217 Received JSON:  {t: "36.77", p: "1006.49"}
index.html:217 Received JSON:  {t: "36.77", p: "1006.49"}
index.html:217 Received JSON:  {t: "36.77", p: "1005.89"}
index.html:217 Received JSON:  {t: "36.76", p: "1006.48"}
index.html:217 Received JSON:  {t: "36.76", p: "1006.77"}
index.html:217 Received JSON:  {t: "36.76", p: "1005.89"}
index.html:217 Received JSON:  {t: "36.76", p: "1006.48"}
index.html:191 MAX:
index.html:192 1006.6962120852086
index.html:217 Received JSON:  {t: "36.76", p: "1006.19"}
index.html:217 Received JSON:  {t: "36.65", p: "-4.34"}
index.html:217 Received JSON:  {t: "36.66", p: "-4.04"}
index.html:217 Received JSON:  {t: "36.66", p: "-4.33"}
index.html:191 MAX:
index.html:192 1007.1445765549554
index.html:217 Received JSON:  {t: "36.66", p: "-4.34"}
index.html:217 Received JSON:  {t: "36.66", p: "-4.91"}
index.html:217 Received JSON:  {t: "36.66", p: "-4.33"}
index.html:217 Received JSON:  {t: "36.66", p: "-3.44"}
index.html:217 Received JSON:  {t: "36.66", p: "-3.75"}
index.html:217 Received JSON:  {t: "36.66", p: "-3.74"}
index.html:217 Received JSON:  {t: "36.66", p: "-3.74"}
index.html:217 Received JSON:  {t: "36.66", p: "-3.75"}
index.html:217 Received JSON:  {t: "36.66", p: "-3.75"}
index.html:217 Received JSON:  {t: "36.66", p: "-3.16"}
index.html:217 Received JSON:  {t: "36.66", p: "-3.45"}
index.html:217 Received JSON:  {t: "36.66", p: "-3.74"}
index.html:217 Received JSON:  {t: "36.66", p: "-3.46"}
index.html:217 Received JSON:  {t: "36.66", p: "-3.15"}
index.html:217 Received JSON:  {t: "36.66", p: "-3.16"}
index.html:217 Received JSON:  {t: "36.66", p: "-2.86"}
index.html:217 Received JSON:  {t: "36.66", p: "-3.45"}
index.html:217 Received JSON:  {t: "36.66", p: "-3.15"}
index.html:217 Received JSON:  {t: "36.66", p: "-3.44"}
index.html:217 Received JSON:  {t: "36.66", p: "-3.15"}
index.html:217 Received JSON:  {t: "36.66", p: "-3.44"}
index.html:217 Received JSON:  {t: "36.66", p: "-3.15"}
index.html:217 Received JSON:  {t: "36.66", p: "-3.74"}
index.html:217 Received JSON:  {t: "36.66", p: "-4.04"}
index.html:217 Received JSON:  {t: "36.67", p: "-3.44"}
index.html:217 Received JSON:  {t: "36.66", p: "-3.74"}
index.html:217 Received JSON:  {t: "36.66", p: "-3.15"}
index.html:217 Received JSON:  {t: "36.66", p: "-3.74"}
index.html:217 Received JSON:  {t: "36.67", p: "-2.56"}
index.html:191 MAX:
index.html:192 -3.2858533790762903
index.html:217 Received JSON:  {t: "36.66", p: "-3.44"}
index.html:217 Received JSON:  {t: "36.67", p: "-2.56"}
index.html:217 Received JSON:  {t: "36.67", p: "-2.56"}
index.html:217 Received JSON:  {t: "36.67", p: "-2.56"}
index.html:217 Received JSON:  {t: "36.67", p: "-3.73"}
index.html:217 Received JSON:  {t: "36.67", p: "-2.55"}
index.html:217 Received JSON:  {t: "36.67", p: "-3.43"}
index.html:217 Received JSON:  {t: "36.67", p: "-3.73"}
index.html:217 Received JSON:  {t: "36.68", p: "-3.13"}
index.html:217 Received JSON:  {t: "36.67", p: "-2.84"}
index.html:217 Received JSON:  {t: "36.67", p: "-2.55"}
index.html:217 Received JSON:  {t: "36.68", p: "-2.84"}
index.html:217 Received JSON:  {t: "36.68", p: "-2.83"}
index.html:217 Received JSON:  {t: "36.68", p: "-2.54"}
index.html:217 Received JSON:  {t: "36.68", p: "-3.13"}
index.html:217 Received JSON:  {t: "36.67", p: "-1.96"}
index.html:217 Received JSON:  {t: "36.68", p: "-2.24"}
index.html:191 MAX:
index.html:192 -3.0272907949280574
index.html:217 Received JSON:  {t: "36.69", p: "-2.53"}
index.html:217 Received JSON:  {t: "36.69", p: "-2.24"}
index.html:217 Received JSON:  {t: "36.69", p: "-2.82"}
index.html:217 Received JSON:  {t: "36.69", p: "-2.24"}
index.html:217 Received JSON:  {t: "36.69", p: "-2.53"}
index.html:217 Received JSON:  {t: "36.69", p: "-1.64"}
index.html:217 Received JSON:  {t: "36.68", p: "-2.24"}
index.html:217 Received JSON:  {t: "36.69", p: "-1.64"}
index.html:217 Received JSON:  {t: "36.69", p: "-1.64"}
index.html:217 Received JSON:  {t: "36.69", p: "-1.94"}
index.html:217 Received JSON:  {t: "36.69", p: "-1.64"}
index.html:217 Received JSON:  {t: "36.69", p: "-2.52"}
index.html:217 Received JSON:  {t: "36.69", p: "-2.52"}
index.html:217 Received JSON:  {t: "36.69", p: "-1.93"}
index.html:217 Received JSON:  {t: "36.70", p: "-1.34"}
index.html:217 Received JSON:  {t: "36.70", p: "-1.93"}
index.html:217 Received JSON:  {t: "36.70", p: "-1.92"}
index.html:217 Received JSON:  {t: "36.71", p: "-1.62"}
index.html:217 Received JSON:  {t: "36.70", p: "-2.21"}
index.html:217 Received JSON:  {t: "36.70", p: "-2.51"}
index.html:217 Received JSON:  {t: "36.71", p: "-1.91"}
index.html:217 Received JSON:  {t: "36.70", p: "-2.21"}
index.html:217 Received JSON:  {t: "36.70", p: "-2.21"}
index.html:217 Received JSON:  {t: "36.71", p: "-2.21"}
index.html:217 Received JSON:  {t: "36.72", p: "-1.61"}
index.html:191 MAX:
index.html:192 -1.9573934045468986
index.html:217 Received JSON:  {t: "36.72", p: "-2.19"}
index.html:217 Received JSON:  {t: "36.71", p: "-1.62"}
index.html:217 Received JSON:  {t: "36.71", p: "-1.32"}
index.html:217 Received JSON:  {t: "36.72", p: "-2.19"}
index.html:217 Received JSON:  {t: "36.73", p: "-1.89"}
index.html:217 Received JSON:  {t: "36.72", p: "-1.31"}
index.html:217 Received JSON:  {t: "36.73", p: "-1.59"}
index.html:217 Received JSON:  {t: "36.72", p: "-2.19"}
index.html:217 Received JSON:  {t: "36.73", p: "-1.59"}
index.html:217 Received JSON:  {t: "36.74", p: "-1.59"}
index.html:217 Received JSON:  {t: "36.73", p: "-1.89"}
index.html:217 Received JSON:  {t: "36.73", p: "-1.89"}
index.html:217 Received JSON:  {t: "36.74", p: "-2.76"}
index.html:217 Received JSON:  {t: "36.74", p: "-2.16"}
index.html:217 Received JSON:  {t: "36.74", p: "-1.87"}
index.html:217 Received JSON:  {t: "36.74", p: "-1.86"}
index.html:217 Received JSON:  {t: "36.74", p: "-1.57"}
index.html:217 Received JSON:  {t: "36.74", p: "-1.57"}
index.html:191 MAX:
index.html:192 -1.7677030057136116
index.html:217 Received JSON:  {t: "36.74", p: "-1.57"}
index.html:217 Received JSON:  {t: "36.74", p: "-1.86"}
index.html:217 Received JSON:  {t: "36.75", p: "-2.14"}
index.html:217 Received JSON:  {t: "36.75", p: "-2.15"}
index.html:217 Received JSON:  {t: "36.76", p: "-0.67"}
index.html:217 Received JSON:  {t: "36.76", p: "-2.13"}
index.html:217 Received JSON:  {t: "36.76", p: "-1.84"}
index.html:217 Received JSON:  {t: "36.76", p: "-1.54"}
index.html:217 Received JSON:  {t: "36.76", p: "-1.54"}
index.html:217 Received JSON:  {t: "36.77", p: "-1.83"}
index.html:217 Received JSON:  {t: "36.77", p: "-1.83"}
index.html:217 Received JSON:  {t: "36.77", p: "-1.83"}
index.html:217 Received JSON:  {t: "36.77", p: "-1.24"}
index.html:217 Received JSON:  {t: "36.78", p: "-1.23"}
index.html:217 Received JSON:  {t: "36.78", p: "-0.94"}
index.html:217 Received JSON:  {t: "36.77", p: "-1.53"}
index.html:217 Received JSON:  {t: "36.78", p: "-0.93"}
index.html:217 Received JSON:  {t: "36.78", p: "-1.23"}
index.html:217 Received JSON:  {t: "36.78", p: "-0.93"}
index.html:217 Received JSON:  {t: "36.79", p: "-0.92"}
index.html:217 Received JSON:  {t: "36.79", p: "-1.51"}
index.html:217 Received JSON:  {t: "36.79", p: "-1.21"}
index.html:217 Received JSON:  {t: "36.78", p: "-1.51"}
index.html:217 Received JSON:  {t: "36.79", p: "-0.91"}
index.html:217 Received JSON:  {t: "36.79", p: "-0.91"}
index.html:217 Received JSON:  {t: "36.79", p: "-0.91"}
index.html:217 Received JSON:  {t: "36.79", p: "-0.61"}
index.html:217 Received JSON:  {t: "36.79", p: "-0.91"}
index.html:217 Received JSON:  {t: "36.80", p: "-1.19"}
index.html:217 Received JSON:  {t: "36.81", p: "-0.89"}
index.html:217 Received JSON:  {t: "36.81", p: "-1.19"}
index.html:217 Received JSON:  {t: "36.81", p: "-0.01"}
index.html:217 Received JSON:  {t: "36.81", p: "-1.19"}
index.html:217 Received JSON:  {t: "36.81", p: "-0.89"}
index.html:217 Received JSON:  {t: "36.82", p: "-0.89"}
index.html:217 Received JSON:  {t: "36.82", p: "-1.18"}
index.html:217 Received JSON:  {t: "36.82", p: "-1.47"}
index.html:217 Received JSON:  {t: "36.82", p: "-0.87"}
index.html:217 Received JSON:  {t: "36.82", p: "-1.16"}
index.html:217 Received JSON:  {t: "36.82", p: "-1.16"}
index.html:217 Received JSON:  {t: "36.83", p: "-0.56"}
index.html:217 Received JSON:  {t: "36.83", p: "-0.57"}
index.html:217 Received JSON:  {t: "36.83", p: "-0.28"}
index.html:191 MAX:
index.html:192 -0.90257030546395
index.html:217 Received JSON:  {t: "36.83", p: "-1.15"}
index.html:217 Received JSON:  {t: "36.84", p: "-0.56"}
index.html:217 Received JSON:  {t: "36.84", p: "-1.44"}
index.html:217 Received JSON:  {t: "36.84", p: "-0.85"}
index.html:217 Received JSON:  {t: "36.84", p: "-0.55"}
index.html:217 Received JSON:  {t: "36.85", p: "-0.84"}
index.html:217 Received JSON:  {t: "36.85", p: "-1.13"}
index.html:217 Received JSON:  {t: "36.85", p: "-1.13"}
index.html:217 Received JSON:  {t: "36.85", p: "-0.83"}
index.html:217 Received JSON:  {t: "36.85", p: "-0.53"}
index.html:217 Received JSON:  {t: "36.86", p: "-1.41"}
index.html:217 Received JSON:  {t: "36.86", p: "-0.53"}
index.html:217 Received JSON:  {t: "36.86", p: "-0.53"}
index.html:191 MAX:
index.html:192 -0.8313669658292107
index.html:217 Received JSON:  {t: "36.86", p: "-0.81"}
index.html:217 Received JSON:  {t: "36.87", p: "-0.81"}
index.html:217 Received JSON:  {t: "36.87", p: "-1.09"}
index.html:217 Received JSON:  {t: "36.88", p: "-1.09"}
index.html:217 Received JSON:  {t: "36.87", p: "-0.79"}
index.html:217 Received JSON:  {t: "36.88", p: "-0.79"}
index.html:217 Received JSON:  {t: "36.88", p: "-0.79"}
index.html:217 Received JSON:  {t: "36.88", p: "-0.79"}
index.html:217 Received JSON:  {t: "36.89", p: "-1.08"}
index.html:217 Received JSON:  {t: "36.89", p: "-0.49"}
index.html:217 Received JSON:  {t: "36.89", p: "-0.77"}
index.html:217 Received JSON:  {t: "36.89", p: "-0.49"}
index.html:217 Received JSON:  {t: "36.89", p: "-0.48"}
index.html:191 MAX:
index.html:192 -0.8444541439249998
index.html:217 Received JSON:  {t: "36.90", p: "-0.76"}
index.html:217 Received JSON:  {t: "36.90", p: "-0.76"}
index.html:217 Received JSON:  {t: "36.90", p: "-1.06"}
index.html:217 Received JSON:  {t: "36.90", p: "-0.76"}
index.html:217 Received JSON:  {t: "36.90", p: "0.11"}
index.html:217 Received JSON:  {t: "36.91", p: "0.42"}
index.html:217 Received JSON:  {t: "36.91", p: "-0.16"}
index.html:217 Received JSON:  {t: "36.91", p: "-0.16"}
index.html:217 Received JSON:  {t: "36.91", p: "-0.16"}
index.html:217 Received JSON:  {t: "36.92", p: "-0.14"}
index.html:217 Received JSON:  {t: "36.92", p: "-0.15"}
index.html:217 Received JSON:  {t: "36.92", p: "0.74"}
index.html:217 Received JSON:  {t: "36.93", p: "-0.14"}
index.html:217 Received JSON:  {t: "36.93", p: "-0.14"}
index.html:217 Received JSON:  {t: "36.93", p: "-0.14"}
index.html:217 Received JSON:  {t: "36.93", p: "-0.13"}
index.html:217 Received JSON:  {t: "36.94", p: "0.47"}
index.html:217 Received JSON:  {t: "36.93", p: "-0.13"}
index.html:217 Received JSON:  {t: "36.93", p: "-1.01"}
index.html:217 Received JSON:  {t: "36.94", p: "0.18"}
index.html:217 Received JSON:  {t: "36.95", p: "-0.11"}
index.html:217 Received JSON:  {t: "36.95", p: "-0.09"}
index.html:217 Received JSON:  {t: "36.95", p: "-0.11"}
index.html:217 Received JSON:  {t: "36.95", p: "-0.11"}
index.html:217 Received JSON:  {t: "36.95", p: "-0.39"}
index.html:191 MAX:
index.html:192 -0.014088991511136486
index.html:217 Received JSON:  {t: "36.96", p: "0.21"}
index.html:217 Received JSON:  {t: "36.95", p: "0.19"}
index.html:217 Received JSON:  {t: "36.96", p: "-0.39"}
index.html:217 Received JSON:  {t: "36.97", p: "-0.09"}
index.html:217 Received JSON:  {t: "36.97", p: "-0.37"}
index.html:217 Received JSON:  {t: "36.97", p: "-0.38"}
index.html:217 Received JSON:  {t: "36.97", p: "-0.08"}
index.html:217 Received JSON:  {t: "36.97", p: "-0.07"}
index.html:217 Received JSON:  {t: "36.97", p: "-0.07"}
index.html:217 Received JSON:  {t: "36.98", p: "-0.06"}
index.html:217 Received JSON:  {t: "36.98", p: "-0.06"}
index.html:217 Received JSON:  {t: "36.98", p: "-0.35"}
index.html:191 MAX:
index.html:192 -0.12178495770688151
index.html:217 Received JSON:  {t: "36.98", p: "-0.35"}
index.html:217 Received JSON:  {t: "36.99", p: "-0.04"}
index.html:217 Received JSON:  {t: "36.99", p: "0.25"}
index.html:217 Received JSON:  {t: "37.00", p: "-0.03"}
index.html:217 Received JSON:  {t: "36.99", p: "0.26"}
index.html:217 Received JSON:  {t: "37.00", p: "0.26"}
index.html:217 Received JSON:  {t: "37.01", p: "-0.32"}
index.html:217 Received JSON:  {t: "37.01", p: "-0.03"}
index.html:217 Received JSON:  {t: "37.01", p: "-0.02"}
index.html:217 Received JSON:  {t: "37.01", p: "0.27"}
index.html:217 Received JSON:  {t: "37.01", p: "0.28"}
index.html:217 Received JSON:  {t: "37.02", p: "0.29"}
index.html:217 Received JSON:  {t: "37.02", p: "0.00"}
index.html:217 Received JSON:  {t: "37.02", p: "0.29"}
index.html:217 Received JSON:  {t: "37.03", p: "0.01"}
index.html:217 Received JSON:  {t: "37.02", p: "-0.29"}
index.html:217 Received JSON:  {t: "37.02", p: "-0.29"}
index.html:217 Received JSON:  {t: "37.03", p: "0.01"}
index.html:217 Received JSON:  {t: "37.04", p: "0.02"}
index.html:217 Received JSON:  {t: "37.04", p: "0.01"}
index.html:217 Received JSON:  {t: "37.04", p: "0.02"}
index.html:217 Received JSON:  {t: "37.04", p: "-0.57"}
index.html:217 Received JSON:  {t: "37.05", p: "0.04"}
index.html:191 MAX:
index.html:192 0.09572021230989547
index.html:217 Received JSON:  {t: "37.05", p: "-0.26"}
index.html:217 Received JSON:  {t: "37.05", p: "0.03"}
index.html:217 Received JSON:  {t: "37.05", p: "0.33"}
index.html:217 Received JSON:  {t: "37.05", p: "0.04"}
index.html:217 Received JSON:  {t: "37.06", p: "-0.24"}
index.html:217 Received JSON:  {t: "37.06", p: "0.34"}
index.html:217 Received JSON:  {t: "37.06", p: "0.06"}
index.html:217 Received JSON:  {t: "37.06", p: "0.35"}
index.html:217 Received JSON:  {t: "37.07", p: "-0.23"}
index.html:217 Received JSON:  {t: "37.07", p: "0.65"}
index.html:217 Received JSON:  {t: "37.07", p: "-0.23"}
index.html:217 Received JSON:  {t: "37.07", p: "0.07"}
index.html:217 Received JSON:  {t: "37.08", p: "0.37"}
index.html:217 Received JSON:  {t: "37.09", p: "0.09"}
index.html:217 Received JSON:  {t: "37.09", p: "0.38"}
index.html:217 Received JSON:  {t: "37.09", p: "0.09"}
index.html:217 Received JSON:  {t: "37.09", p: "0.09"}
index.html:217 Received JSON:  {t: "37.09", p: "0.68"}
index.html:217 Received JSON:  {t: "37.09", p: "0.69"}
index.html:217 Received JSON:  {t: "37.09", p: "0.39"}
index.html:217 Received JSON:  {t: "37.11", p: "0.71"}
index.html:217 Received JSON:  {t: "37.10", p: "0.70"}
index.html:217 Received JSON:  {t: "37.10", p: "1.29"}
index.html:217 Received JSON:  {t: "37.10", p: "0.70"}
index.html:217 Received JSON:  {t: "37.11", p: "1.01"}
index.html:217 Received JSON:  {t: "37.11", p: "0.71"}
index.html:217 Received JSON:  {t: "37.12", p: "0.42"}
index.html:217 Received JSON:  {t: "37.12", p: "0.73"}
index.html:217 Received JSON:  {t: "37.12", p: "0.43"}
index.html:217 Received JSON:  {t: "37.13", p: "1.03"}
index.html:217 Received JSON:  {t: "37.12", p: "1.02"}
index.html:217 Received JSON:  {t: "37.14", p: "0.46"}
index.html:217 Received JSON:  {t: "37.13", p: "0.74"}
index.html:217 Received JSON:  {t: "37.13", p: "0.44"}
index.html:217 Received JSON:  {t: "37.14", p: "0.46"}
index.html:217 Received JSON:  {t: "37.14", p: "0.76"}
index.html:217 Received JSON:  {t: "37.14", p: "0.46"}
index.html:217 Received JSON:  {t: "37.15", p: "0.17"}
index.html:191 MAX:
index.html:192 0.7544603728272836
index.html:217 Received JSON:  {t: "37.14", p: "1.34"}
index.html:217 Received JSON:  {t: "37.14", p: "0.76"}
index.html:217 Received JSON:  {t: "37.15", p: "0.18"}
index.html:217 Received JSON:  {t: "37.16", p: "0.48"}
index.html:217 Received JSON:  {t: "37.16", p: "1.08"}
index.html:217 Received JSON:  {t: "37.16", p: "0.78"}
index.html:217 Received JSON:  {t: "37.16", p: "1.08"}
index.html:217 Received JSON:  {t: "37.16", p: "0.79"}
index.html:217 Received JSON:  {t: "37.17", p: "0.79"}
index.html:217 Received JSON:  {t: "37.17", p: "0.51"}
index.html:217 Received JSON:  {t: "37.17", p: "1.09"}
index.html:217 Received JSON:  {t: "37.17", p: "0.80"}
index.html:217 Received JSON:  {t: "37.18", p: "1.11"}
index.html:217 Received JSON:  {t: "37.18", p: "0.22"}
index.html:217 Received JSON:  {t: "37.18", p: "1.11"}
index.html:217 Received JSON:  {t: "37.19", p: "0.53"}
index.html:217 Received JSON:  {t: "37.19", p: "1.12"}
index.html:217 Received JSON:  {t: "37.19", p: "1.12"}
index.html:217 Received JSON:  {t: "37.19", p: "1.12"}
index.html:217 Received JSON:  {t: "37.20", p: "0.54"}
index.html:217 Received JSON:  {t: "37.20", p: "0.84"}
index.html:217 Received JSON:  {t: "37.20", p: "0.54"}
index.html:217 Received JSON:  {t: "37.21", p: "0.85"}
index.html:217 Received JSON:  {t: "37.20", p: "0.26"}
index.html:217 Received JSON:  {t: "37.21", p: "0.26"}
index.html:217 Received JSON:  {t: "37.21", p: "0.56"}
index.html:217 Received JSON:  {t: "37.21", p: "0.56"}
index.html:217 Received JSON:  {t: "37.22", p: "0.57"}
index.html:191 MAX:
index.html:192 0.8452936720952282
index.html:217 Received JSON:  {t: "37.22", p: "0.58"}
index.html:217 Received JSON:  {t: "37.23", p: "0.29"}
index.html:217 Received JSON:  {t: "37.24", p: "0.30"}
index.html:217 Received JSON:  {t: "37.23", p: "1.17"}
index.html:217 Received JSON:  {t: "37.24", p: "0.30"}
index.html:217 Received JSON:  {t: "37.24", p: "0.89"}
index.html:217 Received JSON:  {t: "37.24", p: "0.89"}
index.html:217 Received JSON:  {t: "37.24", p: "0.31"}
index.html:217 Received JSON:  {t: "37.24", p: "0.31"}
index.html:217 Received JSON:  {t: "37.25", p: "0.91"}
index.html:217 Received JSON:  {t: "37.25", p: "0.61"}
index.html:217 Received JSON:  {t: "37.25", p: "1.50"}
index.html:217 Received JSON:  {t: "37.25", p: "0.61"}
index.html:217 Received JSON:  {t: "37.25", p: "0.62"}
index.html:217 Received JSON:  {t: "37.26", p: "0.34"}
index.html:217 Received JSON:  {t: "37.26", p: "0.92"}
index.html:217 Received JSON:  {t: "37.27", p: "0.93"}
index.html:217 Received JSON:  {t: "37.27", p: "0.64"}
index.html:217 Received JSON:  {t: "37.27", p: "0.93"}
index.html:217 Received JSON:  {t: "37.28", p: "1.24"}
index.html:217 Received JSON:  {t: "37.28", p: "1.24"}
index.html:217 Received JSON:  {t: "37.27", p: "1.82"}
index.html:217 Received JSON:  {t: "37.28", p: "1.83"}
index.html:217 Received JSON:  {t: "37.28", p: "2.13"}
index.html:217 Received JSON:  {t: "37.28", p: "1.25"}
index.html:217 Received JSON:  {t: "37.28", p: "0.96"}
index.html:217 Received JSON:  {t: "37.29", p: "1.26"}
index.html:217 Received JSON:  {t: "37.29", p: "1.56"}
index.html:217 Received JSON:  {t: "37.29", p: "1.27"}
index.html:217 Received JSON:  {t: "37.30", p: "0.98"}
index.html:217 Received JSON:  {t: "37.30", p: "2.16"}
index.html:217 Received JSON:  {t: "37.31", p: "1.58"}
index.html:217 Received JSON:  {t: "37.31", p: "0.99"}
index.html:217 Received JSON:  {t: "37.31", p: "1.58"}
index.html:217 Received JSON:  {t: "37.31", p: "0.99"}
index.html:217 Received JSON:  {t: "37.31", p: "1.58"}
index.html:217 Received JSON:  {t: "37.32", p: "1.59"}
index.html:217 Received JSON:  {t: "37.32", p: "1.01"}
index.html:191 MAX:
index.html:192 1.4432078763511154
index.html:217 Received JSON:  {t: "37.32", p: "1.01"}
index.html:217 Received JSON:  {t: "37.32", p: "1.01"}
index.html:217 Received JSON:  {t: "37.32", p: "1.01"}
index.html:217 Received JSON:  {t: "37.32", p: "1.01"}
index.html:217 Received JSON:  {t: "37.33", p: "1.02"}
index.html:217 Received JSON:  {t: "37.33", p: "1.61"}
index.html:217 Received JSON:  {t: "37.34", p: "1.33"}
index.html:217 Received JSON:  {t: "37.34", p: "1.62"}
index.html:217 Received JSON:  {t: "37.34", p: "1.63"}
index.html:217 Received JSON:  {t: "37.34", p: "0.74"}
index.html:217 Received JSON:  {t: "37.35", p: "1.65"}
index.html:217 Received JSON:  {t: "37.35", p: "1.05"}
index.html:217 Received JSON:  {t: "37.35", p: "0.46"}
index.html:217 Received JSON:  {t: "37.35", p: "1.94"}
index.html:217 Received JSON:  {t: "37.35", p: "1.64"}
index.html:217 Received JSON:  {t: "37.36", p: "1.36"}
index.html:217 Received JSON:  {t: "37.36", p: "1.65"}
index.html:217 Received JSON:  {t: "37.37", p: "1.37"}
index.html:217 Received JSON:  {t: "37.37", p: "1.37"}
index.html:217 Received JSON:  {t: "37.37", p: "1.08"}
index.html:217 Received JSON:  {t: "37.37", p: "0.79"}
index.html:217 Received JSON:  {t: "37.37", p: "1.67"}
index.html:217 Received JSON:  {t: "37.38", p: "1.09"}
index.html:217 Received JSON:  {t: "37.38", p: "1.39"}
index.html:217 Received JSON:  {t: "37.38", p: "1.68"}
index.html:217 Received JSON:  {t: "37.38", p: "1.68"}
index.html:217 Received JSON:  {t: "37.39", p: "1.98"}
index.html:217 Received JSON:  {t: "37.39", p: "0.51"}
index.html:217 Received JSON:  {t: "37.39", p: "1.40"}
index.html:191 MAX:
index.html:192 1.3554515592071665
index.html:217 Received JSON:  {t: "37.40", p: "1.71"}
index.html:217 Received JSON:  {t: "37.39", p: "1.41"}
index.html:217 Received JSON:  {t: "37.39", p: "0.82"}
index.html:217 Received JSON:  {t: "37.40", p: "0.83"}
index.html:217 Received JSON:  {t: "37.40", p: "1.12"}
index.html:217 Received JSON:  {t: "37.41", p: "1.13"}
index.html:217 Received JSON:  {t: "37.41", p: "1.43"}
index.html:217 Received JSON:  {t: "37.42", p: "1.15"}
index.html:217 Received JSON:  {t: "37.42", p: "0.85"}
index.html:191 MAX:
index.html:192 1.392334922298211
index.html:217 Received JSON:  {t: "37.42", p: "0.85"}
index.html:217 Received JSON:  {t: "37.42", p: "1.74"}
index.html:217 Received JSON:  {t: "37.43", p: "1.16"}
index.html:217 Received JSON:  {t: "37.43", p: "2.05"}
index.html:217 Received JSON:  {t: "37.43", p: "1.75"}
index.html:217 Received JSON:  {t: "37.43", p: "0.87"}
index.html:217 Received JSON:  {t: "37.43", p: "0.87"}
index.html:217 Received JSON:  {t: "37.44", p: "1.47"}
index.html:217 Received JSON:  {t: "37.44", p: "1.18"}
index.html:217 Received JSON:  {t: "37.44", p: "1.18"}
index.html:217 Received JSON:  {t: "37.45", p: "1.78"}
index.html:217 Received JSON:  {t: "37.45", p: "1.48"}
index.html:217 Received JSON:  {t: "37.45", p: "2.08"}
index.html:217 Received JSON:  {t: "37.45", p: "1.49"}
index.html:217 Received JSON:  {t: "37.45", p: "1.78"}
index.html:217 Received JSON:  {t: "37.46", p: "1.50"}
index.html:217 Received JSON:  {t: "37.46", p: "1.21"}
index.html:217 Received JSON:  {t: "37.47", p: "1.80"}
index.html:217 Received JSON:  {t: "37.47", p: "1.51"}
index.html:217 Received JSON:  {t: "37.47", p: "1.81"}
index.html:217 Received JSON:  {t: "37.47", p: "2.40"}
index.html:217 Received JSON:  {t: "37.48", p: "1.23"}
index.html:217 Received JSON:  {t: "37.48", p: "1.53"}
index.html:217 Received JSON:  {t: "37.48", p: "2.12"}
index.html:217 Received JSON:  {t: "37.48", p: "1.83"}
index.html:217 Received JSON:  {t: "37.48", p: "1.82"}
index.html:217 Received JSON:  {t: "37.49", p: "1.25"}
index.html:217 Received JSON:  {t: "37.49", p: "2.42"}
index.html:217 Received JSON:  {t: "37.49", p: "2.73"}
index.html:217 Received JSON:  {t: "37.49", p: "1.84"}
index.html:217 Received JSON:  {t: "37.49", p: "2.14"}
index.html:217 Received JSON:  {t: "37.50", p: "2.15"}
index.html:217 Received JSON:  {t: "37.51", p: "1.56"}
index.html:217 Received JSON:  {t: "37.50", p: "1.56"}
index.html:217 Received JSON:  {t: "37.51", p: "2.45"}
index.html:217 Received JSON:  {t: "37.51", p: "1.87"}
index.html:217 Received JSON:  {t: "37.51", p: "2.17"}
index.html:217 Received JSON:  {t: "37.51", p: "2.16"}
index.html:217 Received JSON:  {t: "37.51", p: "1.87"}
index.html:217 Received JSON:  {t: "37.52", p: "1.88"}
index.html:217 Received JSON:  {t: "37.52", p: "2.47"}
index.html:217 Received JSON:  {t: "37.52", p: "1.88"}
index.html:217 Received JSON:  {t: "37.54", p: "1.61"}
index.html:217 Received JSON:  {t: "37.54", p: "2.20"}
index.html:191 MAX:
index.html:192 2.011286260856801
index.html:217 Received JSON:  {t: "37.53", p: "2.19"}
index.html:217 Received JSON:  {t: "37.54", p: "1.61"}
index.html:217 Received JSON:  {t: "37.54", p: "1.90"}
index.html:217 Received JSON:  {t: "37.55", p: "1.33"}
index.html:217 Received JSON:  {t: "37.54", p: "1.03"}
index.html:217 Received JSON:  {t: "37.55", p: "1.91"}
index.html:217 Received JSON:  {t: "37.55", p: "2.21"}
index.html:191 MAX:
index.html:192 2.017206422006038
index.html:217 Received JSON:  {t: "37.55", p: "1.91"}
index.html:217 Received JSON:  {t: "37.56", p: "2.23"}
index.html:217 Received JSON:  {t: "37.56", p: "2.23"}
index.html:217 Received JSON:  {t: "37.56", p: "1.35"}
index.html:217 Received JSON:  {t: "37.56", p: "1.93"}
index.html:217 Received JSON:  {t: "37.56", p: "2.23"}
index.html:217 Received JSON:  {t: "37.57", p: "1.65"}
index.html:217 Received JSON:  {t: "37.57", p: "1.65"}
index.html:217 Received JSON:  {t: "37.58", p: "1.37"}
index.html:217 Received JSON:  {t: "37.58", p: "1.97"}
index.html:217 Received JSON:  {t: "37.57", p: "1.36"}
index.html:217 Received JSON:  {t: "37.59", p: "1.68"}
index.html:217 Received JSON:  {t: "37.59", p: "1.97"}
index.html:217 Received JSON:  {t: "37.58", p: "1.67"}
index.html:217 Received JSON:  {t: "37.59", p: "1.10"}
index.html:191 MAX:
index.html:192 1.8764641933511752
index.html:217 Received JSON:  {t: "37.59", p: "1.39"}
index.html:217 Received JSON:  {t: "37.59", p: "1.70"}
index.html:217 Received JSON:  {t: "37.59", p: "1.11"}
index.html:217 Received JSON:  {t: "37.60", p: "1.11"}
index.html:217 Received JSON:  {t: "37.59", p: "1.40"}
index.html:217 Received JSON:  {t: "37.60", p: "1.41"}
index.html:217 Received JSON:  {t: "37.60", p: "1.70"}
index.html:217 Received JSON:  {t: "37.61", p: "1.71"}
index.html:217 Received JSON:  {t: "37.61", p: "2.60"}
index.html:217 Received JSON:  {t: "37.62", p: "1.43"}
index.html:217 Received JSON:  {t: "37.62", p: "2.01"}
index.html:217 Received JSON:  {t: "37.62", p: "2.31"}
index.html:217 Received JSON:  {t: "37.62", p: "2.01"}
index.html:217 Received JSON:  {t: "37.62", p: "1.43"}
index.html:217 Received JSON:  {t: "37.63", p: "1.45"}
index.html:217 Received JSON:  {t: "37.63", p: "1.75"}
index.html:217 Received JSON:  {t: "37.62", p: "2.03"}
index.html:217 Received JSON:  {t: "37.63", p: "2.04"}
index.html:217 Received JSON:  {t: "37.64", p: "1.75"}
index.html:217 Received JSON:  {t: "37.63", p: "2.04"}
index.html:217 Received JSON:  {t: "37.64", p: "2.35"}
index.html:217 Received JSON:  {t: "37.64", p: "1.75"}
index.html:217 Received JSON:  {t: "37.64", p: "1.76"}
index.html:217 Received JSON:  {t: "37.65", p: "2.65"}
index.html:217 Received JSON:  {t: "37.65", p: "2.06"}
index.html:191 MAX:
index.html:192 1.8559725102626143
index.html:217 Received JSON:  {t: "37.66", p: "2.66"}
index.html:217 Received JSON:  {t: "37.66", p: "2.37"}
index.html:217 Received JSON:  {t: "37.66", p: "3.26"}
index.html:217 Received JSON:  {t: "37.66", p: "2.96"}
index.html:217 Received JSON:  {t: "37.66", p: "2.37"}
index.html:217 Received JSON:  {t: "37.67", p: "2.97"}
index.html:217 Received JSON:  {t: "37.67", p: "2.68"}
index.html:217 Received JSON:  {t: "37.67", p: "2.39"}
index.html:217 Received JSON:  {t: "37.67", p: "2.39"}
index.html:217 Received JSON:  {t: "37.67", p: "2.10"}
index.html:217 Received JSON:  {t: "37.67", p: "2.39"}
index.html:217 Received JSON:  {t: "37.68", p: "2.69"}
index.html:217 Received JSON:  {t: "37.68", p: "2.69"}
index.html:217 Received JSON:  {t: "37.69", p: "2.71"}
index.html:217 Received JSON:  {t: "37.69", p: "2.11"}
index.html:217 Received JSON:  {t: "37.69", p: "2.12"}
index.html:217 Received JSON:  {t: "37.70", p: "2.14"}
index.html:191 MAX:
index.html:192 2.6201029493644534
index.html:217 Received JSON:  {t: "37.69", p: "2.41"}
index.html:217 Received JSON:  {t: "37.70", p: "3.01"}
index.html:217 Received JSON:  {t: "37.69", p: "2.42"}
index.html:217 Received JSON:  {t: "37.70", p: "2.73"}
index.html:217 Received JSON:  {t: "37.71", p: "2.74"}
index.html:217 Received JSON:  {t: "37.71", p: "2.44"}
index.html:217 Received JSON:  {t: "37.71", p: "2.15"}
index.html:217 Received JSON:  {t: "37.71", p: "2.15"}
index.html:217 Received JSON:  {t: "37.72", p: "2.75"}
index.html:217 Received JSON:  {t: "37.72", p: "2.16"}
index.html:217 Received JSON:  {t: "37.72", p: "2.46"}
index.html:217 Received JSON:  {t: "37.72", p: "2.76"}
index.html:217 Received JSON:  {t: "37.73", p: "2.76"}
index.html:217 Received JSON:  {t: "37.73", p: "2.17"}
index.html:217 Received JSON:  {t: "37.73", p: "2.76"}
index.html:217 Received JSON:  {t: "37.73", p: "1.88"}
index.html:191 MAX:
index.html:192 2.491078718656771
index.html:198 Respiratory rate:
index.html:199 28
index.html:217 Received JSON:  {t: "37.73", p: "2.47"}
index.html:217 Received JSON:  {t: "37.74", p: "2.19"}
index.html:217 Received JSON:  {t: "37.74", p: "2.79"}
index.html:217 Received JSON:  {t: "37.74", p: "2.49"}
index.html:217 Received JSON:  {t: "37.75", p: "2.20"}
index.html:217 Received JSON:  {t: "37.74", p: "2.20"}
index.html:217 Received JSON:  {t: "37.75", p: "2.51"}
index.html:217 Received JSON:  {t: "37.76", p: "2.51"}
index.html:217 Received JSON:  {t: "37.76", p: "2.81"}
index.html:217 Received JSON:  {t: "37.76", p: "2.21"}
index.html:217 Received JSON:  {t: "37.76", p: "1.63"}
index.html:217 Received JSON:  {t: "37.76", p: "2.21"}
index.html:217 Received JSON:  {t: "37.77", p: "1.64"}
index.html:217 Received JSON:  {t: "37.77", p: "2.23"}
index.html:217 Received JSON:  {t: "37.78", p: "1.65"}
index.html:217 Received JSON:  {t: "37.78", p: "1.95"}
index.html:217 Received JSON:  {t: "37.78", p: "1.95"}
index.html:217 Received JSON:  {t: "37.78", p: "2.25"}
index.html:217 Received JSON:  {t: "37.78", p: "1.95"}
index.html:217 Received JSON:  {t: "37.78", p: "1.67"}
index.html:217 Received JSON:  {t: "37.78", p: "1.67"}
index.html:217 Received JSON:  {t: "37.79", p: "2.26"}
index.html:217 Received JSON:  {t: "37.79", p: "2.27"}
index.html:217 Received JSON:  {t: "37.79", p: "1.98"}
index.html:217 Received JSON:  {t: "37.79", p: "2.57"}
index.html:217 Received JSON:  {t: "37.79", p: "2.27"}
index.html:217 Received JSON:  {t: "37.80", p: "2.28"}
index.html:217 Received JSON:  {t: "37.80", p: "1.69"}
index.html:217 Received JSON:  {t: "37.80", p: "2.28"}
index.html:217 Received JSON:  {t: "37.81", p: "2.58"}
index.html:217 Received JSON:  {t: "37.81", p: "2.29"}
index.html:217 Received JSON:  {t: "37.81", p: "2.59"}
index.html:217 Received JSON:  {t: "37.82", p: "2.89"}
index.html:217 Received JSON:  {t: "37.82", p: "2.01"}
index.html:217 Received JSON:  {t: "37.82", p: "3.48"}
index.html:217 Received JSON:  {t: "37.82", p: "2.01"}
index.html:217 Received JSON:  {t: "37.82", p: "2.61"}
index.html:217 Received JSON:  {t: "37.82", p: "2.90"}
index.html:217 Received JSON:  {t: "37.83", p: "2.31"}
index.html:217 Received JSON:  {t: "37.83", p: "2.91"}
index.html:217 Received JSON:  {t: "37.84", p: "2.92"}
index.html:217 Received JSON:  {t: "37.84", p: "3.51"}
index.html:217 Received JSON:  {t: "37.84", p: "11331.78"}
index.html:217 Received JSON:  {t: "-531.03", p: "-21536.11"}
index.html:174 MAX:
index.html:175 2.4467655038678475
index.html:217 Received JSON:  {t: "-531.03", p: "-21537.16"}
index.html:217 Received JSON:  {t: "-531.03", p: "-1373.29"}
index.html:217 Received JSON:  {t: "-531.03", p: "15393.52"}
index.html:191 MAX:
index.html:192 34.50105529229286
index.html:217 Received JSON:  {t: "37.85", p: "3.23"}
index.html:217 Received JSON:  {t: "-531.03", p: "15393.52"}
index.html:217 Received JSON:  {t: "37.86", p: "2.36"}
index.html:217 Received JSON:  {t: "37.85", p: "2.94"}
index.html:217 Received JSON:  {t: "37.86", p: "2.37"}
index.html:217 Received JSON:  {t: "37.86", p: "3.25"}
index.html:217 Received JSON:  {t: "37.87", p: "2.37"}
index.html:217 Received JSON:  {t: "37.87", p: "2.97"}
index.html:217 Received JSON:  {t: "37.88", p: "3.27"}
index.html:217 Received JSON:  {t: "37.87", p: "2.38"}
index.html:217 Received JSON:  {t: "37.87", p: "2.97"}
index.html:217 Received JSON:  {t: "37.88", p: "2.98"}
index.html:217 Received JSON:  {t: "37.88", p: "3.28"}
index.html:217 Received JSON:  {t: "37.88", p: "2.69"}
index.html:217 Received JSON:  {t: "37.88", p: "2.10"}
index.html:217 Received JSON:  {t: "37.89", p: "2.69"}
index.html:191 MAX:
index.html:192 1651.9036116252169
index.html:217 Received JSON:  {t: "37.89", p: "2.99"}
index.html:217 Received JSON:  {t: "37.89", p: "2.99"}
index.html:217 Received JSON:  {t: "37.89", p: "2.41"}
index.html:217 Received JSON:  {t: "37.90", p: "3.01"}
index.html:217 Received JSON:  {t: "37.90", p: "3.01"}
index.html:217 Received JSON:  {t: "37.90", p: "2.12"}
index.html:217 Received JSON:  {t: "37.90", p: "2.41"}
index.html:217 Received JSON:  {t: "37.90", p: "2.71"}
index.html:217 Received JSON:  {t: "37.90", p: "2.71"}
index.html:217 Received JSON:  {t: "37.91", p: "3.02"}
index.html:217 Received JSON:  {t: "37.93", p: "3.35"}
index.html:217 Received JSON:  {t: "-531.03", p: "15393.52"}
index.html:217 Received JSON:  {t: "-531.03", p: "15393.52"}
index.html:217 Received JSON:  {t: "37.95", p: "-9421.79"}
index.html:217 Received JSON:  {t: "-531.03", p: "15393.52"}
index.html:217 Received JSON:  {t: "-531.03", p: "-21548.69"}
index.html:217 Received JSON:  {t: "-531.03", p: "15393.52"}
index.html:217 Received JSON:  {t: "-531.03", p: "15393.52"}
index.html:217 Received JSON:  {t: "-531.03", p: "15393.52"}
index.html:217 Received JSON:  {t: "-531.03", p: "-21549.73"}
index.html:217 Received JSON:  {t: "-531.03", p: "15393.52"}
index.html:217 Received JSON:  {t: "-531.03", p: "15393.52"}
index.html:217 Received JSON:  {t: "-531.03", p: "15393.52"}
index.html:217 Received JSON:  {t: "-531.03", p: "-21550.26"}
index.html:217 Received JSON:  {t: "-531.03", p: "15393.52"}
index.html:217 Received JSON:  {t: "-531.03", p: "15393.52"}
index.html:217 Received JSON:  {t: "-531.03", p: "15393.52"}
index.html:217 Received JSON:  {t: "37.96", p: "-9422.04"}
index.html:217 Received JSON:  {t: "-531.03", p: "-21550.26"}
index.html:217 Received JSON:  {t: "-531.03", p: "15393.52"}
index.html:217 Received JSON:  {t: "-531.03", p: "15393.52"}
index.html:217 Received JSON:  {t: "-531.03", p: "-21551.31"}
index.html:217 Received JSON:  {t: "-531.03", p: "15393.52"}
index.html:217 Received JSON:  {t: "37.97", p: "-9422.29"}
index.html:191 MAX:
index.html:192 5882.080196541163
index.html:217 Received JSON:  {t: "-531.03", p: "-1374.86"}
index.html:217 Received JSON:  {t: "37.97", p: "2.22"}
index.html:217 Received JSON:  {t: "37.98", p: "4.00"}
index.html:217 Received JSON:  {t: "37.97", p: "4.29"}
index.html:217 Received JSON:  {t: "37.98", p: "2.83"}
index.html:217 Received JSON:  {t: "37.98", p: "2.54"}
index.html:217 Received JSON:  {t: "37.99", p: "2.54"}
index.html:217 Received JSON:  {t: "37.99", p: "2.54"}
index.html:217 Received JSON:  {t: "37.99", p: "3.43"}
index.html:217 Received JSON:  {t: "37.99", p: "3.15"}
index.html:217 Received JSON:  {t: "37.99", p: "2.84"}
index.html:217 Received JSON:  {t: "37.99", p: "2.56"}
index.html:217 Received JSON:  {t: "37.99", p: "3.44"}
index.html:217 Received JSON:  {t: "38.01", p: "4.04"}
index.html:217 Received JSON:  {t: "38.00", p: "3.15"}
index.html:217 Received JSON:  {t: "38.01", p: "3.45"}
index.html:217 Received JSON:  {t: "38.01", p: "2.57"}
index.html:217 Received JSON:  {t: "38.01", p: "3.16"}
index.html:217 Received JSON:  {t: "38.01", p: "3.16"}
index.html:217 Received JSON:  {t: "38.02", p: "3.18"}
index.html:217 Received JSON:  {t: "38.02", p: "3.18"}
index.html:217 Received JSON:  {t: "38.02", p: "2.89"}
index.html:217 Received JSON:  {t: "38.02", p: "2.89"}
index.html:217 Received JSON:  {t: "38.02", p: "2.89"}
index.html:217 Received JSON:  {t: "38.03", p: "3.79"}
index.html:217 Received JSON:  {t: "38.03", p: "2.90"}
index.html:217 Received JSON:  {t: "38.04", p: "3.79"}
index.html:217 Received JSON:  {t: "38.04", p: "3.21"}
index.html:191 MAX:
index.html:192 3.180825029904108
index.html:217 Received JSON:  {t: "38.04", p: "3.21"}
index.html:217 Received JSON:  {t: "38.04", p: "2.32"}
index.html:217 Received JSON:  {t: "38.05", p: "3.21"}
index.html:217 Received JSON:  {t: "38.05", p: "4.10"}
index.html:217 Received JSON:  {t: "38.05", p: "2.63"}
index.html:217 Received JSON:  {t: "38.05", p: "3.51"}
index.html:217 Received JSON:  {t: "38.05", p: "3.52"}
index.html:217 Received JSON:  {t: "38.05", p: "3.23"}
index.html:217 Received JSON:  {t: "38.06", p: "3.23"}
index.html:217 Received JSON:  {t: "38.06", p: "2.94"}
index.html:217 Received JSON:  {t: "38.07", p: "2.95"}
index.html:217 Received JSON:  {t: "38.06", p: "2.95"}
index.html:217 Received JSON:  {t: "38.07", p: "3.25"}
index.html:217 Received JSON:  {t: "38.07", p: "2.66"}
index.html:217 Received JSON:  {t: "38.07", p: "2.96"}
index.html:217 Received JSON:  {t: "38.07", p: "2.36"}
index.html:217 Received JSON:  {t: "38.08", p: "2.67"}
index.html:191 MAX:
index.html:192 3.2294892333259893
index.html:217 Received JSON:  {t: "38.08", p: "3.26"}
index.html:217 Received JSON:  {t: "38.08", p: "2.38"}
index.html:217 Received JSON:  {t: "38.08", p: "2.68"}
index.html:217 Received JSON:  {t: "38.08", p: "2.98"}
index.html:217 Received JSON:  {t: "38.09", p: "2.39"}
index.html:217 Received JSON:  {t: "38.09", p: "2.98"}
index.html:217 Received JSON:  {t: "38.10", p: "3.00"}
index.html:217 Received JSON:  {t: "38.09", p: "2.70"}
index.html:217 Received JSON:  {t: "38.09", p: "2.70"}
index.html:217 Received JSON:  {t: "38.11", p: "3.30"}
index.html:217 Received JSON:  {t: "38.09", p: "2.70"}
index.html:217 Received JSON:  {t: "38.11", p: "3.30"}
index.html:217 Received JSON:  {t: "38.11", p: "3.30"}
index.html:217 Received JSON:  {t: "38.12", p: "2.43"}
index.html:217 Received JSON:  {t: "38.11", p: "3.31"}
index.html:217 Received JSON:  {t: "38.11", p: "3.60"}
index.html:217 Received JSON:  {t: "38.12", p: "3.61"}
index.html:217 Received JSON:  {t: "38.12", p: "3.91"}
index.html:217 Received JSON:  {t: "38.12", p: "3.33"}
index.html:217 Received JSON:  {t: "38.12", p: "3.91"}
index.html:217 Received JSON:  {t: "38.12", p: "3.62"}
index.html:217 Received JSON:  {t: "38.13", p: "3.64"}
index.html:217 Received JSON:  {t: "38.13", p: "3.34"}
index.html:217 Received JSON:  {t: "38.13", p: "3.64"}
index.html:217 Received JSON:  {t: "38.14", p: "4.23"}
index.html:217 Received JSON:  {t: "38.14", p: "3.94"}
index.html:217 Received JSON:  {t: "38.14", p: "3.65"}
index.html:217 Received JSON:  {t: "38.14", p: "4.53"}
index.html:217 Received JSON:  {t: "38.15", p: "3.96"}
index.html:217 Received JSON:  {t: "38.15", p: "3.65"}
index.html:217 Received JSON:  {t: "38.15", p: "3.37"}
index.html:217 Received JSON:  {t: "38.15", p: "3.37"}
index.html:217 Received JSON:  {t: "38.15", p: "3.37"}
index.html:217 Received JSON:  {t: "38.16", p: "3.08"}
index.html:217 Received JSON:  {t: "38.16", p: "3.08"}
index.html:217 Received JSON:  {t: "38.16", p: "3.08"}
index.html:217 Received JSON:  {t: "38.16", p: "3.97"}
index.html:217 Received JSON:  {t: "38.17", p: "3.10"}
index.html:217 Received JSON:  {t: "38.17", p: "3.10"}
index.html:191 MAX:
index.html:192 3.8098255973947204
index.html:217 Received JSON:  {t: "38.17", p: "3.10"}
index.html:217 Received JSON:  {t: "38.18", p: "3.70"}
index.html:217 Received JSON:  {t: "38.18", p: "3.40"}
index.html:217 Received JSON:  {t: "38.18", p: "3.11"}
index.html:217 Received JSON:  {t: "38.18", p: "3.41"}
index.html:217 Received JSON:  {t: "38.19", p: "2.83"}
index.html:217 Received JSON:  {t: "38.19", p: "3.41"}
index.html:217 Received JSON:  {t: "38.19", p: "3.13"}
index.html:217 Received JSON:  {t: "38.19", p: "3.12"}
index.html:217 Received JSON:  {t: "38.19", p: "2.54"}
index.html:217 Received JSON:  {t: "38.19", p: "3.13"}
index.html:217 Received JSON:  {t: "38.20", p: "3.43"}
index.html:217 Received JSON:  {t: "38.20", p: "3.15"}
index.html:217 Received JSON:  {t: "38.20", p: "2.85"}
index.html:217 Received JSON:  {t: "38.20", p: "3.15"}
index.html:217 Received JSON:  {t: "38.21", p: "3.45"}
index.html:217 Received JSON:  {t: "38.21", p: "2.86"}
index.html:217 Received JSON:  {t: "38.22", p: "3.46"}
index.html:217 Received JSON:  {t: "38.21", p: "3.45"}
index.html:217 Received JSON:  {t: "38.22", p: "2.87"}
index.html:217 Received JSON:  {t: "38.22", p: "2.87"}
index.html:217 Received JSON:  {t: "38.22", p: "3.17"}
index.html:217 Received JSON:  {t: "38.23", p: "2.88"}
index.html:217 Received JSON:  {t: "38.23", p: "3.48"}
index.html:217 Received JSON:  {t: "38.23", p: "2.89"}
index.html:217 Received JSON:  {t: "38.23", p: "3.77"}
index.html:217 Received JSON:  {t: "38.23", p: "3.77"}
index.html:217 Received JSON:  {t: "38.24", p: "4.38"}
index.html:217 Received JSON:  {t: "38.24", p: "3.49"}
index.html:217 Received JSON:  {t: "38.24", p: "3.50"}
index.html:217 Received JSON:  {t: "38.24", p: "3.20"}
index.html:217 Received JSON:  {t: "38.24", p: "3.20"}
index.html:217 Received JSON:  {t: "38.25", p: "3.81"}
index.html:217 Received JSON:  {t: "38.25", p: "3.21"}
index.html:217 Received JSON:  {t: "38.26", p: "3.51"}
index.html:217 Received JSON:  {t: "38.26", p: "3.81"}
index.html:217 Received JSON:  {t: "38.26", p: "3.51"}
index.html:217 Received JSON:  {t: "38.26", p: "3.51"}
index.html:217 Received JSON:  {t: "38.26", p: "3.81"}
index.html:217 Received JSON:  {t: "38.27", p: "4.41"}
index.html:217 Received JSON:  {t: "38.27", p: "3.54"}
index.html:217 Received JSON:  {t: "38.27", p: "4.42"}
index.html:191 MAX:
index.html:192 3.54290778684648
index.html:217 Received JSON:  {t: "38.27", p: "4.13"}
index.html:217 Received JSON:  {t: "38.27", p: "3.54"}
index.html:217 Received JSON:  {t: "38.28", p: "2.96"}
index.html:217 Received JSON:  {t: "38.27", p: "3.83"}
index.html:217 Received JSON:  {t: "38.28", p: "3.25"}
index.html:217 Received JSON:  {t: "38.28", p: "3.84"}
index.html:217 Received JSON:  {t: "38.28", p: "3.26"}
index.html:217 Received JSON:  {t: "38.29", p: "4.15"}
index.html:217 Received JSON:  {t: "38.29", p: "3.57"}
index.html:217 Received JSON:  {t: "38.29", p: "3.57"}
index.html:217 Received JSON:  {t: "38.30", p: "3.87"}
index.html:191 MAX:
index.html:192 3.7963738655905956
index.html:217 Received JSON:  {t: "38.29", p: "3.57"}
index.html:217 Received JSON:  {t: "38.30", p: "2.99"}
index.html:217 Received JSON:  {t: "38.30", p: "3.28"}
index.html:217 Received JSON:  {t: "38.31", p: "3.88"}
index.html:217 Received JSON:  {t: "38.31", p: "4.18"}
index.html:217 Received JSON:  {t: "38.31", p: "3.59"}
index.html:217 Received JSON:  {t: "38.31", p: "3.30"}
index.html:217 Received JSON:  {t: "38.31", p: "3.30"}
index.html:217 Received JSON:  {t: "38.32", p: "3.60"}
index.html:217 Received JSON:  {t: "38.32", p: "3.90"}
index.html:217 Received JSON:  {t: "38.32", p: "3.90"}
index.html:217 Received JSON:  {t: "38.32", p: "3.61"}
index.html:217 Received JSON:  {t: "38.32", p: "3.91"}
index.html:217 Received JSON:  {t: "38.33", p: "3.91"}
index.html:217 Received JSON:  {t: "38.33", p: "3.91"}
index.html:217 Received JSON:  {t: "38.34", p: "3.64"}
index.html:217 Received JSON:  {t: "38.33", p: "3.62"}
index.html:217 Received JSON:  {t: "38.34", p: "3.34"}
index.html:217 Received JSON:  {t: "38.34", p: "3.34"}
index.html:217 Received JSON:  {t: "38.34", p: "3.05"}
index.html:217 Received JSON:  {t: "38.35", p: "4.23"}
index.html:217 Received JSON:  {t: "38.35", p: "3.35"}
index.html:217 Received JSON:  {t: "38.35", p: "3.94"}
index.html:217 Received JSON:  {t: "38.35", p: "3.36"}
index.html:217 Received JSON:  {t: "38.35", p: "3.65"}
index.html:191 MAX:
index.html:192 3.725870200887225
index.html:217 Received JSON:  {t: "38.35", p: "3.66"}
index.html:217 Received JSON:  {t: "38.36", p: "3.66"}
index.html:217 Received JSON:  {t: "38.37", p: "3.08"}
index.html:217 Received JSON:  {t: "38.36", p: "3.66"}
index.html:217 Received JSON:  {t: "38.37", p: "3.67"}
index.html:217 Received JSON:  {t: "38.37", p: "3.67"}
index.html:217 Received JSON:  {t: "38.36", p: "3.37"}
index.html:217 Received JSON:  {t: "38.37", p: "3.39"}
index.html:217 Received JSON:  {t: "38.38", p: "4.57"}
index.html:217 Received JSON:  {t: "38.38", p: "3.98"}
index.html:217 Received JSON:  {t: "38.38", p: "3.99"}
index.html:217 Received JSON:  {t: "38.38", p: "3.98"}
index.html:191 MAX:
index.html:192 3.5758428547913774
index.html:217 Received JSON:  {t: "38.38", p: "3.99"}
index.html:217 Received JSON:  {t: "38.39", p: "3.99"}
index.html:217 Received JSON:  {t: "38.39", p: "4.00"}
index.html:217 Received JSON:  {t: "38.39", p: "4.30"}
index.html:217 Received JSON:  {t: "38.39", p: "3.11"}
index.html:217 Received JSON:  {t: "38.39", p: "3.71"}
index.html:217 Received JSON:  {t: "38.39", p: "4.31"}
index.html:217 Received JSON:  {t: "38.39", p: "4.01"}
index.html:217 Received JSON:  {t: "38.39", p: "3.71"}
index.html:217 Received JSON:  {t: "38.41", p: "4.61"}
index.html:217 Received JSON:  {t: "38.39", p: "3.13"}
index.html:217 Received JSON:  {t: "38.41", p: "4.61"}
index.html:217 Received JSON:  {t: "38.41", p: "4.03"}
index.html:217 Received JSON:  {t: "38.42", p: "4.04"}
index.html:191 MAX:
index.html:192 3.945521221973626
index.html:217 Received JSON:  {t: "38.42", p: "3.74"}
index.html:217 Received JSON:  {t: "38.42", p: "4.04"}
index.html:217 Received JSON:  {t: "38.42", p: "3.74"}
index.html:217 Received JSON:  {t: "38.42", p: "4.04"}
index.html:217 Received JSON:  {t: "38.42", p: "3.75"}
index.html:217 Received JSON:  {t: "38.43", p: "4.05"}
index.html:217 Received JSON:  {t: "38.42", p: "4.04"}
index.html:217 Received JSON:  {t: "38.43", p: "4.06"}
index.html:217 Received JSON:  {t: "38.43", p: "3.77"}
index.html:217 Received JSON:  {t: "38.43", p: "4.06"}
index.html:191 MAX:
index.html:192 3.9835845662225875
index.html:217 Received JSON:  {t: "38.44", p: "3.78"}
index.html:217 Received JSON:  {t: "38.44", p: "4.07"}
index.html:217 Received JSON:  {t: "38.44", p: "4.07"}
index.html:217 Received JSON:  {t: "38.44", p: "4.07"}
index.html:217 Received JSON:  {t: "38.45", p: "3.20"}
index.html:217 Received JSON:  {t: "38.45", p: "3.49"}
index.html:217 Received JSON:  {t: "38.45", p: "3.79"}
index.html:217 Received JSON:  {t: "38.45", p: "3.49"}
index.html:217 Received JSON:  {t: "38.46", p: "3.80"}
index.html:217 Received JSON:  {t: "38.45", p: "3.50"}
index.html:191 MAX:
index.html:192 3.946324443009834
index.html:217 Received JSON:  {t: "38.46", p: "3.80"}
index.html:217 Received JSON:  {t: "38.46", p: "4.09"}
index.html:217 Received JSON:  {t: "38.46", p: "4.10"}
index.html:217 Received JSON:  {t: "38.46", p: "3.21"}
index.html:217 Received JSON:  {t: "38.47", p: "3.51"}
index.html:217 Received JSON:  {t: "38.47", p: "4.11"}
index.html:217 Received JSON:  {t: "38.47", p: "3.81"}
index.html:217 Received JSON:  {t: "38.47", p: "4.11"}
index.html:217 Received JSON:  {t: "38.47", p: "3.24"}
index.html:217 Received JSON:  {t: "38.48", p: "3.54"}
index.html:217 Received JSON:  {t: "38.48", p: "3.54"}
index.html:217 Received JSON:  {t: "38.48", p: "4.42"}
index.html:217 Received JSON:  {t: "38.48", p: "3.54"}
index.html:217 Received JSON:  {t: "38.49", p: "3.84"}
index.html:217 Received JSON:  {t: "38.49", p: "3.55"}
index.html:217 Received JSON:  {t: "38.49", p: "4.43"}
index.html:217 Received JSON:  {t: "38.49", p: "3.85"}
index.html:191 MAX:
index.html:192 3.7548411937792174
index.html:217 Received JSON:  {t: "38.49", p: "4.14"}
index.html:217 Received JSON:  {t: "38.49", p: "3.85"}
index.html:217 Received JSON:  {t: "38.49", p: "3.27"}
index.html:217 Received JSON:  {t: "38.50", p: "4.16"}
index.html:217 Received JSON:  {t: "38.50", p: "3.86"}
index.html:217 Received JSON:  {t: "38.50", p: "3.87"}
index.html:217 Received JSON:  {t: "38.51", p: "4.76"}
index.html:217 Received JSON:  {t: "38.51", p: "4.17"}
index.html:217 Received JSON:  {t: "38.51", p: "3.59"}
index.html:217 Received JSON:  {t: "38.50", p: "4.16"}
index.html:217 Received JSON:  {t: "38.51", p: "4.47"}
index.html:217 Received JSON:  {t: "38.52", p: "3.89"}
index.html:217 Received JSON:  {t: "38.51", p: "3.29"}
index.html:217 Received JSON:  {t: "38.52", p: "3.89"}
index.html:217 Received JSON:  {t: "38.52", p: "4.19"}
index.html:217 Received JSON:  {t: "38.52", p: "3.59"}
index.html:217 Received JSON:  {t: "38.52", p: "4.19"}
index.html:217 Received JSON:  {t: "38.53", p: "3.61"}
index.html:217 Received JSON:  {t: "38.54", p: "4.21"}
index.html:217 Received JSON:  {t: "38.53", p: "3.91"}
index.html:217 Received JSON:  {t: "38.53", p: "4.50"}
index.html:191 MAX:
index.html:192 4.0268824895354065
index.html:217 Received JSON:  {t: "38.54", p: "4.21"}
index.html:217 Received JSON:  {t: "38.54", p: "3.61"}
index.html:217 Received JSON:  {t: "38.54", p: "4.80"}
index.html:217 Received JSON:  {t: "38.54", p: "4.22"}
index.html:217 Received JSON:  {t: "38.55", p: "4.23"}
index.html:217 Received JSON:  {t: "38.54", p: "4.51"}
index.html:217 Received JSON:  {t: "38.54", p: "3.93"}
index.html:217 Received JSON:  {t: "38.56", p: "4.53"}
index.html:217 Received JSON:  {t: "38.55", p: "3.64"}
index.html:217 Received JSON:  {t: "38.56", p: "4.24"}
index.html:217 Received JSON:  {t: "38.55", p: "3.64"}
index.html:217 Received JSON:  {t: "38.56", p: "3.95"}
index.html:217 Received JSON:  {t: "38.56", p: "3.95"}
index.html:217 Received JSON:  {t: "38.57", p: "4.25"}
index.html:217 Received JSON:  {t: "38.57", p: "4.55"}
index.html:217 Received JSON:  {t: "38.57", p: "3.96"}
index.html:191 MAX:
index.html:192 4.210188380241821
index.html:217 Received JSON:  {t: "38.58", p: "4.56"}
index.html:217 Received JSON:  {t: "38.57", p: "3.96"}
index.html:217 Received JSON:  {t: "38.57", p: "4.55"}
index.html:217 Received JSON:  {t: "38.58", p: "4.26"}
index.html:217 Received JSON:  {t: "38.58", p: "3.38"}
index.html:217 Received JSON:  {t: "38.58", p: "3.68"}
index.html:217 Received JSON:  {t: "38.58", p: "4.28"}
index.html:217 Received JSON:  {t: "38.58", p: "4.28"}
index.html:217 Received JSON:  {t: "38.59", p: "3.40"}
index.html:217 Received JSON:  {t: "38.59", p: "11401.41"}
index.html:217 Received JSON:  {t: "-531.03", p: "-1375.39"}
index.html:191 MAX:
index.html:192 4.136999529332562
index.html:217 Received JSON:  {t: "38.60", p: "11402.93"}
index.html:217 Received JSON:  {t: "-531.03", p: "-1375.91"}
index.html:217 Received JSON:  {t: "-531.03", p: "15393.52"}
index.html:217 Received JSON:  {t: "-531.03", p: "15393.52"}
index.html:217 Received JSON:  {t: "-531.03", p: "15393.52"}
index.html:217 Received JSON:  {t: "-531.03", p: "-21627.31"}
index.html:217 Received JSON:  {t: "-531.03", p: "-21628.36"}
index.html:217 Received JSON:  {t: "-531.03", p: "15393.52"}
index.html:217 Received JSON:  {t: "-531.03", p: "15393.52"}
index.html:217 Received JSON:  {t: "38.62", p: "-9434.52"}
index.html:217 Received JSON:  {t: "-531.03", p: "-21628.36"}
index.html:217 Received JSON:  {t: "-531.03", p: "15393.52"}
index.html:217 Received JSON:  {t: "-531.03", p: "15393.52"}
index.html:217 Received JSON:  {t: "-531.03", p: "-21630.97"}
index.html:191 MAX:
index.html:192 4721.819000856719
index.html:217 Received JSON:  {t: "-531.03", p: "-21630.45"}
index.html:217 Received JSON:  {t: "-531.03", p: "15393.52"}
index.html:217 Received JSON:  {t: "-531.03", p: "-21630.45"}
index.html:217 Received JSON:  {t: "-531.03", p: "15393.52"}
index.html:217 Received JSON:  {t: "-531.03", p: "15393.52"}
index.html:217 Received JSON:  {t: "-531.03", p: "15393.52"}
index.html:217 Received JSON:  {t: "-531.03", p: "-21630.45"}
index.html:217 Received JSON:  {t: "-531.03", p: "-21630.97"}
index.html:217 Received JSON:  {t: "-531.03", p: "15393.52"}
index.html:217 Received JSON:  {t: "-531.03", p: "-21631.49"}
index.html:217 Received JSON:  {t: "-531.03", p: "-21632.03"}
index.html:217 Received JSON:  {t: "-531.03", p: "15393.52"}
index.html:217 Received JSON:  {t: "-531.03", p: "-21632.55"}
index.html:217 Received JSON:  {t: "-531.03", p: "15393.52"}
index.html:217 Received JSON:  {t: "-531.03", p: "15393.52"}
index.html:217 Received JSON:  {t: "38.66", p: "-9435.27"}
index.html:191 MAX:
index.html:192 -1423.7069582231634
index.html:217 Received JSON:  {t: "-531.03", p: "-21634.65"}
index.html:217 Received JSON:  {t: "38.67", p: "4.70"}
index.html:217 Received JSON:  {t: "-531.03", p: "15393.52"}
index.html:217 Received JSON:  {t: "-531.03", p: "15393.52"}
index.html:217 Received JSON:  {t: "-531.03", p: "15393.52"}
index.html:217 Received JSON:  {t: "-531.03", p: "15393.52"}
index.html:217 Received JSON:  {t: "-531.03", p: "15393.52"}
index.html:217 Received JSON:  {t: "-531.03", p: "-21636.74"}
index.html:217 Received JSON:  {t: "-531.03", p: "15393.52"}
index.html:217 Received JSON:  {t: "-531.03", p: "15393.52"}
index.html:217 Received JSON:  {t: "38.71", p: "11412.48"}
index.html:217 Received JSON:  {t: "-531.03", p: "-21639.89"}
index.html:217 Received JSON:  {t: "-531.03", p: "15393.52"}
index.html:217 Received JSON:  {t: "-531.03", p: "15393.52"}
index.html:217 Received JSON:  {t: "-531.03", p: "15393.52"}
index.html:217 Received JSON:  {t: "-531.03", p: "15393.52"}
index.html:217 Received JSON:  {t: "-531.03", p: "15393.52"}
index.html:217 Received JSON:  {t: "-531.03", p: "15393.52"}
index.html:217 Received JSON:  {t: "-531.03", p: "-21640.94"}
index.html:217 Received JSON:  {t: "-531.03", p: "15393.52"}
index.html:191 MAX:
index.html:192 7530.051780500581
index.html:217 Received JSON:  {t: "-531.03", p: "15393.52"}
index.html:217 Received JSON:  {t: "-531.03", p: "-21641.46"}
index.html:217 Received JSON:  {t: "-531.03", p: "15393.52"}
index.html:217 Received JSON:  {t: "-531.03", p: "15393.52"}
index.html:217 Received JSON:  {t: "-531.03", p: "-21641.98"}
index.html:217 Received JSON:  {t: "-531.03", p: "-21644.08"}
index.html:217 Received JSON:  {t: "-531.03", p: "15393.52"}
index.html:217 Received JSON:  {t: "-531.03", p: "15393.52"}
index.html:191 MAX:
index.html:192 8830.197657437498
index.html:217 Received JSON:  {t: "-531.03", p: "15393.52"}
index.html:217 Received JSON:  {t: "-531.03", p: "-21643.56"}
index.html:217 Received JSON:  {t: "-531.03", p: "15393.52"}
index.html:217 Received JSON:  {t: "-531.03", p: "15393.52"}
index.html:217 Received JSON:  {t: "-531.03", p: "15393.52"}
index.html:217 Received JSON:  {t: "-531.03", p: "15393.52"}
index.html:217 Received JSON:  {t: "-531.03", p: "15393.52"}
index.html:217 Received JSON:  {t: "-531.03", p: "15393.52"}
index.html:217 Received JSON:  {t: "-531.03", p: "15393.52"}
index.html:217 Received JSON:  {t: "-531.03", p: "15393.52"}
index.html:217 Received JSON:  {t: "-531.03", p: "15393.52"}
index.html:217 Received JSON:  {t: "-531.03", p: "-21647.23"}
index.html:217 Received JSON:  {t: "-531.03", p: "15393.52"}
index.html:217 Received JSON:  {t: "-531.03", p: "15393.52"}
index.html:217 Received JSON:  {t: "38.79", p: "11421.28"}
index.html:217 Received JSON:  {t: "-531.03", p: "15393.52"}
index.html:217 Received JSON:  {t: "-531.03", p: "-21648.79"}
index.html:217 Received JSON:  {t: "-531.03", p: "15393.52"}
index.html:217 Received JSON:  {t: "-531.03", p: "-1375.91"}
index.html:217 Received JSON:  {t: "-531.03", p: "15393.52"}
index.html:191 MAX:
index.html:192 12163.799179638783
index.html:217 Received JSON:  {t: "-531.03", p: "15393.52"}
index.html:217 Received JSON:  {t: "-531.03", p: "15393.52"}
index.html:217 Received JSON:  {t: "-531.03", p: "15393.52"}
index.html:217 Received JSON:  {t: "-531.03", p: "15393.52"}
index.html:217 Received JSON:  {t: "-531.03", p: "15393.52"}
index.html:217 Received JSON:  {t: "-531.03", p: "15393.52"}
index.html:217 Received JSON:  {t: "-531.03", p: "15393.52"}
index.html:217 Received JSON:  {t: "-531.03", p: "15393.52"}
index.html:217 Received JSON:  {t: "-531.03", p: "15393.52"}
index.html:217 Received JSON:  {t: "-531.03", p: "15393.52"}
index.html:217 Received JSON:  {t: "-531.03", p: "-21654.56"}
index.html:217 Received JSON:  {t: "-531.03", p: "15393.52"}
index.html:217 Received JSON:  {t: "-531.03", p: "15393.52"}
index.html:217 Received JSON:  {t: "-531.03", p: "15393.52"}
index.html:217 Received JSON:  {t: "-531.03", p: "15393.52"}
index.html:217 Received JSON:  {t: "-531.03", p: "15393.52"}
index.html:217 Received JSON:  {t: "-531.03", p: "-1375.39"}
index.html:191 MAX:
index.html:192 13818.408037126947
index.html:217 Received JSON:  {t: "-531.03", p: "15393.52"}
index.html:217 Received JSON:  {t: "-531.03", p: "15393.52"}
index.html:217 Received JSON:  {t: "-531.03", p: "15393.52"}
index.html:217 Received JSON:  {t: "-531.03", p: "15393.52"}
index.html:217 Received JSON:  {t: "-531.03", p: "15393.52"}
index.html:217 Received JSON:  {t: "-531.03", p: "15393.52"}
index.html:217 Received JSON:  {t: "-531.03", p: "15393.52"}
index.html:217 Received JSON:  {t: "-531.03", p: "15393.52"}
index.html:217 Received JSON:  {t: "-531.03", p: "15393.52"}
index.html:217 Received JSON:  {t: "-531.03", p: "15393.52"}
index.html:217 Received JSON:  {t: "-531.03", p: "15393.52"}
index.html:217 Received JSON:  {t: "-531.03", p: "15393.52"}
index.html:217 Received JSON:  {t: "-531.03", p: "15393.52"}
index.html:217 Received JSON:  {t: "-531.03", p: "15393.52"}
index.html:217 Received JSON:  {t: "-531.03", p: "15393.52"}
index.html:217 Received JSON:  {t: "-531.03", p: "15393.52"}
index.html:217 Received JSON:  {t: "-531.03", p: "15393.52"}
index.html:217 Received JSON:  {t: "-531.03", p: "15393.52"}
index.html:217 Received JSON:  {t: "-531.03", p: "15393.52"}
