index.html:314 The specified value "age here" cannot be parsed, or is out of range.
index.html:238 
puck.js:371 <BLE> Device Name:       MDBT42Q 8c7b
puck.js:371 <BLE> Device ID:         R4h2E6bBRgi0IuCzpbTcfg==
puck.js:371 <BLE> Connected
index.html:217 Received JSON:  {t: "25.53", p: "1.90"}
index.html:217 Received JSON:  {t: "25.54", p: "2.20"}
index.html:217 Received JSON:  {t: "25.54", p: "1.35"}
index.html:217 Received JSON:  {t: "25.54", p: "1.64"}
index.html:217 Received JSON:  {t: "25.56", p: "1.66"}
index.html:217 Received JSON:  {t: "25.57", p: "1.38"}
index.html:217 Received JSON:  {t: "25.58", p: "1.68"}
index.html:217 Received JSON:  {t: "25.59", p: "1.70"}
index.html:217 Received JSON:  {t: "25.59", p: "1.70"}
index.html:217 Received JSON:  {t: "25.59", p: "2.29"}
index.html:217 Received JSON:  {t: "25.61", p: "1.72"}
index.html:217 Received JSON:  {t: "25.62", p: "1.16"}
index.html:217 Received JSON:  {t: "25.62", p: "1.46"}
index.html:217 Received JSON:  {t: "25.62", p: "2.32"}
index.html:217 Received JSON:  {t: "25.64", p: "1.49"}
index.html:217 Received JSON:  {t: "25.65", p: "1.50"}
index.html:217 Received JSON:  {t: "25.66", p: "1.51"}
index.html:217 Received JSON:  {t: "25.66", p: "1.81"}
index.html:217 Received JSON:  {t: "25.66", p: "1.52"}
index.html:217 Received JSON:  {t: "25.67", p: "1.82"}
index.html:217 Received JSON:  {t: "25.69", p: "1.84"}
puck.js:371 <BLE> ERROR: NotFoundError: User cancelled the requestDevice() chooser.
index.html:217 Received JSON:  {t: "25.69", p: "1.56"}
index.html:217 Received JSON:  {t: "25.70", p: "1.86"}
index.html:174 MAX:
index.html:175 1.6934094483555773
index.html:217 Received JSON:  {t: "25.70", p: "1.29"}
index.html:217 Received JSON:  {t: "25.72", p: "2.17"}
index.html:217 Received JSON:  {t: "25.72", p: "2.17"}
index.html:217 Received JSON:  {t: "25.74", p: "1.33"}
index.html:217 Received JSON:  {t: "25.74", p: "1.91"}
index.html:217 Received JSON:  {t: "25.75", p: "1.92"}
index.html:217 Received JSON:  {t: "25.75", p: "1.36"}
index.html:217 Received JSON:  {t: "25.76", p: "1.65"}
index.html:217 Received JSON:  {t: "25.77", p: "2.24"}
index.html:217 Received JSON:  {t: "25.78", p: "1.96"}
index.html:217 Received JSON:  {t: "25.79", p: "2.27"}
index.html:217 Received JSON:  {t: "25.79", p: "1.70"}
index.html:217 Received JSON:  {t: "25.79", p: "1.70"}
index.html:217 Received JSON:  {t: "25.81", p: "2.30"}
index.html:217 Received JSON:  {t: "25.82", p: "1.73"}
index.html:217 Received JSON:  {t: "25.83", p: "1.17"}
index.html:217 Received JSON:  {t: "25.84", p: "1.76"}
index.html:217 Received JSON:  {t: "25.84", p: "2.06"}
index.html:217 Received JSON:  {t: "25.86", p: "1.50"}
index.html:217 Received JSON:  {t: "25.86", p: "1.79"}
index.html:217 Received JSON:  {t: "25.86", p: "2.08"}
index.html:217 Received JSON:  {t: "25.87", p: "1.81"}
index.html:217 Received JSON:  {t: "25.88", p: "2.11"}
index.html:191 MAX:
index.html:192 1.8714988189724515
index.html:217 Received JSON:  {t: "25.89", p: "1.56"}
index.html:217 Received JSON:  {t: "25.89", p: "1.84"}
index.html:217 Received JSON:  {t: "25.91", p: "2.14"}
index.html:217 Received JSON:  {t: "25.91", p: "1.87"}
index.html:217 Received JSON:  {t: "25.91", p: "1.58"}
index.html:217 Received JSON:  {t: "25.92", p: "1.59"}
index.html:217 Received JSON:  {t: "25.93", p: "2.18"}
index.html:217 Received JSON:  {t: "25.94", p: "2.19"}
index.html:217 Received JSON:  {t: "25.95", p: "1.34"}
index.html:217 Received JSON:  {t: "25.96", p: "1.35"}
index.html:217 Received JSON:  {t: "25.97", p: "1.37"}
index.html:217 Received JSON:  {t: "25.97", p: "2.23"}
index.html:217 Received JSON:  {t: "25.98", p: "2.25"}
index.html:217 Received JSON:  {t: "25.99", p: "1.39"}
index.html:191 MAX:
index.html:192 1.8537374560837296
index.html:217 Received JSON:  {t: "25.99", p: "1.40"}
index.html:217 Received JSON:  {t: "26.00", p: "2.57"}
index.html:217 Received JSON:  {t: "26.01", p: "2.29"}
index.html:217 Received JSON:  {t: "26.02", p: "2.01"}
index.html:217 Received JSON:  {t: "26.02", p: "1.44"}
index.html:217 Received JSON:  {t: "26.03", p: "2.03"}
index.html:217 Received JSON:  {t: "26.04", p: "2.04"}
index.html:217 Received JSON:  {t: "26.05", p: "2.05"}
index.html:217 Received JSON:  {t: "26.06", p: "2.35"}
index.html:217 Received JSON:  {t: "26.07", p: "1.22"}
index.html:217 Received JSON:  {t: "26.07", p: "1.51"}
index.html:217 Received JSON:  {t: "26.08", p: "1.52"}
index.html:217 Received JSON:  {t: "26.09", p: "2.40"}
index.html:217 Received JSON:  {t: "26.09", p: "1.82"}
index.html:217 Received JSON:  {t: "26.10", p: "1.56"}
index.html:217 Received JSON:  {t: "26.11", p: "2.14"}
index.html:217 Received JSON:  {t: "26.11", p: "1.85"}
index.html:191 MAX:
index.html:192 1.9410368681989787
index.html:217 Received JSON:  {t: "26.12", p: "1.87"}
index.html:217 Received JSON:  {t: "26.13", p: "1.88"}
index.html:217 Received JSON:  {t: "26.13", p: "1.89"}
index.html:217 Received JSON:  {t: "26.15", p: "1.90"}
index.html:217 Received JSON:  {t: "26.16", p: "1.92"}
index.html:217 Received JSON:  {t: "26.16", p: "2.21"}
index.html:217 Received JSON:  {t: "26.16", p: "2.21"}
index.html:217 Received JSON:  {t: "26.17", p: "2.22"}
index.html:217 Received JSON:  {t: "26.18", p: "2.52"}
index.html:217 Received JSON:  {t: "26.19", p: "1.39"}
index.html:217 Received JSON:  {t: "26.20", p: "1.69"}
index.html:217 Received JSON:  {t: "26.21", p: "1.99"}
index.html:217 Received JSON:  {t: "26.21", p: "3.14"}
index.html:217 Received JSON:  {t: "26.22", p: "1.72"}
index.html:217 Received JSON:  {t: "26.22", p: "1.15"}
index.html:217 Received JSON:  {t: "26.23", p: "1.45"}
index.html:217 Received JSON:  {t: "26.24", p: "1.74"}
index.html:217 Received JSON:  {t: "26.25", p: "2.62"}
index.html:217 Received JSON:  {t: "26.25", p: "2.34"}
index.html:217 Received JSON:  {t: "26.26", p: "3.22"}
index.html:191 MAX:
index.html:192 2.0445105006010307
index.html:217 Received JSON:  {t: "26.27", p: "2.94"}
index.html:217 Received JSON:  {t: "26.28", p: "2.09"}
index.html:217 Received JSON:  {t: "26.29", p: "1.52"}
index.html:217 Received JSON:  {t: "26.29", p: "2.39"}
index.html:217 Received JSON:  {t: "26.29", p: "2.40"}
index.html:217 Received JSON:  {t: "26.31", p: "2.70"}
index.html:217 Received JSON:  {t: "26.31", p: "1.85"}
index.html:217 Received JSON:  {t: "26.32", p: "2.15"}
index.html:217 Received JSON:  {t: "26.33", p: "1.87"}
index.html:217 Received JSON:  {t: "26.34", p: "2.75"}
index.html:217 Received JSON:  {t: "26.34", p: "2.75"}
index.html:217 Received JSON:  {t: "26.35", p: "2.48"}
index.html:217 Received JSON:  {t: "26.35", p: "1.90"}
index.html:217 Received JSON:  {t: "26.37", p: "2.78"}
index.html:217 Received JSON:  {t: "26.37", p: "2.79"}
index.html:191 MAX:
index.html:192 2.329809835966428
index.html:217 Received JSON:  {t: "26.38", p: "1.66"}
index.html:217 Received JSON:  {t: "26.38", p: "1.66"}
index.html:217 Received JSON:  {t: "26.39", p: "1.39"}
index.html:217 Received JSON:  {t: "26.40", p: "1.69"}
index.html:217 Received JSON:  {t: "26.41", p: "1.99"}
index.html:217 Received JSON:  {t: "26.42", p: "1.42"}
index.html:217 Received JSON:  {t: "26.42", p: "0.57"}
index.html:217 Received JSON:  {t: "26.43", p: "1.72"}
index.html:191 MAX:
index.html:192 2.3304181484939295
index.html:217 Received JSON:  {t: "26.44", p: "1.74"}
index.html:217 Received JSON:  {t: "26.45", p: "1.46"}
index.html:217 Received JSON:  {t: "26.45", p: "0.89"}
index.html:217 Received JSON:  {t: "26.46", p: "1.19"}
index.html:217 Received JSON:  {t: "26.47", p: "0.92"}
index.html:217 Received JSON:  {t: "26.48", p: "2.66"}
index.html:217 Received JSON:  {t: "26.49", p: "2.38"}
index.html:217 Received JSON:  {t: "26.49", p: "2.10"}
index.html:217 Received JSON:  {t: "26.50", p: "2.11"}
index.html:217 Received JSON:  {t: "26.50", p: "2.40"}
index.html:217 Received JSON:  {t: "26.51", p: "1.83"}
index.html:217 Received JSON:  {t: "26.52", p: "1.85"}
index.html:217 Received JSON:  {t: "26.52", p: "2.14"}
index.html:217 Received JSON:  {t: "26.54", p: "2.45"}
index.html:217 Received JSON:  {t: "26.54", p: "3.02"}
index.html:217 Received JSON:  {t: "26.55", p: "2.75"}
index.html:217 Received JSON:  {t: "26.55", p: "2.47"}
index.html:217 Received JSON:  {t: "26.56", p: "2.19"}
index.html:217 Received JSON:  {t: "26.57", p: "2.20"}
index.html:217 Received JSON:  {t: "26.58", p: "1.35"}
index.html:217 Received JSON:  {t: "26.58", p: "1.36"}
index.html:217 Received JSON:  {t: "26.59", p: "1.38"}
index.html:217 Received JSON:  {t: "26.59", p: "1.38"}
index.html:217 Received JSON:  {t: "26.61", p: "1.97"}
index.html:217 Received JSON:  {t: "26.61", p: "1.11"}
index.html:217 Received JSON:  {t: "26.62", p: "1.70"}
index.html:217 Received JSON:  {t: "26.63", p: "1.42"}
index.html:191 MAX:
index.html:192 2.294951265559268
index.html:217 Received JSON:  {t: "26.63", p: "2.29"}
index.html:217 Received JSON:  {t: "26.64", p: "1.45"}
index.html:217 Received JSON:  {t: "26.65", p: "0.88"}
index.html:217 Received JSON:  {t: "26.65", p: "1.17"}
index.html:217 Received JSON:  {t: "26.67", p: "2.05"}
index.html:217 Received JSON:  {t: "26.67", p: "1.77"}
index.html:217 Received JSON:  {t: "26.67", p: "2.64"}
index.html:217 Received JSON:  {t: "26.68", p: "1.50"}
index.html:217 Received JSON:  {t: "26.69", p: "2.09"}
index.html:217 Received JSON:  {t: "26.69", p: "1.52"}
index.html:217 Received JSON:  {t: "26.71", p: "2.11"}
index.html:217 Received JSON:  {t: "26.71", p: "2.41"}
index.html:217 Received JSON:  {t: "26.72", p: "2.99"}
index.html:217 Received JSON:  {t: "26.73", p: "2.43"}
index.html:217 Received JSON:  {t: "26.73", p: "3.01"}
index.html:217 Received JSON:  {t: "26.74", p: "2.44"}
index.html:217 Received JSON:  {t: "26.75", p: "4.76"}
index.html:217 Received JSON:  {t: "26.75", p: "3.61"}
index.html:217 Received JSON:  {t: "26.76", p: "3.34"}
index.html:217 Received JSON:  {t: "26.77", p: "3.35"}
index.html:217 Received JSON:  {t: "26.78", p: "3.36"}
index.html:217 Received JSON:  {t: "26.78", p: "3.94"}
index.html:217 Received JSON:  {t: "26.79", p: "3.09"}
index.html:217 Received JSON:  {t: "26.80", p: "3.39"}
index.html:217 Received JSON:  {t: "26.81", p: "2.54"}
index.html:217 Received JSON:  {t: "26.81", p: "2.82"}
index.html:217 Received JSON:  {t: "26.82", p: "3.99"}
index.html:217 Received JSON:  {t: "26.83", p: "3.42"}
index.html:217 Received JSON:  {t: "26.83", p: "3.44"}
index.html:217 Received JSON:  {t: "26.84", p: "3.16"}
index.html:217 Received JSON:  {t: "26.84", p: "2.30"}
index.html:217 Received JSON:  {t: "26.85", p: "2.31"}
index.html:217 Received JSON:  {t: "26.87", p: "2.33"}
index.html:191 MAX:
index.html:192 3.3896395000840154
index.html:217 Received JSON:  {t: "26.87", p: "2.05"}
index.html:217 Received JSON:  {t: "26.88", p: "2.63"}
index.html:217 Received JSON:  {t: "26.88", p: "2.06"}
index.html:217 Received JSON:  {t: "26.89", p: "1.79"}
index.html:217 Received JSON:  {t: "26.89", p: "0.93"}
index.html:217 Received JSON:  {t: "26.91", p: "2.11"}
index.html:217 Received JSON:  {t: "26.91", p: "1.53"}
index.html:217 Received JSON:  {t: "26.92", p: "1.54"}
index.html:217 Received JSON:  {t: "26.92", p: "1.26"}
index.html:217 Received JSON:  {t: "26.93", p: "1.56"}
index.html:217 Received JSON:  {t: "26.94", p: "1.57"}
index.html:217 Received JSON:  {t: "26.94", p: "2.15"}
index.html:217 Received JSON:  {t: "26.95", p: "2.16"}
index.html:217 Received JSON:  {t: "26.96", p: "2.18"}
index.html:217 Received JSON:  {t: "26.96", p: "2.76"}
index.html:217 Received JSON:  {t: "26.97", p: "2.48"}
index.html:217 Received JSON:  {t: "26.99", p: "2.50"}
index.html:217 Received JSON:  {t: "26.99", p: "2.79"}
index.html:217 Received JSON:  {t: "26.99", p: "1.94"}
index.html:217 Received JSON:  {t: "26.99", p: "2.80"}
index.html:217 Received JSON:  {t: "27.01", p: "2.82"}
index.html:217 Received JSON:  {t: "27.01", p: "2.54"}
index.html:217 Received JSON:  {t: "27.02", p: "1.98"}
index.html:217 Received JSON:  {t: "27.03", p: "2.85"}
index.html:217 Received JSON:  {t: "27.04", p: "2.01"}
index.html:217 Received JSON:  {t: "27.05", p: "2.88"}
index.html:217 Received JSON:  {t: "27.04", p: "2.01"}
index.html:217 Received JSON:  {t: "27.06", p: "2.31"}
index.html:217 Received JSON:  {t: "27.07", p: "2.61"}
index.html:217 Received JSON:  {t: "27.07", p: "2.04"}
index.html:217 Received JSON:  {t: "27.08", p: "2.05"}
index.html:217 Received JSON:  {t: "27.08", p: "1.78"}
index.html:191 MAX:
index.html:192 2.4949954553426297
index.html:217 Received JSON:  {t: "27.09", p: "1.79"}
index.html:217 Received JSON:  {t: "27.09", p: "1.51"}
index.html:217 Received JSON:  {t: "27.11", p: "1.81"}
index.html:217 Received JSON:  {t: "27.11", p: "1.52"}
index.html:217 Received JSON:  {t: "27.12", p: "1.54"}
index.html:217 Received JSON:  {t: "27.12", p: "1.82"}
index.html:217 Received JSON:  {t: "27.13", p: "3.28"}
index.html:217 Received JSON:  {t: "27.14", p: "2.71"}
index.html:217 Received JSON:  {t: "27.14", p: "3.87"}
index.html:217 Received JSON:  {t: "27.15", p: "3.01"}
index.html:217 Received JSON:  {t: "27.16", p: "3.03"}
index.html:217 Received JSON:  {t: "27.17", p: "3.05"}
index.html:217 Received JSON:  {t: "27.17", p: "2.76"}
index.html:217 Received JSON:  {t: "27.18", p: "2.77"}
index.html:217 Received JSON:  {t: "27.19", p: "2.78"}
index.html:217 Received JSON:  {t: "27.19", p: "3.94"}
index.html:217 Received JSON:  {t: "27.20", p: "3.66"}
index.html:217 Received JSON:  {t: "27.21", p: "3.10"}
index.html:217 Received JSON:  {t: "27.21", p: "3.11"}
index.html:217 Received JSON:  {t: "27.22", p: "3.40"}
index.html:217 Received JSON:  {t: "27.23", p: "3.71"}
index.html:217 Received JSON:  {t: "27.24", p: "2.85"}
​ Received JSON:  {t: "27.25", p: "2.58"}
​ Received JSON:  {t: "27.24", p: "2.86"}
​ Received JSON:  {t: "27.25", p: "2.30"}
​ Received JSON:  {t: "27.27", p: "1.17"}
​ Received JSON:  {t: "27.28", p: "1.76"}
​ Received JSON:  {t: "27.29", p: "1.48"}
index.html:217 Received JSON:  {t: "27.29", p: "1.48"}
index.html:217 Received JSON:  {t: "27.29", p: "1.78"}
index.html:191 MAX:
index.html:192 3.206858605607067
index.html:217 Received JSON:  {t: "27.30", p: "1.21"}
index.html:217 Received JSON:  {t: "27.30", p: "1.22"}
index.html:217 Received JSON:  {t: "27.31", p: "1.23"}
index.html:217 Received JSON:  {t: "27.32", p: "1.82"}
index.html:217 Received JSON:  {t: "27.33", p: "1.54"}
index.html:217 Received JSON:  {t: "27.33", p: "1.84"}
index.html:217 Received JSON:  {t: "27.34", p: "1.56"}
index.html:217 Received JSON:  {t: "27.35", p: "2.15"}
index.html:217 Received JSON:  {t: "27.35", p: "2.15"}
index.html:217 Received JSON:  {t: "27.36", p: "2.45"}
index.html:217 Received JSON:  {t: "27.37", p: "2.75"}
index.html:217 Received JSON:  {t: "27.37", p: "3.33"}
index.html:217 Received JSON:  {t: "27.38", p: "2.48"}
index.html:217 Received JSON:  {t: "27.39", p: "3.07"}
index.html:217 Received JSON:  {t: "27.40", p: "2.79"}
index.html:217 Received JSON:  {t: "27.40", p: "2.51"}
index.html:217 Received JSON:  {t: "27.42", p: "2.81"}
index.html:217 Received JSON:  {t: "27.42", p: "2.81"}
index.html:217 Received JSON:  {t: "27.42", p: "2.25"}
index.html:217 Received JSON:  {t: "27.43", p: "2.54"}
index.html:217 Received JSON:  {t: "27.44", p: "2.56"}
index.html:217 Received JSON:  {t: "27.45", p: "1.99"}
index.html:217 Received JSON:  {t: "27.46", p: "2.29"}
index.html:217 Received JSON:  {t: "27.46", p: "2.59"}
index.html:217 Received JSON:  {t: "27.46", p: "2.59"}
index.html:217 Received JSON:  {t: "27.48", p: "2.32"}
index.html:217 Received JSON:  {t: "27.49", p: "1.77"}
index.html:191 MAX:
index.html:192 2.695443116934171
index.html:217 Received JSON:  {t: "27.49", p: "1.77"}
index.html:217 Received JSON:  {t: "27.50", p: "0.92"}
index.html:217 Received JSON:  {t: "27.50", p: "1.21"}
index.html:217 Received JSON:  {t: "27.50", p: "1.21"}
index.html:217 Received JSON:  {t: "27.52", p: "1.23"}
index.html:217 Received JSON:  {t: "27.52", p: "1.52"}
index.html:217 Received JSON:  {t: "27.54", p: "0.97"}
index.html:217 Received JSON:  {t: "27.54", p: "1.26"}
index.html:217 Received JSON:  {t: "27.54", p: "1.27"}
index.html:217 Received JSON:  {t: "27.55", p: "1.85"}
index.html:217 Received JSON:  {t: "27.56", p: "2.44"}
index.html:217 Received JSON:  {t: "27.57", p: "2.16"}
index.html:217 Received JSON:  {t: "27.58", p: "2.17"}
index.html:217 Received JSON:  {t: "27.58", p: "2.47"}
index.html:217 Received JSON:  {t: "27.58", p: "2.76"}
index.html:217 Received JSON:  {t: "27.59", p: "2.20"}
index.html:217 Received JSON:  {t: "27.60", p: "2.50"}
index.html:217 Received JSON:  {t: "27.61", p: "2.79"}
index.html:217 Received JSON:  {t: "27.62", p: "2.52"}
index.html:217 Received JSON:  {t: "27.62", p: "3.11"}
index.html:217 Received JSON:  {t: "27.63", p: "3.12"}
index.html:217 Received JSON:  {t: "27.63", p: "2.54"}
index.html:217 Received JSON:  {t: "27.64", p: "3.13"}
index.html:217 Received JSON:  {t: "27.65", p: "2.57"}
index.html:217 Received JSON:  {t: "27.66", p: "2.86"}
index.html:217 Received JSON:  {t: "27.66", p: "3.16"}
index.html:217 Received JSON:  {t: "27.67", p: "2.59"}
index.html:217 Received JSON:  {t: "27.68", p: "2.90"}
index.html:217 Received JSON:  {t: "27.69", p: "2.62"}
index.html:217 Received JSON:  {t: "27.69", p: "2.34"}
index.html:217 Received JSON:  {t: "27.70", p: "2.64"}
index.html:217 Received JSON:  {t: "27.71", p: "2.07"}
index.html:217 Received JSON:  {t: "27.71", p: "2.08"}
index.html:217 Received JSON:  {t: "27.73", p: "2.96"}
index.html:217 Received JSON:  {t: "27.73", p: "2.10"}
index.html:217 Received JSON:  {t: "27.74", p: "1.25"}
index.html:191 MAX:
index.html:192 2.820950064245201
index.html:217 Received JSON:  {t: "27.74", p: "2.12"}
index.html:217 Received JSON:  {t: "27.75", p: "0.69"}
index.html:217 Received JSON:  {t: "27.76", p: "1.28"}
index.html:217 Received JSON:  {t: "27.76", p: "1.56"}
index.html:217 Received JSON:  {t: "27.77", p: "1.29"}
index.html:217 Received JSON:  {t: "27.78", p: "1.88"}
index.html:217 Received JSON:  {t: "27.78", p: "1.60"}
index.html:217 Received JSON:  {t: "27.79", p: "1.90"}
index.html:217 Received JSON:  {t: "27.79", p: "-0.10"}
index.html:217 Received JSON:  {t: "27.80", p: "0.76"}
index.html:217 Received JSON:  {t: "27.81", p: "0.77"}
index.html:217 Received JSON:  {t: "27.82", p: "1.94"}
index.html:217 Received JSON:  {t: "27.83", p: "1.09"}
index.html:217 Received JSON:  {t: "27.83", p: "0.81"}
​ Received JSON:  {t: "27.84", p: "0.52"}
​ Received JSON:  {t: "27.85", p: "0.83"}
​ Received JSON:  {t: "27.86", p: "1.12"}
​ Received JSON:  {t: "27.86", p: "2.28"}
​ Received JSON:  {t: "27.87", p: "2.87"}
​ Received JSON:  {t: "27.88", p: "3.76"}
​ Received JSON:  {t: "27.88", p: "3.47"}
​ Received JSON:  {t: "27.89", p: "3.77"}
​ Received JSON:  {t: "27.89", p: "3.48"}
​ Received JSON:  {t: "27.91", p: "3.51"}
​ Received JSON:  {t: "27.91", p: "3.22"}
​ Received JSON:  {t: "27.92", p: "2.94"}
​ Received JSON:  {t: "27.92", p: "3.52"}
​ Received JSON:  {t: "27.93", p: "3.25"}
​ Received JSON:  {t: "27.93", p: "3.54"}
​ Received JSON:  {t: "27.95", p: "2.99"}
​ Received JSON:  {t: "27.95", p: "2.99"}
​ Received JSON:  {t: "27.95", p: "2.99"}
​ Received JSON:  {t: "27.97", p: "2.44"}
​ Received JSON:  {t: "27.98", p: "3.02"}
​ Received JSON:  {t: "27.98", p: "2.74"}
​ Received JSON:  {t: "27.99", p: "1.89"}
​ Received JSON:  {t: "27.99", p: "1.90"}
​ MAX:
​ 3.321520179032586
​ Received JSON:  {t: "28.00", p: "2.19"}
​ Received JSON:  {t: "28.00", p: "1.33"}
​ Received JSON:  {t: "28.01", p: "1.63"}
​ Received JSON:  {t: "28.02", p: "1.93"}
​ Received JSON:  {t: "28.02", p: "1.36"}
​ Received JSON:  {t: "28.04", p: "1.95"}
​ Received JSON:  {t: "28.04", p: "2.25"}
​ Received JSON:  {t: "28.05", p: "1.97"}
​ Received JSON:  {t: "28.06", p: "2.28"}
​ Received JSON:  {t: "28.07", p: "1.99"}
​ Received JSON:  {t: "28.07", p: "2.86"}
​ Received JSON:  {t: "28.08", p: "2.87"}
​ Received JSON:  {t: "28.09", p: "3.19"}
​ Received JSON:  {t: "28.09", p: "2.61"}
​ Received JSON:  {t: "28.09", p: "3.77"}
​ Received JSON:  {t: "28.11", p: "3.21"}
​ Received JSON:  {t: "28.11", p: "2.92"}
​ Received JSON:  {t: "28.12", p: "2.65"}
​ Received JSON:  {t: "28.12", p: "3.22"}
​ Received JSON:  {t: "28.13", p: "3.24"}
​ Received JSON:  {t: "28.14", p: "3.54"}
​ Received JSON:  {t: "28.15", p: "2.68"}
​ Received JSON:  {t: "28.15", p: "2.98"}
​ Received JSON:  {t: "28.16", p: "2.41"}
​ Received JSON:  {t: "28.17", p: "2.42"}
​ Received JSON:  {t: "28.18", p: "2.44"}
​ Received JSON:  {t: "28.17", p: "3.30"}
​ Received JSON:  {t: "28.19", p: "2.16"}
​ Received JSON:  {t: "28.19", p: "3.32"}
​ Received JSON:  {t: "28.20", p: "1.61"}
​ MAX:
​ 3.0572389738130887
​ Received JSON:  {t: "28.21", p: "2.19"}
​ Received JSON:  {t: "28.21", p: "1.91"}
​ Received JSON:  {t: "28.22", p: "0.77"}
​ Received JSON:  {t: "28.23", p: "1.64"}
​ Received JSON:  {t: "28.24", p: "2.23"}
​ Received JSON:  {t: "28.24", p: "1.38"}
​ Received JSON:  {t: "28.24", p: "1.38"}
​ Received JSON:  {t: "28.26", p: "1.97"}
​ Received JSON:  {t: "28.26", p: "1.40"}
​ Received JSON:  {t: "28.28", p: "1.42"}
​ Received JSON:  {t: "28.28", p: "1.42"}
​ Received JSON:  {t: "28.28", p: "1.72"}
​ Received JSON:  {t: "28.29", p: "1.44"}
​ Received JSON:  {t: "28.29", p: "2.31"}
​ Received JSON:  {t: "28.29", p: "1.17"}
​ Received JSON:  {t: "28.30", p: "1.46"}
​ Received JSON:  {t: "28.32", p: "1.48"}
​ Received JSON:  {t: "28.32", p: "1.48"}
​ Received JSON:  {t: "28.32", p: "1.78"}
​ Received JSON:  {t: "28.33", p: "2.37"}
​ Received JSON:  {t: "28.34", p: "2.09"}
​ Received JSON:  {t: "28.34", p: "2.09"}
​ Received JSON:  {t: "28.35", p: "2.39"}
​ Received JSON:  {t: "28.36", p: "1.83"}
​ Received JSON:  {t: "28.37", p: "2.14"}
​ Received JSON:  {t: "28.38", p: "2.14"}
​ Received JSON:  {t: "28.38", p: "2.72"}
​ Received JSON:  {t: "28.38", p: "2.44"}
​ Received JSON:  {t: "28.39", p: "3.03"}
​ Received JSON:  {t: "28.41", p: "2.47"}
​ Received JSON:  {t: "28.41", p: "2.48"}
​ Received JSON:  {t: "28.41", p: "3.35"}
​ Received JSON:  {t: "28.42", p: "2.49"}
​ Received JSON:  {t: "28.43", p: "2.51"}
​ Received JSON:  {t: "28.44", p: "1.94"}
​ Received JSON:  {t: "28.44", p: "1.94"}
​ Received JSON:  {t: "28.45", p: "1.95"}
​ Received JSON:  {t: "28.45", p: "1.95"}
​ Received JSON:  {t: "28.46", p: "1.68"}
​ Received JSON:  {t: "28.46", p: "2.26"}
​ Received JSON:  {t: "28.47", p: "1.99"}
​ Received JSON:  {t: "28.49", p: "0.85"}
​ Received JSON:  {t: "28.49", p: "1.14"}
​ MAX:
​ 2.54103254506533
​ Received JSON:  {t: "28.49", p: "1.72"}
​ Received JSON:  {t: "28.50", p: "1.45"}
​ Received JSON:  {t: "28.51", p: "1.46"}
​ Received JSON:  {t: "28.52", p: "1.47"}
​ Received JSON:  {t: "28.52", p: "1.19"}
​ Received JSON:  {t: "28.52", p: "2.05"}
​ Received JSON:  {t: "28.54", p: "2.66"}
​ Received JSON:  {t: "28.54", p: "3.24"}
​ Received JSON:  {t: "28.54", p: "3.52"}
​ Received JSON:  {t: "28.55", p: "2.67"}
​ Received JSON:  {t: "28.56", p: "2.68"}
​ Received JSON:  {t: "28.57", p: "3.27"}
​ Received JSON:  {t: "28.57", p: "3.57"}
​ Received JSON:  {t: "28.57", p: "2.99"}
​ Received JSON:  {t: "28.58", p: "3.30"}
​ Received JSON:  {t: "28.59", p: "3.60"}
​ Received JSON:  {t: "28.59", p: "3.02"}
index.html:217 Received JSON:  {t: "28.60", p: "3.32"}
index.html:217 Received JSON:  {t: "28.61", p: "3.33"}
index.html:217 Received JSON:  {t: "28.62", p: "2.77"}
index.html:217 Received JSON:  {t: "28.62", p: "3.35"}
index.html:217 Received JSON:  {t: "28.63", p: "3.65"}
index.html:217 Received JSON:  {t: "28.64", p: "3.66"}
index.html:217 Received JSON:  {t: "28.65", p: "3.10"}
index.html:217 Received JSON:  {t: "28.65", p: "3.68"}
index.html:217 Received JSON:  {t: "28.65", p: "3.40"}
index.html:217 Received JSON:  {t: "28.66", p: "3.70"}
index.html:217 Received JSON:  {t: "28.67", p: "2.55"}
index.html:217 Received JSON:  {t: "28.68", p: "2.85"}
index.html:217 Received JSON:  {t: "28.68", p: "3.14"}
index.html:217 Received JSON:  {t: "28.69", p: "2.87"}
index.html:217 Received JSON:  {t: "28.69", p: "2.87"}
index.html:217 Received JSON:  {t: "28.70", p: "2.89"}
index.html:217 Received JSON:  {t: "28.71", p: "2.02"}
index.html:217 Received JSON:  {t: "28.71", p: "2.03"}
index.html:191 MAX:
index.html:192 3.343381905601828
index.html:217 Received JSON:  {t: "28.72", p: "1.76"}
index.html:217 Received JSON:  {t: "28.72", p: "1.76"}
index.html:217 Received JSON:  {t: "28.74", p: "2.06"}
index.html:217 Received JSON:  {t: "28.74", p: "2.08"}
index.html:217 Received JSON:  {t: "28.74", p: "2.08"}
index.html:217 Received JSON:  {t: "28.75", p: "2.67"}
index.html:217 Received JSON:  {t: "28.76", p: "2.10"}
index.html:217 Received JSON:  {t: "28.76", p: "2.68"}
index.html:217 Received JSON:  {t: "28.77", p: "2.69"}
index.html:217 Received JSON:  {t: "28.78", p: "2.70"}
index.html:217 Received JSON:  {t: "28.78", p: "1.84"}
index.html:217 Received JSON:  {t: "28.79", p: "1.86"}
index.html:217 Received JSON:  {t: "28.79", p: "2.44"}
index.html:217 Received JSON:  {t: "28.81", p: "1.59"}
index.html:217 Received JSON:  {t: "28.81", p: "1.59"}
index.html:217 Received JSON:  {t: "28.81", p: "1.88"}
index.html:217 Received JSON:  {t: "28.82", p: "0.75"}
index.html:217 Received JSON:  {t: "28.82", p: "1.32"}
index.html:217 Received JSON:  {t: "28.84", p: "0.76"}
index.html:217 Received JSON:  {t: "28.84", p: "1.06"}
index.html:191 MAX:
index.html:192 2.2867491912582145
index.html:217 Received JSON:  {t: "28.85", p: "1.35"}
index.html:217 Received JSON:  {t: "28.85", p: "1.07"}
index.html:217 Received JSON:  {t: "28.86", p: "0.80"}
index.html:217 Received JSON:  {t: "28.86", p: "2.25"}
index.html:217 Received JSON:  {t: "28.87", p: "1.39"}
index.html:217 Received JSON:  {t: "28.88", p: "0.82"}
index.html:217 Received JSON:  {t: "28.88", p: "1.69"}
index.html:217 Received JSON:  {t: "28.89", p: "2.28"}
index.html:217 Received JSON:  {t: "28.89", p: "2.29"}
index.html:217 Received JSON:  {t: "28.90", p: "2.30"}
index.html:217 Received JSON:  {t: "28.91", p: "2.89"}
index.html:217 Received JSON:  {t: "28.92", p: "2.32"}
index.html:217 Received JSON:  {t: "28.92", p: "2.32"}
index.html:217 Received JSON:  {t: "28.93", p: "2.34"}
index.html:217 Received JSON:  {t: "28.93", p: "2.62"}
index.html:217 Received JSON:  {t: "28.94", p: "2.06"}
index.html:217 Received JSON:  {t: "28.95", p: "1.79"}
index.html:217 Received JSON:  {t: "28.95", p: "2.37"}
index.html:217 Received JSON:  {t: "28.96", p: "1.51"}
index.html:217 Received JSON:  {t: "28.96", p: "2.38"}
index.html:217 Received JSON:  {t: "28.97", p: "2.40"}
index.html:217 Received JSON:  {t: "28.98", p: "2.40"}
index.html:217 Received JSON:  {t: "28.98", p: "1.84"}
index.html:217 Received JSON:  {t: "28.98", p: "3.28"}
index.html:217 Received JSON:  {t: "28.99", p: "1.86"}
index.html:217 Received JSON:  {t: "28.99", p: "2.14"}
index.html:191 MAX:
index.html:192 2.2898956459358324
index.html:217 Received JSON:  {t: "29.01", p: "1.87"}
index.html:217 Received JSON:  {t: "29.02", p: "2.46"}
index.html:217 Received JSON:  {t: "29.02", p: "2.46"}
index.html:217 Received JSON:  {t: "29.03", p: "2.19"}
index.html:217 Received JSON:  {t: "29.03", p: "2.48"}
index.html:217 Received JSON:  {t: "29.04", p: "2.50"}
index.html:217 Received JSON:  {t: "29.05", p: "2.51"}
index.html:217 Received JSON:  {t: "29.05", p: "2.22"}
index.html:217 Received JSON:  {t: "29.06", p: "2.81"}
index.html:217 Received JSON:  {t: "29.06", p: "1.95"}
index.html:217 Received JSON:  {t: "29.06", p: "2.52"}
index.html:217 Received JSON:  {t: "29.08", p: "2.26"}
index.html:217 Received JSON:  {t: "29.09", p: "2.56"}
index.html:217 Received JSON:  {t: "29.09", p: "2.27"}
index.html:217 Received JSON:  {t: "29.09", p: "2.28"}
​ Received JSON:  {t: "29.10", p: "2.87"}
​ Received JSON:  {t: "29.11", p: "2.60"}
​ Received JSON:  {t: "29.11", p: "2.31"}
​ Received JSON:  {t: "29.12", p: "2.31"}
​ Received JSON:  {t: "29.13", p: "2.61"}
​ Received JSON:  {t: "29.13", p: "3.20"}
​ Received JSON:  {t: "29.14", p: "2.62"}
​ Received JSON:  {t: "29.15", p: "2.64"}
​ Received JSON:  {t: "29.15", p: "2.65"}
​ Received JSON:  {t: "29.16", p: "2.08"}
​ Received JSON:  {t: "29.16", p: "2.09"}
​ Received JSON:  {t: "29.17", p: "1.80"}
​ Received JSON:  {t: "29.17", p: "2.39"}
​ Received JSON:  {t: "29.18", p: "2.69"}
​ Received JSON:  {t: "29.19", p: "1.54"}
​ Received JSON:  {t: "29.19", p: "1.84"}
​ Received JSON:  {t: "29.19", p: "2.42"}
​ MAX:
​ 2.5627120264664076
​ Received JSON:  {t: "29.20", p: "2.14"}
​ Received JSON:  {t: "29.21", p: "2.15"}
​ Received JSON:  {t: "29.22", p: "2.16"}
​ Received JSON:  {t: "29.22", p: "2.46"}
​ Received JSON:  {t: "29.23", p: "2.18"}
​ Received JSON:  {t: "29.23", p: "2.47"}
​ Received JSON:  {t: "29.24", p: "3.35"}
​ Received JSON:  {t: "29.24", p: "3.07"}
​ Received JSON:  {t: "29.26", p: "2.80"}
​ Received JSON:  {t: "29.26", p: "3.08"}
​ Received JSON:  {t: "29.27", p: "2.52"}
​ Received JSON:  {t: "29.27", p: "3.40"}
​ Received JSON:  {t: "29.27", p: "3.69"}
​ Received JSON:  {t: "29.28", p: "3.12"}
​ Received JSON:  {t: "29.28", p: "4.28"}
​ Received JSON:  {t: "29.29", p: "3.43"}
​ Received JSON:  {t: "29.30", p: "3.44"}
​ Received JSON:  {t: "29.30", p: "3.44"}
​ Received JSON:  {t: "29.31", p: "3.45"}
​ Received JSON:  {t: "29.32", p: "3.75"}
​ Received JSON:  {t: "29.33", p: "3.76"}
​ Received JSON:  {t: "29.33", p: "3.18"}
​ Received JSON:  {t: "29.34", p: "3.78"}
​ Received JSON:  {t: "29.34", p: "2.62"}
​ Received JSON:  {t: "29.35", p: "3.79"}
​ Received JSON:  {t: "29.35", p: "2.64"}
​ Received JSON:  {t: "29.36", p: "3.22"}
​ Received JSON:  {t: "29.36", p: "2.95"}
​ Received JSON:  {t: "29.37", p: "2.67"}
​ Received JSON:  {t: "29.38", p: "2.67"}
​ MAX:
​ 3.518538786780379
​ Received JSON:  {t: "29.39", p: "2.40"}
​ Received JSON:  {t: "29.39", p: "2.98"}
​ Received JSON:  {t: "29.40", p: "1.84"}
​ Received JSON:  {t: "29.40", p: "2.13"}
​ Received JSON:  {t: "29.41", p: "1.86"}
​ Received JSON:  {t: "29.42", p: "1.86"}
​ Received JSON:  {t: "29.42", p: "2.16"}
​ Received JSON:  {t: "29.43", p: "2.17"}
​ Received JSON:  {t: "29.43", p: "2.46"}
​ Received JSON:  {t: "29.43", p: "3.05"}
​ Received JSON:  {t: "29.44", p: "2.77"}
​ Received JSON:  {t: "29.45", p: "3.64"}
​ Received JSON:  {t: "29.45", p: "3.65"}
​ Received JSON:  {t: "29.46", p: "3.37"}
​ Received JSON:  {t: "29.47", p: "3.67"}
​ Received JSON:  {t: "29.47", p: "3.10"}
​ Received JSON:  {t: "29.47", p: "3.39"}
​ Received JSON:  {t: "29.48", p: "3.69"}
​ Received JSON:  {t: "29.49", p: "3.41"}
​ Received JSON:  {t: "29.49", p: "3.42"}
​ Received JSON:  {t: "29.50", p: "3.14"}
​ Received JSON:  {t: "29.50", p: "3.72"}
​ Received JSON:  {t: "29.51", p: "3.44"}
​ Received JSON:  {t: "29.51", p: "3.44"}
​ Received JSON:  {t: "29.52", p: "2.88"}
​ Received JSON:  {t: "29.53", p: "2.89"}
​ Received JSON:  {t: "29.53", p: "2.31"}
​ Received JSON:  {t: "29.54", p: "3.19"}
​ Received JSON:  {t: "29.55", p: "2.33"}
​ Received JSON:  {t: "29.55", p: "2.63"}
​ MAX:
​ 3.422613233371679
​ Received JSON:  {t: "29.56", p: "1.77"}
​ Received JSON:  {t: "29.56", p: "2.06"}
​ Received JSON:  {t: "29.57", p: "2.08"}
​ Received JSON:  {t: "29.57", p: "2.08"}
​ Received JSON:  {t: "29.58", p: "2.09"}
​ Received JSON:  {t: "29.58", p: "2.67"}
​ Received JSON:  {t: "29.59", p: "3.55"}
​ Received JSON:  {t: "29.59", p: "4.14"}
​ Received JSON:  {t: "29.60", p: "4.14"}
​ Received JSON:  {t: "29.61", p: "4.45"}
​ Received JSON:  {t: "29.61", p: "4.16"}
​ Received JSON:  {t: "29.62", p: "4.75"}
​ Received JSON:  {t: "29.63", p: "3.89"}
​ Received JSON:  {t: "29.63", p: "3.61"}
​ Received JSON:  {t: "29.64", p: "3.62"}
​ Received JSON:  {t: "29.64", p: "3.62"}
​ Received JSON:  {t: "29.64", p: "3.92"}
​ Received JSON:  {t: "29.66", p: "3.94"}
​ Received JSON:  {t: "29.66", p: "4.22"}
​ Received JSON:  {t: "29.66", p: "3.65"}
​ Received JSON:  {t: "29.68", p: "3.38"}
​ Received JSON:  {t: "29.68", p: "3.97"}
​ Received JSON:  {t: "29.68", p: "3.68"}
​ Received JSON:  {t: "29.69", p: "3.98"}
​ Received JSON:  {t: "29.69", p: "3.40"}
​ MAX:
​ 3.9760738589173394
​ Received JSON:  {t: "29.69", p: "2.84"}
​ Received JSON:  {t: "29.71", p: "2.85"}
​ Received JSON:  {t: "29.71", p: "1.98"}
​ Received JSON:  {t: "29.72", p: "2.57"}
​ Received JSON:  {t: "29.72", p: "3.16"}
​ Received JSON:  {t: "29.73", p: "2.30"}
​ Received JSON:  {t: "29.74", p: "2.60"}
​ Received JSON:  {t: "29.74", p: "2.31"}
​ Received JSON:  {t: "29.74", p: "1.74"}
​ Received JSON:  {t: "29.75", p: "2.32"}
​ Received JSON:  {t: "29.76", p: "2.05"}
​ Received JSON:  {t: "29.76", p: "2.63"}
​ Received JSON:  {t: "29.77", p: "3.22"}
​ Received JSON:  {t: "29.78", p: "3.82"}
​ Received JSON:  {t: "29.79", p: "4.70"}
​ Received JSON:  {t: "29.79", p: "4.41"}
​ Received JSON:  {t: "29.79", p: "4.71"}
​ Received JSON:  {t: "29.80", p: "4.42"}
​ Received JSON:  {t: "29.81", p: "4.44"}
​ Received JSON:  {t: "29.82", p: "4.74"}
​ Received JSON:  {t: "29.82", p: "4.16"}
​ Received JSON:  {t: "29.83", p: "4.46"}
​ Received JSON:  {t: "29.83", p: "4.18"}
index.html:217 Received JSON:  {t: "29.84", p: "3.90"}
index.html:217 Received JSON:  {t: "29.84", p: "4.48"}
index.html:217 Received JSON:  {t: "29.85", p: "3.92"}
index.html:217 Received JSON:  {t: "29.86", p: "4.51"}
index.html:217 Received JSON:  {t: "29.86", p: "4.51"}
index.html:217 Received JSON:  {t: "29.86", p: "4.22"}
index.html:217 Received JSON:  {t: "29.87", p: "3.94"}
index.html:217 Received JSON:  {t: "29.88", p: "3.66"}
index.html:217 Received JSON:  {t: "29.88", p: "3.97"}
index.html:217 Received JSON:  {t: "29.89", p: "3.10"}
index.html:191 MAX:
index.html:192 4.36500109624353
index.html:217 Received JSON:  {t: "29.89", p: "1.95"}
index.html:217 Received JSON:  {t: "29.90", p: "1.96"}
index.html:217 Received JSON:  {t: "29.91", p: "2.27"}
index.html:217 Received JSON:  {t: "29.92", p: "2.27"}
index.html:217 Received JSON:  {t: "29.92", p: "1.69"}
index.html:217 Received JSON:  {t: "29.93", p: "1.71"}
index.html:217 Received JSON:  {t: "29.93", p: "0.84"}
index.html:217 Received JSON:  {t: "29.94", p: "2.01"}
index.html:217 Received JSON:  {t: "29.94", p: "1.44"}
index.html:217 Received JSON:  {t: "29.95", p: "2.32"}
index.html:217 Received JSON:  {t: "29.95", p: "2.03"}
index.html:217 Received JSON:  {t: "29.96", p: "2.33"}
index.html:217 Received JSON:  {t: "29.96", p: "2.63"}
index.html:217 Received JSON:  {t: "29.97", p: "2.92"}
index.html:217 Received JSON:  {t: "29.98", p: "2.36"}
index.html:217 Received JSON:  {t: "29.98", p: "2.94"}
index.html:217 Received JSON:  {t: "29.99", p: "2.66"}
index.html:217 Received JSON:  {t: "29.99", p: "4.12"}
index.html:217 Received JSON:  {t: "30.00", p: "3.55"}
index.html:217 Received JSON:  {t: "30.00", p: "3.84"}
index.html:217 Received JSON:  {t: "30.01", p: "3.85"}
index.html:217 Received JSON:  {t: "30.01", p: "5.30"}
index.html:217 Received JSON:  {t: "30.01", p: "4.15"}
index.html:217 Received JSON:  {t: "30.02", p: "3.58"}
index.html:217 Received JSON:  {t: "30.03", p: "3.59"}
index.html:217 Received JSON:  {t: "30.04", p: "3.90"}
index.html:217 Received JSON:  {t: "30.04", p: "3.89"}
index.html:217 Received JSON:  {t: "30.04", p: "4.48"}
index.html:217 Received JSON:  {t: "30.05", p: "3.91"}
index.html:217 Received JSON:  {t: "30.06", p: "3.63"}
index.html:217 Received JSON:  {t: "30.06", p: "3.06"}
index.html:217 Received JSON:  {t: "30.06", p: "3.92"}
index.html:217 Received JSON:  {t: "30.07", p: "3.65"}
index.html:217 Received JSON:  {t: "30.08", p: "3.37"}
index.html:217 Received JSON:  {t: "30.08", p: "2.50"}
index.html:217 Received JSON:  {t: "30.08", p: "2.22"}
index.html:217 Received JSON:  {t: "30.09", p: "1.37"}
index.html:191 MAX:
index.html:192 3.9710952430392603
index.html:217 Received JSON:  {t: "30.10", p: "1.67"}
index.html:217 Received JSON:  {t: "30.10", p: "2.25"}
index.html:217 Received JSON:  {t: "30.11", p: "1.39"}
index.html:217 Received JSON:  {t: "30.12", p: "1.98"}
index.html:217 Received JSON:  {t: "30.12", p: "1.98"}
index.html:217 Received JSON:  {t: "30.12", p: "2.57"}
index.html:217 Received JSON:  {t: "30.13", p: "2.87"}
index.html:217 Received JSON:  {t: "30.14", p: "3.74"}
index.html:217 Received JSON:  {t: "30.15", p: "3.47"}
index.html:217 Received JSON:  {t: "30.15", p: "3.76"}
index.html:217 Received JSON:  {t: "30.16", p: "3.77"}
index.html:217 Received JSON:  {t: "30.16", p: "4.36"}
index.html:217 Received JSON:  {t: "30.16", p: "3.78"}
index.html:217 Received JSON:  {t: "30.17", p: "4.08"}
index.html:217 Received JSON:  {t: "30.17", p: "4.37"}
index.html:217 Received JSON:  {t: "30.18", p: "3.52"}
index.html:217 Received JSON:  {t: "30.18", p: "4.10"}
index.html:217 Received JSON:  {t: "30.19", p: "4.10"}
index.html:217 Received JSON:  {t: "30.20", p: "4.41"}
index.html:217 Received JSON:  {t: "30.20", p: "4.12"}
index.html:217 Received JSON:  {t: "30.21", p: "4.42"}
index.html:217 Received JSON:  {t: "30.21", p: "4.14"}
index.html:217 Received JSON:  {t: "30.22", p: "3.86"}
index.html:217 Received JSON:  {t: "30.22", p: "3.57"}
index.html:217 Received JSON:  {t: "30.23", p: "4.16"}
index.html:217 Received JSON:  {t: "30.24", p: "3.30"}
index.html:217 Received JSON:  {t: "30.24", p: "3.60"}
index.html:217 Received JSON:  {t: "30.25", p: "3.90"}
index.html:217 Received JSON:  {t: "30.25", p: "3.90"}
index.html:217 Received JSON:  {t: "30.26", p: "3.62"}
index.html:217 Received JSON:  {t: "30.26", p: "3.33"}
index.html:191 MAX:
index.html:192 4.089193086808927
index.html:217 Received JSON:  {t: "30.26", p: "3.34"}
​ Received JSON:  {t: "30.27", p: "2.77"}
​ Received JSON:  {t: "30.28", p: "3.07"}
​ Received JSON:  {t: "30.28", p: "1.92"}
​ Received JSON:  {t: "30.29", p: "2.22"}
​ Received JSON:  {t: "30.29", p: "2.52"}
​ Received JSON:  {t: "30.30", p: "2.24"}
​ Received JSON:  {t: "30.30", p: "2.52"}
​ Received JSON:  {t: "30.31", p: "2.54"}
​ Received JSON:  {t: "30.32", p: "1.97"}
​ Received JSON:  {t: "30.33", p: "2.27"}
​ Received JSON:  {t: "30.33", p: "2.85"}
​ Received JSON:  {t: "30.33", p: "2.28"}
​ Received JSON:  {t: "30.34", p: "2.29"}
​ Received JSON:  {t: "30.34", p: "2.58"}
​ Received JSON:  {t: "30.35", p: "3.46"}
​ Received JSON:  {t: "30.35", p: "2.60"}
​ Received JSON:  {t: "30.36", p: "3.47"}
​ Received JSON:  {t: "30.36", p: "2.61"}
​ Received JSON:  {t: "30.37", p: "2.91"}
​ Received JSON:  {t: "30.37", p: "3.50"}
​ Received JSON:  {t: "30.38", p: "3.22"}
​ Received JSON:  {t: "30.38", p: "3.21"}
​ Received JSON:  {t: "30.39", p: "3.81"}
​ Received JSON:  {t: "30.39", p: "2.95"}
​ Received JSON:  {t: "30.40", p: "3.24"}
​ Received JSON:  {t: "30.41", p: "2.96"}
​ Received JSON:  {t: "30.41", p: "2.97"}
​ Received JSON:  {t: "30.42", p: "2.98"}
​ Received JSON:  {t: "30.42", p: "2.99"}
​ Received JSON:  {t: "30.43", p: "3.57"}
​ Received JSON:  {t: "30.43", p: "2.42"}
​ Received JSON:  {t: "30.43", p: "2.42"}
​ Received JSON:  {t: "30.45", p: "3.02"}
​ Received JSON:  {t: "30.45", p: "3.31"}
​ Received JSON:  {t: "30.45", p: "2.15"}
​ MAX:
​ 3.1849079984697353
​ Respiratory rate:
​ 27
​ Received JSON:  {t: "30.46", p: "1.88"}
​ Received JSON:  {t: "30.46", p: "1.59"}
​ Received JSON:  {t: "30.47", p: "1.60"}
​ Received JSON:  {t: "30.48", p: "1.90"}
​ Received JSON:  {t: "30.48", p: "1.61"}
​ Received JSON:  {t: "30.49", p: "2.20"}
​ Received JSON:  {t: "30.49", p: "2.79"}
​ Received JSON:  {t: "30.49", p: "1.93"}
​ Received JSON:  {t: "30.49", p: "2.80"}
​ Received JSON:  {t: "30.50", p: "2.22"}
​ Received JSON:  {t: "30.51", p: "1.94"}
​ Received JSON:  {t: "30.52", p: "2.25"}
​ Received JSON:  {t: "30.52", p: "2.25"}
​ Received JSON:  {t: "30.53", p: "1.69"}
​ Received JSON:  {t: "30.53", p: "3.42"}
​ Received JSON:  {t: "30.53", p: "3.43"}
​ Received JSON:  {t: "30.54", p: "3.15"}
​ Received JSON:  {t: "30.55", p: "2.87"}
​ Received JSON:  {t: "30.55", p: "2.29"}
​ Received JSON:  {t: "30.56", p: "2.89"}
​ Received JSON:  {t: "30.56", p: "2.88"}
​ Received JSON:  {t: "30.57", p: "3.19"}
​ Received JSON:  {t: "30.57", p: "3.20"}
​ Received JSON:  {t: "30.57", p: "2.91"}
​ Received JSON:  {t: "30.58", p: "2.62"}
​ Received JSON:  {t: "30.58", p: "2.33"}
​ Received JSON:  {t: "30.59", p: "2.35"}
​ Received JSON:  {t: "30.59", p: "1.49"}
​ Received JSON:  {t: "30.61", p: "1.50"}
​ Received JSON:  {t: "30.61", p: "2.37"}
​ Received JSON:  {t: "30.61", p: "2.96"}
​ Received JSON:  {t: "30.61", p: "3.54"}
​ MAX:
​ 2.869939433705902
​ Received JSON:  {t: "30.62", p: "3.85"}
​ Received JSON:  {t: "30.62", p: "3.27"}
​ Received JSON:  {t: "30.63", p: "3.86"}
​ Received JSON:  {t: "30.64", p: "3.58"}
​ Received JSON:  {t: "30.64", p: "3.29"}
​ Received JSON:  {t: "30.65", p: "2.72"}
​ Received JSON:  {t: "30.65", p: "2.72"}
​ Received JSON:  {t: "30.65", p: "2.15"}
​ Received JSON:  {t: "30.66", p: "2.16"}
​ Received JSON:  {t: "30.67", p: "2.17"}
​ Received JSON:  {t: "30.67", p: "2.18"}
​ Received JSON:  {t: "30.67", p: "1.89"}
​ Received JSON:  {t: "30.68", p: "2.48"}
​ Received JSON:  {t: "30.69", p: "1.61"}
​ Received JSON:  {t: "30.69", p: "2.50"}
​ MAX:
​ 3.1471405764079945
​ Received JSON:  {t: "30.69", p: "3.07"}
​ Received JSON:  {t: "30.70", p: "3.09"}
​ Received JSON:  {t: "30.71", p: "3.10"}
​ Received JSON:  {t: "30.71", p: "3.68"}
​ Received JSON:  {t: "30.71", p: "4.55"}
​ Received JSON:  {t: "30.73", p: "3.70"}
​ Received JSON:  {t: "30.73", p: "4.28"}
​ Received JSON:  {t: "30.73", p: "3.71"}
​ Received JSON:  {t: "30.73", p: "4.58"}
​ Received JSON:  {t: "30.74", p: "4.02"}
​ Received JSON:  {t: "30.75", p: "4.02"}
​ Received JSON:  {t: "30.75", p: "4.61"}
​ Received JSON:  {t: "30.76", p: "4.32"}
​ Received JSON:  {t: "30.76", p: "3.75"}
​ Received JSON:  {t: "30.77", p: "4.05"}
​ Received JSON:  {t: "30.77", p: "3.76"}
​ Received JSON:  {t: "30.78", p: "4.94"}
​ Received JSON:  {t: "30.78", p: "4.36"}
​ Received JSON:  {t: "30.78", p: "3.78"}
​ Received JSON:  {t: "30.78", p: "4.07"}
​ Received JSON:  {t: "30.79", p: "4.08"}
​ Received JSON:  {t: "30.79", p: "4.67"}
​ Received JSON:  {t: "30.81", p: "4.10"}
​ Received JSON:  {t: "30.81", p: "3.81"}
​ Received JSON:  {t: "30.81", p: "3.82"}
​ Received JSON:  {t: "30.82", p: "3.25"}
​ Received JSON:  {t: "30.82", p: "2.97"}
​ Received JSON:  {t: "30.83", p: "2.97"}
​ Received JSON:  {t: "30.83", p: "2.11"}
​ MAX:
​ 4.173805881530584
​ Received JSON:  {t: "30.84", p: "2.70"}
​ Received JSON:  {t: "30.85", p: "1.84"}
​ Received JSON:  {t: "30.85", p: "1.84"}
​ Received JSON:  {t: "30.86", p: "2.15"}
​ Received JSON:  {t: "30.86", p: "1.28"}
​ Received JSON:  {t: "30.87", p: "1.29"}
​ Received JSON:  {t: "30.87", p: "3.03"}
​ Received JSON:  {t: "30.87", p: "2.75"}
​ Received JSON:  {t: "30.88", p: "3.05"}
​ Received JSON:  {t: "30.88", p: "2.75"}
​ Received JSON:  {t: "30.89", p: "3.35"}
​ Received JSON:  {t: "30.89", p: "2.78"}
​ Received JSON:  {t: "30.90", p: "3.08"}
​ Received JSON:  {t: "30.90", p: "1.91"}
​ Received JSON:  {t: "30.90", p: "2.21"}
​ Received JSON:  {t: "30.91", p: "2.22"}
​ Received JSON:  {t: "30.92", p: "3.11"}
​ Received JSON:  {t: "30.93", p: "2.53"}
​ Received JSON:  {t: "30.93", p: "2.53"}
​ Received JSON:  {t: "30.93", p: "2.82"}
​ Received JSON:  {t: "30.93", p: "2.54"}
​ Received JSON:  {t: "30.94", p: "1.98"}
​ Received JSON:  {t: "30.94", p: "3.42"}
​ Received JSON:  {t: "30.96", p: "2.87"}
​ MAX:
​ 2.6786325741288524
​ Received JSON:  {t: "30.96", p: "3.16"}
​ Received JSON:  {t: "30.96", p: "4.03"}
​ Received JSON:  {t: "30.97", p: "3.17"}
​ Received JSON:  {t: "30.97", p: "3.18"}
​ Received JSON:  {t: "30.97", p: "5.50"}
​ Received JSON:  {t: "30.98", p: "2.90"}
​ Received JSON:  {t: "30.98", p: "3.48"}
​ Received JSON:  {t: "30.99", p: "3.21"}
​ Received JSON:  {t: "30.99", p: "2.92"}
​ Received JSON:  {t: "31.01", p: "3.22"}
​ Received JSON:  {t: "31.01", p: "2.93"}
​ Received JSON:  {t: "31.01", p: "2.36"}
​ Received JSON:  {t: "31.01", p: "2.95"}
​ Received JSON:  {t: "31.01", p: "3.24"}
​ Received JSON:  {t: "31.02", p: "3.54"}
​ Received JSON:  {t: "31.03", p: "3.26"}
​ Received JSON:  {t: "31.04", p: "3.56"}
​ MAX:
​ 3.4591591191242212
​ Received JSON:  {t: "31.04", p: "4.43"}
​ Received JSON:  {t: "31.04", p: "4.15"}
​ Received JSON:  {t: "31.05", p: "3.87"}
​ Received JSON:  {t: "31.06", p: "4.75"}
​ Received JSON:  {t: "31.06", p: "3.87"}
​ Received JSON:  {t: "31.06", p: "3.88"}
​ Received JSON:  {t: "31.06", p: "3.89"}
​ Received JSON:  {t: "31.07", p: "4.19"}
​ Received JSON:  {t: "31.07", p: "3.60"}
​ Received JSON:  {t: "31.08", p: "3.62"}
​ Received JSON:  {t: "31.09", p: "3.92"}
​ Received JSON:  {t: "31.09", p: "3.92"}
​ Received JSON:  {t: "31.09", p: "4.22"}
​ Received JSON:  {t: "31.10", p: "3.94"}
​ Received JSON:  {t: "31.10", p: "3.94"}
​ Received JSON:  {t: "31.10", p: "4.23"}
​ Received JSON:  {t: "31.12", p: "3.96"}
​ Received JSON:  {t: "31.11", p: "4.25"}
​ MAX:
​ 3.992975399695729
​ Received JSON:  {t: "31.12", p: "4.25"}
​ Received JSON:  {t: "31.13", p: "3.10"}
​ Received JSON:  {t: "31.14", p: "3.41"}
​ Received JSON:  {t: "31.14", p: "3.41"}
​ Received JSON:  {t: "31.14", p: "4.28"}
​ Received JSON:  {t: "31.14", p: "4.00"}
​ Received JSON:  {t: "31.15", p: "3.72"}
​ Received JSON:  {t: "31.16", p: "3.44"}
​ Received JSON:  {t: "31.16", p: "2.86"}
​ MAX:
​ 3.9738852563688423
​ Received JSON:  {t: "31.16", p: "2.86"}
​ Received JSON:  {t: "31.18", p: "3.46"}
​ Received JSON:  {t: "31.17", p: "3.46"}
​ Received JSON:  {t: "31.18", p: "2.88"}
​ Received JSON:  {t: "31.18", p: "3.18"}
​ Received JSON:  {t: "31.19", p: "3.48"}
​ Received JSON:  {t: "31.19", p: "2.91"}
​ Received JSON:  {t: "31.20", p: "2.92"}
​ Received JSON:  {t: "31.20", p: "3.21"}
​ Received JSON:  {t: "31.21", p: "2.64"}
​ Received JSON:  {t: "31.21", p: "2.64"}
​ Received JSON:  {t: "31.22", p: "2.94"}
​ Received JSON:  {t: "31.22", p: "2.37"}
​ Received JSON:  {t: "31.22", p: "3.24"}
​ Received JSON:  {t: "31.23", p: "3.25"}
​ Received JSON:  {t: "31.23", p: "2.67"}
index.html:217 Received JSON:  {t: "31.24", p: "2.69"}
index.html:217 Received JSON:  {t: "31.24", p: "2.39"}
index.html:217 Received JSON:  {t: "31.25", p: "3.27"}
index.html:217 Received JSON:  {t: "31.26", p: "2.70"}
index.html:217 Received JSON:  {t: "31.26", p: "2.13"}
index.html:217 Received JSON:  {t: "31.26", p: "3.01"}
index.html:217 Received JSON:  {t: "31.26", p: "3.00"}
index.html:217 Received JSON:  {t: "31.27", p: "3.01"}
index.html:217 Received JSON:  {t: "31.28", p: "3.61"}
index.html:217 Received JSON:  {t: "31.28", p: "3.02"}
index.html:217 Received JSON:  {t: "31.29", p: "3.62"}
index.html:217 Received JSON:  {t: "31.29", p: "3.62"}
index.html:217 Received JSON:  {t: "31.29", p: "3.92"}
index.html:217 Received JSON:  {t: "31.29", p: "3.63"}
index.html:217 Received JSON:  {t: "31.30", p: "3.64"}
index.html:217 Received JSON:  {t: "31.30", p: "3.06"}
index.html:217 Received JSON:  {t: "31.31", p: "3.36"}
index.html:217 Received JSON:  {t: "31.31", p: "3.08"}
index.html:217 Received JSON:  {t: "31.32", p: "3.37"}
index.html:217 Received JSON:  {t: "31.32", p: "2.22"}
index.html:217 Received JSON:  {t: "31.34", p: "2.82"}
index.html:217 Received JSON:  {t: "31.34", p: "3.40"}
index.html:217 Received JSON:  {t: "31.34", p: "3.41"}
index.html:217 Received JSON:  {t: "31.34", p: "2.83"}
index.html:217 Received JSON:  {t: "31.34", p: "3.12"}
index.html:217 Received JSON:  {t: "31.36", p: "3.14"}
index.html:191 MAX:
index.html:192 3.432947253035313
index.html:217 Received JSON:  {t: "31.35", p: "3.42"}
index.html:217 Received JSON:  {t: "31.36", p: "3.72"}
index.html:217 Received JSON:  {t: "31.36", p: "3.43"}
index.html:217 Received JSON:  {t: "31.37", p: "3.16"}
index.html:217 Received JSON:  {t: "31.37", p: "3.45"}
index.html:217 Received JSON:  {t: "31.38", p: "4.33"}
index.html:217 Received JSON:  {t: "31.38", p: "4.62"}
index.html:217 Received JSON:  {t: "31.39", p: "4.05"}
index.html:217 Received JSON:  {t: "31.39", p: "4.63"}
index.html:217 Received JSON:  {t: "31.39", p: "3.77"}
index.html:217 Received JSON:  {t: "31.40", p: "4.36"}
index.html:217 Received JSON:  {t: "31.40", p: "4.94"}
index.html:217 Received JSON:  {t: "31.41", p: "4.08"}
index.html:217 Received JSON:  {t: "31.42", p: "3.81"}
index.html:217 Received JSON:  {t: "31.42", p: "3.51"}
index.html:217 Received JSON:  {t: "31.42", p: "3.52"}
index.html:217 Received JSON:  {t: "31.43", p: "4.41"}
index.html:217 Received JSON:  {t: "31.43", p: "3.25"}
index.html:217 Received JSON:  {t: "31.44", p: "3.83"}
index.html:217 Received JSON:  {t: "31.44", p: "4.13"}
index.html:217 Received JSON:  {t: "31.45", p: "4.43"}
index.html:217 Received JSON:  {t: "31.45", p: "3.26"}
index.html:217 Received JSON:  {t: "31.45", p: "3.85"}
index.html:191 MAX:
index.html:192 4.1620279681311585
index.html:217 Received JSON:  {t: "31.46", p: "3.86"}
index.html:217 Received JSON:  {t: "31.46", p: "3.86"}
index.html:217 Received JSON:  {t: "31.47", p: "3.59"}
index.html:217 Received JSON:  {t: "31.47", p: "3.88"}
index.html:217 Received JSON:  {t: "31.48", p: "3.60"}
index.html:217 Received JSON:  {t: "31.49", p: "3.32"}
index.html:217 Received JSON:  {t: "31.49", p: "3.32"}
index.html:217 Received JSON:  {t: "31.49", p: "2.74"}
index.html:217 Received JSON:  {t: "31.49", p: "3.33"}
index.html:217 Received JSON:  {t: "31.50", p: "2.76"}
index.html:217 Received JSON:  {t: "31.50", p: "3.35"}
index.html:217 Received JSON:  {t: "31.51", p: "2.77"}
index.html:217 Received JSON:  {t: "31.51", p: "3.06"}
index.html:217 Received JSON:  {t: "31.52", p: "2.78"}
index.html:217 Received JSON:  {t: "31.53", p: "3.09"}
index.html:217 Received JSON:  {t: "31.52", p: "3.66"}
index.html:217 Received JSON:  {t: "31.53", p: "2.80"}
index.html:217 Received JSON:  {t: "31.53", p: "3.38"}
index.html:217 Received JSON:  {t: "31.53", p: "2.80"}
index.html:217 Received JSON:  {t: "31.54", p: "3.69"}
index.html:217 Received JSON:  {t: "31.55", p: "4.00"}
index.html:217 Received JSON:  {t: "31.54", p: "3.69"}
index.html:217 Received JSON:  {t: "31.56", p: "3.71"}
index.html:217 Received JSON:  {t: "31.56", p: "4.58"}
index.html:217 Received JSON:  {t: "31.56", p: "3.72"}
index.html:217 Received JSON:  {t: "31.56", p: "4.59"}
index.html:217 Received JSON:  {t: "31.57", p: "4.02"}
index.html:217 Received JSON:  {t: "31.58", p: "4.02"}
index.html:217 Received JSON:  {t: "31.58", p: "4.02"}
index.html:217 Received JSON:  {t: "31.58", p: "4.61"}
index.html:217 Received JSON:  {t: "31.59", p: "4.92"}
index.html:217 Received JSON:  {t: "31.59", p: "4.06"}
​ Received JSON:  {t: "31.60", p: "4.06"}
​ Received JSON:  {t: "31.60", p: "3.19"}
​ Received JSON:  {t: "31.60", p: "3.77"}
​ Received JSON:  {t: "31.60", p: "4.06"}
​ Received JSON:  {t: "31.61", p: "3.21"}
​ Received JSON:  {t: "31.62", p: "3.22"}
​ Received JSON:  {t: "31.62", p: "3.22"}
​ Received JSON:  {t: "31.62", p: "3.22"}
​ Received JSON:  {t: "31.63", p: "3.52"}
​ MAX:
​ 4.177673730474489
​ Received JSON:  {t: "31.63", p: "3.24"}
​ Received JSON:  {t: "31.64", p: "3.24"}
​ Received JSON:  {t: "31.64", p: "2.96"}
​ Received JSON:  {t: "31.65", p: "3.26"}
​ Received JSON:  {t: "31.65", p: "4.13"}
​ Received JSON:  {t: "31.65", p: "3.26"}
​ Received JSON:  {t: "31.66", p: "2.98"}
​ Received JSON:  {t: "31.66", p: "2.70"}
​ Received JSON:  {t: "31.67", p: "3.29"}
​ Received JSON:  {t: "31.67", p: "3.58"}
​ Received JSON:  {t: "31.67", p: "3.29"}
​ Received JSON:  {t: "31.68", p: "3.88"}
​ Received JSON:  {t: "31.68", p: "3.31"}
​ Received JSON:  {t: "31.69", p: "3.60"}
​ Received JSON:  {t: "31.69", p: "3.32"}
​ Received JSON:  {t: "31.69", p: "3.03"}
​ Received JSON:  {t: "31.70", p: "3.62"}
​ Received JSON:  {t: "31.70", p: "3.92"}
​ Received JSON:  {t: "31.70", p: "3.34"}
​ Received JSON:  {t: "31.71", p: "3.35"}
​ Received JSON:  {t: "31.71", p: "3.35"}
​ Received JSON:  {t: "31.72", p: "3.06"}
​ Received JSON:  {t: "31.73", p: "2.79"}
​ Received JSON:  {t: "31.73", p: "3.96"}
​ Received JSON:  {t: "31.73", p: "4.53"}
​ Received JSON:  {t: "31.74", p: "4.54"}
​ Received JSON:  {t: "31.74", p: "3.10"}
​ Received JSON:  {t: "31.74", p: "3.39"}
​ MAX:
​ 3.440750023343106
​ Received JSON:  {t: "31.74", p: "2.81"}
​ Received JSON:  {t: "31.75", p: "2.82"}
​ Received JSON:  {t: "31.76", p: "2.83"}
​ Received JSON:  {t: "31.76", p: "3.42"}
​ Received JSON:  {t: "31.76", p: "3.71"}
​ Received JSON:  {t: "31.77", p: "3.72"}
​ Received JSON:  {t: "31.77", p: "4.01"}
​ Received JSON:  {t: "31.78", p: "3.44"}
​ Received JSON:  {t: "31.78", p: "2.57"}
​ MAX:
​ 3.5347976773145087
​ Received JSON:  {t: "31.78", p: "2.87"}
​ Received JSON:  {t: "31.79", p: "2.87"}
​ Received JSON:  {t: "31.79", p: "4.33"}
​ Received JSON:  {t: "31.80", p: "4.35"}
​ Received JSON:  {t: "31.81", p: "4.64"}
​ Received JSON:  {t: "31.80", p: "4.64"}
​ Received JSON:  {t: "31.81", p: "5.22"}
​ Received JSON:  {t: "31.82", p: "4.66"}
​ Received JSON:  {t: "31.82", p: "4.95"}
​ Received JSON:  {t: "31.82", p: "4.66"}
​ Received JSON:  {t: "31.83", p: "4.38"}
​ Received JSON:  {t: "31.83", p: "4.09"}
​ Received JSON:  {t: "31.84", p: "4.98"}
​ Received JSON:  {t: "31.83", p: "4.68"}
​ Received JSON:  {t: "31.84", p: "5.28"}
​ Received JSON:  {t: "31.85", p: "5.57"}
​ Received JSON:  {t: "31.85", p: "5.58"}
​ Received JSON:  {t: "31.85", p: "5.58"}
​ Received JSON:  {t: "31.86", p: "5.30"}
​ Received JSON:  {t: "31.86", p: "5.02"}
​ Received JSON:  {t: "31.86", p: "4.43"}
​ Received JSON:  {t: "31.87", p: "4.74"}
​ Received JSON:  {t: "31.88", p: "3.58"}
​ Received JSON:  {t: "31.88", p: "4.17"}
​ Received JSON:  {t: "31.88", p: "4.45"}
​ Received JSON:  {t: "31.89", p: "3.88"}
​ Received JSON:  {t: "31.89", p: "3.59"}
​ Received JSON:  {t: "31.89", p: "3.89"}
​ Received JSON:  {t: "31.89", p: "3.31"}
​ MAX:
​ 5.073776495551547
​ Received JSON:  {t: "31.90", p: "3.04"}
​ Received JSON:  {t: "31.90", p: "2.74"}
​ Received JSON:  {t: "31.91", p: "2.46"}
​ Received JSON:  {t: "31.91", p: "3.04"}
​ Received JSON:  {t: "31.92", p: "3.35"}
​ Received JSON:  {t: "31.92", p: "3.64"}
​ Received JSON:  {t: "31.92", p: "3.06"}
​ Received JSON:  {t: "31.93", p: "3.66"}
​ Received JSON:  {t: "31.93", p: "3.07"}
​ Received JSON:  {t: "31.94", p: "3.09"}
​ Received JSON:  {t: "31.94", p: "3.37"}
​ Received JSON:  {t: "31.94", p: "3.38"}
​ Received JSON:  {t: "31.95", p: "3.97"}
​ Received JSON:  {t: "31.95", p: "4.27"}
​ Received JSON:  {t: "31.95", p: "3.40"}
​ Received JSON:  {t: "31.96", p: "3.12"}
​ Received JSON:  {t: "31.96", p: "3.70"}
​ Received JSON:  {t: "31.97", p: "4.00"}
​ Received JSON:  {t: "31.98", p: "4.30"}
​ Received JSON:  {t: "31.98", p: "3.72"}
​ Received JSON:  {t: "31.98", p: "3.15"}
​ Received JSON:  {t: "31.98", p: "3.43"}
​ Received JSON:  {t: "31.99", p: "3.74"}
​ Received JSON:  {t: "31.99", p: "4.32"}
​ Received JSON:  {t: "32.00", p: "2.88"}
​ Received JSON:  {t: "31.99", p: "3.46"}
​ Received JSON:  {t: "32.01", p: "2.89"}
​ Received JSON:  {t: "32.01", p: "2.31"}
​ Received JSON:  {t: "32.01", p: "2.90"}
​ Received JSON:  {t: "32.01", p: "2.90"}
​ MAX:
​ 3.6948747988219255
​ Received JSON:  {t: "32.02", p: "3.21"}
​ Received JSON:  {t: "32.02", p: "2.04"}
​ Received JSON:  {t: "32.02", p: "2.33"}
​ Received JSON:  {t: "32.02", p: "2.33"}
​ Received JSON:  {t: "32.03", p: "2.06"}
​ Received JSON:  {t: "32.04", p: "2.36"}
​ Received JSON:  {t: "32.05", p: "1.49"}
​ Received JSON:  {t: "32.05", p: "2.95"}
​ Received JSON:  {t: "32.05", p: "2.95"}
​ Received JSON:  {t: "32.05", p: "2.66"}
​ Received JSON:  {t: "32.05", p: "2.66"}
​ Received JSON:  {t: "32.06", p: "3.84"}
​ Received JSON:  {t: "32.06", p: "3.84"}
​ Received JSON:  {t: "32.07", p: "2.98"}
​ Received JSON:  {t: "32.07", p: "1.82"}
​ Received JSON:  {t: "32.08", p: "2.41"}
​ Received JSON:  {t: "32.07", p: "3.27"}
​ Received JSON:  {t: "32.09", p: "3.58"}
​ Received JSON:  {t: "32.09", p: "3.88"}
​ Received JSON:  {t: "32.09", p: "3.58"}
​ Received JSON:  {t: "32.09", p: "3.30"}
​ Received JSON:  {t: "32.10", p: "4.19"}
​ Received JSON:  {t: "32.10", p: "3.02"}
​ Received JSON:  {t: "32.11", p: "3.03"}
​ Received JSON:  {t: "32.11", p: "3.91"}
​ Received JSON:  {t: "32.12", p: "4.21"}
​ Received JSON:  {t: "32.12", p: "3.62"}
​ Received JSON:  {t: "32.12", p: "3.63"}
​ Received JSON:  {t: "32.13", p: "3.35"}
​ Received JSON:  {t: "32.13", p: "3.35"}
​ Received JSON:  {t: "32.13", p: "3.07"}
​ Received JSON:  {t: "32.14", p: "3.07"}
​ Received JSON:  {t: "32.14", p: "3.66"}
​ Received JSON:  {t: "32.14", p: "3.96"}
​ Received JSON:  {t: "32.15", p: "3.09"}
​ Received JSON:  {t: "32.15", p: "2.81"}
​ Received JSON:  {t: "32.15", p: "3.10"}
​ MAX:
​ 3.5761541581304703
​ Received JSON:  {t: "32.16", p: "3.40"}
​ Received JSON:  {t: "32.16", p: "2.24"}
​ Received JSON:  {t: "32.17", p: "3.41"}
​ Received JSON:  {t: "32.17", p: "3.70"}
​ Received JSON:  {t: "32.18", p: "4.58"}
​ Received JSON:  {t: "32.18", p: "4.29"}
​ Received JSON:  {t: "32.18", p: "3.72"}
​ Received JSON:  {t: "32.18", p: "3.72"}
​ Received JSON:  {t: "32.19", p: "3.44"}
​ Received JSON:  {t: "32.19", p: "3.44"}
​ Received JSON:  {t: "32.19", p: "3.15"}
​ Received JSON:  {t: "32.19", p: "2.87"}
​ Received JSON:  {t: "32.21", p: "3.17"}
​ Received JSON:  {t: "32.21", p: "3.18"}
​ Received JSON:  {t: "32.21", p: "3.18"}
​ Received JSON:  {t: "32.21", p: "2.89"}
​ Received JSON:  {t: "32.22", p: "2.02"}
​ Received JSON:  {t: "32.22", p: "2.90"}
​ Received JSON:  {t: "32.23", p: "4.08"}
​ MAX:
​ 3.6250397800599914
​ Received JSON:  {t: "32.23", p: "4.66"}
​ Received JSON:  {t: "32.24", p: "4.96"}
​ Received JSON:  {t: "32.24", p: "5.25"}
​ Received JSON:  {t: "32.25", p: "6.43"}
​ Received JSON:  {t: "32.24", p: "5.84"}
​ Received JSON:  {t: "32.25", p: "6.72"}
​ Received JSON:  {t: "32.25", p: "6.14"}
​ Received JSON:  {t: "32.25", p: "4.98"}
​ Received JSON:  {t: "32.26", p: "4.99"}
​ Received JSON:  {t: "32.26", p: "5.00"}
​ Received JSON:  {t: "32.26", p: "5.00"}
​ Received JSON:  {t: "32.27", p: "5.01"}
​ Received JSON:  {t: "32.27", p: "5.01"}
​ Received JSON:  {t: "32.27", p: "4.14"}
​ Received JSON:  {t: "32.28", p: "3.85"}
​ Received JSON:  {t: "32.28", p: "3.86"}
​ Received JSON:  {t: "32.29", p: "4.16"}
​ Received JSON:  {t: "32.29", p: "4.16"}
​ Received JSON:  {t: "32.29", p: "3.59"}
​ MAX:
​ 5.4934326138875065
​ Received JSON:  {t: "32.30", p: "3.89"}
​ Received JSON:  {t: "32.30", p: "3.02"}
​ Received JSON:  {t: "32.31", p: "3.02"}
​ Received JSON:  {t: "32.31", p: "3.32"}
​ Received JSON:  {t: "32.32", p: "3.32"}
​ Received JSON:  {t: "32.32", p: "3.04"}
​ Received JSON:  {t: "32.32", p: "2.46"}
​ Received JSON:  {t: "32.32", p: "2.46"}
​ Received JSON:  {t: "32.33", p: "3.05"}
​ Received JSON:  {t: "32.33", p: "2.77"}
​ Received JSON:  {t: "32.34", p: "2.19"}
​ Received JSON:  {t: "32.34", p: "3.06"}
​ Received JSON:  {t: "32.34", p: "3.08"}
​ Received JSON:  {t: "32.34", p: "3.66"}
​ Received JSON:  {t: "32.35", p: "3.08"}
​ Received JSON:  {t: "32.35", p: "3.09"}
​ Received JSON:  {t: "32.36", p: "3.68"}
​ Received JSON:  {t: "32.36", p: "2.52"}
​ Received JSON:  {t: "32.36", p: "2.22"}
​ Received JSON:  {t: "32.37", p: "2.82"}
​ Received JSON:  {t: "32.36", p: "2.52"}
​ Received JSON:  {t: "32.38", p: "3.71"}
​ Received JSON:  {t: "32.38", p: "3.71"}
​ Received JSON:  {t: "32.38", p: "2.54"}
​ Received JSON:  {t: "32.38", p: "3.13"}
​ Received JSON:  {t: "32.38", p: "4.00"}
​ Received JSON:  {t: "32.39", p: "3.72"}
​ Received JSON:  {t: "32.40", p: "3.16"}
​ MAX:
​ 3.011951860024236
​ Received JSON:  {t: "32.40", p: "3.16"}
​ Received JSON:  {t: "32.40", p: "3.74"}
​ Received JSON:  {t: "32.41", p: "3.16"}
​ Received JSON:  {t: "32.42", p: "3.18"}
​ Received JSON:  {t: "32.42", p: "3.76"}
​ Received JSON:  {t: "32.42", p: "2.88"}
​ Received JSON:  {t: "32.42", p: "2.89"}
​ Received JSON:  {t: "32.42", p: "3.76"}
​ Received JSON:  {t: "32.43", p: "4.07"}
​ Received JSON:  {t: "32.43", p: "4.95"}
​ Received JSON:  {t: "32.43", p: "4.66"}
​ Received JSON:  {t: "32.44", p: "5.54"}
​ Received JSON:  {t: "32.44", p: "5.25"}
​ Received JSON:  {t: "32.45", p: "4.97"}
​ Received JSON:  {t: "32.45", p: "4.39"}
​ Received JSON:  {t: "32.46", p: "4.98"}
​ Received JSON:  {t: "32.46", p: "4.69"}
​ Received JSON:  {t: "32.46", p: "4.40"}
​ Received JSON:  {t: "32.46", p: "4.12"}
​ Received JSON:  {t: "32.46", p: "4.70"}
​ Received JSON:  {t: "32.47", p: "3.84"}
​ Received JSON:  {t: "32.47", p: "4.42"}
​ Received JSON:  {t: "32.47", p: "4.71"}
​ Received JSON:  {t: "32.48", p: "4.14"}
​ Received JSON:  {t: "32.48", p: "4.14"}
index.html:217 Received JSON:  {t: "32.49", p: "4.45"}
index.html:217 Received JSON:  {t: "32.49", p: "4.16"}
index.html:191 MAX:
index.html:192 4.740271312140462
index.html:217 Received JSON:  {t: "32.50", p: "3.88"}
index.html:217 Received JSON:  {t: "32.50", p: "3.88"}
index.html:217 Received JSON:  {t: "32.50", p: "4.47"}
index.html:217 Received JSON:  {t: "32.50", p: "3.59"}
index.html:217 Received JSON:  {t: "32.51", p: "3.89"}
index.html:217 Received JSON:  {t: "32.51", p: "4.19"}
index.html:217 Received JSON:  {t: "32.51", p: "4.19"}
index.html:217 Received JSON:  {t: "32.52", p: "4.19"}
index.html:217 Received JSON:  {t: "32.52", p: "4.20"}
index.html:217 Received JSON:  {t: "32.53", p: "4.21"}
index.html:217 Received JSON:  {t: "32.54", p: "4.80"}
index.html:217 Received JSON:  {t: "32.54", p: "4.51"}
index.html:217 Received JSON:  {t: "32.54", p: "5.38"}
index.html:217 Received JSON:  {t: "32.53", p: "4.79"}
index.html:217 Received JSON:  {t: "32.54", p: "4.23"}
index.html:217 Received JSON:  {t: "32.55", p: "4.24"}
index.html:217 Received JSON:  {t: "32.55", p: "5.41"}
index.html:217 Received JSON:  {t: "32.55", p: "4.53"}
index.html:217 Received JSON:  {t: "32.56", p: "4.84"}
index.html:217 Received JSON:  {t: "32.56", p: "4.55"}
index.html:217 Received JSON:  {t: "32.56", p: "4.55"}
index.html:217 Received JSON:  {t: "32.57", p: "4.26"}
index.html:217 Received JSON:  {t: "32.57", p: "4.27"}
index.html:217 Received JSON:  {t: "32.58", p: "4.57"}
index.html:217 Received JSON:  {t: "32.58", p: "4.27"}
index.html:217 Received JSON:  {t: "32.58", p: "4.57"}
index.html:217 Received JSON:  {t: "32.59", p: "4.88"}
index.html:217 Received JSON:  {t: "32.59", p: "4.00"}
index.html:191 MAX:
index.html:192 4.671163377232355
index.html:217 Received JSON:  {t: "32.59", p: "4.88"}
index.html:217 Received JSON:  {t: "32.59", p: "4.31"}
index.html:217 Received JSON:  {t: "32.60", p: "3.73"}
index.html:217 Received JSON:  {t: "32.60", p: "3.73"}
index.html:217 Received JSON:  {t: "32.61", p: "4.03"}
index.html:217 Received JSON:  {t: "32.61", p: "3.74"}
index.html:217 Received JSON:  {t: "32.62", p: "2.87"}
index.html:217 Received JSON:  {t: "32.62", p: "3.17"}
index.html:217 Received JSON:  {t: "32.62", p: "2.59"}
index.html:217 Received JSON:  {t: "32.63", p: "3.18"}
index.html:217 Received JSON:  {t: "32.63", p: "4.06"}
index.html:217 Received JSON:  {t: "32.63", p: "3.77"}
index.html:217 Received JSON:  {t: "32.64", p: "3.49"}
index.html:217 Received JSON:  {t: "32.64", p: "4.65"}
index.html:217 Received JSON:  {t: "32.64", p: "4.94"}
index.html:217 Received JSON:  {t: "32.65", p: "4.67"}
index.html:217 Received JSON:  {t: "32.65", p: "5.25"}
index.html:217 Received JSON:  {t: "32.66", p: "4.68"}
index.html:217 Received JSON:  {t: "32.65", p: "4.67"}
index.html:217 Received JSON:  {t: "32.66", p: "5.27"}
index.html:217 Received JSON:  {t: "32.66", p: "4.68"}
index.html:217 Received JSON:  {t: "32.66", p: "5.27"}
index.html:217 Received JSON:  {t: "32.67", p: "4.70"}
index.html:217 Received JSON:  {t: "32.67", p: "3.82"}
index.html:217 Received JSON:  {t: "32.67", p: "4.41"}
index.html:217 Received JSON:  {t: "32.68", p: "4.13"}
index.html:217 Received JSON:  {t: "32.68", p: "4.42"}
index.html:217 Received JSON:  {t: "32.68", p: "4.72"}
index.html:217 Received JSON:  {t: "32.69", p: "4.44"}
index.html:217 Received JSON:  {t: "32.69", p: "5.02"}
index.html:217 Received JSON:  {t: "32.69", p: "4.44"}
index.html:217 Received JSON:  {t: "32.69", p: "3.28"}
index.html:191 MAX:
index.html:192 4.767933282627332
index.html:217 Received JSON:  {t: "32.69", p: "4.15"}
index.html:217 Received JSON:  {t: "32.70", p: "4.75"}
index.html:217 Received JSON:  {t: "32.71", p: "4.18"}
index.html:217 Received JSON:  {t: "32.71", p: "3.88"}
index.html:217 Received JSON:  {t: "32.72", p: "4.18"}
index.html:217 Received JSON:  {t: "32.72", p: "3.89"}
index.html:217 Received JSON:  {t: "32.72", p: "3.31"}
index.html:217 Received JSON:  {t: "32.72", p: "3.32"}
index.html:217 Received JSON:  {t: "32.72", p: "3.02"}
index.html:217 Received JSON:  {t: "32.73", p: "2.74"}
index.html:217 Received JSON:  {t: "32.73", p: "3.32"}
index.html:217 Received JSON:  {t: "32.74", p: "3.04"}
index.html:217 Received JSON:  {t: "32.74", p: "3.63"}
index.html:217 Received JSON:  {t: "32.74", p: "3.35"}
index.html:217 Received JSON:  {t: "32.75", p: "3.94"}
index.html:217 Received JSON:  {t: "32.75", p: "4.22"}
index.html:217 Received JSON:  {t: "32.75", p: "4.82"}
​ Received JSON:  {t: "32.76", p: "4.25"}
​ Received JSON:  {t: "32.76", p: "4.83"}
​ Received JSON:  {t: "32.76", p: "5.11"}
​ Received JSON:  {t: "32.77", p: "4.54"}
​ Received JSON:  {t: "32.77", p: "5.13"}
​ Received JSON:  {t: "32.77", p: "4.55"}
​ Received JSON:  {t: "32.77", p: "5.12"}
​ Received JSON:  {t: "32.78", p: "5.15"}
​ Received JSON:  {t: "32.79", p: "4.87"}
​ Received JSON:  {t: "32.79", p: "4.29"}
​ Received JSON:  {t: "32.79", p: "4.58"}
​ Received JSON:  {t: "32.79", p: "4.87"}
​ Received JSON:  {t: "32.79", p: "4.87"}
​ Received JSON:  {t: "32.79", p: "4.59"}
​ Received JSON:  {t: "32.80", p: "4.01"}
​ Received JSON:  {t: "32.81", p: "4.89"}
​ Received JSON:  {t: "32.81", p: "4.61"}
​ Received JSON:  {t: "32.81", p: "4.61"}
​ Received JSON:  {t: "32.81", p: "4.90"}
​ MAX:
​ 4.8135445406841635
​ Received JSON:  {t: "32.82", p: "4.61"}
​ Received JSON:  {t: "32.82", p: "4.91"}
​ Received JSON:  {t: "32.82", p: "4.61"}
​ Received JSON:  {t: "32.82", p: "4.62"}
​ Received JSON:  {t: "32.83", p: "4.64"}
​ Received JSON:  {t: "32.84", p: "4.06"}
​ Received JSON:  {t: "32.84", p: "3.77"}
​ Received JSON:  {t: "32.84", p: "4.94"}
​ Received JSON:  {t: "32.84", p: "4.94"}
​ Received JSON:  {t: "32.84", p: "4.65"}
​ Received JSON:  {t: "32.84", p: "4.65"}
​ MAX:
​ 4.651424564472406
​ Received JSON:  {t: "32.86", p: "4.38"}
​ Received JSON:  {t: "32.86", p: "3.80"}
​ Received JSON:  {t: "32.85", p: "3.21"}
​ Received JSON:  {t: "32.86", p: "3.80"}
​ Received JSON:  {t: "32.86", p: "4.10"}
​ Received JSON:  {t: "32.86", p: "4.10"}
​ Received JSON:  {t: "32.87", p: "4.11"}
​ Received JSON:  {t: "32.88", p: "4.12"}
​ Received JSON:  {t: "32.88", p: "4.71"}
​ Received JSON:  {t: "32.88", p: "5.00"}
​ Received JSON:  {t: "32.88", p: "5.28"}
​ Received JSON:  {t: "32.89", p: "5.30"}
​ Received JSON:  {t: "32.89", p: "5.60"}
​ Received JSON:  {t: "32.89", p: "4.43"}
​ Received JSON:  {t: "32.89", p: "5.31"}
​ Received JSON:  {t: "32.90", p: "5.61"}
​ Received JSON:  {t: "32.90", p: "4.74"}
​ Received JSON:  {t: "32.90", p: "5.32"}
​ Received JSON:  {t: "32.91", p: "5.62"}
​ Received JSON:  {t: "32.92", p: "4.76"}
​ Received JSON:  {t: "32.92", p: "5.05"}
​ Received JSON:  {t: "32.92", p: "5.92"}
​ Received JSON:  {t: "32.92", p: "5.06"}
​ Received JSON:  {t: "32.92", p: "5.35"}
​ Received JSON:  {t: "32.93", p: "5.07"}
​ Received JSON:  {t: "32.93", p: "5.07"}
​ Received JSON:  {t: "32.94", p: "5.37"}
​ Received JSON:  {t: "32.94", p: "4.50"}
​ Received JSON:  {t: "32.94", p: "4.21"}
​ Received JSON:  {t: "32.94", p: "4.21"}
​ Received JSON:  {t: "32.95", p: "4.51"}
​ Received JSON:  {t: "32.95", p: "3.92"}
​ MAX:
​ 5.228606691077587
​ Received JSON:  {t: "32.95", p: "3.92"}
​ Received JSON:  {t: "32.95", p: "2.48"}
​ Received JSON:  {t: "32.96", p: "3.94"}
​ Received JSON:  {t: "32.96", p: "3.95"}
​ Received JSON:  {t: "32.97", p: "3.37"}
​ Received JSON:  {t: "32.98", p: "3.67"}
​ Received JSON:  {t: "32.97", p: "4.25"}
​ Received JSON:  {t: "32.98", p: "3.67"}
​ Received JSON:  {t: "32.98", p: "3.38"}
​ Received JSON:  {t: "32.98", p: "3.98"}
​ Received JSON:  {t: "32.98", p: "4.27"}
​ Received JSON:  {t: "32.99", p: "4.57"}
​ Received JSON:  {t: "32.99", p: "4.28"}
​ Received JSON:  {t: "32.99", p: "4.28"}
​ Received JSON:  {t: "32.99", p: "4.87"}
​ Received JSON:  {t: "33.00", p: "4.59"}
​ Received JSON:  {t: "33.01", p: "4.59"}
​ Received JSON:  {t: "33.01", p: "4.59"}
​ Received JSON:  {t: "33.01", p: "4.89"}
​ Received JSON:  {t: "33.01", p: "4.89"}
​ Received JSON:  {t: "33.02", p: "5.19"}
index.html:217 Received JSON:  {t: "33.02", p: "5.19"}
index.html:217 Received JSON:  {t: "33.02", p: "4.62"}
index.html:217 Received JSON:  {t: "33.03", p: "4.63"}
index.html:217 Received JSON:  {t: "33.03", p: "4.92"}
index.html:217 Received JSON:  {t: "33.04", p: "5.80"}
index.html:217 Received JSON:  {t: "33.03", p: "6.09"}
index.html:217 Received JSON:  {t: "33.04", p: "5.22"}
index.html:217 Received JSON:  {t: "33.04", p: "4.64"}
index.html:217 Received JSON:  {t: "33.04", p: "4.64"}
index.html:217 Received JSON:  {t: "33.05", p: "4.65"}
index.html:217 Received JSON:  {t: "33.06", p: "4.95"}
index.html:217 Received JSON:  {t: "33.06", p: "4.96"}
index.html:217 Received JSON:  {t: "33.06", p: "5.54"}
index.html:217 Received JSON:  {t: "33.06", p: "5.54"}
index.html:217 Received JSON:  {t: "33.06", p: "4.38"}
index.html:217 Received JSON:  {t: "33.06", p: "4.67"}
index.html:217 Received JSON:  {t: "33.07", p: "4.39"}
index.html:217 Received JSON:  {t: "33.07", p: "4.10"}
index.html:191 MAX:
index.html:192 5.110698024776744
index.html:217 Received JSON:  {t: "33.07", p: "3.81"}
index.html:217 Received JSON:  {t: "33.08", p: "4.70"}
index.html:217 Received JSON:  {t: "33.08", p: "4.12"}
index.html:217 Received JSON:  {t: "33.08", p: "3.52"}
index.html:217 Received JSON:  {t: "33.09", p: "3.54"}
index.html:217 Received JSON:  {t: "33.09", p: "4.12"}
index.html:217 Received JSON:  {t: "33.09", p: "3.84"}
index.html:217 Received JSON:  {t: "33.09", p: "3.84"}
index.html:217 Received JSON:  {t: "33.10", p: "5.02"}
index.html:217 Received JSON:  {t: "33.10", p: "5.02"}
index.html:217 Received JSON:  {t: "33.11", p: "5.32"}
index.html:217 Received JSON:  {t: "33.11", p: "5.61"}
index.html:217 Received JSON:  {t: "33.11", p: "5.03"}
index.html:217 Received JSON:  {t: "33.11", p: "5.91"}
index.html:217 Received JSON:  {t: "33.12", p: "5.62"}
index.html:217 Received JSON:  {t: "33.12", p: "5.62"}
index.html:217 Received JSON:  {t: "33.13", p: "5.64"}
index.html:217 Received JSON:  {t: "33.13", p: "4.76"}
index.html:217 Received JSON:  {t: "33.13", p: "5.05"}
index.html:217 Received JSON:  {t: "33.14", p: "4.77"}
index.html:217 Received JSON:  {t: "33.14", p: "4.79"}
index.html:217 Received JSON:  {t: "33.14", p: "4.49"}
index.html:217 Received JSON:  {t: "33.14", p: "4.79"}
index.html:217 Received JSON:  {t: "33.15", p: "5.67"}
index.html:217 Received JSON:  {t: "33.15", p: "5.38"}
index.html:217 Received JSON:  {t: "33.15", p: "4.22"}
index.html:217 Received JSON:  {t: "33.16", p: "4.51"}
index.html:191 MAX:
index.html:192 5.318325899337828
index.html:217 Received JSON:  {t: "33.16", p: "4.51"}
index.html:217 Received JSON:  {t: "33.16", p: "3.65"}
index.html:217 Received JSON:  {t: "33.16", p: "3.65"}
index.html:217 Received JSON:  {t: "33.17", p: "3.37"}
index.html:217 Received JSON:  {t: "33.17", p: "2.78"}
index.html:217 Received JSON:  {t: "33.17", p: "3.07"}
index.html:217 Received JSON:  {t: "33.18", p: "3.38"}
index.html:217 Received JSON:  {t: "33.18", p: "3.08"}
index.html:217 Received JSON:  {t: "33.18", p: "3.39"}
index.html:217 Received JSON:  {t: "33.18", p: "3.09"}
index.html:217 Received JSON:  {t: "33.19", p: "2.81"}
index.html:217 Received JSON:  {t: "33.19", p: "3.11"}
index.html:217 Received JSON:  {t: "33.19", p: "3.40"}
index.html:217 Received JSON:  {t: "33.19", p: "4.56"}
index.html:217 Received JSON:  {t: "33.20", p: "4.58"}
index.html:217 Received JSON:  {t: "33.21", p: "4.58"}
index.html:217 Received JSON:  {t: "33.20", p: "4.58"}
index.html:217 Received JSON:  {t: "33.21", p: "4.88"}
index.html:217 Received JSON:  {t: "33.21", p: "4.59"}
index.html:217 Received JSON:  {t: "33.21", p: "5.17"}
index.html:217 Received JSON:  {t: "33.22", p: "4.89"}
index.html:217 Received JSON:  {t: "33.22", p: "4.31"}
index.html:217 Received JSON:  {t: "33.22", p: "4.61"}
index.html:217 Received JSON:  {t: "33.23", p: "5.20"}
index.html:217 Received JSON:  {t: "33.23", p: "4.32"}
index.html:217 Received JSON:  {t: "33.23", p: "4.32"}
index.html:217 Received JSON:  {t: "33.24", p: "5.21"}
index.html:217 Received JSON:  {t: "33.24", p: "4.34"}
index.html:217 Received JSON:  {t: "33.24", p: "4.63"}
index.html:217 Received JSON:  {t: "33.25", p: "4.64"}
index.html:217 Received JSON:  {t: "33.25", p: "4.06"}
index.html:217 Received JSON:  {t: "33.25", p: "4.35"}
index.html:217 Received JSON:  {t: "33.25", p: "4.36"}
index.html:217 Received JSON:  {t: "33.25", p: "3.49"}
index.html:191 MAX:
index.html:192 4.711479956412078
index.html:217 Received JSON:  {t: "33.26", p: "4.37"}
index.html:217 Received JSON:  {t: "33.27", p: "4.38"}
index.html:217 Received JSON:  {t: "33.27", p: "4.09"}
index.html:217 Received JSON:  {t: "33.28", p: "4.69"}
index.html:217 Received JSON:  {t: "-531.03", p: "-20997.19"}
index.html:217 Received JSON:  {t: "-531.03", p: "15394.13"}
index.html:217 Received JSON:  {t: "-531.03", p: "15394.13"}
index.html:191 MAX:
index.html:192 13.708152684859979
index.html:198 Respiratory rate:
index.html:199 28
index.html:217 Received JSON:  {t: "-531.03", p: "15394.13"}
index.html:217 Received JSON:  {t: "33.29", p: "-9333.18"}
index.html:217 Received JSON:  {t: "-531.03", p: "-21011.34"}
index.html:217 Received JSON:  {t: "-531.03", p: "15394.13"}
index.html:217 Received JSON:  {t: "-531.03", p: "15394.13"}
index.html:217 Received JSON:  {t: "-531.03", p: "-1386.82"}
index.html:217 Received JSON:  {t: "-531.03", p: "15394.13"}
index.html:217 Received JSON:  {t: "-531.03", p: "15394.13"}
index.html:217 Received JSON:  {t: "-531.03", p: "15394.13"}
index.html:217 Received JSON:  {t: "-531.03", p: "15394.13"}
index.html:217 Received JSON:  {t: "-531.03", p: "15394.13"}
index.html:217 Received JSON:  {t: "-531.03", p: "15394.13"}
index.html:217 Received JSON:  {t: "-531.03", p: "15394.13"}
index.html:217 Received JSON:  {t: "-531.03", p: "15394.13"}
index.html:217 Received JSON:  {t: "-531.03", p: "15394.13"}
index.html:217 Received JSON:  {t: "-531.03", p: "15394.13"}
index.html:217 Received JSON:  {t: "-531.03", p: "15394.13"}
index.html:217 Received JSON:  {t: "-531.03", p: "15394.13"}
index.html:217 Received JSON:  {t: "-531.03", p: "15394.13"}
index.html:217 Received JSON:  {t: "-531.03", p: "15394.13"}
index.html:217 Received JSON:  {t: "-531.03", p: "15394.13"}
index.html:217 Received JSON:  {t: "-531.03", p: "15394.13"}
index.html:217 Received JSON:  {t: "-531.03", p: "15394.13"}
index.html:217 Received JSON:  {t: "-531.03", p: "15394.13"}
index.html:217 Received JSON:  {t: "-531.03", p: "15394.13"}
index.html:217 Received JSON:  {t: "-531.03", p: "15394.13"}
index.html:217 Received JSON:  {t: "-531.03", p: "15394.13"}
index.html:217 Received JSON:  {t: "-531.03", p: "15394.13"}
