index.html:314 The specified value "age here" cannot be parsed, or is out of range.
index.html:238 
puck.js:392 <BLE> Device Name:       MDBT42Q 4b36
puck.js:392 <BLE> Device ID:         OqNoXpkWo8+JnrnwFhZKQw==
puck.js:392 <BLE> Connected
index.html:227 Received:  >
index.html:228 SyntaxError: Unexpected token > in JSON at position 0
    at JSON.parse (<anonymous>)
    at onLine (index.html:216)
    at Object.ondata (index.html:253)
    at Object.emit (puck.js:131)
    at BluetoothRemoteGATTCharacteristic.<anonymous> (puck.js:262)
index.html:217 Received JSON:  {t: "26.40", p: "0.34"}
index.html:217 Received JSON:  {t: "26.40", p: "-0.47"}
index.html:217 Received JSON:  {t: "26.41", p: "0.35"}
index.html:217 Received JSON:  {t: "26.42", p: "-0.19"}
index.html:217 Received JSON:  {t: "26.42", p: "-0.45"}
index.html:217 Received JSON:  {t: "26.43", p: "-0.72"}
index.html:217 Received JSON:  {t: "26.43", p: "-0.71"}
index.html:217 Received JSON:  {t: "26.43", p: "-0.17"}
index.html:217 Received JSON:  {t: "26.44", p: "-0.43"}
index.html:174 MAX:
index.html:175 0.005287530840945292
puck.js:392 <BLE> ERROR: NotFoundError: User cancelled the requestDevice() chooser.
index.html:217 Received JSON:  {t: "26.45", p: "-0.69"}
index.html:217 Received JSON:  {t: "26.45", p: "-0.43"}
index.html:217 Received JSON:  {t: "26.45", p: "-0.43"}
index.html:217 Received JSON:  {t: "26.46", p: "0.12"}
index.html:217 Received JSON:  {t: "26.47", p: "-0.68"}
index.html:217 Received JSON:  {t: "26.47", p: "-0.94"}
index.html:217 Received JSON:  {t: "26.48", p: "-0.39"}
index.html:217 Received JSON:  {t: "26.48", p: "-1.21"}
index.html:217 Received JSON:  {t: "26.49", p: "-0.39"}
index.html:217 Received JSON:  {t: "26.50", p: "-0.38"}
index.html:217 Received JSON:  {t: "26.49", p: "0.16"}
index.html:217 Received JSON:  {t: "26.51", p: "-0.09"}
index.html:217 Received JSON:  {t: "26.51", p: "-0.09"}
index.html:217 Received JSON:  {t: "26.51", p: "0.71"}
index.html:217 Received JSON:  {t: "26.52", p: "1.80"}
index.html:217 Received JSON:  {t: "26.53", p: "2.35"}
index.html:217 Received JSON:  {t: "26.53", p: "2.07"}
index.html:217 Received JSON:  {t: "26.54", p: "1.54"}
index.html:217 Received JSON:  {t: "26.55", p: "1.28"}
index.html:217 Received JSON:  {t: "26.55", p: "1.28"}
index.html:217 Received JSON:  {t: "26.55", p: "1.29"}
index.html:217 Received JSON:  {t: "26.56", p: "0.76"}
index.html:217 Received JSON:  {t: "26.56", p: "1.30"}
index.html:217 Received JSON:  {t: "26.58", p: "1.31"}
index.html:217 Received JSON:  {t: "26.58", p: "1.04"}
index.html:217 Received JSON:  {t: "26.58", p: "1.04"}
index.html:217 Received JSON:  {t: "26.59", p: "0.52"}
index.html:217 Received JSON:  {t: "26.59", p: "0.79"}
index.html:217 Received JSON:  {t: "26.60", p: "1.06"}
index.html:217 Received JSON:  {t: "26.61", p: "0.80"}
index.html:217 Received JSON:  {t: "26.61", p: "1.07"}
index.html:191 MAX:
index.html:192 1.3685620507540335
index.html:217 Received JSON:  {t: "26.62", p: "0.27"}
index.html:217 Received JSON:  {t: "26.62", p: "0.27"}
index.html:217 Received JSON:  {t: "26.63", p: "0.55"}
index.html:217 Received JSON:  {t: "26.63", p: "0.55"}
index.html:217 Received JSON:  {t: "26.64", p: "0.02"}
index.html:217 Received JSON:  {t: "26.64", p: "-0.25"}
index.html:217 Received JSON:  {t: "26.64", p: "0.29"}
index.html:217 Received JSON:  {t: "26.66", p: "0.30"}
index.html:217 Received JSON:  {t: "26.66", p: "-0.78"}
index.html:217 Received JSON:  {t: "26.67", p: "-0.77"}
index.html:217 Received JSON:  {t: "26.67", p: "-1.58"}
index.html:217 Received JSON:  {t: "26.68", p: "-1.84"}
index.html:217 Received JSON:  {t: "26.69", p: "-2.09"}
index.html:217 Received JSON:  {t: "26.69", p: "-2.09"}
index.html:217 Received JSON:  {t: "26.69", p: "-2.09"}
index.html:217 Received JSON:  {t: "26.70", p: "-1.83"}
index.html:217 Received JSON:  {t: "26.71", p: "-2.09"}
index.html:217 Received JSON:  {t: "26.72", p: "-1.54"}
index.html:217 Received JSON:  {t: "26.72", p: "-1.26"}
index.html:217 Received JSON:  {t: "26.72", p: "-0.72"}
index.html:217 Received JSON:  {t: "26.73", p: "-1.25"}
index.html:217 Received JSON:  {t: "26.74", p: "-0.71"}
index.html:217 Received JSON:  {t: "26.75", p: "-0.43"}
index.html:217 Received JSON:  {t: "26.75", p: "-0.69"}
index.html:217 Received JSON:  {t: "26.76", p: "-0.96"}
index.html:217 Received JSON:  {t: "26.76", p: "-0.96"}
index.html:217 Received JSON:  {t: "26.77", p: "-0.95"}
index.html:217 Received JSON:  {t: "26.77", p: "-0.41"}
index.html:217 Received JSON:  {t: "26.78", p: "-0.67"}
index.html:217 Received JSON:  {t: "26.78", p: "-0.39"}
index.html:217 Received JSON:  {t: "26.79", p: "0.69"}
index.html:217 Received JSON:  {t: "26.79", p: "1.77"}
index.html:217 Received JSON:  {t: "26.80", p: "1.24"}
index.html:217 Received JSON:  {t: "26.81", p: "1.79"}
index.html:217 Received JSON:  {t: "26.81", p: "1.52"}
index.html:217 Received JSON:  {t: "26.82", p: "1.80"}
index.html:217 Received JSON:  {t: "26.83", p: "2.07"}
index.html:217 Received JSON:  {t: "26.83", p: "1.27"}
index.html:217 Received JSON:  {t: "26.84", p: "1.01"}
index.html:217 Received JSON:  {t: "26.84", p: "1.01"}
index.html:217 Received JSON:  {t: "26.85", p: "1.56"}
index.html:217 Received JSON:  {t: "26.85", p: "1.56"}
index.html:217 Received JSON:  {t: "26.86", p: "1.03"}
index.html:217 Received JSON:  {t: "26.87", p: "0.76"}
index.html:217 Received JSON:  {t: "26.88", p: "0.77"}
index.html:217 Received JSON:  {t: "26.88", p: "0.77"}
index.html:217 Received JSON:  {t: "26.89", p: "0.78"}
index.html:217 Received JSON:  {t: "26.89", p: "1.06"}
index.html:217 Received JSON:  {t: "26.89", p: "0.25"}
index.html:217 Received JSON:  {t: "26.91", p: "0.26"}
index.html:191 MAX:
index.html:192 1.4221280604640367
index.html:217 Received JSON:  {t: "26.91", p: "0.53"}
index.html:217 Received JSON:  {t: "26.92", p: "0.81"}
index.html:217 Received JSON:  {t: "26.92", p: "0.81"}
index.html:217 Received JSON:  {t: "26.92", p: "0.54"}
index.html:217 Received JSON:  {t: "26.94", p: "0.28"}
index.html:217 Received JSON:  {t: "26.95", p: "-1.33"}
index.html:217 Received JSON:  {t: "26.95", p: "-5.66"}
index.html:217 Received JSON:  {t: "26.96", p: "-9.44"}
index.html:217 Received JSON:  {t: "26.96", p: "-9.17"}
index.html:217 Received JSON:  {t: "26.97", p: "-8.62"}
index.html:217 Received JSON:  {t: "26.97", p: "-9.69"}
index.html:217 Received JSON:  {t: "26.97", p: "-9.69"}
index.html:217 Received JSON:  {t: "26.99", p: "-10.76"}
index.html:217 Received JSON:  {t: "26.99", p: "-11.29"}
index.html:217 Received JSON:  {t: "26.99", p: "-12.38"}
index.html:217 Received JSON:  {t: "26.99", p: "-12.11"}
index.html:217 Received JSON:  {t: "27.01", p: "-11.56"}
index.html:217 Received JSON:  {t: "27.02", p: "-10.74"}
index.html:217 Received JSON:  {t: "27.02", p: "-9.38"}
index.html:217 Received JSON:  {t: "27.02", p: "-9.65"}
index.html:217 Received JSON:  {t: "27.04", p: "-9.37"}
index.html:217 Received JSON:  {t: "27.04", p: "-9.64"}
index.html:217 Received JSON:  {t: "27.05", p: "-7.46"}
index.html:217 Received JSON:  {t: "27.06", p: "-5.83"}
index.html:217 Received JSON:  {t: "27.05", p: "-3.94"}
index.html:217 Received JSON:  {t: "27.07", p: "-2.58"}
index.html:217 Received JSON:  {t: "27.07", p: "-0.41"}
index.html:217 Received JSON:  {t: "27.08", p: "0.68"}
index.html:217 Received JSON:  {t: "27.08", p: "8.53"}
index.html:217 Received JSON:  {t: "27.09", p: "10.70"}
index.html:217 Received JSON:  {t: "27.09", p: "9.89"}
index.html:217 Received JSON:  {t: "27.10", p: "7.74"}
index.html:217 Received JSON:  {t: "27.11", p: "7.20"}
index.html:217 Received JSON:  {t: "27.11", p: "7.21"}
index.html:217 Received JSON:  {t: "27.12", p: "7.49"}
index.html:217 Received JSON:  {t: "27.13", p: "6.95"}
index.html:217 Received JSON:  {t: "27.13", p: "6.15"}
index.html:217 Received JSON:  {t: "27.14", p: "5.61"}
index.html:217 Received JSON:  {t: "27.14", p: "5.61"}
index.html:217 Received JSON:  {t: "27.15", p: "5.35"}
index.html:217 Received JSON:  {t: "27.16", p: "5.63"}
index.html:217 Received JSON:  {t: "27.16", p: "5.09"}
index.html:217 Received JSON:  {t: "27.17", p: "4.82"}
index.html:217 Received JSON:  {t: "27.18", p: "5.10"}
index.html:217 Received JSON:  {t: "27.18", p: "4.02"}
index.html:217 Received JSON:  {t: "27.19", p: "4.30"}
index.html:191 MAX:
index.html:192 7.080372244439248
index.html:217 Received JSON:  {t: "27.20", p: "3.50"}
index.html:217 Received JSON:  {t: "27.20", p: "2.69"}
index.html:217 Received JSON:  {t: "27.21", p: "2.42"}
index.html:217 Received JSON:  {t: "27.21", p: "1.89"}
index.html:217 Received JSON:  {t: "27.22", p: "1.35"}
index.html:217 Received JSON:  {t: "27.23", p: "1.36"}
index.html:217 Received JSON:  {t: "27.24", p: "1.10"}
index.html:217 Received JSON:  {t: "27.24", p: "1.37"}
index.html:217 Received JSON:  {t: "27.25", p: "0.56"}
index.html:217 Received JSON:  {t: "27.25", p: "1.11"}
index.html:217 Received JSON:  {t: "27.26", p: "0.30"}
index.html:217 Received JSON:  {t: "27.27", p: "0.58"}
index.html:217 Received JSON:  {t: "27.27", p: "0.32"}
index.html:217 Received JSON:  {t: "27.28", p: "0.32"}
index.html:217 Received JSON:  {t: "27.29", p: "-0.76"}
index.html:217 Received JSON:  {t: "27.29", p: "-0.21"}
index.html:217 Received JSON:  {t: "27.30", p: "-0.19"}
index.html:217 Received JSON:  {t: "27.31", p: "0.62"}
index.html:217 Received JSON:  {t: "27.31", p: "0.08"}
index.html:217 Received JSON:  {t: "27.33", p: "-0.45"}
index.html:217 Received JSON:  {t: "27.33", p: "-0.17"}
index.html:217 Received JSON:  {t: "27.33", p: "-1.25"}
index.html:217 Received JSON:  {t: "27.33", p: "-0.44"}
index.html:217 Received JSON:  {t: "27.34", p: "-0.43"}
index.html:217 Received JSON:  {t: "27.35", p: "-0.15"}
index.html:217 Received JSON:  {t: "27.35", p: "-0.15"}
index.html:217 Received JSON:  {t: "27.37", p: "-0.41"}
index.html:217 Received JSON:  {t: "27.36", p: "-0.96"}
index.html:217 Received JSON:  {t: "27.38", p: "-0.39"}
index.html:217 Received JSON:  {t: "27.38", p: "-1.21"}
index.html:217 Received JSON:  {t: "27.39", p: "-0.66"}
index.html:217 Received JSON:  {t: "27.39", p: "-0.93"}
index.html:217 Received JSON:  {t: "27.41", p: "-0.92"}
index.html:217 Received JSON:  {t: "27.41", p: "-0.64"}
index.html:217 Received JSON:  {t: "27.41", p: "-0.09"}
index.html:217 Received JSON:  {t: "27.42", p: "-1.17"}
index.html:217 Received JSON:  {t: "27.43", p: "-0.63"}
index.html:217 Received JSON:  {t: "27.44", p: "-1.43"}
index.html:217 Received JSON:  {t: "27.44", p: "-1.16"}
index.html:217 Received JSON:  {t: "27.45", p: "-1.15"}
index.html:217 Received JSON:  {t: "27.46", p: "-0.87"}
index.html:217 Received JSON:  {t: "27.46", p: "-0.87"}
index.html:217 Received JSON:  {t: "27.46", p: "-1.14"}
index.html:217 Received JSON:  {t: "27.48", p: "-0.04"}
index.html:217 Received JSON:  {t: "27.48", p: "-0.85"}
index.html:217 Received JSON:  {t: "27.49", p: "-0.57"}
index.html:217 Received JSON:  {t: "27.49", p: "-0.29"}
index.html:217 Received JSON:  {t: "27.50", p: "0.52"}
index.html:217 Received JSON:  {t: "27.51", p: "1.07"}
index.html:217 Received JSON:  {t: "27.51", p: "1.35"}
index.html:217 Received JSON:  {t: "27.52", p: "1.35"}
index.html:217 Received JSON:  {t: "27.53", p: "1.63"}
index.html:217 Received JSON:  {t: "27.54", p: "1.64"}
index.html:217 Received JSON:  {t: "27.54", p: "1.37"}
index.html:217 Received JSON:  {t: "27.55", p: "0.84"}
index.html:217 Received JSON:  {t: "27.55", p: "1.38"}
index.html:217 Received JSON:  {t: "27.56", p: "1.12"}
index.html:217 Received JSON:  {t: "27.57", p: "0.86"}
index.html:217 Received JSON:  {t: "27.58", p: "0.32"}
index.html:217 Received JSON:  {t: "27.58", p: "0.59"}
index.html:217 Received JSON:  {t: "27.59", p: "1.41"}
index.html:217 Received JSON:  {t: "27.59", p: "1.15"}
index.html:217 Received JSON:  {t: "27.60", p: "0.61"}
index.html:217 Received JSON:  {t: "27.61", p: "0.62"}
index.html:217 Received JSON:  {t: "27.62", p: "0.90"}
index.html:217 Received JSON:  {t: "27.62", p: "0.63"}
index.html:191 MAX:
index.html:192 1.175963404800425
index.html:217 Received JSON:  {t: "27.62", p: "0.36"}
index.html:217 Received JSON:  {t: "27.63", p: "0.64"}
index.html:217 Received JSON:  {t: "27.64", p: "0.65"}
index.html:217 Received JSON:  {t: "27.65", p: "0.93"}
index.html:217 Received JSON:  {t: "27.66", p: "1.20"}
index.html:217 Received JSON:  {t: "27.66", p: "0.67"}
index.html:217 Received JSON:  {t: "27.67", p: "0.95"}
index.html:217 Received JSON:  {t: "27.68", p: "0.41"}
index.html:217 Received JSON:  {t: "27.68", p: "0.68"}
index.html:217 Received JSON:  {t: "27.69", p: "0.15"}
index.html:217 Received JSON:  {t: "27.69", p: "-0.39"}
index.html:217 Received JSON:  {t: "27.70", p: "0.16"}
index.html:217 Received JSON:  {t: "27.71", p: "-0.37"}
index.html:217 Received JSON:  {t: "27.71", p: "-0.64"}
index.html:217 Received JSON:  {t: "27.72", p: "-1.17"}
index.html:217 Received JSON:  {t: "27.73", p: "-0.63"}
index.html:217 Received JSON:  {t: "27.73", p: "-1.44"}
index.html:217 Received JSON:  {t: "27.74", p: "-1.43"}
index.html:217 Received JSON:  {t: "27.75", p: "-1.15"}
index.html:217 Received JSON:  {t: "27.75", p: "-1.15"}
index.html:217 Received JSON:  {t: "27.76", p: "-1.14"}
index.html:217 Received JSON:  {t: "27.77", p: "-1.13"}
index.html:217 Received JSON:  {t: "27.78", p: "-1.39"}
index.html:217 Received JSON:  {t: "27.78", p: "-1.13"}
index.html:217 Received JSON:  {t: "27.79", p: "-0.84"}
index.html:217 Received JSON:  {t: "27.79", p: "-0.56"}
index.html:217 Received JSON:  {t: "27.81", p: "-0.56"}
index.html:217 Received JSON:  {t: "27.81", p: "-0.55"}
index.html:217 Received JSON:  {t: "27.82", p: "-0.54"}
index.html:217 Received JSON:  {t: "27.82", p: "-0.55"}
index.html:217 Received JSON:  {t: "27.82", p: "-1.08"}
index.html:217 Received JSON:  {t: "27.83", p: "-0.26"}
index.html:217 Received JSON:  {t: "27.85", p: "0.02"}
index.html:217 Received JSON:  {t: "27.85", p: "0.02"}
index.html:217 Received JSON:  {t: "27.86", p: "-0.51"}
index.html:217 Received JSON:  {t: "27.86", p: "-0.49"}
index.html:217 Received JSON:  {t: "27.87", p: "-0.77"}
index.html:217 Received JSON:  {t: "27.87", p: "-0.23"}
index.html:217 Received JSON:  {t: "27.88", p: "0.87"}
index.html:217 Received JSON:  {t: "27.89", p: "0.87"}
index.html:217 Received JSON:  {t: "27.90", p: "1.43"}
index.html:217 Received JSON:  {t: "27.90", p: "1.70"}
index.html:217 Received JSON:  {t: "27.91", p: "1.97"}
index.html:217 Received JSON:  {t: "27.91", p: "1.98"}
index.html:217 Received JSON:  {t: "27.92", p: "1.72"}
index.html:217 Received JSON:  {t: "27.93", p: "1.73"}
index.html:217 Received JSON:  {t: "27.94", p: "1.19"}
index.html:217 Received JSON:  {t: "27.95", p: "1.47"}
index.html:217 Received JSON:  {t: "27.95", p: "1.47"}
index.html:217 Received JSON:  {t: "27.96", p: "0.94"}
index.html:217 Received JSON:  {t: "27.97", p: "0.94"}
index.html:217 Received JSON:  {t: "27.97", p: "1.22"}
index.html:217 Received JSON:  {t: "27.98", p: "0.41"}
index.html:217 Received JSON:  {t: "27.99", p: "0.96"}
index.html:217 Received JSON:  {t: "27.99", p: "0.96"}
index.html:217 Received JSON:  {t: "27.99", p: "0.70"}
index.html:217 Received JSON:  {t: "28.00", p: "0.43"}
index.html:217 Received JSON:  {t: "28.02", p: "0.99"}
index.html:191 MAX:
index.html:192 1.4983946080186308
index.html:217 Received JSON:  {t: "28.02", p: "0.72"}
index.html:217 Received JSON:  {t: "28.02", p: "0.45"}
index.html:217 Received JSON:  {t: "28.03", p: "0.73"}
index.html:217 Received JSON:  {t: "28.03", p: "0.46"}
index.html:217 Received JSON:  {t: "28.05", p: "0.20"}
index.html:217 Received JSON:  {t: "28.06", p: "-0.59"}
index.html:217 Received JSON:  {t: "28.06", p: "-0.06"}
index.html:217 Received JSON:  {t: "28.07", p: "-0.32"}
index.html:217 Received JSON:  {t: "28.07", p: "-0.04"}
index.html:217 Received JSON:  {t: "28.08", p: "-0.58"}
index.html:217 Received JSON:  {t: "28.08", p: "-0.58"}
index.html:217 Received JSON:  {t: "28.09", p: "-0.03"}
index.html:217 Received JSON:  {t: "28.11", p: "-0.56"}
index.html:217 Received JSON:  {t: "28.11", p: "-0.83"}
index.html:217 Received JSON:  {t: "28.11", p: "-0.01"}
index.html:217 Received JSON:  {t: "28.12", p: "-1.36"}
index.html:217 Received JSON:  {t: "28.13", p: "-0.81"}
index.html:217 Received JSON:  {t: "28.13", p: "-0.79"}
index.html:217 Received JSON:  {t: "28.13", p: "-0.79"}
index.html:217 Received JSON:  {t: "28.15", p: "-0.79"}
index.html:217 Received JSON:  {t: "28.15", p: "-0.78"}
index.html:217 Received JSON:  {t: "28.16", p: "-0.51"}
index.html:217 Received JSON:  {t: "28.17", p: "0.04"}
index.html:217 Received JSON:  {t: "28.17", p: "-0.49"}
index.html:217 Received JSON:  {t: "28.18", p: "-0.22"}
index.html:217 Received JSON:  {t: "28.19", p: "0.06"}
index.html:217 Received JSON:  {t: "28.19", p: "-0.21"}
index.html:217 Received JSON:  {t: "28.19", p: "-0.47"}
index.html:217 Received JSON:  {t: "28.20", p: "0.07"}
index.html:217 Received JSON:  {t: "28.21", p: "0.62"}
index.html:217 Received JSON:  {t: "28.21", p: "1.17"}
index.html:217 Received JSON:  {t: "28.23", p: "0.64"}
index.html:217 Received JSON:  {t: "28.23", p: "2.00"}
index.html:217 Received JSON:  {t: "28.24", p: "1.73"}
index.html:217 Received JSON:  {t: "28.24", p: "2.01"}
index.html:217 Received JSON:  {t: "28.25", p: "2.02"}
index.html:217 Received JSON:  {t: "28.26", p: "1.47"}
index.html:217 Received JSON:  {t: "28.27", p: "1.49"}
index.html:217 Received JSON:  {t: "28.28", p: "1.50"}
index.html:217 Received JSON:  {t: "28.28", p: "1.23"}
index.html:217 Received JSON:  {t: "28.29", p: "1.51"}
index.html:217 Received JSON:  {t: "28.29", p: "1.24"}
index.html:217 Received JSON:  {t: "28.30", p: "1.25"}
index.html:217 Received JSON:  {t: "28.31", p: "1.26"}
index.html:217 Received JSON:  {t: "28.31", p: "1.53"}
index.html:217 Received JSON:  {t: "28.31", p: "1.53"}
index.html:217 Received JSON:  {t: "28.33", p: "1.27"}
index.html:217 Received JSON:  {t: "28.33", p: "0.73"}
index.html:217 Received JSON:  {t: "28.34", p: "1.01"}
index.html:217 Received JSON:  {t: "28.35", p: "1.56"}
index.html:191 MAX:
index.html:192 1.542341125072668
index.html:217 Received JSON:  {t: "28.35", p: "0.75"}
index.html:217 Received JSON:  {t: "28.35", p: "1.02"}
index.html:217 Received JSON:  {t: "28.37", p: "0.50"}
index.html:217 Received JSON:  {t: "28.38", p: "0.23"}
index.html:217 Received JSON:  {t: "28.38", p: "1.05"}
index.html:217 Received JSON:  {t: "28.39", p: "0.79"}
index.html:217 Received JSON:  {t: "28.39", p: "0.51"}
index.html:217 Received JSON:  {t: "28.39", p: "0.25"}
index.html:217 Received JSON:  {t: "28.40", p: "0.53"}
index.html:217 Received JSON:  {t: "28.41", p: "-0.01"}
index.html:217 Received JSON:  {t: "28.42", p: "-0.55"}
index.html:217 Received JSON:  {t: "28.43", p: "-0.54"}
index.html:217 Received JSON:  {t: "28.43", p: "-1.07"}
index.html:217 Received JSON:  {t: "28.44", p: "-0.26"}
index.html:217 Received JSON:  {t: "28.45", p: "-1.06"}
index.html:217 Received JSON:  {t: "28.45", p: "-0.79"}
index.html:217 Received JSON:  {t: "28.45", p: "-0.24"}
index.html:217 Received JSON:  {t: "28.46", p: "-0.51"}
index.html:217 Received JSON:  {t: "28.47", p: "-1.04"}
index.html:217 Received JSON:  {t: "28.47", p: "-0.77"}
index.html:217 Received JSON:  {t: "28.49", p: "-0.48"}
index.html:217 Received JSON:  {t: "28.49", p: "-0.75"}
index.html:217 Received JSON:  {t: "28.49", p: "-1.29"}
index.html:217 Received JSON:  {t: "28.50", p: "-0.74"}
index.html:217 Received JSON:  {t: "28.51", p: "-0.46"}
index.html:217 Received JSON:  {t: "28.52", p: "-0.46"}
index.html:217 Received JSON:  {t: "28.52", p: "-0.99"}
index.html:217 Received JSON:  {t: "28.53", p: "-0.45"}
index.html:217 Received JSON:  {t: "28.53", p: "-0.44"}
index.html:217 Received JSON:  {t: "28.55", p: "0.38"}
index.html:217 Received JSON:  {t: "28.55", p: "0.12"}
index.html:217 Received JSON:  {t: "28.56", p: "0.66"}
index.html:217 Received JSON:  {t: "28.56", p: "0.67"}
index.html:217 Received JSON:  {t: "28.57", p: "0.67"}
index.html:217 Received JSON:  {t: "28.57", p: "0.95"}
index.html:217 Received JSON:  {t: "28.59", p: "0.97"}
index.html:217 Received JSON:  {t: "28.59", p: "1.24"}
index.html:217 Received JSON:  {t: "28.59", p: "1.24"}
index.html:217 Received JSON:  {t: "28.60", p: "1.25"}
index.html:217 Received JSON:  {t: "28.60", p: "1.79"}
index.html:217 Received JSON:  {t: "28.61", p: "1.26"}
index.html:217 Received JSON:  {t: "28.62", p: "1.54"}
index.html:217 Received JSON:  {t: "28.63", p: "1.00"}
index.html:217 Received JSON:  {t: "28.64", p: "0.74"}
index.html:217 Received JSON:  {t: "28.64", p: "1.28"}
index.html:217 Received JSON:  {t: "28.64", p: "1.29"}
index.html:217 Received JSON:  {t: "28.65", p: "1.02"}
index.html:217 Received JSON:  {t: "28.66", p: "0.48"}
index.html:217 Received JSON:  {t: "28.67", p: "0.76"}
index.html:217 Received JSON:  {t: "28.68", p: "1.04"}
index.html:217 Received JSON:  {t: "28.68", p: "1.04"}
index.html:217 Received JSON:  {t: "28.68", p: "0.51"}
index.html:217 Received JSON:  {t: "28.69", p: "0.24"}
index.html:191 MAX:
index.html:192 1.2303097998344137
index.html:217 Received JSON:  {t: "28.69", p: "0.52"}
index.html:217 Received JSON:  {t: "28.70", p: "1.34"}
index.html:217 Received JSON:  {t: "28.71", p: "0.26"}
index.html:217 Received JSON:  {t: "28.72", p: "0.00"}
index.html:217 Received JSON:  {t: "28.72", p: "0.27"}
index.html:217 Received JSON:  {t: "28.73", p: "0.55"}
index.html:217 Received JSON:  {t: "28.73", p: "0.01"}
index.html:217 Received JSON:  {t: "28.74", p: "-0.26"}
index.html:217 Received JSON:  {t: "28.75", p: "-0.25"}
index.html:217 Received JSON:  {t: "28.75", p: "-0.79"}
index.html:217 Received JSON:  {t: "28.76", p: "-0.51"}
index.html:217 Received JSON:  {t: "28.77", p: "-1.04"}
index.html:217 Received JSON:  {t: "28.76", p: "-0.78"}
index.html:217 Received JSON:  {t: "28.78", p: "-1.29"}
index.html:217 Received JSON:  {t: "28.79", p: "-0.48"}
index.html:217 Received JSON:  {t: "28.79", p: "-0.75"}
index.html:217 Received JSON:  {t: "28.79", p: "-1.02"}
index.html:217 Received JSON:  {t: "28.80", p: "-0.74"}
index.html:217 Received JSON:  {t: "28.81", p: "-1.28"}
index.html:217 Received JSON:  {t: "28.82", p: "-0.73"}
index.html:217 Received JSON:  {t: "28.82", p: "-0.99"}
index.html:217 Received JSON:  {t: "28.83", p: "-0.72"}
index.html:217 Received JSON:  {t: "28.84", p: "-0.71"}
index.html:217 Received JSON:  {t: "28.84", p: "-0.44"}
index.html:217 Received JSON:  {t: "28.85", p: "-0.43"}
index.html:217 Received JSON:  {t: "28.85", p: "-0.16"}
index.html:217 Received JSON:  {t: "28.86", p: "-0.14"}
index.html:217 Received JSON:  {t: "28.86", p: "-0.42"}
index.html:217 Received JSON:  {t: "28.88", p: "0.41"}
index.html:217 Received JSON:  {t: "28.88", p: "0.96"}
index.html:217 Received JSON:  {t: "28.88", p: "1.23"}
index.html:217 Received JSON:  {t: "28.89", p: "2.33"}
index.html:217 Received JSON:  {t: "28.90", p: "2.34"}
index.html:217 Received JSON:  {t: "28.91", p: "1.53"}
index.html:217 Received JSON:  {t: "28.92", p: "2.07"}
index.html:217 Received JSON:  {t: "28.92", p: "2.07"}
index.html:217 Received JSON:  {t: "28.92", p: "1.81"}
index.html:217 Received JSON:  {t: "28.93", p: "1.55"}
index.html:217 Received JSON:  {t: "28.93", p: "1.82"}
index.html:217 Received JSON:  {t: "28.95", p: "1.56"}
index.html:217 Received JSON:  {t: "28.95", p: "0.48"}
index.html:217 Received JSON:  {t: "28.96", p: "1.30"}
index.html:217 Received JSON:  {t: "28.96", p: "1.03"}
index.html:217 Received JSON:  {t: "28.96", p: "1.04"}
index.html:217 Received JSON:  {t: "28.97", p: "1.04"}
index.html:217 Received JSON:  {t: "28.98", p: "1.05"}
index.html:217 Received JSON:  {t: "28.99", p: "1.06"}
index.html:217 Received JSON:  {t: "28.99", p: "0.52"}
index.html:191 MAX:
index.html:192 1.7154908058175742
index.html:217 Received JSON:  {t: "29.00", p: "0.52"}
index.html:217 Received JSON:  {t: "29.01", p: "-0.01"}
index.html:217 Received JSON:  {t: "29.01", p: "0.26"}
index.html:217 Received JSON:  {t: "29.02", p: "-0.55"}
index.html:217 Received JSON:  {t: "29.03", p: "-0.54"}
index.html:217 Received JSON:  {t: "29.03", p: "-1.35"}
index.html:217 Received JSON:  {t: "29.03", p: "-1.08"}
index.html:217 Received JSON:  {t: "29.04", p: "-1.07"}
index.html:217 Received JSON:  {t: "29.05", p: "-1.06"}
index.html:217 Received JSON:  {t: "29.06", p: "-0.78"}
index.html:217 Received JSON:  {t: "29.06", p: "-0.78"}
index.html:217 Received JSON:  {t: "29.07", p: "-1.59"}
index.html:217 Received JSON:  {t: "29.08", p: "-1.04"}
index.html:217 Received JSON:  {t: "29.08", p: "-0.76"}
index.html:217 Received JSON:  {t: "29.08", p: "-1.58"}
index.html:217 Received JSON:  {t: "29.09", p: "-0.75"}
index.html:217 Received JSON:  {t: "29.09", p: "-1.02"}
index.html:217 Received JSON:  {t: "29.11", p: "-1.01"}
index.html:217 Received JSON:  {t: "29.11", p: "-0.46"}
index.html:217 Received JSON:  {t: "29.12", p: "-0.45"}
index.html:217 Received JSON:  {t: "29.12", p: "0.09"}
index.html:217 Received JSON:  {t: "29.12", p: "-0.73"}
index.html:217 Received JSON:  {t: "29.14", p: "0.11"}
index.html:217 Received JSON:  {t: "29.14", p: "-0.43"}
index.html:217 Received JSON:  {t: "29.15", p: "0.66"}
index.html:217 Received JSON:  {t: "29.16", p: "0.67"}
index.html:217 Received JSON:  {t: "29.16", p: "0.13"}
index.html:217 Received JSON:  {t: "29.16", p: "0.40"}
index.html:217 Received JSON:  {t: "29.17", p: "0.41"}
index.html:217 Received JSON:  {t: "29.18", p: "1.23"}
index.html:217 Received JSON:  {t: "29.18", p: "1.77"}
index.html:217 Received JSON:  {t: "29.19", p: "1.79"}
index.html:217 Received JSON:  {t: "29.19", p: "1.51"}
index.html:217 Received JSON:  {t: "29.19", p: "2.06"}
index.html:217 Received JSON:  {t: "29.21", p: "1.80"}
index.html:217 Received JSON:  {t: "29.21", p: "1.81"}
index.html:217 Received JSON:  {t: "29.22", p: "1.81"}
index.html:217 Received JSON:  {t: "29.23", p: "2.09"}
index.html:217 Received JSON:  {t: "29.24", p: "1.55"}
index.html:217 Received JSON:  {t: "29.24", p: "0.74"}
index.html:217 Received JSON:  {t: "29.25", p: "1.29"}
index.html:217 Received JSON:  {t: "29.25", p: "0.75"}
index.html:217 Received JSON:  {t: "29.25", p: "0.75"}
index.html:217 Received JSON:  {t: "29.26", p: "1.31"}
index.html:217 Received JSON:  {t: "29.27", p: "1.58"}
index.html:217 Received JSON:  {t: "29.28", p: "1.32"}
index.html:217 Received JSON:  {t: "29.28", p: "0.51"}
index.html:217 Received JSON:  {t: "29.28", p: "1.05"}
index.html:191 MAX:
index.html:192 1.6446764292561313
index.html:217 Received JSON:  {t: "29.29", p: "-0.03"}
index.html:217 Received JSON:  {t: "29.30", p: "0.53"}
index.html:217 Received JSON:  {t: "29.30", p: "-0.02"}
index.html:217 Received JSON:  {t: "29.30", p: "0.53"}
index.html:217 Received JSON:  {t: "29.31", p: "0.26"}
index.html:217 Received JSON:  {t: "29.33", p: "0.27"}
index.html:217 Received JSON:  {t: "29.33", p: "0.55"}
index.html:217 Received JSON:  {t: "29.33", p: "0.01"}
index.html:217 Received JSON:  {t: "29.34", p: "-0.53"}
index.html:217 Received JSON:  {t: "29.35", p: "-0.52"}
index.html:217 Received JSON:  {t: "29.34", p: "-0.53"}
index.html:217 Received JSON:  {t: "29.36", p: "-0.78"}
index.html:217 Received JSON:  {t: "29.37", p: "-0.49"}
index.html:217 Received JSON:  {t: "29.37", p: "-1.32"}
index.html:217 Received JSON:  {t: "29.38", p: "-0.76"}
index.html:217 Received JSON:  {t: "29.38", p: "-1.58"}
index.html:217 Received JSON:  {t: "29.38", p: "-1.03"}
index.html:217 Received JSON:  {t: "29.39", p: "-0.48"}
index.html:217 Received JSON:  {t: "29.40", p: "-0.47"}
index.html:217 Received JSON:  {t: "29.41", p: "-0.47"}
index.html:217 Received JSON:  {t: "29.42", p: "-0.18"}
index.html:217 Received JSON:  {t: "29.41", p: "-0.19"}
index.html:217 Received JSON:  {t: "29.42", p: "-0.46"}
index.html:217 Received JSON:  {t: "29.43", p: "-0.18"}
index.html:217 Received JSON:  {t: "29.44", p: "-0.17"}
index.html:217 Received JSON:  {t: "29.44", p: "-0.71"}
index.html:217 Received JSON:  {t: "29.44", p: "0.10"}
index.html:217 Received JSON:  {t: "29.45", p: "0.39"}
index.html:217 Received JSON:  {t: "29.46", p: "0.40"}
index.html:217 Received JSON:  {t: "29.46", p: "1.49"}
index.html:217 Received JSON:  {t: "29.47", p: "0.95"}
index.html:217 Received JSON:  {t: "29.48", p: "1.23"}
index.html:217 Received JSON:  {t: "29.49", p: "1.24"}
index.html:217 Received JSON:  {t: "29.49", p: "1.24"}
index.html:217 Received JSON:  {t: "29.49", p: "1.24"}
index.html:217 Received JSON:  {t: "29.50", p: "1.53"}
index.html:217 Received JSON:  {t: "29.51", p: "1.80"}
index.html:217 Received JSON:  {t: "29.51", p: "1.26"}
index.html:217 Received JSON:  {t: "29.51", p: "0.72"}
index.html:217 Received JSON:  {t: "29.52", p: "0.73"}
index.html:217 Received JSON:  {t: "29.53", p: "1.00"}
index.html:217 Received JSON:  {t: "29.53", p: "1.28"}
index.html:217 Received JSON:  {t: "29.54", p: "1.29"}
index.html:217 Received JSON:  {t: "29.54", p: "1.02"}
index.html:217 Received JSON:  {t: "29.55", p: "1.03"}
index.html:217 Received JSON:  {t: "29.56", p: "1.30"}
index.html:217 Received JSON:  {t: "29.56", p: "1.85"}
index.html:217 Received JSON:  {t: "29.57", p: "1.31"}
index.html:191 MAX:
index.html:192 1.2280705327002897
index.html:217 Received JSON:  {t: "29.58", p: "1.32"}
index.html:217 Received JSON:  {t: "29.58", p: "1.59"}
index.html:217 Received JSON:  {t: "29.59", p: "1.60"}
index.html:217 Received JSON:  {t: "29.59", p: "1.07"}
index.html:217 Received JSON:  {t: "29.59", p: "1.07"}
index.html:217 Received JSON:  {t: "29.60", p: "1.34"}
index.html:217 Received JSON:  {t: "29.61", p: "0.81"}
index.html:217 Received JSON:  {t: "29.61", p: "1.62"}
index.html:217 Received JSON:  {t: "29.62", p: "1.09"}
index.html:217 Received JSON:  {t: "29.63", p: "0.55"}
index.html:217 Received JSON:  {t: "29.63", p: "0.28"}
index.html:217 Received JSON:  {t: "29.64", p: "0.29"}
index.html:217 Received JSON:  {t: "29.65", p: "0.29"}
index.html:191 MAX:
index.html:192 1.3469186447265036
index.html:217 Received JSON:  {t: "29.65", p: "0.57"}
index.html:217 Received JSON:  {t: "29.65", p: "-0.51"}
index.html:217 Received JSON:  {t: "29.66", p: "0.03"}
index.html:217 Received JSON:  {t: "29.66", p: "-1.33"}
index.html:217 Received JSON:  {t: "29.67", p: "-1.04"}
index.html:217 Received JSON:  {t: "29.68", p: "-1.31"}
index.html:217 Received JSON:  {t: "29.69", p: "-1.85"}
index.html:217 Received JSON:  {t: "29.69", p: "-1.03"}
index.html:217 Received JSON:  {t: "29.69", p: "-1.02"}
index.html:217 Received JSON:  {t: "29.70", p: "-1.83"}
index.html:217 Received JSON:  {t: "29.71", p: "-1.28"}
index.html:217 Received JSON:  {t: "29.71", p: "-0.73"}
index.html:217 Received JSON:  {t: "29.72", p: "-0.99"}
index.html:217 Received JSON:  {t: "29.73", p: "-0.99"}
index.html:217 Received JSON:  {t: "29.73", p: "-1.26"}
index.html:217 Received JSON:  {t: "29.74", p: "-1.25"}
index.html:217 Received JSON:  {t: "29.74", p: "-0.98"}
index.html:217 Received JSON:  {t: "29.75", p: "-0.69"}
index.html:217 Received JSON:  {t: "29.75", p: "-0.43"}
index.html:217 Received JSON:  {t: "29.76", p: "-0.42"}
index.html:217 Received JSON:  {t: "29.77", p: "0.13"}
index.html:217 Received JSON:  {t: "29.77", p: "0.14"}
index.html:217 Received JSON:  {t: "29.77", p: "0.68"}
index.html:217 Received JSON:  {t: "29.78", p: "1.23"}
index.html:217 Received JSON:  {t: "29.79", p: "1.51"}
index.html:217 Received JSON:  {t: "29.79", p: "2.06"}
index.html:217 Received JSON:  {t: "29.80", p: "3.43"}
index.html:217 Received JSON:  {t: "29.81", p: "2.89"}
index.html:217 Received JSON:  {t: "29.81", p: "2.07"}
index.html:217 Received JSON:  {t: "29.81", p: "2.62"}
index.html:217 Received JSON:  {t: "29.82", p: "2.36"}
index.html:217 Received JSON:  {t: "29.82", p: "2.09"}
index.html:217 Received JSON:  {t: "29.83", p: "1.83"}
index.html:217 Received JSON:  {t: "29.84", p: "1.83"}
index.html:217 Received JSON:  {t: "29.84", p: "1.56"}
index.html:217 Received JSON:  {t: "29.84", p: "1.56"}
index.html:217 Received JSON:  {t: "29.85", p: "2.11"}
index.html:217 Received JSON:  {t: "29.85", p: "1.57"}
index.html:217 Received JSON:  {t: "29.86", p: "1.31"}
index.html:217 Received JSON:  {t: "29.87", p: "0.22"}
index.html:217 Received JSON:  {t: "29.87", p: "0.23"}
index.html:217 Received JSON:  {t: "29.89", p: "-0.85"}
index.html:191 MAX:
index.html:192 2.2120399669758055
index.html:217 Received JSON:  {t: "29.89", p: "-2.48"}
index.html:217 Received JSON:  {t: "29.89", p: "-6.01"}
index.html:217 Received JSON:  {t: "29.90", p: "-9.55"}
index.html:217 Received JSON:  {t: "29.90", p: "-11.73"}
index.html:217 Received JSON:  {t: "29.90", p: "-11.73"}
index.html:217 Received JSON:  {t: "29.91", p: "-10.35"}
index.html:217 Received JSON:  {t: "29.92", p: "-10.35"}
index.html:217 Received JSON:  {t: "29.93", p: "-9.25"}
index.html:217 Received JSON:  {t: "29.93", p: "-10.07"}
index.html:217 Received JSON:  {t: "29.93", p: "-9.79"}
index.html:217 Received JSON:  {t: "29.94", p: "-9.79"}
index.html:217 Received JSON:  {t: "29.94", p: "-10.88"}
index.html:217 Received JSON:  {t: "29.94", p: "-10.33"}
index.html:217 Received JSON:  {t: "29.95", p: "-9.49"}
index.html:217 Received JSON:  {t: "29.96", p: "-10.86"}
index.html:217 Received JSON:  {t: "29.97", p: "-10.58"}
index.html:217 Received JSON:  {t: "29.97", p: "-9.21"}
index.html:217 Received JSON:  {t: "29.98", p: "-8.12"}
index.html:217 Received JSON:  {t: "29.98", p: "-7.03"}
index.html:217 Received JSON:  {t: "29.98", p: "-6.75"}
index.html:217 Received JSON:  {t: "29.99", p: "-5.11"}
index.html:217 Received JSON:  {t: "30.00", p: "-4.01"}
index.html:217 Received JSON:  {t: "30.00", p: "-2.93"}
index.html:217 Received JSON:  {t: "30.01", p: "-2.65"}
index.html:217 Received JSON:  {t: "30.01", p: "-0.73"}
index.html:217 Received JSON:  {t: "30.02", p: "1.18"}
index.html:217 Received JSON:  {t: "30.03", p: "0.64"}
index.html:217 Received JSON:  {t: "30.03", p: "0.92"}
index.html:217 Received JSON:  {t: "30.03", p: "3.10"}
index.html:217 Received JSON:  {t: "30.04", p: "8.28"}
index.html:217 Received JSON:  {t: "30.05", p: "9.65"}
index.html:217 Received JSON:  {t: "30.05", p: "11.01"}
index.html:217 Received JSON:  {t: "30.06", p: "9.39"}
index.html:217 Received JSON:  {t: "30.06", p: "8.57"}
index.html:217 Received JSON:  {t: "30.07", p: "8.03"}
index.html:217 Received JSON:  {t: "30.07", p: "6.67"}
index.html:217 Received JSON:  {t: "30.08", p: "7.23"}
index.html:217 Received JSON:  {t: "30.09", p: "6.69"}
index.html:217 Received JSON:  {t: "30.09", p: "5.88"}
index.html:217 Received JSON:  {t: "30.09", p: "5.88"}
index.html:217 Received JSON:  {t: "30.10", p: "5.34"}
index.html:217 Received JSON:  {t: "30.11", p: "6.16"}
index.html:217 Received JSON:  {t: "30.11", p: "5.62"}
index.html:217 Received JSON:  {t: "30.12", p: "5.63"}
index.html:217 Received JSON:  {t: "30.12", p: "7.27"}
index.html:217 Received JSON:  {t: "30.13", p: "6.45"}
index.html:217 Received JSON:  {t: "30.13", p: "6.46"}
index.html:191 MAX:
index.html:192 7.678994100897624
index.html:217 Received JSON:  {t: "30.14", p: "5.92"}
index.html:217 Received JSON:  {t: "30.15", p: "6.20"}
index.html:217 Received JSON:  {t: "30.15", p: "5.38"}
index.html:217 Received JSON:  {t: "30.15", p: "5.39"}
index.html:217 Received JSON:  {t: "30.16", p: "5.66"}
index.html:217 Received JSON:  {t: "30.16", p: "5.39"}
index.html:217 Received JSON:  {t: "30.17", p: "5.13"}
index.html:217 Received JSON:  {t: "30.17", p: "4.59"}
index.html:217 Received JSON:  {t: "30.18", p: "4.33"}
index.html:217 Received JSON:  {t: "30.19", p: "3.79"}
index.html:217 Received JSON:  {t: "30.19", p: "3.51"}
index.html:217 Received JSON:  {t: "30.19", p: "3.25"}
index.html:217 Received JSON:  {t: "30.20", p: "2.44"}
index.html:217 Received JSON:  {t: "30.21", p: "2.17"}
index.html:217 Received JSON:  {t: "30.21", p: "0.81"}
index.html:217 Received JSON:  {t: "30.22", p: "1.09"}
index.html:217 Received JSON:  {t: "30.22", p: "0.27"}
index.html:217 Received JSON:  {t: "30.24", p: "-0.26"}
index.html:217 Received JSON:  {t: "30.24", p: "-0.26"}
index.html:217 Received JSON:  {t: "30.24", p: "-0.25"}
index.html:217 Received JSON:  {t: "30.24", p: "-0.25"}
index.html:217 Received JSON:  {t: "30.25", p: "-0.52"}
index.html:217 Received JSON:  {t: "30.25", p: "-1.06"}
index.html:217 Received JSON:  {t: "30.26", p: "-1.33"}
index.html:217 Received JSON:  {t: "30.26", p: "-1.33"}
index.html:217 Received JSON:  {t: "30.27", p: "-1.04"}
index.html:217 Received JSON:  {t: "30.28", p: "-1.31"}
index.html:217 Received JSON:  {t: "30.28", p: "-1.04"}
index.html:217 Received JSON:  {t: "30.29", p: "-1.57"}
index.html:217 Received JSON:  {t: "30.29", p: "-1.84"}
index.html:217 Received JSON:  {t: "30.29", p: "-2.11"}
index.html:217 Received JSON:  {t: "30.30", p: "-1.83"}
index.html:217 Received JSON:  {t: "30.30", p: "-1.29"}
index.html:217 Received JSON:  {t: "30.31", p: "-1.01"}
index.html:217 Received JSON:  {t: "30.32", p: "-1.27"}
index.html:217 Received JSON:  {t: "30.32", p: "-0.99"}
index.html:217 Received JSON:  {t: "30.33", p: "-1.26"}
index.html:217 Received JSON:  {t: "30.33", p: "-1.53"}
index.html:217 Received JSON:  {t: "30.34", p: "-1.25"}
index.html:217 Received JSON:  {t: "30.34", p: "-0.98"}
index.html:217 Received JSON:  {t: "30.35", p: "-0.69"}
index.html:217 Received JSON:  {t: "30.35", p: "-0.43"}
index.html:217 Received JSON:  {t: "30.36", p: "0.40"}
index.html:217 Received JSON:  {t: "30.37", p: "1.50"}
index.html:217 Received JSON:  {t: "30.37", p: "2.05"}
index.html:217 Received JSON:  {t: "30.37", p: "2.05"}
index.html:217 Received JSON:  {t: "30.37", p: "2.59"}
index.html:217 Received JSON:  {t: "30.38", p: "1.51"}
index.html:217 Received JSON:  {t: "30.39", p: "1.52"}
index.html:217 Received JSON:  {t: "30.39", p: "2.07"}
index.html:217 Received JSON:  {t: "30.39", p: "2.07"}
index.html:217 Received JSON:  {t: "30.40", p: "1.26"}
index.html:217 Received JSON:  {t: "30.41", p: "1.81"}
index.html:217 Received JSON:  {t: "30.41", p: "1.81"}
index.html:217 Received JSON:  {t: "30.42", p: "1.27"}
index.html:217 Received JSON:  {t: "30.43", p: "1.01"}
index.html:217 Received JSON:  {t: "30.43", p: "1.55"}
index.html:217 Received JSON:  {t: "30.44", p: "1.29"}
index.html:217 Received JSON:  {t: "30.44", p: "1.02"}
index.html:217 Received JSON:  {t: "30.45", p: "1.30"}
index.html:217 Received JSON:  {t: "30.45", p: "1.30"}
index.html:217 Received JSON:  {t: "30.45", p: "1.03"}
index.html:191 MAX:
index.html:192 1.750646008267285
index.html:217 Received JSON:  {t: "30.46", p: "1.04"}
index.html:217 Received JSON:  {t: "30.46", p: "0.50"}
index.html:217 Received JSON:  {t: "30.47", p: "0.50"}
index.html:217 Received JSON:  {t: "30.48", p: "0.78"}
index.html:217 Received JSON:  {t: "30.48", p: "0.23"}
index.html:217 Received JSON:  {t: "30.48", p: "-0.58"}
index.html:217 Received JSON:  {t: "30.49", p: "-0.29"}
index.html:217 Received JSON:  {t: "30.49", p: "-0.03"}
index.html:217 Received JSON:  {t: "30.50", p: "-0.84"}
index.html:217 Received JSON:  {t: "30.51", p: "-1.09"}
index.html:217 Received JSON:  {t: "30.51", p: "-1.09"}
index.html:217 Received JSON:  {t: "30.52", p: "-1.09"}
index.html:217 Received JSON:  {t: "30.52", p: "-1.36"}
index.html:217 Received JSON:  {t: "30.53", p: "-0.81"}
index.html:217 Received JSON:  {t: "30.53", p: "-0.53"}
index.html:217 Received JSON:  {t: "30.54", p: "-1.62"}
index.html:217 Received JSON:  {t: "30.53", p: "-1.08"}
index.html:217 Received JSON:  {t: "30.55", p: "-0.79"}
index.html:217 Received JSON:  {t: "30.55", p: "-0.79"}
index.html:217 Received JSON:  {t: "30.56", p: "-0.24"}
index.html:217 Received JSON:  {t: "30.56", p: "-0.51"}
index.html:217 Received JSON:  {t: "30.56", p: "-0.78"}
index.html:217 Received JSON:  {t: "30.57", p: "-0.23"}
index.html:217 Received JSON:  {t: "30.57", p: "-0.77"}
index.html:217 Received JSON:  {t: "30.58", p: "-0.76"}
index.html:217 Received JSON:  {t: "30.59", p: "0.06"}
index.html:217 Received JSON:  {t: "30.59", p: "-1.03"}
index.html:217 Received JSON:  {t: "30.59", p: "0.34"}
index.html:217 Received JSON:  {t: "30.60", p: "1.44"}
index.html:217 Received JSON:  {t: "30.61", p: "1.72"}
index.html:217 Received JSON:  {t: "30.61", p: "1.72"}
index.html:217 Received JSON:  {t: "30.61", p: "2.00"}
index.html:217 Received JSON:  {t: "30.61", p: "2.27"}
index.html:217 Received JSON:  {t: "30.63", p: "2.28"}
index.html:217 Received JSON:  {t: "30.63", p: "2.29"}
index.html:217 Received JSON:  {t: "30.64", p: "2.02"}
index.html:217 Received JSON:  {t: "30.64", p: "2.02"}
index.html:217 Received JSON:  {t: "30.65", p: "2.03"}
index.html:217 Received JSON:  {t: "30.65", p: "2.03"}
index.html:217 Received JSON:  {t: "30.66", p: "1.76"}
index.html:217 Received JSON:  {t: "30.66", p: "1.50"}
index.html:217 Received JSON:  {t: "30.66", p: "1.49"}
index.html:217 Received JSON:  {t: "30.67", p: "1.50"}
index.html:217 Received JSON:  {t: "30.67", p: "1.77"}
index.html:217 Received JSON:  {t: "30.68", p: "1.24"}
index.html:217 Received JSON:  {t: "30.69", p: "1.52"}
index.html:217 Received JSON:  {t: "30.70", p: "1.80"}
index.html:217 Received JSON:  {t: "30.69", p: "1.52"}
index.html:191 MAX:
index.html:192 1.9940642312701657
index.html:217 Received JSON:  {t: "30.70", p: "1.26"}
index.html:217 Received JSON:  {t: "30.71", p: "0.72"}
index.html:217 Received JSON:  {t: "30.71", p: "0.72"}
index.html:217 Received JSON:  {t: "30.72", p: "1.00"}
index.html:217 Received JSON:  {t: "30.72", p: "0.18"}
index.html:217 Received JSON:  {t: "30.73", p: "0.46"}
index.html:217 Received JSON:  {t: "30.73", p: "-0.08"}
index.html:217 Received JSON:  {t: "30.73", p: "-1.44"}
index.html:217 Received JSON:  {t: "30.74", p: "-1.44"}
index.html:217 Received JSON:  {t: "30.75", p: "-1.69"}
index.html:217 Received JSON:  {t: "30.75", p: "-0.88"}
index.html:217 Received JSON:  {t: "30.75", p: "-1.15"}
index.html:217 Received JSON:  {t: "30.76", p: "-1.42"}
index.html:217 Received JSON:  {t: "30.77", p: "-1.68"}
index.html:217 Received JSON:  {t: "30.77", p: "-1.41"}
index.html:217 Received JSON:  {t: "30.77", p: "-0.86"}
index.html:217 Received JSON:  {t: "30.78", p: "-0.85"}
index.html:217 Received JSON:  {t: "30.78", p: "-1.13"}
index.html:217 Received JSON:  {t: "30.79", p: "-0.84"}
index.html:217 Received JSON:  {t: "30.79", p: "-0.56"}
index.html:217 Received JSON:  {t: "30.79", p: "-0.84"}
index.html:217 Received JSON:  {t: "30.80", p: "-0.83"}
index.html:217 Received JSON:  {t: "30.80", p: "-0.29"}
index.html:217 Received JSON:  {t: "30.81", p: "-1.09"}
index.html:217 Received JSON:  {t: "30.81", p: "-0.55"}
index.html:217 Received JSON:  {t: "30.83", p: "-0.26"}
index.html:217 Received JSON:  {t: "30.83", p: "-0.53"}
index.html:217 Received JSON:  {t: "30.83", p: "0.28"}
index.html:217 Received JSON:  {t: "30.84", p: "0.02"}
index.html:217 Received JSON:  {t: "30.84", p: "0.57"}
index.html:217 Received JSON:  {t: "30.85", p: "1.39"}
index.html:217 Received JSON:  {t: "30.85", p: "1.94"}
index.html:217 Received JSON:  {t: "30.86", p: "2.22"}
index.html:217 Received JSON:  {t: "30.87", p: "2.77"}
index.html:217 Received JSON:  {t: "30.86", p: "2.22"}
index.html:217 Received JSON:  {t: "30.87", p: "1.41"}
index.html:217 Received JSON:  {t: "30.88", p: "1.42"}
index.html:217 Received JSON:  {t: "30.88", p: "1.97"}
index.html:217 Received JSON:  {t: "30.89", p: "1.15"}
index.html:217 Received JSON:  {t: "30.90", p: "1.44"}
index.html:217 Received JSON:  {t: "30.89", p: "1.70"}
index.html:217 Received JSON:  {t: "30.90", p: "1.44"}
index.html:217 Received JSON:  {t: "30.90", p: "1.44"}
index.html:217 Received JSON:  {t: "30.91", p: "1.72"}
index.html:217 Received JSON:  {t: "30.91", p: "1.72"}
index.html:217 Received JSON:  {t: "30.92", p: "1.18"}
index.html:217 Received JSON:  {t: "30.93", p: "1.19"}
index.html:217 Received JSON:  {t: "30.93", p: "1.19"}
index.html:191 MAX:
index.html:192 1.7344202642885158
index.html:198 Respiratory rate:
index.html:199 17
index.html:217 Received JSON:  {t: "30.93", p: "1.47"}
index.html:217 Received JSON:  {t: "30.94", p: "0.93"}
index.html:217 Received JSON:  {t: "30.95", p: "0.66"}
index.html:217 Received JSON:  {t: "30.95", p: "0.66"}
index.html:217 Received JSON:  {t: "30.96", p: "-0.15"}
index.html:217 Received JSON:  {t: "30.96", p: "0.13"}
index.html:217 Received JSON:  {t: "30.96", p: "-0.14"}
index.html:217 Received JSON:  {t: "30.97", p: "-0.14"}
index.html:217 Received JSON:  {t: "30.97", p: "-0.95"}
index.html:217 Received JSON:  {t: "30.97", p: "-0.95"}
index.html:217 Received JSON:  {t: "30.98", p: "-1.49"}
index.html:217 Received JSON:  {t: "30.99", p: "-0.93"}
index.html:217 Received JSON:  {t: "30.99", p: "-0.94"}
index.html:217 Received JSON:  {t: "30.99", p: "-0.94"}
index.html:217 Received JSON:  {t: "30.99", p: "-1.19"}
index.html:217 Received JSON:  {t: "31.00", p: "-0.93"}
index.html:217 Received JSON:  {t: "31.00", p: "-0.65"}
index.html:217 Received JSON:  {t: "31.01", p: "-0.37"}
index.html:217 Received JSON:  {t: "31.02", p: "-0.91"}
index.html:217 Received JSON:  {t: "31.02", p: "-0.63"}
index.html:217 Received JSON:  {t: "31.03", p: "-0.35"}
index.html:217 Received JSON:  {t: "31.03", p: "-0.63"}
index.html:217 Received JSON:  {t: "31.04", p: "-0.35"}
index.html:217 Received JSON:  {t: "31.04", p: "-0.07"}
index.html:217 Received JSON:  {t: "31.05", p: "-0.06"}
index.html:217 Received JSON:  {t: "31.05", p: "0.75"}
index.html:217 Received JSON:  {t: "31.05", p: "1.04"}
index.html:217 Received JSON:  {t: "31.06", p: "1.04"}
index.html:217 Received JSON:  {t: "31.07", p: "1.59"}
index.html:217 Received JSON:  {t: "31.07", p: "1.32"}
index.html:217 Received JSON:  {t: "31.07", p: "1.87"}
index.html:217 Received JSON:  {t: "31.08", p: "1.60"}
index.html:217 Received JSON:  {t: "31.08", p: "2.15"}
index.html:217 Received JSON:  {t: "31.09", p: "2.43"}
index.html:217 Received JSON:  {t: "31.09", p: "1.61"}
index.html:217 Received JSON:  {t: "31.10", p: "1.62"}
index.html:217 Received JSON:  {t: "31.10", p: "1.35"}
index.html:217 Received JSON:  {t: "31.10", p: "1.35"}
index.html:217 Received JSON:  {t: "31.11", p: "1.36"}
index.html:217 Received JSON:  {t: "31.11", p: "1.36"}
index.html:217 Received JSON:  {t: "31.12", p: "1.37"}
index.html:217 Received JSON:  {t: "31.13", p: "1.65"}
index.html:217 Received JSON:  {t: "31.13", p: "1.92"}
index.html:217 Received JSON:  {t: "31.13", p: "0.84"}
index.html:217 Received JSON:  {t: "31.13", p: "1.38"}
index.html:217 Received JSON:  {t: "31.15", p: "1.39"}
index.html:217 Received JSON:  {t: "31.14", p: "1.12"}
index.html:174 MAX:
index.html:175 1.6783807544128155
index.html:217 Received JSON:  {t: "31.15", p: "0.85"}
index.html:217 Received JSON:  {t: "31.16", p: "0.58"}
index.html:217 Received JSON:  {t: "31.17", p: "0.86"}
index.html:217 Received JSON:  {t: "31.16", p: "0.59"}
index.html:217 Received JSON:  {t: "31.17", p: "0.87"}
index.html:217 Received JSON:  {t: "31.17", p: "0.05"}
index.html:217 Received JSON:  {t: "31.18", p: "-0.49"}
index.html:217 Received JSON:  {t: "31.18", p: "-0.49"}
index.html:217 Received JSON:  {t: "31.19", p: "-0.48"}
index.html:217 Received JSON:  {t: "31.19", p: "-0.48"}
index.html:217 Received JSON:  {t: "31.20", p: "-0.74"}
index.html:217 Received JSON:  {t: "31.21", p: "-0.19"}
index.html:217 Received JSON:  {t: "31.21", p: "-0.47"}
index.html:217 Received JSON:  {t: "31.21", p: "0.09"}
index.html:217 Received JSON:  {t: "31.21", p: "-0.46"}
index.html:217 Received JSON:  {t: "31.22", p: "-0.99"}
index.html:217 Received JSON:  {t: "31.22", p: "-0.99"}
index.html:217 Received JSON:  {t: "31.23", p: "-0.44"}
index.html:217 Received JSON:  {t: "31.23", p: "-0.71"}
index.html:217 Received JSON:  {t: "31.23", p: "-0.71"}
index.html:217 Received JSON:  {t: "31.24", p: "-0.98"}
index.html:217 Received JSON:  {t: "31.25", p: "-0.69"}
index.html:217 Received JSON:  {t: "31.25", p: "-0.43"}
index.html:217 Received JSON:  {t: "31.26", p: "-0.42"}
index.html:217 Received JSON:  {t: "31.26", p: "0.13"}
index.html:217 Received JSON:  {t: "31.26", p: "1.23"}
index.html:217 Received JSON:  {t: "31.26", p: "1.77"}
index.html:217 Received JSON:  {t: "31.27", p: "1.23"}
index.html:217 Received JSON:  {t: "31.28", p: "2.06"}
index.html:217 Received JSON:  {t: "31.28", p: "2.34"}
index.html:217 Received JSON:  {t: "31.29", p: "1.53"}
index.html:217 Received JSON:  {t: "31.29", p: "2.35"}
index.html:217 Received JSON:  {t: "31.29", p: "2.07"}
index.html:217 Received JSON:  {t: "31.29", p: "2.35"}
index.html:217 Received JSON:  {t: "31.30", p: "1.81"}
index.html:217 Received JSON:  {t: "31.31", p: "1.54"}
index.html:217 Received JSON:  {t: "31.31", p: "1.27"}
index.html:217 Received JSON:  {t: "31.31", p: "1.82"}
index.html:217 Received JSON:  {t: "31.32", p: "1.83"}
index.html:217 Received JSON:  {t: "31.33", p: "1.56"}
index.html:217 Received JSON:  {t: "31.33", p: "1.84"}
index.html:217 Received JSON:  {t: "31.33", p: "2.11"}
index.html:217 Received JSON:  {t: "31.34", p: "1.57"}
index.html:217 Received JSON:  {t: "31.35", p: "1.57"}
index.html:217 Received JSON:  {t: "31.35", p: "1.57"}
index.html:217 Received JSON:  {t: "31.36", p: "1.04"}
index.html:191 MAX:
index.html:192 1.8875945209347484
index.html:217 Received JSON:  {t: "31.36", p: "1.86"}
index.html:217 Received JSON:  {t: "31.37", p: "1.05"}
index.html:217 Received JSON:  {t: "31.37", p: "0.77"}
index.html:217 Received JSON:  {t: "31.37", p: "0.78"}
index.html:217 Received JSON:  {t: "31.37", p: "0.51"}
index.html:217 Received JSON:  {t: "31.38", p: "-0.29"}
index.html:217 Received JSON:  {t: "31.39", p: "-1.12"}
index.html:217 Received JSON:  {t: "31.39", p: "-0.84"}
index.html:217 Received JSON:  {t: "31.39", p: "-1.38"}
index.html:217 Received JSON:  {t: "31.40", p: "-1.11"}
index.html:217 Received JSON:  {t: "31.40", p: "-1.38"}
index.html:217 Received JSON:  {t: "31.41", p: "-1.38"}
index.html:217 Received JSON:  {t: "31.41", p: "-0.27"}
index.html:217 Received JSON:  {t: "31.41", p: "-0.83"}
index.html:217 Received JSON:  {t: "31.42", p: "-0.82"}
index.html:217 Received JSON:  {t: "31.42", p: "-1.36"}
index.html:217 Received JSON:  {t: "31.43", p: "-1.08"}
index.html:217 Received JSON:  {t: "31.44", p: "-1.07"}
index.html:217 Received JSON:  {t: "31.44", p: "-0.79"}
index.html:217 Received JSON:  {t: "31.45", p: "-0.52"}
index.html:217 Received JSON:  {t: "31.45", p: "0.03"}
index.html:217 Received JSON:  {t: "31.45", p: "-0.52"}
index.html:217 Received JSON:  {t: "31.45", p: "0.31"}
index.html:217 Received JSON:  {t: "31.46", p: "0.86"}
index.html:217 Received JSON:  {t: "31.47", p: "2.23"}
index.html:217 Received JSON:  {t: "31.46", p: "2.23"}
index.html:217 Received JSON:  {t: "31.47", p: "1.96"}
index.html:217 Received JSON:  {t: "31.48", p: "1.43"}
index.html:217 Received JSON:  {t: "31.48", p: "1.97"}
index.html:217 Received JSON:  {t: "31.49", p: "1.97"}
index.html:217 Received JSON:  {t: "31.49", p: "1.16"}
index.html:217 Received JSON:  {t: "31.49", p: "1.71"}
index.html:217 Received JSON:  {t: "31.49", p: "1.72"}
index.html:217 Received JSON:  {t: "31.49", p: "1.72"}
index.html:217 Received JSON:  {t: "31.51", p: "2.00"}
index.html:217 Received JSON:  {t: "31.49", p: "1.44"}
index.html:217 Received JSON:  {t: "31.52", p: "2.00"}
index.html:217 Received JSON:  {t: "31.52", p: "1.74"}
index.html:217 Received JSON:  {t: "31.53", p: "1.74"}
index.html:217 Received JSON:  {t: "31.53", p: "1.47"}
index.html:217 Received JSON:  {t: "31.53", p: "1.75"}
index.html:217 Received JSON:  {t: "31.54", p: "2.03"}
index.html:217 Received JSON:  {t: "31.54", p: "1.21"}
index.html:217 Received JSON:  {t: "31.54", p: "0.66"}
index.html:191 MAX:
index.html:192 1.724329286730587
index.html:217 Received JSON:  {t: "31.55", p: "0.67"}
index.html:217 Received JSON:  {t: "31.56", p: "0.67"}
index.html:217 Received JSON:  {t: "31.56", p: "0.95"}
index.html:191 MAX:
index.html:192 1.7228454765306545
index.html:217 Received JSON:  {t: "31.56", p: "0.41"}
index.html:217 Received JSON:  {t: "31.57", p: "0.14"}
index.html:217 Received JSON:  {t: "31.57", p: "-0.95"}
index.html:217 Received JSON:  {t: "31.57", p: "-0.68"}
index.html:217 Received JSON:  {t: "31.58", p: "-0.94"}
index.html:217 Received JSON:  {t: "31.58", p: "-1.21"}
index.html:217 Received JSON:  {t: "31.59", p: "-0.94"}
index.html:217 Received JSON:  {t: "31.59", p: "-0.93"}
index.html:217 Received JSON:  {t: "31.59", p: "-0.66"}
index.html:217 Received JSON:  {t: "31.59", p: "-0.93"}
index.html:217 Received JSON:  {t: "31.60", p: "-1.19"}
index.html:217 Received JSON:  {t: "31.61", p: "-0.64"}
index.html:217 Received JSON:  {t: "31.61", p: "-0.92"}
index.html:217 Received JSON:  {t: "31.61", p: "-0.64"}
index.html:217 Received JSON:  {t: "31.62", p: "-0.89"}
index.html:217 Received JSON:  {t: "31.62", p: "-0.91"}
index.html:217 Received JSON:  {t: "31.62", p: "-0.89"}
index.html:217 Received JSON:  {t: "31.63", p: "-0.63"}
index.html:217 Received JSON:  {t: "31.64", p: "-1.17"}
index.html:217 Received JSON:  {t: "31.64", p: "-0.07"}
index.html:217 Received JSON:  {t: "31.65", p: "-0.06"}
index.html:217 Received JSON:  {t: "31.64", p: "-0.07"}
index.html:217 Received JSON:  {t: "31.65", p: "1.04"}
index.html:217 Received JSON:  {t: "31.66", p: "1.86"}
index.html:217 Received JSON:  {t: "31.65", p: "2.67"}
index.html:217 Received JSON:  {t: "31.66", p: "2.14"}
index.html:217 Received JSON:  {t: "31.66", p: "2.14"}
index.html:217 Received JSON:  {t: "31.67", p: "2.14"}
index.html:217 Received JSON:  {t: "31.67", p: "2.15"}
index.html:217 Received JSON:  {t: "31.68", p: "1.61"}
index.html:217 Received JSON:  {t: "31.69", p: "1.61"}
index.html:217 Received JSON:  {t: "31.69", p: "1.61"}
index.html:217 Received JSON:  {t: "31.69", p: "1.34"}
index.html:217 Received JSON:  {t: "31.69", p: "1.34"}
index.html:217 Received JSON:  {t: "31.69", p: "1.90"}
index.html:217 Received JSON:  {t: "31.71", p: "2.18"}
index.html:217 Received JSON:  {t: "31.70", p: "1.63"}
index.html:217 Received JSON:  {t: "31.71", p: "2.18"}
index.html:217 Received JSON:  {t: "31.72", p: "1.37"}
index.html:217 Received JSON:  {t: "31.72", p: "1.92"}
index.html:217 Received JSON:  {t: "31.73", p: "1.10"}
index.html:191 MAX:
index.html:192 1.842949831331199
index.html:217 Received JSON:  {t: "31.74", p: "1.12"}
index.html:217 Received JSON:  {t: "31.73", p: "0.56"}
index.html:217 Received JSON:  {t: "31.73", p: "0.56"}
index.html:217 Received JSON:  {t: "31.74", p: "0.84"}
index.html:217 Received JSON:  {t: "31.74", p: "0.30"}
index.html:217 Received JSON:  {t: "31.75", p: "-0.24"}
index.html:217 Received JSON:  {t: "31.75", p: "-1.06"}
index.html:217 Received JSON:  {t: "31.76", p: "0.04"}
index.html:217 Received JSON:  {t: "31.76", p: "-0.23"}
index.html:217 Received JSON:  {t: "31.77", p: "-0.77"}
index.html:217 Received JSON:  {t: "31.77", p: "-1.05"}
index.html:217 Received JSON:  {t: "31.77", p: "-0.77"}
index.html:217 Received JSON:  {t: "31.78", p: "-0.76"}
index.html:217 Received JSON:  {t: "31.78", p: "-0.76"}
index.html:217 Received JSON:  {t: "31.79", p: "-0.75"}
index.html:217 Received JSON:  {t: "31.79", p: "-0.75"}
index.html:217 Received JSON:  {t: "31.79", p: "-0.19"}
index.html:217 Received JSON:  {t: "31.81", p: "-1.01"}
index.html:217 Received JSON:  {t: "31.80", p: "-0.19"}
index.html:217 Received JSON:  {t: "31.81", p: "-0.46"}
index.html:217 Received JSON:  {t: "31.81", p: "-1.28"}
index.html:217 Received JSON:  {t: "31.81", p: "-1.01"}
index.html:217 Received JSON:  {t: "31.82", p: "-0.45"}
index.html:217 Received JSON:  {t: "31.82", p: "0.65"}
index.html:217 Received JSON:  {t: "31.83", p: "1.20"}
index.html:217 Received JSON:  {t: "31.83", p: "0.92"}
index.html:217 Received JSON:  {t: "31.83", p: "1.47"}
index.html:217 Received JSON:  {t: "31.84", p: "1.75"}
index.html:217 Received JSON:  {t: "31.84", p: "1.21"}
index.html:217 Received JSON:  {t: "31.84", p: "2.30"}
index.html:217 Received JSON:  {t: "31.85", p: "1.77"}
index.html:217 Received JSON:  {t: "31.85", p: "1.22"}
index.html:217 Received JSON:  {t: "31.85", p: "1.49"}
index.html:217 Received JSON:  {t: "31.86", p: "1.77"}
index.html:217 Received JSON:  {t: "31.87", p: "1.23"}
index.html:217 Received JSON:  {t: "31.87", p: "2.06"}
index.html:217 Received JSON:  {t: "31.88", p: "1.51"}
index.html:217 Received JSON:  {t: "31.88", p: "1.52"}
index.html:217 Received JSON:  {t: "31.88", p: "0.97"}
index.html:217 Received JSON:  {t: "31.89", p: "1.80"}
index.html:217 Received JSON:  {t: "31.89", p: "2.35"}
index.html:217 Received JSON:  {t: "31.89", p: "1.25"}
index.html:217 Received JSON:  {t: "31.90", p: "0.72"}
index.html:217 Received JSON:  {t: "31.89", p: "1.26"}
index.html:217 Received JSON:  {t: "31.91", p: "0.72"}
index.html:217 Received JSON:  {t: "31.91", p: "1.55"}
index.html:191 MAX:
index.html:192 1.5875632851333767
index.html:217 Received JSON:  {t: "31.91", p: "1.27"}
index.html:217 Received JSON:  {t: "31.92", p: "0.73"}
index.html:217 Received JSON:  {t: "31.92", p: "0.19"}
index.html:217 Received JSON:  {t: "31.92", p: "-0.09"}
index.html:217 Received JSON:  {t: "31.93", p: "-0.35"}
index.html:217 Received JSON:  {t: "31.93", p: "0.20"}
index.html:217 Received JSON:  {t: "31.93", p: "-0.62"}
index.html:217 Received JSON:  {t: "31.94", p: "-0.61"}
index.html:217 Received JSON:  {t: "31.94", p: "-0.62"}
index.html:217 Received JSON:  {t: "31.95", p: "-0.33"}
index.html:217 Received JSON:  {t: "31.95", p: "-0.59"}
index.html:217 Received JSON:  {t: "31.96", p: "-0.05"}
index.html:217 Received JSON:  {t: "31.96", p: "-0.87"}
index.html:217 Received JSON:  {t: "31.97", p: "-0.32"}
index.html:217 Received JSON:  {t: "31.97", p: "-0.87"}
index.html:217 Received JSON:  {t: "31.97", p: "-0.31"}
index.html:217 Received JSON:  {t: "31.97", p: "-1.13"}
index.html:217 Received JSON:  {t: "31.98", p: "-0.58"}
index.html:217 Received JSON:  {t: "31.98", p: "-0.31"}
index.html:217 Received JSON:  {t: "31.98", p: "-0.03"}
index.html:217 Received JSON:  {t: "31.99", p: "-0.29"}
index.html:217 Received JSON:  {t: "31.99", p: "-0.29"}
index.html:217 Received JSON:  {t: "31.99", p: "0.53"}
index.html:217 Received JSON:  {t: "31.99", p: "1.35"}
index.html:217 Received JSON:  {t: "32.00", p: "0.81"}
index.html:217 Received JSON:  {t: "32.01", p: "2.18"}
index.html:217 Received JSON:  {t: "32.01", p: "2.19"}
index.html:217 Received JSON:  {t: "32.02", p: "1.92"}
index.html:217 Received JSON:  {t: "32.02", p: "2.47"}
index.html:217 Received JSON:  {t: "32.02", p: "1.92"}
index.html:217 Received JSON:  {t: "32.02", p: "2.20"}
index.html:217 Received JSON:  {t: "32.03", p: "2.47"}
index.html:217 Received JSON:  {t: "32.04", p: "1.94"}
index.html:217 Received JSON:  {t: "32.04", p: "1.39"}
index.html:217 Received JSON:  {t: "32.04", p: "1.94"}
index.html:217 Received JSON:  {t: "32.05", p: "1.40"}
index.html:217 Received JSON:  {t: "32.05", p: "1.40"}
index.html:217 Received JSON:  {t: "32.05", p: "2.22"}
index.html:217 Received JSON:  {t: "32.05", p: "1.40"}
index.html:217 Received JSON:  {t: "32.06", p: "1.41"}
index.html:217 Received JSON:  {t: "32.06", p: "1.14"}
index.html:217 Received JSON:  {t: "32.07", p: "1.96"}
index.html:217 Received JSON:  {t: "32.07", p: "1.42"}
index.html:191 MAX:
index.html:192 1.9730141106852148
index.html:217 Received JSON:  {t: "32.08", p: "2.25"}
index.html:217 Received JSON:  {t: "32.08", p: "1.16"}
index.html:217 Received JSON:  {t: "32.08", p: "1.16"}
index.html:217 Received JSON:  {t: "32.09", p: "1.44"}
index.html:217 Received JSON:  {t: "32.09", p: "0.62"}
index.html:217 Received JSON:  {t: "32.09", p: "0.62"}
index.html:217 Received JSON:  {t: "32.09", p: "0.07"}
index.html:217 Received JSON:  {t: "32.09", p: "0.35"}
index.html:217 Received JSON:  {t: "32.10", p: "-1.01"}
index.html:217 Received JSON:  {t: "32.11", p: "-1.01"}
index.html:217 Received JSON:  {t: "32.11", p: "-1.55"}
index.html:217 Received JSON:  {t: "32.12", p: "-0.99"}
index.html:217 Received JSON:  {t: "32.12", p: "-0.73"}
index.html:217 Received JSON:  {t: "32.12", p: "-0.99"}
index.html:217 Received JSON:  {t: "32.12", p: "-0.99"}
index.html:217 Received JSON:  {t: "32.12", p: "-0.99"}
index.html:217 Received JSON:  {t: "32.13", p: "-0.99"}
index.html:217 Received JSON:  {t: "32.13", p: "-0.99"}
index.html:217 Received JSON:  {t: "32.14", p: "-0.43"}
index.html:217 Received JSON:  {t: "32.15", p: "0.40"}
index.html:217 Received JSON:  {t: "32.15", p: "-0.43"}
index.html:217 Received JSON:  {t: "32.15", p: "-0.69"}
index.html:217 Received JSON:  {t: "32.15", p: "-0.69"}
index.html:217 Received JSON:  {t: "32.16", p: "-0.41"}
index.html:217 Received JSON:  {t: "32.16", p: "0.13"}
index.html:217 Received JSON:  {t: "32.16", p: "0.96"}
index.html:217 Received JSON:  {t: "32.17", p: "1.24"}
index.html:217 Received JSON:  {t: "32.17", p: "1.51"}
index.html:217 Received JSON:  {t: "32.17", p: "1.78"}
index.html:217 Received JSON:  {t: "32.18", p: "2.07"}
index.html:217 Received JSON:  {t: "32.18", p: "2.34"}
index.html:217 Received JSON:  {t: "32.18", p: "1.52"}
index.html:217 Received JSON:  {t: "32.19", p: "2.07"}
index.html:217 Received JSON:  {t: "32.19", p: "2.07"}
index.html:217 Received JSON:  {t: "32.19", p: "1.53"}
index.html:217 Received JSON:  {t: "32.20", p: "0.99"}
index.html:217 Received JSON:  {t: "32.21", p: "2.09"}
index.html:217 Received JSON:  {t: "32.21", p: "1.82"}
index.html:217 Received JSON:  {t: "32.21", p: "1.55"}
index.html:217 Received JSON:  {t: "32.22", p: "1.56"}
index.html:217 Received JSON:  {t: "32.22", p: "2.10"}
index.html:217 Received JSON:  {t: "32.22", p: "0.74"}
index.html:217 Received JSON:  {t: "32.23", p: "0.75"}
index.html:217 Received JSON:  {t: "32.23", p: "1.02"}
index.html:217 Received JSON:  {t: "32.24", p: "1.57"}
index.html:217 Received JSON:  {t: "32.24", p: "1.30"}
index.html:191 MAX:
index.html:192 1.7719234365811074
index.html:217 Received JSON:  {t: "32.24", p: "1.30"}
index.html:217 Received JSON:  {t: "32.24", p: "0.76"}
index.html:217 Received JSON:  {t: "32.25", p: "0.76"}
index.html:217 Received JSON:  {t: "32.25", p: "0.77"}
index.html:217 Received JSON:  {t: "32.26", p: "0.23"}
index.html:217 Received JSON:  {t: "32.26", p: "-0.59"}
index.html:217 Received JSON:  {t: "32.26", p: "-0.59"}
index.html:217 Received JSON:  {t: "32.27", p: "-1.41"}
index.html:217 Received JSON:  {t: "32.27", p: "-0.86"}
index.html:217 Received JSON:  {t: "32.27", p: "-0.86"}
index.html:217 Received JSON:  {t: "32.28", p: "-0.85"}
index.html:217 Received JSON:  {t: "32.28", p: "-1.13"}
index.html:217 Received JSON:  {t: "32.28", p: "-1.39"}
index.html:217 Received JSON:  {t: "32.29", p: "-0.84"}
index.html:217 Received JSON:  {t: "32.29", p: "-0.84"}
index.html:217 Received JSON:  {t: "32.29", p: "-0.57"}
index.html:217 Received JSON:  {t: "32.30", p: "-1.38"}
index.html:217 Received JSON:  {t: "32.29", p: "-0.83"}
index.html:217 Received JSON:  {t: "32.30", p: "-0.83"}
index.html:217 Received JSON:  {t: "32.31", p: "-0.55"}
index.html:217 Received JSON:  {t: "32.32", p: "-1.37"}
index.html:217 Received JSON:  {t: "32.31", p: "-0.83"}
index.html:217 Received JSON:  {t: "32.32", p: "0.00"}
index.html:217 Received JSON:  {t: "32.32", p: "0.55"}
index.html:217 Received JSON:  {t: "32.32", p: "0.28"}
index.html:217 Received JSON:  {t: "32.33", p: "0.84"}
index.html:217 Received JSON:  {t: "32.33", p: "1.39"}
index.html:217 Received JSON:  {t: "32.33", p: "1.66"}
index.html:217 Received JSON:  {t: "32.34", p: "1.94"}
index.html:217 Received JSON:  {t: "32.34", p: "1.67"}
index.html:217 Received JSON:  {t: "32.35", p: "1.67"}
index.html:217 Received JSON:  {t: "32.35", p: "1.95"}
index.html:217 Received JSON:  {t: "32.36", p: "1.96"}
index.html:217 Received JSON:  {t: "32.36", p: "1.69"}
index.html:217 Received JSON:  {t: "32.36", p: "1.41"}
index.html:217 Received JSON:  {t: "32.36", p: "1.42"}
index.html:217 Received JSON:  {t: "32.37", p: "1.15"}
index.html:217 Received JSON:  {t: "32.37", p: "1.42"}
index.html:217 Received JSON:  {t: "32.37", p: "1.15"}
index.html:217 Received JSON:  {t: "32.38", p: "1.15"}
index.html:217 Received JSON:  {t: "32.38", p: "1.43"}
index.html:217 Received JSON:  {t: "32.39", p: "0.62"}
index.html:217 Received JSON:  {t: "32.39", p: "0.89"}
index.html:217 Received JSON:  {t: "32.39", p: "0.90"}
index.html:217 Received JSON:  {t: "32.39", p: "0.07"}
index.html:191 MAX:
index.html:192 1.6229897652092107
index.html:217 Received JSON:  {t: "32.39", p: "0.90"}
index.html:217 Received JSON:  {t: "32.40", p: "0.35"}
index.html:217 Received JSON:  {t: "32.40", p: "-0.74"}
index.html:217 Received JSON:  {t: "32.41", p: "-0.19"}
index.html:217 Received JSON:  {t: "32.41", p: "-0.46"}
index.html:217 Received JSON:  {t: "32.42", p: "-0.99"}
index.html:217 Received JSON:  {t: "32.42", p: "-0.99"}
index.html:217 Received JSON:  {t: "32.42", p: "-1.54"}
index.html:217 Received JSON:  {t: "32.42", p: "-0.45"}
index.html:217 Received JSON:  {t: "32.43", p: "-0.99"}
index.html:217 Received JSON:  {t: "32.43", p: "-0.17"}
index.html:217 Received JSON:  {t: "32.44", p: "-0.16"}
index.html:217 Received JSON:  {t: "32.44", p: "-0.71"}
index.html:217 Received JSON:  {t: "32.45", p: "-0.97"}
index.html:217 Received JSON:  {t: "32.44", p: "-1.25"}
index.html:217 Received JSON:  {t: "32.45", p: "-0.15"}
index.html:217 Received JSON:  {t: "32.45", p: "-0.97"}
index.html:217 Received JSON:  {t: "32.45", p: "-0.42"}
index.html:217 Received JSON:  {t: "32.46", p: "-0.14"}
index.html:217 Received JSON:  {t: "32.47", p: "0.14"}
index.html:217 Received JSON:  {t: "32.47", p: "0.69"}
index.html:217 Received JSON:  {t: "32.47", p: "1.24"}
index.html:217 Received JSON:  {t: "32.47", p: "1.79"}
index.html:217 Received JSON:  {t: "32.48", p: "2.61"}
index.html:217 Received JSON:  {t: "32.48", p: "1.80"}
index.html:217 Received JSON:  {t: "32.48", p: "2.34"}
index.html:217 Received JSON:  {t: "32.49", p: "2.07"}
index.html:217 Received JSON:  {t: "32.49", p: "1.80"}
index.html:217 Received JSON:  {t: "32.49", p: "2.09"}
index.html:217 Received JSON:  {t: "32.49", p: "2.09"}
index.html:217 Received JSON:  {t: "32.51", p: "1.55"}
index.html:217 Received JSON:  {t: "32.51", p: "2.37"}
index.html:217 Received JSON:  {t: "32.51", p: "2.09"}
index.html:217 Received JSON:  {t: "32.51", p: "1.55"}
index.html:217 Received JSON:  {t: "32.52", p: "2.37"}
index.html:217 Received JSON:  {t: "32.52", p: "2.11"}
index.html:217 Received JSON:  {t: "32.52", p: "1.29"}
index.html:217 Received JSON:  {t: "32.52", p: "1.29"}
index.html:217 Received JSON:  {t: "32.53", p: "1.02"}
index.html:217 Received JSON:  {t: "32.53", p: "0.20"}
index.html:217 Received JSON:  {t: "32.53", p: "0.20"}
index.html:217 Received JSON:  {t: "32.54", p: "-1.16"}
index.html:191 MAX:
index.html:192 2.000531802838438
index.html:217 Received JSON:  {t: "32.55", p: "-6.89"}
index.html:217 Received JSON:  {t: "32.55", p: "-9.09"}
index.html:217 Received JSON:  {t: "32.56", p: "-11.56"}
index.html:217 Received JSON:  {t: "32.56", p: "-11.83"}
index.html:217 Received JSON:  {t: "32.56", p: "-11.55"}
index.html:217 Received JSON:  {t: "32.56", p: "-11.28"}
index.html:217 Received JSON:  {t: "32.56", p: "-11.55"}
index.html:217 Received JSON:  {t: "32.56", p: "-11.83"}
index.html:217 Received JSON:  {t: "32.57", p: "-11.81"}
index.html:217 Received JSON:  {t: "32.57", p: "-12.09"}
index.html:217 Received JSON:  {t: "32.57", p: "-11.27"}
index.html:217 Received JSON:  {t: "32.58", p: "-10.71"}
index.html:217 Received JSON:  {t: "32.58", p: "-10.99"}
index.html:217 Received JSON:  {t: "32.59", p: "-10.71"}
index.html:217 Received JSON:  {t: "32.59", p: "-11.53"}
index.html:217 Received JSON:  {t: "32.59", p: "-11.25"}
index.html:217 Received JSON:  {t: "32.59", p: "-10.15"}
index.html:217 Received JSON:  {t: "32.59", p: "-10.15"}
index.html:217 Received JSON:  {t: "32.60", p: "-9.87"}
index.html:217 Received JSON:  {t: "32.60", p: "-9.32"}
index.html:217 Received JSON:  {t: "32.61", p: "-8.22"}
index.html:217 Received JSON:  {t: "32.61", p: "-7.13"}
index.html:217 Received JSON:  {t: "32.61", p: "-4.38"}
index.html:217 Received JSON:  {t: "32.62", p: "-0.82"}
index.html:217 Received JSON:  {t: "32.62", p: "1.37"}
index.html:217 Received JSON:  {t: "32.62", p: "11.24"}
index.html:217 Received JSON:  {t: "32.62", p: "12.61"}
index.html:217 Received JSON:  {t: "32.63", p: "13.71"}
index.html:217 Received JSON:  {t: "32.64", p: "13.17"}
index.html:217 Received JSON:  {t: "32.64", p: "11.53"}
index.html:217 Received JSON:  {t: "32.64", p: "10.16"}
index.html:217 Received JSON:  {t: "32.64", p: "9.07"}
index.html:217 Received JSON:  {t: "32.65", p: "8.80"}
index.html:217 Received JSON:  {t: "32.64", p: "8.25"}
index.html:217 Received JSON:  {t: "32.65", p: "8.80"}
index.html:217 Received JSON:  {t: "32.65", p: "8.26"}
index.html:217 Received JSON:  {t: "32.66", p: "7.16"}
index.html:217 Received JSON:  {t: "32.66", p: "7.16"}
index.html:217 Received JSON:  {t: "32.66", p: "6.89"}
index.html:217 Received JSON:  {t: "32.67", p: "7.17"}
index.html:217 Received JSON:  {t: "32.67", p: "7.45"}
index.html:217 Received JSON:  {t: "32.68", p: "8.55"}
index.html:217 Received JSON:  {t: "32.68", p: "8.01"}
index.html:191 MAX:
index.html:192 9.90007460244105
index.html:217 Received JSON:  {t: "32.68", p: "7.46"}
index.html:217 Received JSON:  {t: "32.68", p: "7.73"}
index.html:217 Received JSON:  {t: "32.69", p: "7.47"}
index.html:217 Received JSON:  {t: "32.69", p: "6.37"}
index.html:217 Received JSON:  {t: "32.69", p: "6.93"}
index.html:217 Received JSON:  {t: "32.70", p: "5.84"}
index.html:217 Received JSON:  {t: "32.70", p: "5.84"}
index.html:217 Received JSON:  {t: "32.71", p: "6.11"}
index.html:217 Received JSON:  {t: "32.71", p: "6.39"}
index.html:217 Received JSON:  {t: "32.71", p: "6.94"}
index.html:217 Received JSON:  {t: "32.72", p: "7.22"}
index.html:217 Received JSON:  {t: "32.72", p: "6.94"}
index.html:217 Received JSON:  {t: "32.72", p: "6.95"}
index.html:217 Received JSON:  {t: "32.72", p: "6.95"}
index.html:217 Received JSON:  {t: "32.72", p: "7.23"}
index.html:217 Received JSON:  {t: "32.73", p: "6.41"}
index.html:217 Received JSON:  {t: "32.73", p: "6.41"}
index.html:217 Received JSON:  {t: "32.74", p: "5.87"}
index.html:217 Received JSON:  {t: "32.74", p: "5.87"}
index.html:217 Received JSON:  {t: "32.74", p: "5.60"}
index.html:217 Received JSON:  {t: "32.75", p: "6.15"}
index.html:217 Received JSON:  {t: "32.75", p: "5.61"}
index.html:217 Received JSON:  {t: "32.76", p: "6.71"}
index.html:217 Received JSON:  {t: "32.76", p: "5.61"}
index.html:217 Received JSON:  {t: "32.76", p: "4.52"}
index.html:191 MAX:
index.html:192 6.723477495038789
index.html:217 Received JSON:  {t: "32.76", p: "3.42"}
index.html:217 Received JSON:  {t: "32.77", p: "2.61"}
index.html:217 Received JSON:  {t: "32.76", p: "1.78"}
index.html:217 Received JSON:  {t: "32.76", p: "1.24"}
index.html:217 Received JSON:  {t: "32.78", p: "0.43"}
index.html:217 Received JSON:  {t: "32.77", p: "-0.95"}
index.html:217 Received JSON:  {t: "32.78", p: "-1.21"}
index.html:217 Received JSON:  {t: "32.79", p: "-2.03"}
index.html:217 Received JSON:  {t: "32.79", p: "-2.58"}
index.html:217 Received JSON:  {t: "32.79", p: "-2.57"}
index.html:217 Received JSON:  {t: "32.80", p: "-2.29"}
index.html:217 Received JSON:  {t: "32.79", p: "-2.29"}
index.html:217 Received JSON:  {t: "32.80", p: "-3.11"}
index.html:217 Received JSON:  {t: "32.81", p: "-2.29"}
index.html:217 Received JSON:  {t: "32.80", p: "-2.57"}
index.html:217 Received JSON:  {t: "32.81", p: "-2.83"}
index.html:217 Received JSON:  {t: "32.81", p: "-2.28"}
index.html:217 Received JSON:  {t: "32.81", p: "-2.01"}
index.html:217 Received JSON:  {t: "32.82", p: "-2.55"}
index.html:217 Received JSON:  {t: "32.82", p: "-1.73"}
index.html:217 Received JSON:  {t: "32.82", p: "-1.18"}
index.html:217 Received JSON:  {t: "32.83", p: "-1.72"}
index.html:217 Received JSON:  {t: "32.83", p: "-1.99"}
index.html:217 Received JSON:  {t: "32.83", p: "-1.72"}
index.html:217 Received JSON:  {t: "32.84", p: "-1.16"}
index.html:217 Received JSON:  {t: "32.84", p: "-0.89"}
index.html:217 Received JSON:  {t: "32.84", p: "-0.89"}
index.html:217 Received JSON:  {t: "32.85", p: "-0.33"}
index.html:217 Received JSON:  {t: "32.85", p: "-0.88"}
index.html:217 Received JSON:  {t: "32.85", p: "-1.15"}
index.html:217 Received JSON:  {t: "32.86", p: "-0.87"}
index.html:217 Received JSON:  {t: "32.86", p: "-0.87"}
index.html:217 Received JSON:  {t: "32.87", p: "-0.32"}
index.html:217 Received JSON:  {t: "32.87", p: "-0.32"}
index.html:217 Received JSON:  {t: "32.87", p: "-0.04"}
index.html:217 Received JSON:  {t: "32.87", p: "1.06"}
index.html:217 Received JSON:  {t: "32.87", p: "2.16"}
index.html:217 Received JSON:  {t: "32.88", p: "1.62"}
index.html:217 Received JSON:  {t: "32.88", p: "2.72"}
index.html:217 Received JSON:  {t: "32.89", p: "1.90"}
index.html:217 Received JSON:  {t: "32.88", p: "2.99"}
index.html:217 Received JSON:  {t: "32.89", p: "1.90"}
index.html:217 Received JSON:  {t: "32.89", p: "1.91"}
index.html:217 Received JSON:  {t: "32.89", p: "2.45"}
index.html:217 Received JSON:  {t: "32.89", p: "2.45"}
index.html:217 Received JSON:  {t: "32.90", p: "2.18"}
index.html:217 Received JSON:  {t: "32.91", p: "2.19"}
index.html:217 Received JSON:  {t: "32.91", p: "1.64"}
index.html:217 Received JSON:  {t: "32.92", p: "1.93"}
index.html:217 Received JSON:  {t: "32.92", p: "0.56"}
index.html:217 Received JSON:  {t: "32.91", p: "1.37"}
index.html:217 Received JSON:  {t: "32.92", p: "1.65"}
index.html:217 Received JSON:  {t: "32.92", p: "0.83"}
index.html:217 Received JSON:  {t: "32.93", p: "1.66"}
index.html:217 Received JSON:  {t: "32.93", p: "0.56"}
index.html:191 MAX:
index.html:192 2.152488600606136
index.html:217 Received JSON:  {t: "32.94", p: "0.85"}
index.html:217 Received JSON:  {t: "32.94", p: "0.57"}
index.html:217 Received JSON:  {t: "32.94", p: "0.57"}
index.html:217 Received JSON:  {t: "32.95", p: "0.31"}
index.html:217 Received JSON:  {t: "32.95", p: "-0.52"}
index.html:217 Received JSON:  {t: "32.95", p: "-0.51"}
index.html:217 Received JSON:  {t: "32.95", p: "-1.06"}
index.html:217 Received JSON:  {t: "32.95", p: "-0.78"}
index.html:217 Received JSON:  {t: "32.96", p: "-1.33"}
index.html:217 Received JSON:  {t: "32.97", p: "-0.77"}
index.html:217 Received JSON:  {t: "32.96", p: "-1.05"}
index.html:217 Received JSON:  {t: "32.97", p: "-1.04"}
index.html:217 Received JSON:  {t: "32.97", p: "-1.31"}
index.html:217 Received JSON:  {t: "32.98", p: "-0.21"}
index.html:217 Received JSON:  {t: "32.98", p: "-0.76"}
index.html:217 Received JSON:  {t: "32.98", p: "-1.31"}
index.html:217 Received JSON:  {t: "32.99", p: "-0.48"}
index.html:217 Received JSON:  {t: "32.99", p: "-0.48"}
index.html:217 Received JSON:  {t: "32.99", p: "-1.29"}
index.html:217 Received JSON:  {t: "32.99", p: "-1.29"}
index.html:217 Received JSON:  {t: "32.99", p: "-1.02"}
index.html:217 Received JSON:  {t: "33.00", p: "-2.39"}
index.html:217 Received JSON:  {t: "33.00", p: "-1.56"}
index.html:217 Received JSON:  {t: "33.00", p: "-1.56"}
index.html:217 Received JSON:  {t: "33.01", p: "-0.73"}
index.html:217 Received JSON:  {t: "33.01", p: "-1.28"}
index.html:191 MAX:
index.html:192 -0.9001314186482008
index.html:217 Received JSON:  {t: "33.01", p: "-0.73"}
index.html:217 Received JSON:  {t: "33.01", p: "-0.73"}
index.html:217 Received JSON:  {t: "33.02", p: "-0.73"}
index.html:217 Received JSON:  {t: "33.03", p: "0.11"}
index.html:217 Received JSON:  {t: "33.02", p: "0.92"}
index.html:217 Received JSON:  {t: "33.03", p: "2.57"}
index.html:217 Received JSON:  {t: "33.03", p: "2.30"}
index.html:217 Received JSON:  {t: "33.03", p: "2.31"}
index.html:217 Received JSON:  {t: "33.04", p: "2.04"}
index.html:217 Received JSON:  {t: "33.04", p: "2.32"}
index.html:217 Received JSON:  {t: "33.04", p: "2.59"}
index.html:217 Received JSON:  {t: "33.04", p: "2.86"}
index.html:217 Received JSON:  {t: "33.05", p: "2.32"}
index.html:217 Received JSON:  {t: "33.05", p: "1.50"}
index.html:217 Received JSON:  {t: "33.06", p: "2.05"}
index.html:217 Received JSON:  {t: "33.07", p: "2.34"}
index.html:217 Received JSON:  {t: "33.06", p: "1.51"}
index.html:217 Received JSON:  {t: "33.07", p: "1.51"}
index.html:217 Received JSON:  {t: "33.07", p: "1.52"}
index.html:217 Received JSON:  {t: "33.07", p: "1.52"}
index.html:217 Received JSON:  {t: "33.07", p: "1.52"}
index.html:217 Received JSON:  {t: "33.08", p: "1.53"}
index.html:217 Received JSON:  {t: "33.07", p: "1.25"}
index.html:217 Received JSON:  {t: "33.08", p: "1.26"}
index.html:191 MAX:
index.html:192 2.1925614651113414
index.html:217 Received JSON:  {t: "33.08", p: "2.07"}
index.html:217 Received JSON:  {t: "33.09", p: "1.26"}
index.html:217 Received JSON:  {t: "33.09", p: "1.26"}
index.html:217 Received JSON:  {t: "33.09", p: "0.17"}
index.html:217 Received JSON:  {t: "33.09", p: "0.72"}
index.html:217 Received JSON:  {t: "33.09", p: "0.17"}
index.html:217 Received JSON:  {t: "33.11", p: "0.17"}
index.html:217 Received JSON:  {t: "33.11", p: "-0.37"}
index.html:217 Received JSON:  {t: "33.11", p: "-0.92"}
index.html:217 Received JSON:  {t: "33.11", p: "-0.09"}
index.html:217 Received JSON:  {t: "33.12", p: "-0.36"}
index.html:217 Received JSON:  {t: "33.12", p: "-0.63"}
index.html:217 Received JSON:  {t: "33.12", p: "-1.18"}
index.html:217 Received JSON:  {t: "33.13", p: "-1.45"}
index.html:217 Received JSON:  {t: "33.13", p: "-1.72"}
index.html:217 Received JSON:  {t: "33.13", p: "-0.89"}
index.html:217 Received JSON:  {t: "33.14", p: "-1.99"}
index.html:217 Received JSON:  {t: "33.14", p: "-1.44"}
index.html:217 Received JSON:  {t: "33.14", p: "-0.89"}
index.html:217 Received JSON:  {t: "33.14", p: "-1.16"}
index.html:217 Received JSON:  {t: "33.15", p: "-0.33"}
index.html:217 Received JSON:  {t: "33.15", p: "-0.88"}
index.html:217 Received JSON:  {t: "33.15", p: "-0.87"}
index.html:217 Received JSON:  {t: "33.15", p: "-0.05"}
index.html:217 Received JSON:  {t: "33.16", p: "0.51"}
 Received JSON:  {t: "33.16", p: "0.78"}
 Received JSON:  {t: "33.17", p: "2.43"}
 Received JSON:  {t: "33.16", p: "2.43"}
 Received JSON:  {t: "33.17", p: "2.43"}
 Received JSON:  {t: "33.17", p: "2.16"}
 Received JSON:  {t: "33.18", p: "2.44"}
 Received JSON:  {t: "33.18", p: "2.99"}
 Received JSON:  {t: "33.18", p: "1.89"}
 Received JSON:  {t: "33.19", p: "1.90"}
 Received JSON:  {t: "33.19", p: "1.90"}
 Received JSON:  {t: "33.19", p: "1.90"}
 Received JSON:  {t: "33.19", p: "1.90"}
 Received JSON:  {t: "33.19", p: "2.18"}
 Received JSON:  {t: "33.19", p: "1.91"}
 Received JSON:  {t: "33.19", p: "2.73"}
 Received JSON:  {t: "33.21", p: "1.64"}
 Received JSON:  {t: "33.20", p: "0.82"}
 Received JSON:  {t: "33.21", p: "1.65"}
 Received JSON:  {t: "33.21", p: "1.65"}
 Received JSON:  {t: "33.22", p: "1.37"}
 MAX:
 2.1633183979397166
 Received JSON:  {t: "33.22", p: "0.28"}
 Received JSON:  {t: "33.23", p: "0.29"}
 Received JSON:  {t: "33.22", p: "0.01"}
 Received JSON:  {t: "33.23", p: "-0.53"}
 Received JSON:  {t: "33.23", p: "-0.26"}
 Received JSON:  {t: "33.23", p: "-0.79"}
 Received JSON:  {t: "33.24", p: "-0.79"}
 Received JSON:  {t: "33.23", p: "-1.07"}
 Received JSON:  {t: "33.24", p: "-1.34"}
 Received JSON:  {t: "33.25", p: "-1.06"}
 Received JSON:  {t: "33.25", p: "-0.51"}
 Received JSON:  {t: "33.25", p: "-0.79"}
 Received JSON:  {t: "33.25", p: "-0.51"}
 Received JSON:  {t: "33.25", p: "-0.24"}
 Received JSON:  {t: "33.25", p: "-0.79"}
 Received JSON:  {t: "33.25", p: "-0.51"}
 Received JSON:  {t: "33.27", p: "-0.23"}
 Received JSON:  {t: "33.27", p: "0.60"}
 Received JSON:  {t: "33.27", p: "1.15"}
 Received JSON:  {t: "33.27", p: "1.97"}
 Received JSON:  {t: "33.27", p: "1.71"}
 Received JSON:  {t: "33.28", p: "2.53"}
 Received JSON:  {t: "33.28", p: "2.26"}
 Received JSON:  {t: "33.28", p: "2.53"}
 Received JSON:  {t: "33.28", p: "2.26"}
 Received JSON:  {t: "33.29", p: "1.17"}
 Received JSON:  {t: "33.29", p: "1.72"}
 Received JSON:  {t: "33.29", p: "2.00"}
 Received JSON:  {t: "33.29", p: "2.00"}
 Received JSON:  {t: "33.31", p: "0.64"}
 Received JSON:  {t: "33.31", p: "1.73"}
 Received JSON:  {t: "33.31", p: "1.46"}
 Received JSON:  {t: "33.31", p: "1.19"}
 Received JSON:  {t: "33.31", p: "0.91"}
 Received JSON:  {t: "33.31", p: "1.46"}
 Received JSON:  {t: "33.31", p: "0.91"}
 Received JSON:  {t: "33.31", p: "1.19"}
 MAX:
 1.8891494412117287
 Received JSON:  {t: "33.32", p: "0.65"}
 Received JSON:  {t: "33.33", p: "0.11"}
 Received JSON:  {t: "33.32", p: "0.10"}
