25.69	994.57
25.70	994.58
25.72	994.60
25.72	995.18
25.73	994.62
25.74	994.34
25.75	994.36
25.76	994.37
25.76	995.23
25.77	994.09
25.77	994.38
25.79	994.41
25.79	994.70
25.79	994.14
25.81	994.44
25.81	994.15
25.82	994.17
25.83	994.18
25.83	994.18
25.84	993.62
25.85	993.63
25.86	993.64
25.86	993.64
25.87	993.37
25.88	993.10
25.88	992.81
25.89	992.83
25.89	992.83
25.90	993.13
25.91	993.44
25.91	994.58
25.92	994.02
25.93	994.61
25.94	994.33
25.94	993.76
25.95	994.63
25.95	994.35
25.96	994.36
25.97	994.37
25.98	994.96
25.99	994.11
25.99	994.12
26.00	994.70
26.00	994.42
26.01	994.43
26.02	994.44
26.03	995.02
26.04	994.46
26.04	994.19
26.04	994.76
26.05	994.77
26.06	993.93
26.07	994.22
26.08	994.23
26.08	993.66
26.08	993.96
26.09	993.40
26.10	993.12
26.11	993.71
26.12	993.14
26.13	992.87
26.13	993.16
26.14	993.74
26.15	993.47
26.15	994.33
26.16	994.92
26.16	994.07
26.17	994.65
26.18	994.37
26.18	994.66
26.19	994.68
26.20	994.40
26.21	994.70
26.21	994.13
26.22	994.72
26.23	995.30
26.23	995.31
26.24	994.46
26.25	994.18
26.25	994.47
26.26	995.35
26.28	994.79
26.28	993.94
26.29	993.94
26.29	994.82
26.29	994.53
26.31	993.98
26.31	993.98
26.32	993.99
26.32	993.70
26.34	993.44
26.33	993.15
26.35	992.88
26.36	992.89
26.37	993.48
26.37	993.48
26.38	993.49
26.39	993.79
26.39	994.66
26.39	995.24
26.41	994.39
26.42	994.69
26.42	995.28
26.43	995.29
26.43	995.01
26.44	995.31
26.45	995.60
26.45	995.32
26.46	995.33
26.47	995.34
26.47	995.06
26.48	995.07
26.49	995.37
26.50	994.81
26.50	993.67
26.51	992.52
26.51	993.11
26.52	993.12
26.54	992.85
26.54	993.42
27.54	1.88
27.55	1.61
27.56	1.61
27.57	2.20
27.57	1.92
27.58	1.93
27.58	2.22
27.59	1.95
27.59	1.95
27.62	1.98
27.62	2.27
27.62	2.27
27.62	2.28
27.63	2.29
27.65	2.31
27.65	1.45
27.66	1.75
27.66	1.47
27.67	1.76
27.67	2.64
27.67	1.77
27.69	2.08
27.69	1.51
27.70	1.81
27.71	1.53
27.71	1.83
27.72	2.12
27.73	1.56
27.73	2.14
27.74	1.57
27.75	2.16
27.76	1.88
27.76	2.18
27.76	1.89
27.77	1.04
27.78	2.49
27.79	1.06
27.79	0.78
27.79	1.08
27.81	1.09
27.81	1.10
27.82	0.82
27.83	1.12
27.83	1.12
27.84	0.56
27.84	1.72
27.86	0.88
27.86	0.58
27.86	0.88
27.88	1.18
27.88	1.18
27.88	0.91
27.89	1.21
27.89	1.50
27.90	0.93
27.91	0.94
27.91	1.24
27.92	0.67
27.93	2.12
27.93	1.84
27.95	0.99
27.95	2.15
27.95	1.87
27.96	1.88
27.97	2.46
27.97	1.60
27.98	2.19
27.99	2.21
27.99	2.49
28.00	2.22
28.00	2.22
28.02	1.95
28.02	2.54
28.03	2.26
28.03	2.26
28.04	1.70
28.04	2.28
28.05	1.71
28.06	2.59
28.06	2.30
28.07	2.32
28.08	2.32
28.09	2.34
28.09	2.92
28.09	2.06
28.10	2.07
28.12	2.38
28.12	2.38
28.12	2.10
28.13	2.40
28.14	2.41
28.14	2.13
28.15	2.42
28.16	2.15
28.16	1.29
28.16	1.58
28.17	1.87
28.18	1.88
28.18	1.32
28.19	1.61
28.20	0.76
28.21	0.78
28.21	0.20
28.21	0.78
28.23	0.22
28.23	0.80
28.24	1.38
28.24	1.39
28.25	0.83
28.25	0.55
28.26	2.28
28.27	1.43
28.28	1.73
28.28	0.87
28.28	1.46
28.29	0.88
28.29	0.61
28.31	0.33
28.31	0.92
28.32	1.50
28.32	1.79
28.32	3.24
28.34	2.39
28.34	2.97
28.35	2.70
28.35	2.99
28.36	2.14
28.37	2.72
28.37	2.16
28.38	2.46
28.38	2.17
28.39	2.18
28.39	2.47
28.40	2.48
28.41	2.49
28.41	2.78
28.42	2.22
28.43	1.65
28.44	2.53
28.45	2.25
28.45	2.25
28.45	2.55
28.46	1.70
28.46	2.57
28.47	2.58
28.48	2.30
28.49	1.73
28.49	1.45
28.49	1.17
28.50	1.18
28.50	0.89
28.51	0.90
28.53	0.63
28.53	0.92
28.53	0.93
28.54	0.94
28.54	0.66
28.55	0.38
28.56	0.67
28.56	1.54
28.57	1.56
28.57	1.28
28.58	2.73
28.59	2.45
28.60	2.18
28.59	2.74
28.61	1.90
28.61	3.06
28.62	2.78
28.62	1.92
28.63	3.08
28.64	2.23
28.64	2.23
28.64	2.52
28.65	2.54
28.66	2.55
28.66	3.13
28.67	3.14
28.67	3.43
28.69	2.30
28.69	3.17
28.69	2.02
28.70	2.32
28.71	2.33
28.72	2.06
28.72	2.63
28.73	2.06
28.73	2.36
28.74	2.36
28.74	1.51
28.75	1.81
28.75	0.94
28.76	0.67
28.77	0.39
28.78	0.97
28.78	1.56
28.78	0.98
28.79	1.58
28.80	1.30
28.81	1.60
28.81	1.89
28.82	2.20
28.82	2.19
28.83	2.49
28.84	3.37
28.84	3.38
28.85	2.81
28.85	3.10
28.86	3.11
28.86	2.83
28.88	3.14
28.88	2.56
28.89	2.86
28.89	1.71
28.89	2.58
28.90	2.01
28.91	2.60
28.91	2.31
28.92	2.62
28.93	1.18
28.93	1.77
28.94	2.35
28.94	1.20
28.95	1.79
28.95	1.51
28.96	1.51
28.97	0.95
28.98	1.26
28.98	1.25
28.98	0.68
28.99	2.42
28.99	3.01
28.99	2.72
29.01	2.74
29.02	2.75
29.02	3.04
29.02	2.18
29.03	2.48
29.03	2.48
29.04	2.20
29.05	2.51
29.06	2.23
29.06	2.52
29.06	2.24
29.08	1.39
29.08	2.84
29.08	2.26
29.09	1.98
29.09	2.56
29.10	2.00
29.11	1.72
29.12	1.45
29.12	1.45
29.13	1.75
29.13	2.04
29.13	0.88
29.15	1.48
29.15	1.49
29.15	1.78
29.16	1.80
29.16	1.51
29.17	1.81
29.18	2.40
29.18	2.11
29.19	1.54
29.19	1.84
29.19	0.98
29.21	1.86
29.21	2.15
29.21	2.15
29.23	2.75
29.23	2.17
29.24	1.90
29.24	2.48
29.25	2.78
29.25	2.21
29.26	2.51
29.27	3.09
29.27	2.51
29.27	3.11
29.27	2.53
29.29	2.83
29.29	2.55
29.30	2.27
29.30	2.85
29.31	3.15
29.31	3.16
29.32	2.58
29.33	2.60
29.33	3.47
29.34	2.03
29.34	2.04
29.35	2.63
29.36	2.07
29.36	2.35
29.36	2.07
29.37	2.95
29.37	2.08
29.38	1.52
29.39	1.81
29.39	1.54
29.39	2.11
29.41	1.84
29.41	1.55
29.41	1.85
29.42	1.86
29.43	1.29
29.43	1.58
29.44	1.60
29.44	1.60
29.45	1.61
29.45	1.90
29.46	1.04
29.47	1.63
29.47	2.21
29.47	1.94
29.47	1.94
29.48	1.95
29.49	2.83
29.49	3.12
29.51	2.85
29.51	2.56
29.51	2.86
29.52	3.15
29.52	3.16
29.53	2.58
29.53	2.88
29.54	2.90
29.54	2.90
29.55	3.19
29.56	3.21
29.56	2.64
29.57	2.64
29.57	2.35
29.58	2.37
29.58	2.37
29.59	2.38
29.59	2.96
29.60	2.97
29.61	2.70
29.61	2.70
29.62	2.71
29.62	2.14
29.63	2.43
29.63	2.43
29.64	3.03
29.64	1.87
29.64	2.46
29.65	2.47
29.65	3.05
29.66	2.19
29.67	2.78
29.68	2.50
29.68	1.06
29.68	1.93
29.69	1.36
29.69	1.95
29.69	2.24
29.71	1.68
29.71	1.97
29.72	1.68
29.72	1.99
29.73	1.42
29.73	2.00
29.74	1.43
29.75	2.02
29.75	1.44
29.76	1.46
29.76	2.33
29.76	2.04
29.77	2.63
29.78	2.93
29.77	2.64
29.79	3.24
29.79	2.95
29.79	2.66
29.80	2.38
29.81	2.40
29.82	3.28
29.82	2.70
29.83	3.00
29.83	3.00
29.84	3.59
29.84	3.31
29.85	3.32
29.85	2.74
29.85	3.32
29.86	3.33
29.86	3.34
29.86	3.34
29.88	2.48
29.88	2.49
29.88	2.50
29.89	2.80
29.89	2.51
29.91	2.24
29.91	2.24
29.91	2.25
29.91	1.96
29.92	3.13
29.93	1.98
29.93	2.57
29.93	2.28
29.94	2.29
29.95	1.43
29.96	2.02
29.96	2.02
29.96	1.74
29.97	1.46
29.97	1.46
29.98	1.76
29.98	1.77
29.99	2.35
29.99	1.78
30.00	1.50
30.00	2.08
30.01	2.09
30.02	2.10
30.02	2.11
30.03	2.12
30.04	2.13
30.04	2.42
30.04	2.71
30.04	3.01
30.05	3.02
30.06	3.32
30.06	2.74
30.06	3.03
30.08	3.63
30.08	3.64
30.08	3.06
30.08	3.07
30.09	3.07
30.09	3.08
30.09	3.08
30.10	3.09
30.12	3.11
30.12	2.54
30.12	2.82
30.13	2.55
30.13	2.55
30.14	3.15
30.14	2.28
30.15	2.57
30.16	2.58
30.16	2.59
30.16	2.30
30.16	2.88
30.17	2.90
30.17	2.32
30.18	3.49
30.19	2.63
30.19	1.76
30.19	1.77
30.21	2.36
30.21	2.65
30.21	1.79
30.22	2.09
30.22	1.51
30.23	1.81
30.24	1.25
30.25	1.55
30.24	2.12
30.25	1.84
30.25	1.27
30.25	1.56
30.26	1.86
30.27	2.74
30.28	2.17
30.28	2.17
30.28	2.47
30.29	2.76
30.29	2.77
30.29	2.77
30.31	3.37
30.31	3.38
30.31	2.22
30.32	2.81
30.32	3.10
30.33	3.12
30.33	3.12
30.34	2.26
30.35	3.43
30.35	3.14
30.35	4.30
30.36	2.86
30.36	3.45
30.37	2.88
30.37	3.46
30.37	2.88
30.38	2.32
30.39	2.32
30.39	2.61
30.39	2.62
30.41	3.22
30.41	2.64
30.41	2.65
30.41	2.94
30.42	2.95
30.42	2.66
30.43	2.67
30.43	2.67
30.44	2.68
30.44	2.98
30.45	2.40
30.45	2.40
30.46	1.56
30.46	2.72
30.47	2.14
30.47	1.86
30.48	1.58
30.49	1.30
30.49	1.89
30.49	2.18
30.49	2.18
30.51	2.20
30.51	2.20
30.52	2.21
30.51	1.62
30.53	1.93
30.52	2.51
30.53	2.81
30.53	2.23
30.54	2.83
30.54	3.12
30.55	3.99
30.56	3.14
30.56	3.72
30.56	3.72
30.57	2.86
30.57	3.45
30.58	3.46
30.58	3.46
30.59	2.89
30.59	3.47
30.59	3.48
30.59	2.61
30.61	2.91
30.61	2.92
30.61	2.93
30.62	2.93
30.61	2.64
30.63	3.24
30.63	2.37
30.64	2.67
30.64	3.25
30.64	2.38
30.65	3.27
30.65	2.98
30.66	2.99
30.67	3.00
30.67	2.71
30.68	2.43
30.68	2.43
30.69	3.02
30.69	2.44
30.69	1.87
30.69	2.17
30.70	2.47
30.71	2.18
30.71	1.90
30.72	1.91
30.73	1.92
30.73	2.22
30.73	1.64
30.73	1.93
30.74	2.52
30.74	2.23
30.75	2.53
30.75	2.54
30.76	2.25
30.76	2.55
30.77	2.56
30.77	2.86
30.77	3.73
30.78	3.45
30.78	3.74
30.79	2.59
30.79	3.46
30.80	3.47
30.80	3.18
30.81	3.77
30.82	3.79
30.82	3.80
30.82	3.22
30.82	2.93
30.83	3.23
30.83	3.23
30.84	3.52
30.85	2.96
30.85	3.83
30.85	2.38
30.86	2.97
30.87	2.98
30.87	3.28
30.87	3.28
30.88	3.29
30.88	3.58
30.89	3.60
30.89	3.60
30.89	3.02
30.91	2.75
30.90	3.04
30.91	2.75
30.91	2.17
30.92	2.18
30.92	2.19
30.93	1.91
30.93	1.91
30.93	2.21
30.94	2.21
30.94	2.21
30.95	2.23
30.95	2.52
30.95	2.23
30.97	1.96
30.97	2.83
30.97	3.42
30.97	3.13
30.98	2.85
30.98	3.15
30.99	3.15
30.99	2.57
30.99	3.46
31.00	3.46
31.01	2.88
31.01	3.76
31.02	3.49
31.02	3.78
31.02	3.78
31.03	3.79
31.04	3.22
31.04	2.65
31.04	3.23
31.05	2.94
31.05	2.94
31.06	2.66
31.06	2.95
31.07	3.26
31.07	2.97
31.07	2.68
31.07	2.68
31.08	3.86
31.09	2.42
31.09	2.71
31.09	2.71
31.09	2.72
31.09	2.43
31.11	1.87
31.11	1.87
31.10	2.15
31.12	2.17
31.12	1.60
31.13	2.18
31.14	2.48
31.14	3.07
31.14	3.37
31.14	2.78
31.15	3.37
31.15	3.09
31.15	3.96
31.16	3.39
31.17	3.40
31.17	3.70
31.18	3.41
31.18	3.41
31.18	4.00
31.19	3.14
31.19	3.15
31.19	3.15
31.20	3.16
31.21	2.87
31.20	2.58
31.22	3.47
31.22	2.89
31.22	3.18
31.23	2.90
31.23	2.62
31.24	2.34
31.24	2.92
31.25	2.35
31.25	2.64
31.26	2.36
31.26	2.65
31.26	2.08
31.27	2.38
31.27	2.38
31.27	3.55
31.28	3.55
31.28	3.56
31.29	3.56
31.29	2.99
31.29	3.00
31.30	3.00
31.31	2.72
31.31	3.30
31.31	3.01
31.32	3.61
31.32	3.03
31.33	3.05
31.33	3.04
31.34	3.63
31.34	3.35
31.34	3.06
31.34	3.93
31.34	2.77
31.35	2.49
31.36	2.50
31.36	2.79
31.37	2.52
31.37	2.22
31.38	2.24
31.38	2.24
31.38	2.54
31.39	2.83
31.39	3.14
31.39	3.14
31.41	3.73
31.39	4.01
31.41	3.74
31.41	3.45
31.42	2.58
31.42	3.76
31.42	3.46
31.43	3.77
31.43	3.18
31.44	3.48
31.44	3.48
31.45	3.50
31.45	3.21
31.45	2.63
31.46	3.22
31.46	3.51
31.47	3.82
31.47	3.82
31.48	3.25
31.48	2.96
31.48	2.96
31.49	2.10
31.49	2.38
31.49	2.40
31.50	2.12
31.50	2.41
31.51	2.13
31.51	2.42
31.52	2.72
31.52	2.14
31.52	2.73
31.52	2.44
31.53	1.87
31.53	2.45
31.54	2.46
31.54	2.47
31.54	2.47
31.55	3.35
31.55	3.06
31.57	3.95
31.56	3.95
31.57	3.66
31.57	3.67
31.58	4.26
31.58	4.55
31.58	4.26
31.58	3.68
31.59	3.99
31.59	4.00
31.60	4.00
31.59	4.00
31.61	3.72
31.61	4.01
31.61	4.59
31.62	3.73
31.62	3.16
31.62	3.45
31.63	3.46
31.63	3.46
31.64	3.47
31.64	3.18
31.65	3.19
31.65	2.91
31.65	2.90
31.66	2.33
31.66	2.63
31.66	2.05
31.67	2.35
31.67	2.64
31.68	2.07
31.68	2.36
31.68	2.08
31.69	2.09
31.69	1.80
31.69	2.37
31.70	2.10
31.70	2.11
31.71	2.11
31.71	2.41
31.71	3.28
31.72	3.00
31.72	3.01
31.73	3.30
31.72	4.17
31.74	3.90
31.74	3.90
31.75	4.20
31.74	3.61
31.75	4.20
31.75	4.21
31.76	3.93
31.76	3.35
31.76	3.35
31.77	3.36
31.78	2.78
31.78	3.37
31.78	3.67
31.78	3.38
31.79	2.52
31.79	2.81
31.79	2.24
31.79	1.95
31.80	1.95
31.81	1.38
31.81	2.25
31.81	2.26
31.82	1.97
31.82	2.27
31.82	2.86
31.82	2.86
31.83	2.58
31.83	3.16
31.83	2.58
31.85	3.18
31.85	3.18
31.85	4.06
31.86	3.48
31.86	3.77
31.86	3.78
31.86	3.49
31.87	4.08
31.87	2.92
31.88	4.09
31.88	3.51
31.88	4.10
31.89	3.82
31.89	3.53
31.90	3.54
31.90	3.54
31.90	3.54
31.90	3.26
31.91	2.97
31.91	3.26
31.91	3.27
31.92	3.28
31.92	2.99
31.93	3.58
31.93	3.00
31.94	3.88
31.94	3.30
31.94	2.73
31.94	3.89
31.95	3.03
31.95	3.32
31.96	3.62
31.96	2.17
31.97	3.05
31.97	2.77
31.98	2.77
31.98	2.78
31.98	2.49
31.98	2.78
31.99	1.63
31.99	2.22
31.99	2.80
31.99	3.10
32.01	3.40
32.00	3.68
32.02	3.41
32.01	3.40
32.02	3.99
32.02	3.71
32.02	3.71
32.03	3.43
32.03	4.31
32.04	3.44
32.04	4.02
32.04	3.45
32.05	4.04
32.06	3.47
32.06	4.05
32.06	4.05
32.06	3.76
32.07	4.07
32.07	3.78
32.07	3.78
32.08	3.21
32.08	2.92
32.08	3.21
32.09	2.93
32.09	3.81
32.09	3.52
32.09	3.52
32.10	3.24
32.11	2.96
32.11	3.54
32.11	3.84
32.12	2.97
32.12	2.98
32.12	3.27
32.13	2.40
32.13	2.98
32.14	3.00
32.14	3.29
32.14	2.72
32.14	2.43
32.15	3.30
32.15	2.44
32.16	3.32
32.16	3.61
32.16	2.45
32.17	2.75
32.17	2.75
32.17	3.34
32.18	3.63
32.18	4.22
32.18	3.64
32.19	3.65
32.19	3.66
32.19	3.95
32.19	3.37
32.21	3.68
32.20	3.38
32.21	3.97
32.21	3.97
32.22	3.40
32.22	3.40
32.22	3.11
32.22	3.70
32.23	4.00
32.23	4.00
32.23	2.84
32.24	3.43
32.24	3.14
32.25	3.15
32.24	3.14
32.26	3.16
32.26	4.62
32.26	4.91
32.27	2.88
32.27	5.22
32.27	3.76
32.28	4.07
32.28	3.49
32.28	3.48
32.28	3.48
32.29	3.78
32.29	3.22
32.29	4.08
32.29	4.09
32.30	3.23
32.30	3.51
32.31	3.24
32.31	3.53
32.32	3.25
32.32	2.67
32.32	3.54
32.32	2.67
32.34	2.69
32.33	2.68
32.34	3.27
32.34	2.41
32.34	3.28
32.35	2.13
32.34	3.87
32.35	4.16
32.36	3.30
32.36	3.88
32.36	3.89
32.37	3.61
32.37	4.19
32.38	4.20
32.38	3.33
32.38	3.62
32.38	3.33
32.38	3.34
32.39	3.64
32.39	3.35
32.39	3.07
32.40	3.95
32.40	3.36
32.40	3.07
32.41	2.79
32.42	3.38
32.41	3.08
32.42	3.09
32.42	2.81
32.42	2.81
32.42	3.10
32.43	2.53
32.44	2.83
32.44	2.54
32.45	3.13
32.44	3.13
32.45	2.27
32.45	2.85
32.46	3.73
32.46	2.86
32.46	3.74
32.46	3.16
32.47	4.04
32.48	3.47
32.48	3.18
32.48	3.18
32.48	3.47
32.49	4.06
32.49	3.48
32.49	4.06
32.50	4.08
32.49	3.20
32.50	3.80
32.51	4.09
32.51	4.10
32.51	4.10
32.51	3.23
32.52	3.82
32.52	3.82
32.52	3.53
32.52	4.11
32.53	3.54
32.54	3.85
32.54	3.26
32.54	4.14
32.54	3.27
32.54	3.56
32.55	2.69
32.56	3.28
32.56	2.71
32.56	2.41
32.56	2.71
32.57	2.14
32.58	2.44
32.58	1.86
32.58	2.44
32.58	2.74
32.59	2.17
32.58	2.16
32.59	2.46
32.59	3.34
32.59	2.76
32.60	3.64
32.60	3.35
32.61	3.65
32.61	4.24
32.61	3.36
32.62	4.53
32.62	4.24
32.62	4.25
32.63	4.26
32.63	4.27
32.63	4.26
32.63	3.98
32.64	3.98
32.65	4.28
32.65	3.71
32.65	4.00
32.65	3.71
32.66	4.30
32.66	4.58
32.66	4.30
32.66	4.02
32.66	3.73
32.67	4.03
32.66	3.73
32.68	3.45
32.68	3.75
32.68	3.45
32.69	3.76
32.69	3.47
32.69	3.18
32.69	3.47
32.70	3.78
32.69	3.18
32.70	3.49
32.71	3.79
32.71	3.21
32.71	3.21
32.71	3.21
32.72	2.93
32.72	2.64
32.72	2.35
32.74	2.66
32.74	2.66
32.74	2.37
32.74	2.96
32.74	2.67
32.74	2.96
32.75	3.55
32.75	3.26
32.75	3.85
32.76	3.86
32.76	3.57
32.77	3.28
32.76	3.86
32.77	3.88
32.77	3.88
32.77	3.88
32.77	4.46
32.78	3.88
32.78	4.18
32.79	4.48
32.79	3.61
32.79	4.48
32.79	3.62
32.79	3.33
32.81	4.51
32.81	4.22
32.81	3.63
32.81	3.63
32.81	3.64
32.82	3.94
32.82	3.65
32.82	3.37
32.82	3.37
32.83	3.96
32.83	3.67
32.83	3.67
32.84	3.68
32.84	3.68
32.85	2.81
32.85	3.40
32.84	3.68
32.85	3.69
32.86	3.12
32.86	3.41
32.86	2.84
32.86	2.26
32.87	2.55
32.87	2.56
32.87	2.55
32.88	3.15
32.88	3.74
32.88	2.86
32.89	2.88
32.89	2.87
32.89	3.46
32.89	3.17
32.89	3.46
32.90	3.47
32.90	3.18
32.91	3.77
32.90	3.77
32.91	4.07
32.91	3.78
32.92	4.67
32.93	3.81
32.92	4.67
32.92	3.50
32.93	4.97
32.93	4.97
32.94	4.10
32.94	3.53
32.94	3.82
32.94	3.24
32.94	4.12
32.95	3.83
32.95	3.84
32.96	3.55
32.96	3.55
32.96	3.85
32.96	4.14
32.97	3.57
32.97	3.86
32.97	3.56
32.98	3.87
32.98	3.58
32.98	3.58
32.98	4.17
32.99	3.60
32.99	3.90
32.99	3.02
33.00	3.32
33.01	3.04
33.00	2.74
33.01	3.33
33.01	3.33
33.02	3.05
33.02	3.05
33.02	2.47
33.03	3.36
33.02	3.05
33.03	2.78
33.04	3.66
33.03	3.66
33.03	3.07
33.04	3.37
33.05	3.67
33.05	3.10
33.05	3.38
33.05	4.55
33.06	3.68
33.06	4.27
33.06	3.98
33.06	4.28
33.06	4.28
33.06	3.99
33.07	4.00
33.08	4.59
33.08	4.02
33.08	3.72
33.08	4.30
33.09	4.03
33.09	4.03
33.09	4.32
33.10	4.04
33.10	4.33
33.10	3.75
33.10	4.33
33.10	4.05
33.11	3.77
33.11	3.18
33.11	4.35
33.12	4.07
33.13	3.78
33.13	4.08
33.13	4.08
33.14	4.38
33.13	3.50
33.14	4.09
33.15	4.11
33.14	3.52
33.14	3.52
33.14	2.64
33.15	3.23
33.15	2.07
33.16	3.25
33.16	2.95
33.16	2.38
33.17	2.97
33.17	3.26
33.17	2.97
33.17	3.26
33.18	2.68
33.18	2.68
33.18	2.98
33.18	2.70
33.19	3.28
33.19	3.88
33.19	3.29
33.19	3.88
33.19	3.30
33.21	3.60
33.20	3.89
33.21	3.90
33.21	3.90
33.21	3.61
33.21	3.62
33.22	4.21
33.22	4.21
33.22	3.91
33.22	4.50
33.23	3.64
33.23	3.64
33.24	4.23
33.23	4.52
33.24	3.94
33.25	4.24
33.25	4.54
33.25	4.25
33.25	3.96
33.25	3.67
33.26	4.26
33.26	3.68
33.26	3.97
33.27	3.69
33.26	4.27
33.27	3.70
33.28	3.41
33.28	3.71
33.29	4.30
33.28	4.00
33.29	4.59
33.29	3.72
33.29	4.60
33.29	3.73
33.30	3.44
33.29	3.44
33.30	4.03
33.30	3.45
33.31	4.04
33.31	3.46
33.31	3.17
33.32	3.18
33.32	3.18
33.32	2.88
33.33	2.90
33.33	2.90
33.33	2.61
33.33	3.49
33.33	2.32
33.33	3.49
33.34	2.92
33.34	2.92
33.34	3.21
33.35	2.93
33.35	4.10
33.35	4.39
33.36	3.81
33.36	4.11
33.37	4.12
33.36	4.40
33.37	3.83
33.37	4.12
33.37	4.12
33.37	4.42
33.37	4.42
33.38	3.85
33.38	4.73
33.39	3.86
33.38	4.43
33.39	4.15
33.39	4.15
33.40	3.88
33.40	4.75
33.39	4.16
33.40	4.17
33.41	3.59
33.41	3.88
33.41	4.18
33.41	3.60
33.42	3.90
33.42	3.91
33.42	4.20
33.42	3.91
33.43	3.91
33.43	4.21
33.43	3.63
33.43	3.34
33.44	3.64
33.44	2.47
33.45	2.77
33.45	2.77
33.45	3.35
33.45	2.77
33.45	3.07
33.46	2.79
33.46	2.50
33.46	2.78
33.46	3.37
33.46	3.38
33.47	3.68
33.47	3.97
33.48	3.10
33.48	3.10
33.48	3.69
33.49	3.12
33.49	4.58
33.49	3.99
33.49	4.00
33.49	4.00
33.49	4.00
33.50	3.72
33.50	3.73
33.51	4.61
33.51	4.02
33.51	4.61
33.52	4.04
33.52	3.74
33.52	4.92
33.52	4.33
33.52	4.04
33.53	4.92
33.53	4.92
33.53	4.93
33.53	4.35
33.53	4.06
33.54	4.94
33.54	4.66
33.55	4.95
33.54	3.77
33.55	4.37
33.55	3.50
33.56	3.80
33.55	4.08
33.56	4.10
33.56	3.81
33.57	3.52
33.57	3.82
33.57	3.52
33.57	4.40
33.58	3.83
33.57	4.41
33.58	3.83
33.58	2.96
33.58	3.25
33.59	3.27
33.59	3.55
33.59	2.98
33.59	2.68
33.59	3.56
33.60	2.98
33.60	2.98
33.61	2.99
33.61	2.99
33.61	3.58
33.62	3.30
33.61	3.30
33.62	3.60
33.61	3.88
33.63	3.61
33.62	3.89
33.62	3.89
33.63	2.73
33.63	3.32
33.64	4.21
33.64	4.50
33.64	3.92
33.65	3.92
33.65	4.22
33.65	3.93
33.65	4.21
33.65	4.23
33.65	3.93
33.66	4.52
33.66	4.23
33.66	4.53
33.66	4.82
33.67	4.83
33.67	4.54
33.68	4.55
33.68	4.84
33.68	3.97
33.68	4.26
33.68	4.26
33.69	4.27
33.69	4.28
33.69	4.28
33.69	4.28
33.69	3.70
33.69	3.70
33.70	3.42
33.69	4.28
33.70	3.13
33.71	3.72
33.69	3.70
33.71	4.30
33.72	4.03
33.72	3.44
33.72	3.73
33.73	2.87
33.72	3.44
33.73	2.87
33.73	2.87
33.74	3.18
33.73	3.17
33.74	3.47
33.74	3.18
33.74	3.18
33.75	3.48
33.75	3.77
33.75	3.48
33.75	4.07
33.75	3.48
33.76	3.49
33.76	4.08
33.76	3.79
33.77	4.38
33.77	4.97
33.77	4.68
33.77	3.80
33.78	4.69
33.78	4.69
33.78	4.40
33.78	3.82
33.78	4.11
33.79	4.41
33.79	4.42
33.79	4.13
33.79	4.42
33.80	4.14
33.79	4.42
33.80	3.85
33.81	4.15
33.81	4.73
33.81	4.14
33.81	3.86
33.81	4.45
33.81	4.16
33.82	3.87
33.82	4.17
33.82	4.46
33.82	4.17
33.83	3.88
33.83	3.01
33.84	4.19
33.83	3.89
33.84	3.60
33.84	3.31
33.84	3.32
33.84	3.61
33.85	3.03
33.85	3.62
33.85	3.63
33.85	2.75
33.85	3.63
33.86	3.64
33.86	3.05
33.86	3.63
33.86	3.93
33.86	3.64
33.87	3.65
33.87	3.06
33.88	3.66
33.88	3.08
33.88	3.95
33.88	3.66
33.88	3.96
33.89	4.26
33.89	3.97
33.89	4.27
33.89	4.26
33.89	4.55
33.90	4.28
33.89	4.27
33.89	4.27
33.90	3.98
33.90	4.57
33.91	4.58
33.91	4.29
33.91	4.29
33.92	4.59
33.92	4.30
33.92	4.30
33.92	4.30
33.93	4.02
33.93	3.73
33.93	4.03
33.93	3.43
33.93	3.73
33.93	3.73
33.94	3.75
33.94	3.75
33.94	2.88
33.94	3.75
33.94	3.17
33.95	2.88
33.95	3.76
33.95	3.76
33.96	3.48
33.96	2.90
33.96	3.78
33.97	4.07
33.97	3.49
33.97	3.78
33.97	4.08
33.97	4.08
33.97	4.37
33.97	4.66
33.97	4.08
33.98	4.68
33.98	4.39
33.98	4.68
33.99	4.40
33.98	4.68
33.99	4.69
33.99	4.40
33.99	4.41
34.00	5.00
33.99	4.70
34.00	4.42
34.01	4.72
34.01	4.42
34.01	4.13
34.01	4.43
34.02	3.86
34.01	4.73
34.01	3.85
34.01	3.85
34.02	3.57
34.03	4.16
34.02	4.74
34.03	3.87
34.03	4.45
34.03	4.46
34.04	4.17
34.04	3.88
34.04	3.01
34.04	3.00
34.05	3.60
34.04	3.60
34.04	3.30
34.05	3.02
34.05	2.74
34.06	3.33
34.05	2.73
34.06	3.62
34.05	3.61
34.06	3.04
34.07	2.46
34.07	3.34
34.07	3.34
34.08	3.64
34.07	4.51
34.07	4.22
34.08	3.07
34.08	4.23
34.08	3.94
34.08	4.24
34.09	4.25
34.09	4.54
34.09	4.55
34.09	4.55
34.09	3.96
34.10	4.27
34.09	5.14
34.10	4.85
34.11	4.27
34.11	4.56
34.11	4.57
34.11	5.15
34.11	5.15
34.12	3.70
34.12	4.87
34.12	4.28
34.12	4.87
34.12	4.28
34.12	4.30
34.12	4.00
34.13	4.59
34.12	4.30
34.13	4.02
34.14	4.61
34.13	4.02
34.14	3.73
34.14	4.91
34.14	4.03
34.15	4.62
34.15	4.04
34.16	3.76
34.16	4.05
34.16	3.76
34.16	4.34
34.16	4.05
34.16	3.48
34.16	3.76
34.16	2.89
34.16	2.89
34.17	3.78
34.17	3.48
34.17	2.61
34.18	3.20
34.18	3.78
34.18	3.49
34.18	3.21
34.18	3.79
34.19	3.51
34.18	3.21
34.19	3.51
34.19	3.52
34.19	4.38
34.19	4.40
34.20	4.11
34.20	4.40
34.20	3.82
34.21	4.71
34.21	5.00
34.21	4.41
34.20	4.12
34.21	4.42
34.21	4.13
34.22	4.72
34.22	5.30
34.22	4.72
34.23	4.15
34.22	4.43
34.23	4.73
34.23	4.73
34.24	5.04
34.24	5.04
34.24	4.16
34.23	4.74
34.24	3.87
34.24	4.16
34.25	3.88
34.24	4.46
34.25	4.18
34.24	4.17
34.25	4.48
34.26	4.19
34.26	4.77
34.25	4.48
34.26	4.19
34.27	4.20
34.27	4.49
34.27	4.20
34.27	3.32
34.27	3.62
34.27	3.92
34.28	3.63
34.28	2.75
34.28	2.76
34.28	3.34
34.28	2.76
34.29	3.36
34.29	3.07
34.28	3.64
34.29	3.36
34.29	3.95
34.29	2.78
34.29	3.65
34.30	3.96
34.30	3.96
34.31	3.96
34.30	3.96
34.31	4.26
34.31	4.26
34.31	3.96
34.32	4.56
34.32	3.98
34.32	4.57
34.32	4.86
34.32	4.57
34.32	4.86
34.33	4.87
34.33	4.58
34.33	5.17
34.33	4.58
34.33	4.28
34.34	5.18
34.34	4.59
34.34	4.88
34.34	4.59
34.34	4.60
34.34	4.31
34.35	4.61
34.35	4.61
34.35	4.02
34.36	4.33
34.35	4.32
34.36	4.33
34.36	4.92
34.36	4.04
34.36	3.75
34.37	4.93
34.36	4.05
34.37	3.18
34.37	3.47
34.37	3.17
34.37	3.47
34.38	3.18
34.38	2.89
34.38	3.18
34.39	3.20
34.38	3.48
34.39	3.50
34.39	3.50
34.39	3.50
34.39	3.50
34.39	3.79
34.40	3.80
34.39	4.08
34.40	3.80
34.39	4.67
34.40	4.10
34.40	4.39
34.41	4.40
34.41	4.41
34.41	4.41
34.42	4.70
34.41	3.82
34.42	5.00
34.42	4.13
34.42	4.71
34.42	4.71
34.43	5.01
34.43	5.31
34.42	4.42
34.43	4.43
34.43	4.72
34.44	4.14
34.44	5.03
34.44	5.03
34.44	4.44
34.44	3.86
34.45	5.04
34.45	4.45
34.44	4.45
34.45	4.17
34.46	4.47
34.46	4.17
34.45	4.75
34.46	4.47
34.47	4.77
34.47	4.18
34.46	4.77
34.47	4.48
34.47	4.18
34.47	4.19
34.48	3.61
34.47	4.48
34.48	3.32
34.48	3.33
34.48	3.04
34.48	3.33
34.48	3.92
34.48	2.74
34.49	3.34
34.49	3.05
34.49	3.63
34.49	3.93
34.49	4.22
34.49	3.35
34.49	3.65
34.49	3.94
34.49	4.52
34.50	3.94
34.49	4.23
34.51	4.54
34.51	4.53
34.52	4.25
34.51	4.54
34.51	4.54
34.52	4.55
34.51	4.83
34.52	4.26
34.52	4.55
34.52	4.55
34.52	4.85
34.53	4.57
34.53	4.28
34.53	4.57
34.53	4.28
34.53	4.57
34.54	4.58
34.54	5.16
34.54	5.46
34.54	4.00
34.54	4.88
34.55	4.59
34.55	4.88
34.55	4.30
34.55	4.01
34.56	4.90
34.56	4.31
34.56	4.02
34.56	4.31
34.56	3.43
34.56	3.73
34.56	3.44
34.57	3.74
34.56	3.74
34.57	3.16
34.57	3.45
34.57	4.04
34.58	3.76
34.58	3.46
34.58	3.76
34.58	4.05
34.58	3.76
34.59	3.48
34.59	3.77
34.59	3.77
34.59	4.36
34.59	4.35
34.59	4.36
34.59	4.36
34.60	4.37
34.59	4.66
34.60	4.37
34.60	4.66
34.60	3.78
34.61	4.68
34.60	4.67
34.61	4.97
34.61	4.10
34.61	3.81
34.62	4.40
34.62	4.40
34.61	4.39
34.62	5.57
34.62	5.27
34.62	4.70
34.62	4.70
34.63	4.71
34.63	4.71
34.64	4.71
34.64	4.42
34.64	4.42
34.64	4.43
34.64	3.84
34.64	4.73
34.64	4.14
34.64	4.14
34.65	4.73
34.65	3.85
34.65	3.56
34.65	4.44
34.66	3.87
34.65	4.15
34.66	5.04
34.66	3.87
34.66	3.87
34.66	4.17
34.66	4.75
34.66	4.17
34.66	4.17
34.67	3.59
34.67	3.59
34.67	3.89
34.67	3.30
34.67	3.60
34.67	2.72
34.68	3.61
34.68	3.61
34.68	3.61
34.68	3.61
34.68	3.32
34.69	3.62
34.69	3.04
34.69	3.92
34.69	2.75
34.69	3.05
34.70	3.64
34.70	3.34
34.69	3.92
34.70	3.93
34.71	3.65
34.71	4.23
34.71	4.53
34.71	4.53
34.71	5.11
34.72	4.25
34.71	4.53
34.71	5.12
34.72	4.83
34.72	4.54
34.72	5.13
34.73	3.97
34.72	4.25
34.73	4.84
34.73	3.97
34.73	5.43
34.73	4.85
34.73	5.14
34.74	4.86
34.73	5.72
34.73	4.85
34.74	4.28
34.74	5.15
34.74	5.15
34.75	4.87
34.75	4.58
34.75	4.58
34.75	4.58
34.75	4.29
34.75	4.58
34.76	4.88
34.76	4.60
34.76	4.60
34.76	4.60
34.76	4.31
34.76	4.02
34.76	4.31
34.76	5.18
34.77	4.02
34.77	4.91
34.77	4.91
34.77	3.74
34.78	5.20
34.78	3.75
34.77	3.74
34.79	4.34
34.79	3.75
34.79	3.46
34.79	3.46
34.79	3.77
34.79	2.88
34.79	3.47
34.79	3.47
34.80	3.18
34.80	3.77
34.80	3.77
34.80	4.36
34.80	3.19
34.80	3.19
34.81	3.78
34.81	3.20
34.81	4.08
34.81	4.08
34.81	5.25
34.81	4.08
34.82	4.97
34.82	4.67
34.83	5.56
34.83	4.39
34.83	4.68
34.82	4.38
34.83	4.98
34.83	4.39
34.83	4.99
34.83	4.41
34.83	5.87
34.84	4.71
34.84	5.88
34.83	4.70
34.84	5.00
34.84	4.71
34.84	4.71
34.84	4.71
34.85	4.72
34.85	4.13
34.85	5.01
34.85	5.02
34.85	4.72
34.86	4.44
34.86	4.44
34.86	4.15
34.86	4.44
34.87	5.33
34.86	4.74
34.87	4.16
34.87	4.45
34.87	4.45
34.87	4.17
34.87	3.87
34.87	4.46
34.87	4.16
34.87	3.88
34.88	3.88
34.88	3.01
34.88	3.60
34.88	3.88
34.88	3.30
34.89	3.60
34.88	3.89
34.89	3.60
34.89	3.32
34.89	3.90
34.89	3.91
34.91	4.21
34.90	4.79
34.89	3.91
34.90	3.91
34.90	5.08
34.91	4.21
34.91	4.51
34.91	4.51
34.91	4.51
34.91	5.10
34.91	5.10
34.91	4.80
34.91	4.51
34.91	5.10
34.91	4.81
34.91	4.81
34.92	4.82
34.92	4.82
34.92	4.82
34.92	4.53
34.92	5.41
34.93	4.54
34.93	4.54
34.93	4.25
34.94	4.84
34.94	4.26
34.94	4.85
34.94	4.85
34.95	4.56
34.95	4.27
34.95	4.85
34.95	4.86
34.95	4.86
34.95	4.56
34.95	4.57
34.95	3.98
34.95	3.98
34.95	3.98
34.96	3.70
34.96	3.41
34.96	4.00
34.96	4.29
34.96	3.12
34.96	3.41
34.97	3.13
34.97	4.01
34.97	4.60
34.97	3.72
34.97	4.30
34.98	4.60
34.97	4.89
34.98	4.32
34.98	4.61
34.98	4.32
34.99	4.91
34.99	5.49
34.99	5.78
34.99	4.62
34.99	4.92
34.99	4.92
34.99	4.64
34.99	4.64
34.99	4.93
34.99	5.51
34.99	4.64
34.99	5.21
35.00	4.93
34.99	4.64
35.00	4.64
35.00	4.35
35.01	5.23
35.01	4.65
35.01	4.07
35.01	4.07
35.02	4.66
35.02	4.37
35.01	4.07
35.02	4.37
35.02	3.20
35.02	3.50
35.03	3.79
35.03	3.21
35.02	3.78
35.03	3.80
35.03	2.92
35.03	2.64
35.03	3.51
35.04	3.52
35.04	2.93
35.04	3.81
35.04	3.81
35.04	3.81
35.04	4.40
35.04	4.40
35.05	4.41
35.04	4.70
35.04	4.40
35.05	4.42
35.05	4.41
35.05	5.00
35.05	5.00
35.05	4.42
35.05	4.42
35.06	4.72
35.06	3.84
35.06	4.43
35.06	4.72
35.07	4.14
35.07	5.02
35.07	4.73
35.07	5.32
35.07	5.03
35.07	5.02
35.07	5.03
35.07	5.03
35.07	5.03
35.08	5.62
35.08	5.04
35.08	4.45
35.08	5.05
35.08	5.05
35.09	5.05
35.09	5.05
35.09	4.47
35.09	4.48
35.09	5.05
35.09	4.17
35.09	4.18
35.09	3.88
35.10	3.61
35.10	3.02
35.10	3.02
35.10	2.73
35.11	3.03
35.11	3.32
35.11	3.32
35.11	3.33
35.11	3.03
35.11	3.32
35.11	3.92
35.11	4.21
35.11	4.50
35.11	4.50
35.12	4.80
35.12	4.22
35.11	4.50
35.12	4.22
35.12	4.81
35.13	5.40
35.12	4.81
35.12	5.39
35.13	5.69
35.13	5.99
35.13	5.11
35.13	5.41
35.13	5.11
35.14	6.00
35.14	5.71
35.14	5.12
35.14	4.53
35.14	5.13
35.14	4.55
35.14	5.42
35.14	5.13
35.15	4.85
35.14	4.84
35.14	4.55
35.15	4.55
35.15	4.55
35.15	4.27
35.15	4.85
35.15	4.27
35.15	3.68
35.15	3.68
35.16	3.68
35.17	4.58
35.16	3.98
35.17	3.70
35.17	4.28
35.17	3.99
35.17	3.41
35.17	3.70
35.18	4.30
35.18	4.00
35.18	4.01
35.18	4.01
35.18	4.30
35.18	4.60
35.18	4.88
35.18	4.31
35.18	4.60
35.19	5.19
35.18	4.60
35.18	4.89
35.18	4.60
35.19	5.19
35.19	4.91
35.19	4.62
35.19	4.91
35.19	4.33
35.19	4.91
35.21	4.63
35.19	4.91
35.21	4.93
35.20	6.38
35.21	6.40
35.21	4.63
35.21	3.76
35.21	4.93
35.21	4.93
35.21	4.64
35.22	4.06
35.22	4.36
35.22	4.07
35.22	4.64
35.22	4.06
35.22	4.07
35.22	4.07
35.22	3.48
35.23	2.91
35.23	3.78
35.23	3.49
35.22	2.90
35.23	4.66
35.23	4.96
35.24	4.09
35.23	4.67
35.23	4.67
35.24	5.56
35.24	4.38
35.24	4.68
35.25	4.68
35.24	4.97
35.24	4.97
35.24	3.80
35.25	4.40
35.25	3.52
35.25	3.23
35.26	4.11
35.26	3.24
35.26	4.41
35.26	4.70
35.26	4.99
35.26	4.70
35.26	5.00
35.26	4.71
35.26	4.71
35.26	5.59
35.26	5.88
35.27	5.90
35.27	4.43
35.27	5.60
35.27	5.02
35.27	4.73
35.28	4.44
35.28	4.73
35.28	4.74
35.28	4.74
35.28	4.44
35.29	5.04
35.28	4.44
35.29	4.16
35.29	3.87
35.29	3.57
35.29	3.87
35.29	3.28
35.29	4.16
35.30	3.59
35.29	3.58
35.29	3.88
35.30	3.59
35.29	4.76
35.30	4.47
35.30	5.06
35.30	4.18
35.30	5.06
35.31	4.18
35.30	4.77
35.31	5.66
35.31	4.78
35.31	5.07
35.31	4.18
35.31	5.07
35.32	4.50
35.32	5.37
35.32	5.08
35.32	5.08
35.32	4.21
35.32	4.21
35.32	4.79
35.33	4.51
35.33	4.51
35.33	3.93
35.33	3.63
35.33	3.63
35.33	3.63
35.33	3.63
35.34	3.93
35.34	3.94
35.34	3.94
35.34	4.23
35.34	3.64
35.34	3.65
35.34	3.65
35.34	4.24
35.34	3.65
35.35	4.25
35.35	4.54
35.34	3.95
35.35	5.42
35.34	5.12
35.35	5.42
35.36	5.14
35.36	6.01
35.36	4.84
35.35	5.13
35.36	5.43
35.36	5.43
35.37	5.73
35.36	5.14
35.36	4.85
35.37	4.85
35.37	5.15
35.37	5.45
35.37	5.15
35.37	5.15
35.38	5.45
35.37	5.15
35.38	4.58
35.38	5.16
35.38	4.87
35.38	4.87
35.38	5.17
35.38	5.17
35.38	4.88
35.38	5.47
35.38	4.29
35.39	4.01
35.39	4.30
35.39	3.42
35.39	3.73
35.39	3.43
35.39	4.01
35.39	3.72
35.39	4.01
35.40	3.73
35.41	4.32
35.41	3.45
35.39	4.31
35.41	4.62
35.40	4.32
35.40	4.03
35.41	4.03
35.41	4.03
35.41	4.04
35.41	4.03
35.41	3.45
35.41	3.74
35.41	4.04
35.42	4.34
35.42	4.34
35.42	4.64
35.42	4.63
35.42	4.94
35.42	4.92
35.42	4.94
35.42	5.22
35.43	4.65
35.43	5.23
35.43	4.95
35.43	4.94
35.43	4.95
35.43	4.95
35.43	5.83
35.43	4.95
35.44	5.25
35.44	5.83
35.44	5.25
35.44	5.55
35.44	4.95
35.44	4.96
35.44	5.25
35.45	5.26
35.45	4.67
35.45	4.38
35.46	4.68
35.45	4.68
35.45	4.97
35.46	5.56
35.45	4.38
35.46	4.69
35.46	4.68
35.46	4.40
35.46	4.40
35.46	4.40
35.46	4.40
35.46	4.40
35.46	3.82
35.46	3.82
35.47	3.82
35.47	4.41
35.47	4.12
35.46	3.82
35.47	3.82
35.47	4.12
35.48	3.84
35.47	3.25
35.47	3.25
35.48	3.55
35.48	4.42
35.48	3.84
35.49	3.85
35.48	3.55
35.48	4.42
35.49	5.02
35.48	4.43
35.49	4.73
35.48	4.14
35.49	4.44
35.49	5.02
35.49	5.03
35.49	5.32
35.49	4.74
35.49	4.73
35.50	4.45
35.49	4.44
35.50	4.75
35.50	5.04
35.50	5.04
35.50	3.87
35.50	5.34
35.50	5.05
35.50	4.75
35.51	4.76
35.51	5.05
35.51	5.06
35.51	4.76
35.52	5.66
35.51	4.47
35.51	4.77
35.51	5.35
35.52	5.07
35.52	4.48
35.52	4.78
35.52	4.48
35.53	5.37
35.52	4.48
35.52	4.19
35.52	5.07
35.53	5.08
35.53	4.79
35.53	5.08
35.53	5.37
35.54	4.50
35.54	4.80
35.54	4.50
35.54	4.80
35.54	4.21
35.54	4.50
35.54	5.10
35.54	4.51
35.54	4.52
35.54	4.52
35.54	4.22
35.54	3.64
35.54	4.22
35.55	3.94
35.55	3.94
35.55	3.94
35.55	4.24
35.55	3.06
35.55	3.94
35.55	3.94
35.55	3.65
35.56	4.24
35.56	3.95
35.55	4.24
35.56	3.95
35.56	4.83
35.56	4.54
35.56	4.24
35.56	4.54
35.57	4.25
35.57	5.14
35.57	5.43
35.57	4.55
35.57	4.25
35.57	5.43
35.57	5.14
35.57	5.13
35.57	6.60
35.57	7.78
35.57	8.37
35.57	7.49
35.58	6.91
35.58	6.91
35.58	5.16
35.58	5.15
35.58	5.16
35.58	5.16
35.59	6.04
35.58	5.74
35.58	5.74
35.59	4.58
35.59	6.64
35.59	4.88
35.59	4.29
35.59	4.59
35.59	4.88
35.60	4.89
35.59	4.88
35.60	4.30
35.59	4.88
35.61	4.60
35.61	3.72
35.60	4.60
35.61	4.32
35.61	4.60
35.61	4.90
35.61	3.72
35.61	4.02
35.61	3.14
35.61	1.68
35.61	1.68
35.61	1.98
35.61	3.44
35.61	3.44
35.62	4.03
35.62	4.03
35.62	4.91
35.62	4.92
35.62	5.51
35.62	6.97
35.62	6.08
35.63	7.27
35.63	6.11
35.63	4.63
35.63	6.98
35.62	5.21
35.63	6.11
35.63	4.35
35.63	5.52
35.63	4.93
35.63	5.52
35.64	4.35
35.63	4.93
35.63	4.35
35.64	4.36
35.65	4.95
35.63	4.35
35.64	4.65
35.64	3.77
35.65	4.66
35.65	4.07
35.65	4.36
35.65	4.96
35.65	4.66
35.65	4.66
35.65	4.38
35.65	5.26
35.66	4.38
35.65	4.38
35.65	4.66
35.66	4.97
35.66	4.97
35.65	4.08
35.66	4.10
35.67	2.93
35.66	3.80
35.66	2.92
35.66	2.63
35.67	2.64
35.67	2.64
35.67	3.23
35.67	3.52
35.67	3.22
35.67	4.10
35.67	3.82
35.68	4.12
35.67	4.11
35.67	3.52
35.68	3.83
35.68	4.12
35.68	4.12
35.67	3.82
35.67	3.82
35.68	4.12
35.68	4.12
35.69	3.83
35.69	5.30
35.69	4.71
35.68	5.00
35.69	4.42
35.69	4.72
35.69	5.60
35.69	4.43
35.69	5.31
35.69	5.31
35.69	5.31
35.69	5.61
35.69	5.61
35.69	5.61
35.69	4.73
35.69	5.61
35.70	5.62
35.70	5.03
35.70	4.45
35.70	4.74
35.71	4.45
35.71	5.04
35.71	5.92
35.71	5.33
35.71	5.33
35.70	5.03
35.71	4.75
35.71	5.34
35.71	5.34
35.71	5.34
35.72	4.76
35.72	5.64
35.72	4.76
35.72	5.06
35.73	3.89
35.73	5.07
35.72	4.76
35.72	4.46
35.72	4.76
35.73	4.18
35.73	4.48
35.72	4.18
35.73	3.31
35.73	3.61
35.73	3.01
35.73	3.60
35.73	4.20
35.73	3.32
35.73	4.20
35.74	3.62
35.73	3.02
35.73	2.73
35.74	3.33
35.74	4.49
35.74	4.50
35.74	4.21
35.74	4.50
35.75	3.92
35.75	4.51
35.74	4.21
35.74	4.79
35.75	4.80
35.75	5.38
35.75	5.39
35.75	4.80
35.76	4.81
35.76	5.98
35.76	5.40
35.75	5.98
35.76	5.40
35.76	4.52
35.76	5.40
35.76	5.41
35.76	5.11
35.76	5.41
35.76	5.11
35.77	5.41
35.76	5.11
35.77	4.82
35.77	5.41
35.77	5.42
35.77	5.42
35.77	5.42
35.77	4.83
35.77	4.54
35.77	4.54
35.77	4.84
35.77	3.95
35.78	3.96
35.78	4.55
35.77	4.25
35.78	3.68
35.78	4.55
35.78	4.26
35.78	4.26
35.78	4.56
35.78	4.26
35.78	4.84
35.78	4.26
35.79	4.86
35.79	5.15
35.79	5.15
35.79	5.44
35.79	5.74
35.79	5.16
35.79	5.16
35.79	5.45
35.79	5.45
35.79	4.86
35.80	5.46
35.79	5.16
35.80	5.46
35.80	4.87
35.80	5.46
35.80	5.17
35.80	4.58
35.81	5.47
35.81	5.17
35.80	5.46
35.80	4.87
35.81	4.88
35.81	5.17
35.81	5.18
35.81	5.18
35.81	4.89
35.81	4.01
35.81	4.60
35.81	4.01
35.81	3.43
35.81	3.43
35.81	3.72
35.82	4.02
35.82	4.02
35.82	3.73
35.82	3.73
35.82	4.31
35.82	3.73
35.82	3.73
35.82	5.20
35.83	4.91
35.83	4.62
35.83	4.32
35.84	4.04
35.83	4.62
35.83	4.92
35.83	5.21
35.83	4.62
35.83	4.92
35.84	5.80
35.84	4.92
35.84	5.80
35.84	5.80
35.83	4.92
35.84	5.81
35.85	5.23
35.84	5.81
35.84	5.22
35.85	4.94
35.84	5.81
35.85	4.64
35.85	5.82
35.85	4.94
35.85	4.94
35.85	4.94
35.85	5.24
35.85	4.65
35.85	4.95
35.85	4.95
35.86	5.54
35.86	4.66
35.85	4.95
35.85	4.95
35.85	5.24
35.86	4.66
35.86	5.55
35.86	4.66
35.86	4.66
35.87	3.79
35.86	4.08
35.86	4.37
35.86	4.96
35.86	4.37
35.87	4.67
35.86	3.49
35.87	4.09
35.87	3.21
35.87	3.80
35.87	4.09
35.88	4.10
35.88	4.10
35.88	3.51
35.88	3.81
35.87	4.38
35.88	3.51
35.88	4.69
35.88	4.11
35.88	4.11
35.88	3.81
35.88	4.69
35.88	3.81
35.89	3.53
35.89	4.11
35.89	3.82
35.89	3.82
35.89	4.12
35.89	4.12
35.89	4.99
35.89	5.00
35.89	5.30
35.89	5.28
35.89	5.88
35.89	5.88
35.89	5.00
35.89	5.60
35.89	6.18
35.89	5.89
35.89	5.89
35.89	6.18
35.89	5.60
35.90	5.90
35.90	5.31
35.90	5.90
35.89	5.60
35.91	5.02
35.90	5.60
35.90	5.60
35.91	5.32
35.91	5.32
35.91	5.02
35.91	5.03
35.92	5.33
35.91	5.62
35.91	6.20
35.92	5.33
35.92	5.04
35.91	5.91
35.92	5.04
35.92	5.33
35.92	5.04
35.92	4.75
35.92	4.74
35.92	4.75
35.92	4.46
35.93	5.05
35.92	5.33
35.93	5.35
35.92	4.75
35.92	5.05
35.93	5.05
35.92	5.63
35.93	5.05
35.93	5.05
35.93	4.76
35.93	5.05
35.93	3.88
35.93	4.18
35.93	4.77
35.94	4.77
35.94	4.18
35.94	4.18
35.94	4.18
35.94	4.18
35.94	4.78
35.95	4.49
35.94	3.90
35.94	4.19
35.95	3.91
35.95	4.20
35.94	4.48
35.95	4.49
35.95	4.50
35.95	4.50
35.95	4.49
35.95	4.50
35.95	4.49
35.95	4.50
35.95	4.50
35.95	4.50
35.96	5.09
35.96	4.80
35.96	5.38
35.95	5.67
35.96	4.81
35.96	5.39
35.96	4.80
35.96	5.10
35.96	4.81
35.96	5.40
35.97	4.82
35.96	5.40
35.96	5.98
35.97	5.11
35.96	5.10
35.96	5.39
35.96	5.40
35.98	4.83
35.97	5.41
35.97	4.82
35.97	4.24
35.97	4.82
35.97	5.41
35.97	4.82
35.97	5.41
35.97	5.41
35.97	4.82
35.98	4.83
35.98	4.83
35.97	6.00
35.98	4.54
35.98	4.83
35.98	4.53
35.98	4.53
35.99	5.13
35.99	4.84
35.99	5.13
35.99	4.84
35.99	4.55
35.99	4.85
35.99	4.55
35.99	4.27
35.99	3.96
35.99	4.55
35.99	3.67
35.99	4.84
35.99	4.85
35.99	4.56
35.99	3.97
35.99	4.27
35.99	4.56
36.00	4.27
36.00	4.27
36.00	5.15
36.00	4.28
36.00	4.87
36.00	4.57
36.00	4.28
36.00	5.16
36.01	5.46
36.00	4.87
36.01	4.28
36.01	5.46
36.01	4.88
36.01	5.46
36.01	4.58
36.01	5.75
36.01	4.88
36.01	5.17
36.01	5.17
36.01	3.99
36.01	5.17
36.01	5.17
36.02	4.59
36.01	5.46
36.02	5.18
36.02	4.88
36.02	4.89
36.02	5.18
36.03	5.19
36.02	4.30
36.03	5.78
36.03	5.19
36.03	5.19
36.02	5.48
36.03	5.19
36.03	5.19
36.03	4.61
36.03	5.20
36.03	5.49
36.03	4.90
36.03	5.49
36.03	4.90
36.03	4.90
36.03	4.60
36.04	4.62
36.04	4.91
36.03	3.73
36.04	4.91
36.04	4.32
36.04	4.03
36.04	4.63
36.04	4.62
36.05	4.63
36.04	4.33
36.04	4.33
36.04	4.33
36.04	4.33
36.05	4.34
36.05	4.93
36.05	4.63
36.05	4.64
36.04	4.63
36.05	4.63
36.05	4.64
36.06	5.23
36.05	4.35
36.05	4.93
36.05	5.52
36.05	5.22
36.06	4.65
36.06	4.65
36.06	5.53
36.06	5.24
36.06	4.65
36.06	5.23
36.06	4.95
36.06	5.53
36.07	5.25
36.06	5.24
36.07	5.25
36.07	5.25
36.07	5.25
36.07	4.66
36.07	5.25
36.07	5.54
36.07	4.96
36.07	5.83
36.07	4.96
36.07	4.95
36.08	5.55
36.08	5.26
36.08	5.26
36.08	4.97
36.08	5.26
36.08	4.67
36.08	4.97
36.08	5.26
36.08	4.98
36.08	5.26
36.08	5.26
36.08	4.38
36.08	5.85
36.08	4.98
36.08	4.10
36.09	3.81
36.08	4.39
36.09	4.10
36.09	3.52
36.09	3.82
36.09	3.82
36.09	4.40
36.09	4.40
36.09	4.11
36.09	4.10
36.09	4.11
36.09	3.23
36.09	4.11
36.09	4.11
36.09	5.28
36.09	5.00
36.09	4.41
36.10	4.71
36.10	5.29
36.09	4.70
36.10	4.41
36.10	4.71
36.10	4.71
36.11	5.30
36.11	4.71
36.11	5.01
36.10	5.00
36.10	5.58
36.11	5.30
36.11	5.60
36.11	5.01
36.11	5.31
36.11	5.01
36.11	5.01
36.11	5.01
36.11	5.60
36.12	4.73
36.11	5.31
36.12	5.31
36.11	4.72
36.12	5.31
36.12	5.61
36.12	5.31
36.12	5.02
36.12	5.61
36.12	5.03
36.12	5.32
36.12	5.32
36.12	5.91
36.12	5.03
36.12	4.74
36.12	5.91
36.12	5.03
36.13	5.92
36.12	5.03
36.13	4.45
36.13	5.04
36.13	4.75
36.13	4.75
36.13	5.33
36.13	4.45
36.14	3.58
36.13	4.16
36.13	3.58
36.13	4.16
36.14	3.58
36.14	4.17
36.14	3.58
36.14	3.58
36.14	3.58
36.14	3.58
36.14	4.46
36.14	3.58
36.15	3.89
36.15	3.89
36.14	4.18
36.14	3.88
36.15	4.48
36.14	4.76
36.15	5.36
36.15	3.89
36.15	5.06
36.15	4.48
36.15	4.48
36.15	4.78
36.16	4.78
36.15	5.36
36.15	5.36
36.15	5.66
36.15	5.07
36.16	5.38
36.16	4.78
36.15	5.66
36.16	4.78
36.16	5.37
36.16	5.08
36.16	5.67
36.16	5.38
36.16	5.96
36.16	5.08
36.16	5.67
36.16	5.08
36.16	5.08
36.16	5.38
36.16	5.38
36.16	5.08
36.16	5.08
36.16	5.38
36.17	4.80
36.17	4.80
36.17	5.38
36.17	5.10
36.18	5.11
36.17	5.10
36.17	5.68
36.17	4.81
36.17	4.81
36.18	5.11
36.17	4.51
36.18	5.40
36.18	4.82
36.17	4.81
36.18	4.52
36.18	4.53
36.18	4.23
36.18	4.23
36.17	3.93
36.19	3.66
36.19	3.95
36.19	4.83
36.19	4.53
36.19	4.24
36.19	4.83
36.19	4.83
36.19	4.83
36.19	4.54
36.19	3.95
36.19	4.83
36.19	4.54
36.19	4.24
36.19	4.84
36.19	3.95
36.19	4.54
36.19	4.54
36.19	4.54
36.19	4.54
36.20	5.14
36.19	4.54
36.20	4.84
36.20	3.96
36.20	4.84
36.20	4.85
36.20	5.72
36.20	5.43
36.20	5.14
36.20	5.14
36.20	5.44
36.20	5.14
36.20	5.44
36.21	6.03
36.20	4.85
36.21	5.15
36.20	5.44
36.21	5.74
36.21	5.44
36.21	5.74
36.20	5.73
36.21	5.16
36.21	5.45
36.21	6.04
36.22	5.46
36.22	6.04
36.22	5.16
36.22	5.16
36.22	5.46
36.21	5.45
36.22	5.17
36.22	5.16
36.22	5.46
36.22	4.58
36.21	4.86
36.21	4.57
36.23	4.88
36.23	5.17
36.22	4.87
36.22	5.17
36.23	5.17
36.22	4.58
36.23	4.58
36.23	5.17
36.23	4.88
36.23	4.00
36.23	4.59
36.23	4.59
36.23	4.00
36.23	4.01
36.24	4.61
36.23	4.30
36.23	4.31
36.23	4.60
36.23	4.31
36.23	3.72
36.23	4.31
36.23	4.31
36.24	4.90
36.24	4.31
36.24	4.90
36.24	4.61
36.23	3.72
36.24	4.90
36.24	4.32
36.25	5.50
36.24	4.61
36.25	4.62
36.24	4.31
36.24	4.61
36.24	4.61
36.25	4.62
36.24	4.91
36.25	4.62
36.25	4.62
36.25	4.92
36.25	4.92
36.25	5.21
36.25	5.80
36.25	6.09
36.25	5.79
36.26	5.51
36.25	6.09
36.26	6.39
36.26	6.39
36.26	5.51
36.25	5.80
36.26	6.10
36.26	6.40
36.25	5.80
36.26	5.80
36.26	5.80
36.26	6.10
36.26	5.81
36.27	6.11
36.26	5.81
36.26	4.34
36.27	5.52
36.27	5.52
36.27	6.12
36.27	5.24
36.27	5.24
36.27	4.64
36.27	4.64
36.27	4.94
36.27	4.65
36.27	5.24
36.27	4.94
36.27	4.95
36.27	5.54
36.28	5.25
36.27	4.95
36.27	4.64
36.28	4.96
36.27	5.24
36.28	4.96
36.27	4.95
36.28	5.25
36.28	4.66
36.28	4.07
36.28	3.78
36.28	4.37
36.28	4.37
36.28	3.78
36.28	4.37
36.28	4.96
36.28	3.49
36.28	3.78
36.28	4.08
36.28	4.08
36.28	4.67
36.28	4.08
36.29	4.09
36.29	4.38
36.29	4.38
36.29	3.79
36.29	4.08
36.29	4.08
36.29	3.80
36.29	4.38
36.29	4.98
36.29	4.97
36.29	4.68
36.29	4.68
36.29	4.98
36.29	5.27
36.29	4.98
36.30	5.57
36.29	4.98
36.30	4.98
36.30	5.57
36.29	4.98
36.30	5.87
36.30	4.98
36.30	5.57
36.31	5.28
36.30	5.87
36.31	5.58
36.31	4.71
36.31	5.87
36.31	5.58
36.31	5.29
36.31	5.88
36.31	5.00
36.31	5.29
36.31	5.30
36.31	5.00
36.31	4.71
36.31	5.29
36.31	5.00
36.31	5.29
36.31	5.29
36.32	4.72
36.32	4.42
36.31	5.30
36.32	5.01
36.32	5.30
36.32	5.60
36.32	5.60
36.32	4.72
36.32	5.01
36.32	4.72
36.32	4.72
36.32	5.02
36.32	4.72
36.33	5.02
36.32	5.02
36.33	4.74
36.33	5.02
36.33	4.73
36.33	4.44
36.33	4.73
36.33	4.74
36.33	4.74
36.33	4.44
36.33	4.44
36.33	4.44
36.33	4.15
36.34	4.74
36.34	4.45
36.33	5.03
36.33	4.44
36.34	5.04
36.34	4.74
36.33	4.44
36.34	5.04
36.34	4.74
36.34	4.45
36.34	4.45
36.33	4.44
36.34	4.75
36.34	4.45
36.34	4.75
36.34	5.34
36.34	5.34
36.34	5.04
36.35	5.34
36.34	5.04
36.34	4.75
36.34	5.34
36.35	5.35
36.35	5.06
36.35	5.34
36.35	5.35
36.35	4.75
36.35	5.35
36.35	5.64
36.35	5.35
36.35	5.35
36.35	5.65
36.35	5.35
36.35	5.35
36.35	5.64
36.35	5.35
36.35	5.35
36.36	5.36
36.35	5.35
36.36	5.65
36.36	5.65
36.37	4.78
36.36	4.48
36.35	5.06
36.36	5.66
36.36	5.07
36.36	4.78
36.36	4.48
36.36	4.18
36.36	4.78
36.36	4.19
36.36	4.19
36.37	4.20
36.37	4.20
36.37	4.78
36.37	4.20
36.37	3.90
36.37	4.49
36.37	4.20
36.37	4.78
36.36	4.78
36.36	4.48
36.37	4.79
36.38	5.38
36.38	5.09
36.37	5.08
36.38	5.38
36.37	5.38
36.38	4.80
36.37	5.08
36.37	5.38
36.38	4.80
36.38	5.09
36.38	5.39
36.38	5.09
36.38	5.68
36.39	5.40
36.38	5.10
36.39	4.81
36.38	5.68
36.39	4.52
36.39	5.98
36.39	5.98
36.39	5.40
36.39	4.52
36.39	5.40
36.39	5.40
36.39	4.82
36.39	5.10
36.39	5.40
36.39	5.11
36.39	5.40
36.39	5.11
36.39	5.41
36.39	4.52
36.39	5.41
36.39	5.10
36.39	5.12
36.39	5.12
36.39	4.82
36.39	5.71
36.40	5.42
36.39	5.71
36.39	5.12
36.39	5.12
36.40	3.95
36.39	4.83
36.39	3.36
36.40	4.54
36.39	4.54
36.41	4.25
36.40	4.25
36.40	4.25
36.41	4.25
36.41	4.25
36.41	4.25
36.40	4.25
36.40	3.95
36.40	4.25
36.41	3.96
36.41	4.55
36.41	4.55
36.41	5.43
36.41	4.84
36.41	4.55
36.41	5.14
36.41	5.14
36.42	5.44
36.41	5.43
36.41	6.02
36.41	6.02
36.41	5.73
36.42	5.73
36.42	4.85
36.42	6.03
36.42	5.15
36.42	5.74
36.42	6.03
36.42	5.44
36.42	5.15
36.42	5.45
36.42	4.57
36.43	5.45
36.42	5.15
36.42	5.74
36.42	6.03
36.42	6.03
36.43	5.45
36.43	5.75
36.43	5.45
36.43	5.17
36.43	5.17
36.43	4.28
36.43	4.87
36.43	4.87
36.43	5.17
36.43	4.28
36.43	4.58
36.43	3.70
36.43	3.99
36.44	4.00
36.43	3.70
36.44	4.00
36.44	3.42
36.43	3.41
36.44	3.42
36.43	3.99
36.43	4.00
36.44	3.42
36.43	3.41
36.44	3.42
36.44	3.42
36.44	4.30
36.44	4.30
36.44	4.88
36.44	5.18
36.44	4.30
36.44	5.48
36.44	5.48
36.44	5.18
36.44	5.48
36.45	5.78
36.45	5.19
36.44	5.77
36.44	5.48
36.44	5.47
36.45	5.78
36.45	5.48
36.45	4.90
36.45	5.19
36.44	5.48
36.45	5.19
36.45	4.90
36.45	5.49
36.45	5.20
36.45	5.49
36.46	5.20
36.45	5.20
36.45	5.49
36.46	5.50
36.46	5.80
36.45	5.20
36.46	4.91
36.46	5.50
36.46	5.20
36.46	5.50
36.45	5.20
36.46	5.21
36.46	4.92
36.46	5.20
36.46	5.50
36.46	5.50
36.46	5.21
36.46	5.50
36.47	5.22
36.47	5.80
36.47	5.22
36.47	4.92
36.46	4.33
36.47	4.63
36.47	5.80
36.47	4.05
36.47	4.04
36.47	4.63
36.47	3.75
36.47	4.04
36.47	4.05
36.47	4.35
36.47	4.93
36.47	4.05
36.47	4.64
36.47	4.34
36.47	4.93
36.47	4.35
36.48	4.94
36.47	4.93
36.47	5.23
36.48	4.65
36.48	5.23
36.48	5.53
36.48	4.94
36.48	4.94
36.48	5.23
36.48	5.53
36.48	6.11
36.48	5.53
36.48	5.53
36.48	5.53
36.48	5.83
36.48	5.82
36.48	5.53
36.49	6.13
36.49	4.95
36.48	5.53
36.48	5.53
36.49	5.25
36.49	4.95
36.49	6.42
36.49	5.54
36.49	5.54
36.49	5.83
36.49	5.25
36.49	5.25
36.48	5.24
36.49	4.96
36.49	4.96
36.49	4.67
36.49	5.84
36.49	5.55
36.49	4.96
36.49	4.67
36.49	4.96
36.49	5.26
36.49	4.96
36.49	4.96
36.49	5.55
36.50	5.56
36.50	4.97
36.50	4.97
36.49	5.26
36.51	4.68
36.50	4.97
36.50	4.09
36.50	5.26
36.50	4.38
36.50	4.68
36.51	4.39
36.51	5.57
36.50	4.38
36.51	4.10
36.51	4.98
36.51	4.98
36.51	4.39
36.51	4.39
36.51	4.98
36.51	4.69
36.51	4.98
36.51	4.98
36.51	4.98
36.51	4.70
36.51	4.11
36.51	3.81
36.51	4.11
36.51	4.69
36.51	4.98
36.51	4.99
36.51	4.99
36.52	5.29
36.52	4.70
36.51	4.70
36.51	5.58
36.51	4.99
36.51	5.58
36.52	5.58
36.52	5.29
36.52	5.58
36.52	5.59
36.51	5.87
36.52	5.58
36.52	5.59
36.52	5.29
36.52	5.88
36.52	6.18
36.52	6.46
36.53	5.30
36.52	6.47
36.52	5.88
36.52	6.47
36.53	5.89
36.52	5.30
36.52	5.00
36.53	5.01
36.53	5.01
36.53	5.01
36.53	4.13
36.52	4.41
36.53	4.43
36.53	3.55
36.53	3.55
36.53	3.54
36.53	3.84
36.53	3.84
36.54	3.56
36.54	3.55
36.53	3.25
36.53	3.55
36.54	2.96
36.54	3.85
36.54	3.85
36.54	4.15
36.54	3.56
36.54	3.85
36.54	3.85
36.54	3.55
36.54	5.03
36.54	5.03
36.54	5.32
36.54	5.90
36.54	5.32
36.54	5.61
36.54	4.73
36.54	5.61
36.54	5.61
36.54	5.61
36.54	5.91
36.54	5.33
36.54	5.62
36.55	5.33
36.54	5.33
36.54	5.62
36.54	5.33
36.55	6.21
36.55	5.92
36.55	5.63
36.55	5.92
36.54	5.62
36.55	5.33
36.55	5.63
36.55	5.63
36.55	5.05
36.55	5.33
36.55	5.63
36.55	5.63
36.55	5.05
36.56	5.64
36.55	5.93
36.55	5.05
36.55	5.34
36.55	5.05
36.56	5.35
36.55	4.46
36.56	5.05
36.55	4.75
36.56	4.47
36.56	4.76
36.56	4.17
36.56	4.47
36.57	4.48
36.56	4.47
36.56	4.47
36.57	4.48
36.56	4.17
36.56	4.17
36.56	4.17
36.57	3.88
36.56	4.47
36.57	5.06
36.57	4.48
36.57	4.48
36.57	4.18
36.57	4.48
36.57	4.48
36.57	4.48
36.57	4.78
36.57	4.78
36.57	4.78
36.57	5.07
36.57	5.06
36.57	5.36
36.57	5.36
36.57	5.36
36.57	5.36
36.57	4.78
36.57	5.36
36.58	5.08
36.58	6.54
36.58	5.67
36.57	4.78
36.58	5.66
36.57	6.54
36.58	5.66
36.58	5.96
36.58	5.96
36.58	5.67
36.58	6.26
36.58	5.96
36.58	5.96
36.58	5.66
36.58	5.67
36.58	5.96
36.58	5.96
36.58	5.96
36.58	5.38
36.58	5.08
36.58	5.08
36.58	5.37
36.58	5.38
36.58	5.38
36.58	5.67
36.58	5.08
36.58	6.56
36.59	5.09
36.58	4.79
36.58	3.91
36.59	3.92
36.59	4.21
36.59	3.63
36.58	4.50
36.59	4.51
36.59	3.92
36.59	4.80
36.58	4.79
36.59	4.81
36.59	4.23
36.59	4.80
36.59	4.22
36.59	4.81
36.59	4.51
36.59	4.22
36.59	4.52
36.59	3.93
36.59	4.23
36.59	5.11
36.59	4.81
36.59	4.81
36.59	4.52
36.59	4.81
36.60	5.41
36.59	5.11
36.59	5.11
36.60	5.70
36.61	5.12
36.59	6.28
36.59	5.11
36.59	5.69
36.60	5.41
36.59	5.40
36.61	5.71
36.61	6.29
36.61	5.41
36.61	6.00
36.61	6.00
36.61	5.71
36.60	5.70
36.61	5.41
36.61	6.29
36.61	5.71
36.62	5.72
36.61	5.71
36.61	5.42
36.61	5.41
36.62	5.43
36.61	6.00
36.61	5.41
36.61	5.42
36.61	6.01
36.61	5.71
36.61	5.71
36.61	5.13
36.62	5.14
36.62	5.72
36.61	5.71
36.62	5.43
36.62	5.72
36.62	5.13
36.62	4.26
36.62	4.26
36.61	3.66
36.62	3.66
36.62	4.26
36.62	3.96
36.62	4.26
36.62	3.97
36.62	3.96
36.62	3.96
36.63	4.27
36.62	4.26
36.62	4.26
36.62	3.66
36.62	3.67
36.62	3.96
36.62	4.26
36.62	3.38
36.62	3.38
36.63	3.68
36.62	3.97
36.63	4.27
36.63	3.98
36.63	3.98
36.63	5.15
36.63	5.15
36.63	4.86
36.63	5.74
36.63	5.44
36.62	6.03
36.63	5.74
36.63	5.44
36.63	6.03
36.64	5.75
36.63	5.74
36.63	5.44
36.63	6.33
36.63	5.74
36.63	6.62
36.64	6.34
36.63	5.74
36.63	5.74
36.64	5.75
36.63	5.16
36.64	5.76
36.64	5.16
36.64	5.75
36.64	5.76
36.64	4.87
36.64	5.75
36.64	5.17
36.63	5.16
36.64	5.46
36.63	6.04
36.64	5.46
36.64	5.17
36.64	5.17
36.65	5.47
36.65	5.18
36.65	5.76
36.64	4.88
36.64	5.46
36.65	4.88
36.64	5.76
36.64	6.05
36.65	5.18
36.65	4.88
36.65	4.29
36.65	5.18
36.65	5.18
36.65	6.06
36.65	5.47
36.65	5.47
36.65	5.18
36.66	4.89
36.65	4.88
36.66	5.18
36.65	5.18
36.66	4.89
36.65	4.29
36.65	5.47
36.65	5.18
36.65	4.88
36.65	4.88
36.66	5.18
36.66	5.18
36.66	5.18
36.66	4.61
36.65	4.88
36.66	5.48
36.66	5.77
36.66	5.18
36.66	5.18
36.65	5.47
36.66	4.31
36.66	4.31
36.66	5.18
36.66	4.89
36.66	5.48
36.66	5.18
36.66	4.60
36.66	5.48
36.66	4.90
36.66	5.19
36.66	5.78
36.66	4.89
36.66	5.48
36.65	5.47
36.66	5.18
36.66	5.48
36.65	5.18
36.66	4.89
36.65	5.47
36.66	4.89
36.66	5.48
36.66	5.18
36.66	5.77
36.65	5.18
36.65	5.18
36.65	5.18
36.66	5.18
36.65	4.88
36.65	5.47
36.65	5.18
36.65	4.88
36.65	4.88
36.65	5.18
36.65	5.18
36.65	5.47
36.65	4.88
36.65	5.47
36.65	4.88
36.64	5.76
36.65	4.88
36.64	5.16
36.64	5.17
36.64	5.76
36.64	5.16
36.64	4.88
36.63	5.16
36.64	5.16
36.64	5.16
36.64	5.16
36.64	5.46
36.63	5.16
36.63	4.57
36.62	4.85
36.62	4.85
36.62	5.14
36.63	5.45
36.63	5.15
36.62	4.84
36.62	5.44
36.62	5.14
36.62	5.14
36.62	5.14
36.62	5.13
36.62	5.43
36.61	5.13
36.61	4.53
36.61	5.41
36.59	5.40
36.61	5.12
36.59	5.11
36.60	5.11
36.59	4.81
36.59	5.11
36.59	5.98
36.59	5.10
36.59	4.51
36.59	5.09
36.58	5.38
36.58	5.08
36.58	5.37
36.58	5.38
36.58	4.78
36.57	5.36
36.57	4.48
36.57	5.06
36.57	5.06
36.55	5.93
36.55	5.34
36.55	5.05
36.54	4.74
36.55	5.04
36.54	5.33
36.54	5.03
36.54	5.91
36.54	5.31
36.53	5.31
36.53	5.01
36.53	5.31
36.52	5.00
36.52	5.00
36.52	4.70
36.52	5.29
36.51	4.98
36.51	4.69
36.50	4.68
36.50	5.56
36.49	4.96
36.49	4.66
36.48	4.36
36.49	5.25
36.48	4.95
36.48	4.35
36.47	5.22
36.47	5.22
36.46	5.80
36.46	5.50
36.46	4.62
36.45	5.48
36.45	5.48
36.44	5.47
36.44	4.60
36.44	5.47
36.43	4.87
36.43	4.28
36.42	5.45
36.42	5.15
36.41	4.85
36.41	5.13
36.39	4.83
36.39	5.12
36.39	5.12
36.39	4.53
36.39	4.82
36.38	5.10
36.38	5.09
36.38	5.38
36.37	4.49
36.36	5.37
36.36	4.18
36.35	5.06
36.35	3.87
36.34	5.04
36.34	4.74
36.33	5.32
36.32	5.02
36.32	5.01
36.31	5.58
36.31	5.58
36.31	5.00
36.30	5.28
36.29	5.27
36.29	4.38
36.28	4.96
36.28	4.96
36.28	5.25
36.27	5.24
36.27	4.64
36.26	4.92
36.26	5.22
36.25	5.51
36.24	5.20
36.24	5.19
36.23	5.18
36.23	4.30
36.22	5.46
36.22	5.16
36.21	5.45
36.20	4.85
36.20	5.14
36.20	4.84
36.19	5.41
36.18	4.53
36.18	5.11
36.17	5.10
36.16	4.79
36.16	4.50
36.16	5.08
36.15	5.06
36.14	5.05
36.14	4.17
36.13	5.04
36.12	5.33
36.12	4.15
36.12	4.73
36.11	5.30
36.09	5.58
36.09	5.00
36.09	4.98
36.08	5.27
36.08	4.96
36.07	4.66
36.06	4.65
36.06	4.65
36.04	4.33
36.04	4.33
36.04	4.91
36.03	4.90
36.02	4.60
36.02	4.88
36.01	4.88
36.01	5.46
35.99	5.15
35.99	5.14
35.99	4.84
35.98	4.83
35.97	4.82
35.96	4.22
35.97	5.11
35.95	4.79
35.95	4.79
35.94	5.07
35.94	4.18
35.93	5.05
35.92	4.74
35.92	4.16
35.91	5.02
35.89	5.01
35.89	5.00
35.89	4.99
35.88	4.69
35.87	4.38
35.87	5.26
35.86	4.95
35.85	4.36
35.85	4.65
35.84	4.34
35.83	4.62
35.83	5.20
35.82	5.19
35.81	4.88
35.80	4.58
35.79	4.87
35.79	5.16
35.79	4.86
35.78	4.56
35.77	4.84
35.76	4.53
35.75	5.09
35.74	4.50
35.74	5.08
35.74	4.78
35.73	5.07
35.72	5.06
35.71	4.16
35.71	4.46
35.70	4.74
35.69	4.43
35.69	4.71
35.68	4.70
35.68	4.41
35.66	4.98
35.66	4.97
35.65	4.08
35.64	4.65
35.64	4.65
35.63	4.93
35.62	4.92
35.61	4.03
35.61	4.90
35.60	5.18
35.59	4.59
35.59	4.00
35.59	4.58
35.57	4.56
35.57	4.55
35.55	4.82
35.55	5.11
35.55	4.82
35.54	4.80
35.54	4.80
35.52	5.36
35.52	4.77
35.51	5.06
35.50	4.75
35.49	4.45
35.49	4.44
35.48	5.02
