29.33	0.79
29.32	1.08
29.32	0.49
29.32	0.19
29.33	0.22
29.32	0.21
29.32	0.19
29.32	0.78
29.32	0.21
29.32	0.49
29.32	-0.08
29.32	-0.09
29.32	1.07
29.33	0.49
29.32	0.78
29.32	0.19
29.32	-0.08
29.32	0.49
29.32	0.19
29.32	0.78
29.32	0.49
29.32	0.78
29.33	0.79
29.32	0.19
29.32	0.49
29.33	0.49
29.32	1.37
29.32	0.78
29.33	1.08
29.32	1.37
29.32	0.21
29.33	0.22
29.33	0.79
29.32	0.21
29.33	0.22
29.33	0.22
29.33	0.51
29.33	0.22
29.34	0.52
29.33	1.08
29.34	0.52
29.34	0.81
29.34	1.09
29.34	0.81
29.34	0.81
29.34	0.23
29.34	0.81
29.34	0.81
29.35	0.82
29.35	0.82
29.35	0.24
29.35	0.53
29.35	1.39
29.35	1.69
29.35	0.83
29.35	0.83
29.35	1.12
29.35	0.54
29.36	-0.03
29.36	0.84
29.36	1.13
29.36	0.84
29.37	1.43
29.37	0.56
29.37	0.86
29.37	0.86
29.37	1.43
29.38	0.28
29.38	0.86
29.39	-0.28
29.38	0.87
29.39	0.29
29.39	1.16
29.39	0.59
29.39	1.17
29.39	0.88
29.39	0.02
29.40	0.89
29.40	1.18
29.40	0.32
29.40	0.59
29.41	0.33
29.41	0.33
29.41	0.04
29.41	0.33
29.42	0.63
29.42	0.63
29.42	0.92
29.43	0.35
29.43	0.64
29.43	0.35
29.43	0.64
29.43	0.37
29.44	0.66
29.44	0.08
29.44	0.66
29.44	0.38
29.44	1.53
29.45	0.96
29.45	0.97
29.45	0.97
29.46	0.97
29.46	0.97
29.46	0.97
29.46	0.98
29.47	1.28
29.53	1.07
29.54	0.52
29.53	0.21
29.55	0.82
29.55	1.09
29.55	0.24
29.55	0.24
29.56	0.54
29.56	0.25
29.79	0.29
29.79	1.16
29.80	0.59
29.81	1.47
29.81	0.59
29.81	0.32
29.82	0.89
29.82	0.61
29.83	0.63
29.83	0.63
29.83	0.92
29.84	0.64
29.84	0.64
29.85	0.94
29.85	0.66
29.85	0.95
29.86	0.97
29.86	0.68
29.87	0.97
29.87	1.26
29.88	0.69
29.88	1.27
29.88	1.58
29.88	0.12
29.88	0.99
29.89	1.01
29.90	1.31
29.90	1.02
29.90	1.02
29.91	0.74
29.91	1.32
29.92	1.63
29.92	1.63
29.93	1.06
29.93	1.07
29.94	0.19
29.94	1.08
29.95	0.51
29.95	0.22
29.95	1.08
29.96	1.09
29.96	1.69
29.96	1.09
29.97	1.41
29.98	1.13
29.99	1.43
29.98	1.13
29.99	1.14
30.00	1.16
29.99	0.57
30.01	1.17
30.00	0.88
30.02	0.61
30.02	0.32
30.03	0.62
30.03	0.62
30.04	0.63
30.04	0.64
30.04	0.35
30.05	0.37
30.06	0.66
30.06	0.37
30.07	0.67
30.07	0.38
30.07	0.97
30.07	0.68
30.08	0.98
30.08	0.98
30.09	1.28
30.08	0.99
30.09	1.29
30.09	0.72
30.10	1.01
30.10	1.01
30.11	0.73
30.12	1.32
30.12	1.32
30.13	0.76
30.13	1.34
30.13	0.48
30.14	1.35
30.14	1.36
30.14	1.36
30.16	1.09
30.16	1.39
30.16	1.09
30.16	1.09
30.17	1.11
30.17	1.39
30.18	1.99
30.18	1.69
30.19	0.84
30.19	1.14
30.19	1.44
30.19	1.14
30.21	0.87
30.21	0.87
30.21	0.87
30.22	1.47
30.23	0.89
30.23	1.48
30.23	1.19
30.25	0.92
30.25	1.51
30.25	1.22
30.26	1.23
30.26	0.95
30.27	0.96
30.27	1.54
30.28	1.54
30.27	1.25
30.28	1.26
30.29	0.69
30.29	0.42
30.30	1.29
30.31	0.72
30.31	0.43
30.32	1.31
30.32	0.74
30.32	0.74
30.33	0.46
30.34	0.77
30.34	1.34
30.34	1.06
30.35	1.64
30.35	1.36
30.36	1.09
30.36	1.09
30.37	1.38
30.37	0.53
30.37	1.11
30.38	1.39
30.38	1.39
30.39	1.13
30.39	1.13
30.39	1.71
30.40	1.72
30.41	1.15
30.40	1.43
30.41	1.44
30.41	0.87
30.43	0.59
30.43	1.18
30.43	0.89
30.44	1.19
30.45	1.79
30.45	1.49
30.45	0.63
30.45	0.63
30.46	1.23
30.46	1.23
30.47	1.53
30.47	0.95
30.49	1.26
30.49	0.68
30.49	1.55
30.49	1.28
30.49	0.99
30.50	1.29
30.51	0.71
30.51	1.29
30.52	1.02
30.52	1.31
30.53	0.74
30.54	1.34
30.53	1.04
30.54	1.05
30.55	1.35
30.55	0.78
30.56	1.07
30.56	1.08
30.57	0.79
30.57	1.09
30.57	1.09
30.57	1.39
30.58	0.81
30.59	1.12
30.59	0.83
30.59	0.84
30.60	1.14
30.60	1.14
30.61	0.85
30.61	1.14
30.62	1.17
30.63	0.59
30.63	1.17
30.63	1.17
30.63	0.89
30.64	1.77
30.65	1.49
30.65	1.78
30.65	0.91
30.66	1.22
30.65	0.92
30.67	1.81
30.67	1.52
30.67	1.53
30.68	1.82
30.68	1.54
30.68	1.24
30.69	0.68
30.69	1.27
30.70	1.28
30.70	0.98
30.71	0.99
30.71	1.29
30.72	1.59
30.72	1.01
30.73	1.03
30.73	1.32
30.73	1.03
30.74	1.34
30.74	1.04
30.74	1.04
30.75	0.77
30.76	1.35
30.76	1.36
30.77	1.08
30.77	0.79
30.77	1.09
30.77	0.51
30.78	0.81
30.79	0.82
30.78	1.68
30.79	0.82
30.79	1.12
30.81	1.13
30.81	0.84
30.81	1.14
30.82	2.02
30.81	1.14
30.83	1.46
30.83	0.58
30.84	1.47
30.83	1.46
30.84	1.18
30.85	0.61
30.85	1.19
30.85	1.49
30.85	0.91
30.86	1.21
30.86	1.21
30.87	1.51
30.87	0.94
30.88	1.52
30.88	1.24
30.89	1.24
30.89	1.54
30.89	1.84
30.89	0.97
30.90	1.56
30.91	1.28
30.91	0.99
30.92	0.99
30.92	0.99
30.92	1.01
30.93	1.88
30.93	0.73
30.93	1.32
30.93	1.89
30.94	1.62
30.96	0.77
30.96	1.06
30.96	1.35
30.96	1.93
30.96	1.35
30.97	1.37
30.97	1.08
30.97	1.37
30.99	1.11
30.99	1.39
30.99	1.11
30.99	1.69
30.99	1.69
31.01	1.42
31.01	0.84
31.01	1.72
31.01	1.14
31.02	1.15
31.03	1.16
31.03	0.87
31.03	0.58
31.04	1.18
31.04	1.47
31.05	1.18
31.06	0.61
31.06	1.19
31.06	1.49
31.06	1.49
31.07	1.21
31.07	1.79
31.07	1.79
31.08	1.81
31.08	2.09
31.09	1.24
31.09	1.53
31.09	0.96
31.10	1.84
31.10	1.84
31.10	1.84
31.10	1.55
31.11	1.86
31.12	1.28
31.12	1.57
31.13	2.17
31.13	1.88
31.14	1.59
31.14	1.31
31.14	0.73
31.14	1.02
31.14	0.74
31.15	1.33
31.16	1.64
31.16	1.34
31.17	1.35
31.17	0.78
31.18	1.37
31.18	1.95
31.18	1.67
31.19	1.68
31.19	1.38
31.19	1.39
31.19	1.09
31.20	0.53
31.21	0.54
31.21	1.12
31.22	1.42
31.22	0.56
31.23	1.14
31.23	1.44
31.24	1.16
31.24	1.16
31.24	0.88
31.25	1.46
31.26	1.48
31.26	1.48
31.26	1.19
31.26	1.19
31.27	1.19
31.27	1.49
31.27	0.92
31.28	1.79
31.28	1.22
31.29	0.94
31.29	1.82
31.29	1.82
31.30	1.83
31.29	2.39
31.30	1.54
31.31	2.14
31.31	2.13
31.31	1.56
31.32	1.28
31.32	2.15
31.34	2.17
31.33	1.58
31.34	1.59
31.34	1.59
31.34	1.31
31.34	1.02
31.34	1.89
31.35	1.89
31.36	1.63
31.36	2.49
31.37	1.34
31.38	1.36
31.38	1.36
31.38	1.66
31.39	1.08
31.39	1.67
31.39	1.37
31.39	1.96
31.41	1.69
31.41	1.69
31.41	1.39
31.42	1.41
31.42	1.99
31.42	1.71
31.42	1.71
31.43	1.14
31.43	0.86
31.44	2.32
31.45	1.46
31.44	1.45
31.45	1.46
31.46	1.47
31.46	1.47
31.46	0.89
31.46	1.19
31.47	1.49
31.47	1.49
31.47	2.07
31.48	1.79
31.48	1.51
31.49	1.22
31.49	1.81
31.50	1.82
31.50	2.11
31.50	1.53
31.50	2.12
31.51	2.12
31.51	1.55
31.52	1.56
31.52	1.85
31.53	2.16
31.53	1.87
31.53	1.28
31.54	1.87
31.54	1.87
31.55	1.89
31.55	0.73
31.55	1.32
31.56	1.32
31.56	1.32
31.56	1.62
31.57	1.04
31.57	1.92
31.58	1.93
31.58	1.94
31.58	1.35
31.59	2.24
31.59	1.95
31.60	1.09
31.59	1.67
31.61	1.39
31.61	1.68
31.61	1.11
31.61	1.11
31.62	0.83
31.62	0.83
31.63	1.13
31.63	0.84
31.63	1.14
31.64	1.15
31.64	1.15
31.64	1.15
31.65	0.58
31.66	0.88
31.66	0.88
31.66	1.18
31.67	2.06
31.67	1.77
31.67	1.19
31.67	1.78
31.68	1.78
31.68	1.21
31.69	0.92
31.69	2.38
31.69	1.51
31.69	1.52
31.69	1.81
31.71	1.83
31.71	2.12
31.71	2.12
31.71	1.53
31.72	1.26
31.72	2.13
31.72	1.55
31.73	1.85
31.73	1.57
31.73	2.14
31.74	1.86
31.74	2.15
31.74	2.46
31.75	1.59
31.75	1.89
31.75	1.89
31.75	1.89
31.76	1.89
31.76	1.89
31.77	2.19
31.78	1.92
31.78	1.05
31.78	1.64
31.79	2.53
31.79	1.94
31.79	1.66
31.79	1.64
31.80	1.38
31.81	1.96
31.81	1.96
31.81	1.97
31.82	1.11
31.82	1.69
31.82	1.39
31.83	0.83
31.82	1.41
31.83	1.13
31.83	1.42
31.84	1.14
31.84	1.14
31.85	0.86
31.85	1.44
31.86	1.16
31.86	1.46
31.86	1.46
31.87	1.76
31.87	1.18
31.87	2.06
31.87	1.77
31.88	1.49
31.88	1.48
31.89	0.92
31.89	1.49
31.89	1.79
31.89	2.38
31.90	1.51
31.90	0.94
31.91	1.82
31.90	2.39
31.91	2.11
31.91	1.53
31.92	1.83
31.92	1.83
31.92	2.71
31.93	2.42
31.93	2.13
31.93	2.43
31.94	2.14
31.94	1.57
31.94	1.87
31.94	1.87
31.95	1.87
31.95	1.88
31.96	2.18
31.96	1.89
31.96	2.18
31.97	1.89
31.97	2.49
31.97	1.61
31.98	2.21
31.98	1.92
31.98	1.34
31.99	1.93
31.99	1.65
32.00	2.24
31.99	1.36
32.01	1.66
32.01	1.67
32.02	2.26
32.02	1.68
32.02	1.68
32.02	1.39
32.02	1.69
32.03	1.12
32.04	1.71
32.03	1.69
32.04	1.71
32.04	1.71
32.05	1.43
32.06	1.73
32.06	1.73
32.06	2.61
32.06	1.46
32.07	1.75
32.07	1.75
32.07	1.47
32.07	2.05
32.08	2.06
32.08	1.19
32.09	2.07
32.09	1.78
32.10	1.79
32.09	1.79
32.10	2.09
32.10	1.22
32.11	2.09
32.10	1.22
32.11	1.81
32.12	1.82
32.12	2.12
32.12	1.83
32.12	1.54
32.13	1.84
32.13	1.84
32.14	1.84
32.14	2.14
32.14	2.15
32.15	2.16
32.14	1.86
32.16	1.88
32.15	1.87
32.16	1.88
32.16	1.59
32.16	1.88
32.17	1.61
32.17	2.48
32.17	1.31
32.18	1.91
32.18	1.92
32.18	1.62
32.19	1.64
32.19	1.34
32.19	1.93
32.20	1.94
32.19	1.93
32.21	2.53
32.22	1.96
32.22	1.67
32.22	1.97
32.22	1.97
32.23	1.39
32.22	1.09
32.23	1.98
32.24	1.41
32.23	1.69
32.24	1.41
32.24	2.29
32.25	1.43
32.25	2.29
32.26	2.02
32.26	1.72
32.26	1.73
32.26	1.73
32.26	2.31
32.27	0.88
32.27	1.17
32.28	1.17
32.28	1.47
32.28	1.18
32.28	1.18
32.29	1.77
32.29	1.77
32.29	1.77
32.30	1.21
32.30	1.79
32.30	0.91
32.31	1.79
32.31	1.81
32.30	1.79
32.32	2.39
32.31	2.39
32.31	2.39
32.33	2.12
32.33	1.83
32.33	2.41
32.32	1.82
32.33	2.12
32.33	1.83
32.34	1.84
32.34	1.85
32.34	2.14
32.34	1.85
32.35	2.44
32.36	1.87
32.36	1.88
32.36	1.87
32.36	1.58
32.37	2.17
32.37	1.89
32.38	1.89
32.37	2.47
32.38	2.19
32.38	2.19
32.38	1.91
32.39	1.91
32.39	1.63
32.39	1.63
32.39	1.34
32.40	2.22
32.41	1.94
32.41	1.94
32.42	1.66
32.42	2.24
32.42	2.24
32.43	1.68
32.42	1.96
32.43	1.39
32.43	1.68
32.43	1.98
32.44	1.41
32.45	1.41
32.45	1.41
32.45	1.71
32.46	1.43
32.46	1.42
32.46	1.73
32.46	1.72
32.47	0.86
32.47	1.45
32.47	1.16
32.47	2.03
32.48	1.74
32.49	1.76
32.49	2.06
32.49	1.48
32.49	1.77
32.49	1.77
32.49	1.19
32.50	2.07
32.50	1.49
32.50	1.79
32.51	2.08
32.51	2.09
32.52	2.68
32.52	2.09
32.52	2.39
32.52	2.09
32.53	1.82
32.53	2.11
32.53	2.39
32.54	2.12
32.54	2.71
32.54	2.12
32.55	2.14
32.54	2.42
32.55	2.14
32.55	1.85
32.56	2.15
32.55	2.14
32.56	2.15
32.57	1.87
32.57	1.87
32.57	2.16
32.58	2.76
32.58	1.31
32.58	2.18
32.58	1.89
32.59	1.89
32.59	1.91
32.59	1.91
32.59	1.92
32.59	2.49
32.60	2.51
32.61	2.22
32.61	2.52
32.62	3.11
32.61	1.94
32.62	1.94
32.62	1.66
32.62	1.37
32.63	1.38
32.63	1.97
32.63	1.97
32.64	1.39
32.64	1.39
32.64	1.39
32.65	1.39
32.66	1.71
32.66	1.42
32.66	2.29
32.66	1.42
32.66	1.12
32.67	2.02
32.67	1.44
32.67	1.44
32.68	2.04
32.68	2.04
32.68	2.04
32.68	2.04
32.68	1.74
32.69	1.75
32.69	2.04
32.70	1.48
32.70	1.48
32.70	2.06
32.70	2.06
32.71	2.37
32.70	1.78
32.71	1.21
32.71	2.37
32.72	2.09
32.72	2.38
32.72	2.38
32.73	1.52
32.73	1.81
32.74	2.11
32.74	2.69
32.74	1.54
32.74	2.99
32.74	2.42
32.74	1.83
32.75	2.42
32.75	2.14
32.75	3.01
32.75	2.14
32.76	2.14
32.76	1.86
32.76	3.31
32.77	2.16
32.77	2.74
32.77	2.44
32.78	3.04
32.78	1.59
32.79	2.48
32.79	2.48
32.79	1.61
32.79	2.19
32.79	2.19
32.79	1.62
32.79	1.62
32.80	2.49
32.81	1.63
32.81	2.22
32.82	1.93
32.82	1.94
32.82	2.24
32.82	1.64
32.82	1.65
32.83	2.54
32.82	1.94
32.83	1.66
32.84	2.54
32.84	1.67
32.84	1.97
32.85	1.98
32.85	1.69
32.85	2.56
32.86	1.99
32.86	1.69
32.86	2.29
32.86	1.99
32.86	2.29
32.86	1.99
32.87	2.01
32.87	2.89
32.88	1.14
32.88	2.59
32.88	1.74
32.89	2.33
32.89	1.74
32.89	2.04
32.89	2.34
32.89	1.46
32.89	2.33
32.90	1.76
32.90	2.35
32.91	2.07
32.91	2.36
32.91	2.36
32.91	2.65
32.92	2.08
32.91	2.36
32.92	1.79
32.92	2.37
32.93	2.09
32.93	2.39
32.93	2.38
32.94	2.09
32.94	2.69
32.94	1.82
32.94	1.53
32.95	2.12
32.94	1.82
32.96	2.72
32.95	2.13
32.96	2.13
32.96	2.13
32.97	2.73
32.97	2.73
32.97	2.44
32.97	2.15
32.98	1.87
32.98	1.88
32.98	2.17
32.98	1.87
32.98	1.88
32.99	1.89
32.99	1.89
32.99	2.19
32.99	1.61
32.99	1.61
33.00	2.19
33.01	1.91
33.01	2.19
33.02	2.79
33.01	1.92
33.02	1.92
33.02	1.63
33.02	1.35
33.02	2.22
33.02	1.94
33.02	1.64
33.03	1.94
33.04	2.24
33.04	2.54
33.04	1.96
33.05	1.97
33.05	2.55
33.05	2.55
33.05	2.27
33.05	2.56
33.06	2.27
33.06	2.28
33.06	2.58
33.06	2.57
33.06	1.69
33.07	2.29
33.08	2.89
33.07	2.88
33.08	2.31
33.08	2.59
33.08	1.72
33.09	2.61
33.09	2.32
33.09	1.16
33.09	2.32
33.09	1.74
33.09	2.33
33.10	2.04
33.10	2.34
33.11	2.34
33.12	1.78
33.11	2.06
33.11	1.77
33.12	2.36
33.12	1.78
33.12	1.49
33.12	2.37
33.13	1.49
33.13	1.79
33.13	2.08
33.14	1.81
33.14	2.09
33.14	1.22
33.14	1.81
33.14	1.52
33.15	2.11
33.15	1.54
33.16	2.42
33.16	1.54
33.16	2.13
33.16	1.25
33.17	2.14
33.17	1.26
33.17	1.56
33.17	1.56
33.17	2.14
33.18	2.16
33.18	2.16
33.18	2.16
33.18	2.45
33.19	2.47
33.19	2.18
33.19	2.47
33.19	2.18
33.19	2.76
33.20	2.48
33.21	2.49
33.21	2.49
33.20	2.19
33.21	1.91
33.21	2.79
33.21	2.49
33.22	2.21
33.22	2.21
33.22	2.22
33.22	2.49
33.22	2.51
33.23	2.52
33.23	1.94
33.24	2.24
33.24	2.24
33.25	1.96
33.24	2.24
33.25	2.54
33.25	2.26
33.25	2.54
33.26	2.85
33.25	1.97
33.26	2.28
33.26	1.98
33.27	1.99
33.27	2.28
33.27	2.29
33.28	2.29
33.27	2.29
33.28	2.59
33.29	1.43
33.29	2.02
33.29	2.31
33.29	1.72
33.29	1.73
33.30	2.33
33.29	1.74
33.30	1.74
33.30	1.74
33.31	1.46
33.31	2.05
33.31	2.05
33.31	2.05
33.32	2.06
33.32	1.48
33.32	2.06
33.32	1.48
33.33	2.37
33.33	2.37
33.33	2.37
33.33	2.08
33.33	2.66
33.33	1.79
33.34	2.38
33.35	2.09
33.34	2.38
33.35	2.39
33.34	2.09
33.35	2.11
33.35	2.69
33.35	2.39
33.36	2.99
33.36	2.71
33.36	2.41
33.36	2.41
33.37	2.42
33.37	2.42
33.37	2.43
33.37	2.72
33.37	2.14
33.38	2.73
33.38	1.86
33.39	2.45
33.38	2.44
33.39	1.87
33.39	2.16
33.39	2.45
33.39	2.75
33.39	2.17
33.39	2.17
33.40	2.76
33.41	2.77
33.41	2.48
33.41	2.19
33.41	2.48
33.41	2.19
33.42	2.19
33.41	2.19
33.42	1.92
33.42	2.21
33.42	2.79
33.42	2.79
33.43	2.51
33.43	2.22
33.43	2.22
33.43	1.93
33.44	1.94
33.44	2.23
33.44	2.24
33.44	2.24
33.45	1.95
33.44	1.94
33.45	1.38
33.45	1.96
33.45	1.38
33.46	1.09
33.46	1.68
33.46	1.68
33.46	1.68
33.47	1.69
33.47	1.99
33.47	1.99
33.48	1.99
33.48	1.99
33.49	2.59
33.48	1.99
33.48	1.99
33.49	2.01
33.49	2.01
33.49	1.72
33.49	2.29
33.49	2.89
33.50	2.03
33.49	2.59
33.49	2.59
33.49	2.31
33.50	2.32
33.51	2.62
33.50	3.49
33.51	2.63
33.51	2.34
33.51	2.63
33.52	2.63
33.52	2.64
33.52	2.06
33.53	2.64
33.53	2.06
33.53	2.65
33.53	2.65
33.53	2.36
33.53	2.66
33.54	2.67
33.54	2.67
33.54	1.79
33.54	2.08
33.55	2.09
33.55	2.39
33.55	2.09
33.55	2.39
33.55	2.09
33.56	2.39
33.56	2.41
33.56	2.11
33.56	2.11
33.57	2.42
33.56	2.99
33.57	2.71
33.58	1.84
33.57	2.13
33.57	2.72
33.58	3.02
33.58	2.44
33.59	2.73
33.59	1.86
33.59	2.16
33.59	2.16
33.59	1.87
33.60	2.75
33.60	1.88
33.60	2.17
33.60	2.17
33.61	1.89
33.61	2.18
33.61	2.18
33.61	1.89
33.61	2.19
33.62	2.49
33.62	1.62
33.61	1.61
33.62	2.19
33.62	1.62
33.63	1.92
33.62	2.49
33.63	2.51
33.63	2.51
33.64	2.51
33.64	1.93
33.64	2.22
33.64	2.22
33.65	2.52
33.64	2.23
33.64	2.52
33.65	2.53
33.65	2.82
33.65	2.54
33.65	2.83
33.65	2.54
33.65	2.54
33.66	2.54
33.66	2.55
33.67	2.56
33.67	2.26
33.67	2.26
33.67	3.14
33.67	2.56
33.68	2.58
33.69	2.87
33.68	2.87
33.68	1.69
33.69	1.99
33.68	2.28
33.69	1.43
33.69	2.29
33.69	2.01
33.69	2.31
33.69	2.31
33.69	2.31
33.69	2.02
33.70	2.31
33.70	2.02
33.71	2.62
33.71	2.61
33.71	2.32
33.71	2.62
33.72	3.21
33.72	2.33
33.72	2.34
33.72	2.63
33.73	2.06
33.73	2.06
33.73	2.93
33.73	2.65
33.74	2.07
33.73	2.07
33.74	2.07
33.74	2.08
33.75	1.79
33.75	2.38
33.75	1.79
33.74	2.08
33.75	1.22
33.75	2.38
33.76	2.09
33.76	2.09
33.76	1.81
33.77	2.39
33.77	2.39
33.77	2.11
33.77	2.12
33.77	2.39
33.77	2.42
33.77	2.42
33.78	2.42
33.78	2.13
33.78	1.55
33.78	2.14
33.78	2.14
33.79	2.43
33.79	1.56
33.79	2.14
33.79	2.14
33.79	2.14
33.79	2.15
33.79	2.73
33.79	2.74
33.79	2.15
33.80	2.16
33.80	2.45
33.81	2.17
33.81	2.17
33.81	3.05
33.81	2.76
33.81	2.47
33.82	2.77
33.82	1.89
33.82	2.48
33.82	2.19
33.82	2.78
33.82	2.78
33.82	1.89
33.82	2.78
33.83	1.91
33.83	2.79
33.83	2.79
33.84	2.49
33.84	2.79
33.84	1.63
33.85	2.52
33.85	2.22
33.85	2.52
33.85	2.52
33.85	2.81
33.85	2.81
33.85	2.24
33.86	1.95
33.85	2.53
33.86	3.41
33.86	3.13
33.87	2.84
33.87	2.26
33.87	1.96
33.87	1.67
33.88	3.14
33.87	1.96
33.88	1.98
33.88	1.69
33.88	1.98
33.88	2.27
33.89	1.99
33.89	1.69
33.89	2.29
33.89	2.58
33.89	1.41
33.89	2.29
33.89	2.88
33.89	1.99
33.90	2.31
33.90	2.31
33.89	2.01
33.91	2.61
33.91	2.32
33.91	1.73
33.92	2.03
33.91	2.02
33.92	2.62
33.91	2.03
33.92	2.32
33.92	1.74
33.92	2.03
33.92	2.62
33.93	2.64
33.93	2.64
33.93	2.93
33.93	2.64
33.93	2.93
33.94	2.64
33.93	2.64
33.94	3.23
33.94	2.94
33.94	2.64
33.94	2.65
33.95	2.66
33.94	2.07
33.96	3.26
33.95	2.66
33.95	2.96
33.95	2.37
33.96	2.38
33.95	2.08
33.96	2.09
33.96	2.39
33.96	2.67
33.97	2.09
33.97	2.39
33.97	2.98
33.98	2.41
33.97	2.41
33.97	1.82
33.97	2.69
33.98	2.41
33.98	2.41
33.97	2.11
33.99	2.72
33.99	2.43
33.99	2.72
33.99	1.84
33.99	2.43
33.99	2.73
34.00	1.86
33.99	2.14
34.00	2.15
34.00	1.86
34.00	2.15
34.01	1.87
34.01	2.74
34.01	2.74
34.01	2.17
34.01	3.04
34.02	1.88
34.01	2.16
34.01	2.46
34.02	2.18
34.02	2.76
34.02	2.18
34.03	2.48
34.02	2.18
34.03	2.49
34.03	2.19
34.02	3.06
34.03	3.07
34.03	2.78
34.04	2.19
34.04	2.79
34.04	2.79
34.04	2.79
34.04	3.08
34.04	3.38
34.05	3.09
34.05	2.79
34.05	3.39
34.05	2.52
34.05	2.51
34.05	2.81
34.05	2.81
34.06	3.11
34.06	3.11
34.06	2.23
34.06	2.53
34.07	2.24
34.06	2.24
34.07	2.84
34.07	2.84
34.07	2.25
34.07	2.54
34.08	2.55
34.07	1.67
34.08	2.56
34.08	1.97
34.08	2.56
34.08	2.26
34.08	1.98
34.09	2.28
34.09	1.99
34.09	2.58
34.09	2.58
34.09	1.99
34.09	2.87
34.09	2.58
34.10	2.29
34.09	2.29
34.10	1.99
34.11	2.29
34.11	2.59
34.11	2.59
34.11	2.59
34.11	2.89
34.12	2.61
34.12	2.32
34.12	2.61
34.11	2.31
34.12	2.89
34.12	2.61
34.12	2.61
34.13	2.63
34.12	2.91
34.12	2.62
34.12	3.19
34.12	2.33
34.13	2.63
34.13	3.21
34.13	2.92
34.14	2.64
34.13	2.92
34.14	2.94
34.14	2.34
34.14	2.64
34.14	2.93
34.15	2.36
34.15	2.65
34.15	3.24
34.15	2.37
34.15	2.95
34.16	2.37
34.16	2.67
34.16	2.37
34.16	2.67
34.16	3.25
34.16	2.38
34.16	3.26
34.16	2.38
34.16	2.38
34.17	2.39
34.17	2.68
34.17	2.09
34.17	2.69
34.17	2.09
34.18	2.39
34.18	2.41
34.18	2.41
34.18	2.69
34.19	2.99
34.18	2.69
34.19	2.71
34.19	2.71
34.19	2.42
34.19	2.14
34.19	2.14
34.20	2.73
34.19	2.72
34.19	3.01
34.19	2.72
34.20	3.02
34.20	2.14
34.20	2.14
34.20	2.44
34.21	2.44
34.21	2.44
34.20	2.73
34.21	2.16
34.21	2.44
34.21	3.03
34.22	2.75
34.21	2.16
34.22	2.75
34.22	3.64
34.22	2.46
34.22	3.04
34.22	2.76
34.23	2.18
34.23	2.47
34.23	3.06
34.23	2.77
34.23	2.77
34.23	2.77
34.24	2.19
34.24	2.78
34.23	2.48
34.24	2.78
34.24	1.91
34.24	2.49
34.24	2.79
34.24	2.79
34.24	2.49
34.25	2.21
34.25	2.21
34.25	3.09
34.26	2.52
34.25	2.79
34.26	2.52
34.26	2.52
34.26	3.39
34.26	2.22
34.26	3.11
34.26	2.23
34.27	1.94
34.27	2.24
34.27	2.83
34.28	1.96
34.28	2.25
34.28	1.96
34.28	1.96
34.28	2.25
34.28	1.96
34.28	1.96
34.28	1.67
34.28	1.68
34.28	1.96
34.28	1.68
34.28	2.26
34.29	2.27
34.29	1.98
34.29	2.27
34.29	2.27
34.29	2.87
34.30	2.29
34.29	2.28
34.30	2.58
34.29	2.57
34.30	3.16
34.30	2.58
34.31	2.59
34.31	2.29
34.30	3.16
34.30	2.58
34.31	2.29
34.31	2.59
34.31	3.18
34.32	2.01
34.32	2.59
34.32	2.59
34.32	3.19
34.32	2.59
34.32	2.61
34.32	2.59
34.32	2.31
34.32	2.03
34.33	2.62
34.33	2.62
34.32	2.32
34.33	2.62
34.33	2.62
34.33	2.92
34.33	2.62
34.34	2.34
34.34	2.64
34.34	2.63
34.35	2.06
34.34	2.34
34.35	2.93
34.35	2.94
34.35	2.06
34.35	2.06
34.35	2.94
34.36	2.65
34.36	2.36
34.36	2.08
34.36	2.65
34.36	2.66
34.36	1.49
34.36	2.66
34.36	2.08
34.36	2.66
34.37	2.09
34.37	1.79
34.36	2.08
34.37	2.97
34.36	2.67
34.37	2.39
34.37	2.38
34.37	2.39
34.38	2.98
34.38	2.69
34.37	2.97
34.38	2.69
34.39	2.41
34.38	2.39
34.38	2.69
34.39	2.99
34.39	2.41
34.39	3.29
34.39	2.69
34.39	2.71
34.39	2.99
34.39	2.99
34.39	2.99
34.39	2.41
34.39	2.71
34.40	3.01
34.40	2.43
34.40	2.43
34.40	2.72
34.40	2.72
34.41	2.44
34.41	3.02
34.41	1.85
34.41	3.32
34.41	3.03
34.42	2.16
34.41	3.03
34.42	2.45
34.41	2.44
34.42	3.04
34.42	2.46
34.42	2.45
34.42	2.16
34.43	2.17
34.43	2.76
34.43	2.17
34.43	2.18
34.43	2.18
34.44	2.48
34.43	1.88
34.44	2.77
34.44	1.89
34.44	2.77
34.44	2.48
34.44	3.07
34.44	2.49
34.44	2.49
34.45	2.49
34.45	2.79
34.45	1.62
34.45	1.92
34.45	2.49
34.45	3.09
34.45	2.79
34.45	2.21
34.45	3.09
34.45	2.79
34.46	3.09
34.46	2.81
34.46	3.38
34.46	2.81
34.47	3.39
34.46	2.79
34.46	3.39
34.46	3.09
34.46	2.22
34.47	3.39
34.48	3.41
34.48	2.54
34.47	2.82
34.48	2.53
34.48	2.24
34.48	2.54
34.48	2.83
34.48	2.83
34.48	2.54
34.48	2.84
34.49	3.14
34.48	2.84
34.49	2.84
34.49	2.85
34.49	2.26
34.49	2.26
34.49	2.84
34.49	2.85
34.49	3.14
34.49	1.98
34.50	2.57
34.51	2.87
34.49	2.27
34.51	2.58
34.51	2.58
34.51	2.58
34.51	2.29
34.51	2.58
34.51	2.29
34.52	2.59
34.52	2.29
34.52	2.59
34.52	2.89
34.52	2.59
34.52	2.02
34.52	1.72
34.52	2.29
34.52	2.29
34.53	1.44
34.52	2.02
34.53	2.61
34.53	2.91
34.53	2.91
34.53	2.32
34.53	2.32
34.53	2.32
34.53	2.03
34.54	1.74
34.54	2.91
34.54	2.33
34.53	3.19
34.54	2.62
34.54	2.63
34.55	2.93
34.54	3.49
34.55	3.22
34.55	3.22
34.55	2.93
34.56	3.52
34.55	2.93
34.55	2.93
34.56	3.23
34.55	2.34
34.55	2.34
34.56	3.24
34.56	2.94
34.56	2.94
34.56	2.94
34.56	2.36
34.56	2.66
34.56	3.24
34.56	2.95
34.57	3.25
34.57	2.38
34.58	2.38
34.58	2.68
34.57	3.26
34.58	2.39
34.58	3.56
34.58	3.26
34.58	2.68
34.59	2.98
34.59	2.98
34.59	2.99
34.59	2.39
34.59	2.69
34.59	3.58
34.59	2.12
34.59	2.69
34.59	2.69
34.59	3.29
34.60	2.42
34.60	2.71
34.60	2.71
34.60	3.01
34.60	2.71
34.61	2.14
34.61	2.43
34.61	2.14
34.60	1.84
34.61	2.43
34.61	2.14
34.61	2.14
34.61	1.85
34.62	1.86
34.62	2.44
34.62	1.86
34.62	2.15
34.63	1.58
34.62	1.86
34.62	2.15
34.62	3.03
34.62	1.57
34.63	1.87
34.63	2.16
34.63	2.74
34.63	2.74
34.63	2.75
34.63	3.34
34.63	2.75
34.64	2.76
34.63	3.34
34.63	3.34
34.64	2.76
34.64	3.05
34.64	3.06
34.64	3.64
34.64	3.06
34.64	3.36
34.64	2.47
34.64	3.35
34.65	3.36
34.65	2.78
34.64	2.48
34.65	2.78
34.65	2.78
34.66	3.38
34.65	3.36
34.65	2.49
34.65	3.08
34.66	3.08
34.66	2.79
34.66	2.49
34.66	3.38
34.66	2.79
34.66	2.49
34.67	2.81
34.67	2.79
34.67	3.09
34.67	3.09
34.67	2.52
34.67	2.52
34.68	2.82
34.67	3.11
34.68	2.24
34.68	2.53
34.68	2.54
34.68	1.95
34.68	2.24
34.69	2.54
34.69	1.96
34.69	2.54
34.69	2.54
34.69	2.54
34.69	2.26
34.69	1.96
34.69	2.84
34.69	1.97
34.69	2.55
34.69	1.96
34.69	1.97
34.70	2.27
34.69	1.38
34.71	2.27
34.71	3.44
34.69	2.55
34.71	2.57
34.70	2.56
34.71	2.87
34.71	3.16
34.71	3.16
34.71	3.16
34.71	2.87
34.71	2.87
34.71	2.87
34.71	3.46
34.72	3.47
34.72	3.76
34.72	3.17
34.72	2.88
34.72	3.18
34.72	2.59
34.72	3.47
34.72	3.18
34.72	3.17
34.73	3.77
34.72	2.29
34.73	3.48
34.73	3.18
34.73	2.59
34.74	2.89
34.73	2.89
34.74	2.03
34.74	2.61
34.74	2.91
34.74	2.91
34.74	2.62
34.74	2.61
34.75	2.92
34.75	2.33
34.75	3.22
34.75	2.92
34.75	2.04
34.75	3.22
34.75	3.22
34.75	2.64
34.76	2.35
34.76	2.06
34.76	2.35
34.76	3.52
34.76	2.35
34.76	2.64
34.76	2.36
34.76	2.64
34.76	2.06
34.77	2.94
34.77	2.66
34.77	2.36
34.77	2.66
34.77	2.66
34.77	3.54
34.78	2.67
34.77	2.66
34.78	2.67
34.77	2.66
34.78	3.25
34.78	2.67
34.78	3.25
34.79	2.39
34.79	2.39
34.79	2.68
34.79	2.68
34.79	2.69
34.79	2.97
34.79	3.28
34.79	2.98
34.79	3.27
34.79	2.99
34.79	2.69
34.80	2.99
34.80	2.41
34.80	2.69
34.80	2.71
34.80	2.69
34.80	2.41
34.80	2.99
34.81	2.71
34.80	2.99
34.80	2.71
34.81	2.71
34.81	2.71
34.81	2.99
34.81	2.72
34.81	3.01
34.81	2.72
34.81	3.01
34.82	2.72
34.82	3.02
34.82	2.73
34.82	3.02
34.82	2.72
34.83	2.74
34.82	3.02
34.83	2.44
34.83	2.44
34.83	2.74
34.83	3.62
34.83	3.04
34.83	2.74
34.83	2.75
34.83	3.04
34.83	2.75
34.84	2.18
34.84	3.04
34.83	2.16
34.83	3.04
34.84	2.76
34.84	2.17
34.85	2.48
34.84	3.34
34.85	2.48
34.84	2.76
34.85	2.48
34.85	2.48
34.85	3.07
34.85	2.77
34.85	3.07
34.86	2.49
34.86	2.78
34.85	2.77
34.86	3.37
34.86	2.49
34.86	2.79
34.86	2.79
34.86	3.37
34.86	2.79
34.86	3.08
34.87	2.79
34.87	2.79
34.86	3.08
34.87	3.09
34.87	3.67
34.87	2.79
34.87	3.68
34.87	2.81
34.87	3.38
34.87	3.68
34.87	2.81
34.87	3.09
34.87	2.81
34.87	2.81
34.88	3.11
34.88	3.39
34.89	2.82
34.88	3.11
34.88	2.82
34.88	2.82
34.88	2.53
34.89	3.71
34.89	2.53
34.89	2.83
34.89	2.54
34.89	2.54
34.89	3.41
34.89	3.42
34.89	2.53
34.89	2.54
34.89	2.54
34.89	2.84
34.89	1.96
34.89	2.25
34.89	2.84
34.91	2.56
34.90	2.84
34.91	2.56
34.91	2.26
34.91	1.98
34.91	2.26
34.91	2.56
34.91	2.27
34.91	2.28
34.91	2.56
34.92	2.87
34.92	2.87
34.91	2.86
34.92	2.58
34.91	2.86
34.92	3.17
34.92	2.29
34.92	2.87
34.92	2.58
34.92	3.17
34.92	2.87
34.92	2.88
34.93	2.59
34.93	2.89
34.93	3.76
34.93	2.29
34.93	3.47
34.93	2.29
34.93	2.89
34.93	3.76
34.93	2.59
34.94	2.89
34.94	2.32
34.94	2.89
34.94	2.59
34.94	3.19
34.94	2.89
34.94	2.89
34.94	2.32
34.95	3.19
34.94	3.19
34.95	2.61
34.95	3.19
34.95	2.61
34.95	3.21
34.95	2.62
34.95	2.91
34.95	2.91
34.95	2.92
34.95	2.63
34.95	3.49
34.95	2.92
34.95	3.21
34.96	3.22
34.95	3.21
34.96	2.64
34.96	2.34
34.96	3.51
34.97	2.94
34.96	3.22
34.97	2.64
34.96	2.93
34.97	3.23
34.97	2.35
34.97	2.35
34.96	2.05
34.97	2.35
34.97	2.94
34.98	2.07
34.97	2.94
34.97	2.65
34.97	2.07
34.97	2.65
34.98	2.37
34.98	2.96
34.98	2.37
34.98	2.66
34.99	3.54
34.98	2.66
34.98	2.96
34.99	2.38
34.98	3.25
34.99	2.68
34.99	2.67
34.99	3.84
34.99	2.97
34.99	2.97
34.99	2.97
34.99	2.98
34.99	2.98
34.99	3.26
34.99	2.98
34.99	3.56
34.99	2.98
34.99	2.98
34.99	2.39
34.99	2.98
35.00	2.39
35.00	2.39
35.00	2.99
35.00	2.39
35.01	2.69
35.00	2.39
35.00	2.11
35.00	2.39
35.01	2.42
35.01	2.41
35.01	2.12
35.01	2.42
35.01	2.12
35.01	2.99
35.01	2.69
35.01	2.69
35.02	2.42
35.02	3.59
35.02	3.31
35.02	3.29
35.02	3.01
35.02	3.29
35.02	3.01
35.02	2.43
35.02	3.31
35.02	3.01
35.02	3.01
35.03	2.73
35.03	3.02
35.03	2.73
35.03	2.14
35.03	2.73
35.03	3.03
35.03	3.02
35.03	2.14
35.03	2.14
35.03	2.74
35.03	2.73
35.03	2.73
35.03	3.03
35.03	2.74
35.03	2.74
35.03	3.03
35.03	3.03
35.03	3.33
35.04	3.04
35.04	3.33
35.03	3.03
35.03	2.74
35.03	3.03
35.03	2.74
35.04	2.16
35.03	2.44
35.04	3.04
35.04	2.45
35.04	2.74
35.04	3.34
35.04	2.46
35.04	2.46
35.04	2.45
35.04	3.04
35.05	2.76
35.05	3.05
35.05	3.34
35.05	2.47
35.04	2.75
35.04	3.63
35.06	3.06
35.04	3.04
35.05	3.05
35.05	2.76
35.05	3.06
35.05	2.77
35.04	3.04
35.06	2.77
35.05	3.64
35.05	2.76
35.05	3.06
35.05	2.77
35.05	3.05
35.05	3.06
35.05	2.77
35.06	2.48
35.05	2.77
35.05	3.06
35.06	3.65
35.05	3.06
35.05	3.06
35.05	3.06
35.06	2.48
35.05	2.76
35.05	3.06
35.05	3.06
35.05	2.76
35.05	3.35
35.05	2.76
35.06	2.77
35.05	2.47
35.06	2.48
35.05	2.76
35.05	2.47
35.05	2.47
35.05	2.47
35.05	3.05
35.05	3.06
35.05	2.76
35.05	3.05
35.04	2.75
35.04	3.92
35.04	3.34
35.04	3.04
35.04	2.46
35.04	2.75
35.04	3.04
35.04	2.74
35.04	3.04
35.04	3.33
35.04	3.04
35.04	3.33
35.03	2.44
35.04	2.74
35.03	2.44
35.03	2.44
35.04	3.33
35.03	2.44
35.03	3.33
35.03	2.74
35.03	3.03
35.03	2.74
35.03	2.14
35.03	3.03
35.03	3.03
35.02	2.71
35.03	2.73
35.02	2.71
35.02	3.01
35.02	2.71
35.02	3.59
35.01	2.99
35.02	2.42
35.02	3.29
35.01	2.71
35.01	2.71
35.01	2.99
35.01	2.71
35.01	2.99
35.00	3.28
35.00	3.28
34.99	2.69
34.99	2.69
34.99	2.39
35.00	2.69
34.99	2.68
34.99	2.68
34.99	2.38
34.98	2.66
34.99	3.26
34.99	2.38
34.99	2.96
34.98	2.96
